

================================================================
== Vitis HLS Report for 'forward_Pipeline_VITIS_LOOP_60_1'
================================================================
* Date:           Sat Jun 10 16:44:16 2023

* Version:        2022.2 (Build 3670227 on Oct 13 2022)
* Project:        forward
* Solution:       solution (Vitis Kernel Flow Target)
* Product family: virtexuplus
* Target device:  xcu280-fsvh2892-2L-e


================================================================
== Performance Estimates
================================================================
+ Timing: 
    * Summary: 
    +--------+---------+----------+------------+
    |  Clock |  Target | Estimated| Uncertainty|
    +--------+---------+----------+------------+
    |ap_clk  |  3.33 ns|  2.433 ns|     0.90 ns|
    +--------+---------+----------+------------+

+ Latency: 
    * Summary: 
    +---------+---------+----------+----------+------+------+---------+
    |  Latency (cycles) |  Latency (absolute) |   Interval  | Pipeline|
    |   min   |   max   |    min   |    max   |  min |  max |   Type  |
    +---------+---------+----------+----------+------+------+---------+
    |     1097|     1097|  3.656 us|  3.656 us|  1097|  1097|       no|
    +---------+---------+----------+----------+------+------+---------+

    + Detail: 
        * Instance: 
        N/A

        * Loop: 
        +-------------------+---------+---------+----------+-----------+-----------+------+----------+
        |                   |  Latency (cycles) | Iteration|  Initiation Interval  | Trip |          |
        |     Loop Name     |   min   |   max   |  Latency |  achieved |   target  | Count| Pipelined|
        +-------------------+---------+---------+----------+-----------+-----------+------+----------+
        |- VITIS_LOOP_60_1  |     1095|     1095|        73|          1|          1|  1024|       yes|
        +-------------------+---------+---------+----------+-----------+-----------+------+----------+

============================================================
+ Verbose Summary: Synthesis Manager
============================================================
InlineROM: 1
ExposeGlobal: 0
============================================================
+ Verbose Summary: CDFG Model
============================================================
IsTopModel: 0
ResetActiveHigh: 1
IsCombinational: 0
IsDatapathOnly: 0
HasWiredReturn: 1
HasMFsm: 2
HasVarLatency: 1
IsPipeline: 0
IsRtlPipelined: 0
IsInstanceOverlapped: 0
IsDontTouch: 0
HasImplIP: 0
IsGatedGlobalClock: 0

+ Individual pipeline summary: 
  * Pipeline-0: initiation interval (II) = 1, depth = 73


============================================================
+ Verbose Summary: Schedule
============================================================
* Number of FSM states : 73
* Pipeline : 1
  Pipeline-0 : II = 1, D = 73, States = { 1 2 3 4 5 6 7 8 9 10 11 12 13 14 15 16 17 18 19 20 21 22 23 24 25 26 27 28 29 30 31 32 33 34 35 36 37 38 39 40 41 42 43 44 45 46 47 48 49 50 51 52 53 54 55 56 57 58 59 60 61 62 63 64 65 66 67 68 69 70 71 72 73 }
* Dataflow Pipeline: 0

* FSM state transitions: 
1 --> 2 
2 --> 3 
3 --> 4 
4 --> 5 
5 --> 6 
6 --> 7 
7 --> 8 
8 --> 9 
9 --> 10 
10 --> 11 
11 --> 12 
12 --> 13 
13 --> 14 
14 --> 15 
15 --> 16 
16 --> 17 
17 --> 18 
18 --> 19 
19 --> 20 
20 --> 21 
21 --> 22 
22 --> 23 
23 --> 24 
24 --> 25 
25 --> 26 
26 --> 27 
27 --> 28 
28 --> 29 
29 --> 30 
30 --> 31 
31 --> 32 
32 --> 33 
33 --> 34 
34 --> 35 
35 --> 36 
36 --> 37 
37 --> 38 
38 --> 39 
39 --> 40 
40 --> 41 
41 --> 42 
42 --> 43 
43 --> 44 
44 --> 45 
45 --> 46 
46 --> 47 
47 --> 48 
48 --> 49 
49 --> 50 
50 --> 51 
51 --> 52 
52 --> 53 
53 --> 54 
54 --> 55 
55 --> 56 
56 --> 57 
57 --> 58 
58 --> 59 
59 --> 60 
60 --> 61 
61 --> 62 
62 --> 63 
63 --> 64 
64 --> 65 
65 --> 66 
66 --> 67 
67 --> 68 
68 --> 69 
69 --> 70 
70 --> 71 
71 --> 72 
72 --> 73 
73 --> 

* FSM state operations: 

State 1 <SV = 0> <Delay = 1.12>
ST_1 : Operation 76 [1/1] (0.00ns)   --->   "%v23 = alloca i32 1"   --->   Operation 76 'alloca' 'v23' <Predicate = true> <Delay = 0.00>
ST_1 : Operation 77 [1/1] (0.00ns)   --->   "%specmemcore_ln0 = specmemcore void @_ssdm_op_SpecMemCore, i32 %v29, i64 666, i64 30, i64 18446744073709551615"   --->   Operation 77 'specmemcore' 'specmemcore_ln0' <Predicate = true> <Delay = 0.00>
ST_1 : Operation 78 [1/1] (0.00ns)   --->   "%specinterface_ln0 = specinterface void @_ssdm_op_SpecInterface, i64 %gmem, void @empty_7, i32 0, i32 0, void @empty_0, i32 64, i32 0, void @empty_1, void @empty_2, void @empty_0, i32 16, i32 16, i32 16, i32 16, void @empty_0, void @empty_0, i32 4294967295, i32 0"   --->   Operation 78 'specinterface' 'specinterface_ln0' <Predicate = true> <Delay = 0.00>
ST_1 : Operation 79 [1/1] (0.00ns)   --->   "%trunc_ln_read = read i3 @_ssdm_op_Read.ap_auto.i3, i3 %trunc_ln"   --->   Operation 79 'read' 'trunc_ln_read' <Predicate = true> <Delay = 0.00>
ST_1 : Operation 80 [1/1] (0.00ns)   --->   "%v25_read = read i64 @_ssdm_op_Read.ap_auto.i64, i64 %v25"   --->   Operation 80 'read' 'v25_read' <Predicate = true> <Delay = 0.00>
ST_1 : Operation 81 [1/1] (0.38ns)   --->   "%store_ln0 = store i11 0, i11 %v23"   --->   Operation 81 'store' 'store_ln0' <Predicate = true> <Delay = 0.38>
ST_1 : Operation 82 [1/1] (0.00ns)   --->   "%br_ln0 = br void %for.inc.i"   --->   Operation 82 'br' 'br_ln0' <Predicate = true> <Delay = 0.00>
ST_1 : Operation 83 [1/1] (0.00ns)   --->   "%v23_1 = load i11 %v23" [/mnt/shared/home/tz32/scalehls_vitis_test/src/forward.cpp:61]   --->   Operation 83 'load' 'v23_1' <Predicate = true> <Delay = 0.00>
ST_1 : Operation 84 [1/1] (0.00ns)   --->   "%specbitsmap_ln0 = specbitsmap void @_ssdm_op_SpecBitsMap, i64 %gmem"   --->   Operation 84 'specbitsmap' 'specbitsmap_ln0' <Predicate = true> <Delay = 0.00>
ST_1 : Operation 85 [1/1] (0.00ns)   --->   "%specpipeline_ln0 = specpipeline void @_ssdm_op_SpecPipeline, i32 4294967295, i32 0, i32 1, i32 0, void @p_str"   --->   Operation 85 'specpipeline' 'specpipeline_ln0' <Predicate = true> <Delay = 0.00>
ST_1 : Operation 86 [1/1] (0.61ns)   --->   "%icmp_ln60 = icmp_eq  i11 %v23_1, i11 1024" [/mnt/shared/home/tz32/scalehls_vitis_test/src/forward.cpp:60]   --->   Operation 86 'icmp' 'icmp_ln60' <Predicate = true> <Delay = 0.61> <CoreInst = "Cmp">   --->   Core 9 'Cmp' <Latency = 0> <II = 1> <Delay = 0.61> <FuncUnit> <Opcode : 'icmp'> <InPorts = 2> <OutPorts = 1>
ST_1 : Operation 87 [1/1] (0.00ns)   --->   "%empty = speclooptripcount i32 @_ssdm_op_SpecLoopTripCount, i64 1024, i64 1024, i64 1024"   --->   Operation 87 'speclooptripcount' 'empty' <Predicate = true> <Delay = 0.00>
ST_1 : Operation 88 [1/1] (0.73ns)   --->   "%add_ln60 = add i11 %v23_1, i11 1" [/mnt/shared/home/tz32/scalehls_vitis_test/src/forward.cpp:60]   --->   Operation 88 'add' 'add_ln60' <Predicate = true> <Delay = 0.73> <CoreInst = "Adder">   --->   Core 1 'Adder' <Latency = 0> <II = 1> <Delay = 0.73> <FuncUnit> <Opcode : 'add' 'sub'> <InPorts = 2> <OutPorts = 1>
ST_1 : Operation 89 [1/1] (0.00ns)   --->   "%br_ln60 = br i1 %icmp_ln60, void %for.inc.i.split, void %_Z13forward_node2PA1_A32_A32_fPA1024_f.exit.exitStub" [/mnt/shared/home/tz32/scalehls_vitis_test/src/forward.cpp:60]   --->   Operation 89 'br' 'br_ln60' <Predicate = true> <Delay = 0.00>
ST_1 : Operation 90 [1/1] (0.00ns)   --->   "%tmp_2 = partselect i5 @_ssdm_op_PartSelect.i5.i11.i32.i32, i11 %v23_1, i32 5, i32 9" [/mnt/shared/home/tz32/scalehls_vitis_test/src/forward.cpp:61]   --->   Operation 90 'partselect' 'tmp_2' <Predicate = (!icmp_ln60)> <Delay = 0.00>
ST_1 : Operation 91 [1/1] (0.00ns)   --->   "%shl_ln = bitconcatenate i12 @_ssdm_op_BitConcatenate.i12.i5.i7, i5 %tmp_2, i7 0" [/mnt/shared/home/tz32/scalehls_vitis_test/src/forward.cpp:61]   --->   Operation 91 'bitconcatenate' 'shl_ln' <Predicate = (!icmp_ln60)> <Delay = 0.00>
ST_1 : Operation 92 [1/1] (0.00ns)   --->   "%zext_ln61 = zext i12 %shl_ln" [/mnt/shared/home/tz32/scalehls_vitis_test/src/forward.cpp:61]   --->   Operation 92 'zext' 'zext_ln61' <Predicate = (!icmp_ln60)> <Delay = 0.00>
ST_1 : Operation 93 [1/1] (0.00ns)   --->   "%trunc_ln61 = trunc i11 %v23_1" [/mnt/shared/home/tz32/scalehls_vitis_test/src/forward.cpp:61]   --->   Operation 93 'trunc' 'trunc_ln61' <Predicate = (!icmp_ln60)> <Delay = 0.00>
ST_1 : Operation 94 [1/1] (0.00ns)   --->   "%shl_ln61_2 = bitconcatenate i7 @_ssdm_op_BitConcatenate.i7.i5.i2, i5 %trunc_ln61, i2 0" [/mnt/shared/home/tz32/scalehls_vitis_test/src/forward.cpp:61]   --->   Operation 94 'bitconcatenate' 'shl_ln61_2' <Predicate = (!icmp_ln60)> <Delay = 0.00>
ST_1 : Operation 95 [1/1] (0.00ns)   --->   "%zext_ln61_1 = zext i7 %shl_ln61_2" [/mnt/shared/home/tz32/scalehls_vitis_test/src/forward.cpp:61]   --->   Operation 95 'zext' 'zext_ln61_1' <Predicate = (!icmp_ln60)> <Delay = 0.00>
ST_1 : Operation 96 [1/1] (0.00ns) (grouped into TernaryAdder)   --->   "%add_ln61 = add i64 %zext_ln61_1, i64 %v25_read" [/mnt/shared/home/tz32/scalehls_vitis_test/src/forward.cpp:61]   --->   Operation 96 'add' 'add_ln61' <Predicate = (!icmp_ln60)> <Delay = 0.00> <CoreInst = "TAddSub">   --->   Core 10 'TAddSub' <Latency = 0> <II = 1> <Delay = 0.42> <IPBlock> <Opcode : 'add' 'sub'> <InPorts = 3> <OutPorts = 1> <Sync> <CReg>
ST_1 : Operation 97 [1/1] (0.84ns) (root node of TernaryAdder)   --->   "%add_ln61_1 = add i64 %add_ln61, i64 %zext_ln61" [/mnt/shared/home/tz32/scalehls_vitis_test/src/forward.cpp:61]   --->   Operation 97 'add' 'add_ln61_1' <Predicate = (!icmp_ln60)> <Delay = 0.84> <CoreInst = "TAddSub">   --->   Core 10 'TAddSub' <Latency = 0> <II = 1> <Delay = 0.42> <IPBlock> <Opcode : 'add' 'sub'> <InPorts = 3> <OutPorts = 1> <Sync> <CReg>
ST_1 : Operation 98 [1/1] (0.00ns)   --->   "%trunc_ln61_3 = partselect i61 @_ssdm_op_PartSelect.i61.i64.i32.i32, i64 %add_ln61_1, i32 3, i32 63" [/mnt/shared/home/tz32/scalehls_vitis_test/src/forward.cpp:61]   --->   Operation 98 'partselect' 'trunc_ln61_3' <Predicate = (!icmp_ln60)> <Delay = 0.00>
ST_1 : Operation 99 [1/1] (0.38ns)   --->   "%store_ln60 = store i11 %add_ln60, i11 %v23" [/mnt/shared/home/tz32/scalehls_vitis_test/src/forward.cpp:60]   --->   Operation 99 'store' 'store_ln60' <Predicate = (!icmp_ln60)> <Delay = 0.38>

State 2 <SV = 1> <Delay = 2.43>
ST_2 : Operation 100 [1/1] (0.00ns)   --->   "%sext_ln61 = sext i61 %trunc_ln61_3" [/mnt/shared/home/tz32/scalehls_vitis_test/src/forward.cpp:61]   --->   Operation 100 'sext' 'sext_ln61' <Predicate = true> <Delay = 0.00>
ST_2 : Operation 101 [1/1] (0.00ns)   --->   "%gmem_addr = getelementptr i64 %gmem, i64 %sext_ln61" [/mnt/shared/home/tz32/scalehls_vitis_test/src/forward.cpp:61]   --->   Operation 101 'getelementptr' 'gmem_addr' <Predicate = true> <Delay = 0.00>
ST_2 : Operation 102 [70/70] (2.43ns)   --->   "%gmem_load_req = readreq i1 @_ssdm_op_ReadReq.m_axi.i64P1A, i64 %gmem_addr, i32 1" [/mnt/shared/home/tz32/scalehls_vitis_test/src/forward.cpp:61]   --->   Operation 102 'readreq' 'gmem_load_req' <Predicate = true> <Delay = 2.43> <CoreInst = "m_axi">   --->   Core 121 'm_axi' <Latency = 0> <II = 1> <Delay = 1.00> <Adapter> <Opcode : 'read' 'write' 'readreq' 'writereq' 'writeresp'>

State 3 <SV = 2> <Delay = 2.43>
ST_3 : Operation 103 [69/70] (2.43ns)   --->   "%gmem_load_req = readreq i1 @_ssdm_op_ReadReq.m_axi.i64P1A, i64 %gmem_addr, i32 1" [/mnt/shared/home/tz32/scalehls_vitis_test/src/forward.cpp:61]   --->   Operation 103 'readreq' 'gmem_load_req' <Predicate = true> <Delay = 2.43> <CoreInst = "m_axi">   --->   Core 121 'm_axi' <Latency = 0> <II = 1> <Delay = 1.00> <Adapter> <Opcode : 'read' 'write' 'readreq' 'writereq' 'writeresp'>

State 4 <SV = 3> <Delay = 2.43>
ST_4 : Operation 104 [68/70] (2.43ns)   --->   "%gmem_load_req = readreq i1 @_ssdm_op_ReadReq.m_axi.i64P1A, i64 %gmem_addr, i32 1" [/mnt/shared/home/tz32/scalehls_vitis_test/src/forward.cpp:61]   --->   Operation 104 'readreq' 'gmem_load_req' <Predicate = true> <Delay = 2.43> <CoreInst = "m_axi">   --->   Core 121 'm_axi' <Latency = 0> <II = 1> <Delay = 1.00> <Adapter> <Opcode : 'read' 'write' 'readreq' 'writereq' 'writeresp'>

State 5 <SV = 4> <Delay = 2.43>
ST_5 : Operation 105 [67/70] (2.43ns)   --->   "%gmem_load_req = readreq i1 @_ssdm_op_ReadReq.m_axi.i64P1A, i64 %gmem_addr, i32 1" [/mnt/shared/home/tz32/scalehls_vitis_test/src/forward.cpp:61]   --->   Operation 105 'readreq' 'gmem_load_req' <Predicate = true> <Delay = 2.43> <CoreInst = "m_axi">   --->   Core 121 'm_axi' <Latency = 0> <II = 1> <Delay = 1.00> <Adapter> <Opcode : 'read' 'write' 'readreq' 'writereq' 'writeresp'>

State 6 <SV = 5> <Delay = 2.43>
ST_6 : Operation 106 [66/70] (2.43ns)   --->   "%gmem_load_req = readreq i1 @_ssdm_op_ReadReq.m_axi.i64P1A, i64 %gmem_addr, i32 1" [/mnt/shared/home/tz32/scalehls_vitis_test/src/forward.cpp:61]   --->   Operation 106 'readreq' 'gmem_load_req' <Predicate = true> <Delay = 2.43> <CoreInst = "m_axi">   --->   Core 121 'm_axi' <Latency = 0> <II = 1> <Delay = 1.00> <Adapter> <Opcode : 'read' 'write' 'readreq' 'writereq' 'writeresp'>

State 7 <SV = 6> <Delay = 2.43>
ST_7 : Operation 107 [65/70] (2.43ns)   --->   "%gmem_load_req = readreq i1 @_ssdm_op_ReadReq.m_axi.i64P1A, i64 %gmem_addr, i32 1" [/mnt/shared/home/tz32/scalehls_vitis_test/src/forward.cpp:61]   --->   Operation 107 'readreq' 'gmem_load_req' <Predicate = true> <Delay = 2.43> <CoreInst = "m_axi">   --->   Core 121 'm_axi' <Latency = 0> <II = 1> <Delay = 1.00> <Adapter> <Opcode : 'read' 'write' 'readreq' 'writereq' 'writeresp'>

State 8 <SV = 7> <Delay = 2.43>
ST_8 : Operation 108 [64/70] (2.43ns)   --->   "%gmem_load_req = readreq i1 @_ssdm_op_ReadReq.m_axi.i64P1A, i64 %gmem_addr, i32 1" [/mnt/shared/home/tz32/scalehls_vitis_test/src/forward.cpp:61]   --->   Operation 108 'readreq' 'gmem_load_req' <Predicate = true> <Delay = 2.43> <CoreInst = "m_axi">   --->   Core 121 'm_axi' <Latency = 0> <II = 1> <Delay = 1.00> <Adapter> <Opcode : 'read' 'write' 'readreq' 'writereq' 'writeresp'>

State 9 <SV = 8> <Delay = 2.43>
ST_9 : Operation 109 [63/70] (2.43ns)   --->   "%gmem_load_req = readreq i1 @_ssdm_op_ReadReq.m_axi.i64P1A, i64 %gmem_addr, i32 1" [/mnt/shared/home/tz32/scalehls_vitis_test/src/forward.cpp:61]   --->   Operation 109 'readreq' 'gmem_load_req' <Predicate = true> <Delay = 2.43> <CoreInst = "m_axi">   --->   Core 121 'm_axi' <Latency = 0> <II = 1> <Delay = 1.00> <Adapter> <Opcode : 'read' 'write' 'readreq' 'writereq' 'writeresp'>

State 10 <SV = 9> <Delay = 2.43>
ST_10 : Operation 110 [62/70] (2.43ns)   --->   "%gmem_load_req = readreq i1 @_ssdm_op_ReadReq.m_axi.i64P1A, i64 %gmem_addr, i32 1" [/mnt/shared/home/tz32/scalehls_vitis_test/src/forward.cpp:61]   --->   Operation 110 'readreq' 'gmem_load_req' <Predicate = true> <Delay = 2.43> <CoreInst = "m_axi">   --->   Core 121 'm_axi' <Latency = 0> <II = 1> <Delay = 1.00> <Adapter> <Opcode : 'read' 'write' 'readreq' 'writereq' 'writeresp'>

State 11 <SV = 10> <Delay = 2.43>
ST_11 : Operation 111 [61/70] (2.43ns)   --->   "%gmem_load_req = readreq i1 @_ssdm_op_ReadReq.m_axi.i64P1A, i64 %gmem_addr, i32 1" [/mnt/shared/home/tz32/scalehls_vitis_test/src/forward.cpp:61]   --->   Operation 111 'readreq' 'gmem_load_req' <Predicate = true> <Delay = 2.43> <CoreInst = "m_axi">   --->   Core 121 'm_axi' <Latency = 0> <II = 1> <Delay = 1.00> <Adapter> <Opcode : 'read' 'write' 'readreq' 'writereq' 'writeresp'>

State 12 <SV = 11> <Delay = 2.43>
ST_12 : Operation 112 [60/70] (2.43ns)   --->   "%gmem_load_req = readreq i1 @_ssdm_op_ReadReq.m_axi.i64P1A, i64 %gmem_addr, i32 1" [/mnt/shared/home/tz32/scalehls_vitis_test/src/forward.cpp:61]   --->   Operation 112 'readreq' 'gmem_load_req' <Predicate = true> <Delay = 2.43> <CoreInst = "m_axi">   --->   Core 121 'm_axi' <Latency = 0> <II = 1> <Delay = 1.00> <Adapter> <Opcode : 'read' 'write' 'readreq' 'writereq' 'writeresp'>

State 13 <SV = 12> <Delay = 2.43>
ST_13 : Operation 113 [59/70] (2.43ns)   --->   "%gmem_load_req = readreq i1 @_ssdm_op_ReadReq.m_axi.i64P1A, i64 %gmem_addr, i32 1" [/mnt/shared/home/tz32/scalehls_vitis_test/src/forward.cpp:61]   --->   Operation 113 'readreq' 'gmem_load_req' <Predicate = true> <Delay = 2.43> <CoreInst = "m_axi">   --->   Core 121 'm_axi' <Latency = 0> <II = 1> <Delay = 1.00> <Adapter> <Opcode : 'read' 'write' 'readreq' 'writereq' 'writeresp'>

State 14 <SV = 13> <Delay = 2.43>
ST_14 : Operation 114 [58/70] (2.43ns)   --->   "%gmem_load_req = readreq i1 @_ssdm_op_ReadReq.m_axi.i64P1A, i64 %gmem_addr, i32 1" [/mnt/shared/home/tz32/scalehls_vitis_test/src/forward.cpp:61]   --->   Operation 114 'readreq' 'gmem_load_req' <Predicate = true> <Delay = 2.43> <CoreInst = "m_axi">   --->   Core 121 'm_axi' <Latency = 0> <II = 1> <Delay = 1.00> <Adapter> <Opcode : 'read' 'write' 'readreq' 'writereq' 'writeresp'>

State 15 <SV = 14> <Delay = 2.43>
ST_15 : Operation 115 [57/70] (2.43ns)   --->   "%gmem_load_req = readreq i1 @_ssdm_op_ReadReq.m_axi.i64P1A, i64 %gmem_addr, i32 1" [/mnt/shared/home/tz32/scalehls_vitis_test/src/forward.cpp:61]   --->   Operation 115 'readreq' 'gmem_load_req' <Predicate = true> <Delay = 2.43> <CoreInst = "m_axi">   --->   Core 121 'm_axi' <Latency = 0> <II = 1> <Delay = 1.00> <Adapter> <Opcode : 'read' 'write' 'readreq' 'writereq' 'writeresp'>

State 16 <SV = 15> <Delay = 2.43>
ST_16 : Operation 116 [56/70] (2.43ns)   --->   "%gmem_load_req = readreq i1 @_ssdm_op_ReadReq.m_axi.i64P1A, i64 %gmem_addr, i32 1" [/mnt/shared/home/tz32/scalehls_vitis_test/src/forward.cpp:61]   --->   Operation 116 'readreq' 'gmem_load_req' <Predicate = true> <Delay = 2.43> <CoreInst = "m_axi">   --->   Core 121 'm_axi' <Latency = 0> <II = 1> <Delay = 1.00> <Adapter> <Opcode : 'read' 'write' 'readreq' 'writereq' 'writeresp'>

State 17 <SV = 16> <Delay = 2.43>
ST_17 : Operation 117 [55/70] (2.43ns)   --->   "%gmem_load_req = readreq i1 @_ssdm_op_ReadReq.m_axi.i64P1A, i64 %gmem_addr, i32 1" [/mnt/shared/home/tz32/scalehls_vitis_test/src/forward.cpp:61]   --->   Operation 117 'readreq' 'gmem_load_req' <Predicate = true> <Delay = 2.43> <CoreInst = "m_axi">   --->   Core 121 'm_axi' <Latency = 0> <II = 1> <Delay = 1.00> <Adapter> <Opcode : 'read' 'write' 'readreq' 'writereq' 'writeresp'>

State 18 <SV = 17> <Delay = 2.43>
ST_18 : Operation 118 [54/70] (2.43ns)   --->   "%gmem_load_req = readreq i1 @_ssdm_op_ReadReq.m_axi.i64P1A, i64 %gmem_addr, i32 1" [/mnt/shared/home/tz32/scalehls_vitis_test/src/forward.cpp:61]   --->   Operation 118 'readreq' 'gmem_load_req' <Predicate = true> <Delay = 2.43> <CoreInst = "m_axi">   --->   Core 121 'm_axi' <Latency = 0> <II = 1> <Delay = 1.00> <Adapter> <Opcode : 'read' 'write' 'readreq' 'writereq' 'writeresp'>

State 19 <SV = 18> <Delay = 2.43>
ST_19 : Operation 119 [53/70] (2.43ns)   --->   "%gmem_load_req = readreq i1 @_ssdm_op_ReadReq.m_axi.i64P1A, i64 %gmem_addr, i32 1" [/mnt/shared/home/tz32/scalehls_vitis_test/src/forward.cpp:61]   --->   Operation 119 'readreq' 'gmem_load_req' <Predicate = true> <Delay = 2.43> <CoreInst = "m_axi">   --->   Core 121 'm_axi' <Latency = 0> <II = 1> <Delay = 1.00> <Adapter> <Opcode : 'read' 'write' 'readreq' 'writereq' 'writeresp'>

State 20 <SV = 19> <Delay = 2.43>
ST_20 : Operation 120 [52/70] (2.43ns)   --->   "%gmem_load_req = readreq i1 @_ssdm_op_ReadReq.m_axi.i64P1A, i64 %gmem_addr, i32 1" [/mnt/shared/home/tz32/scalehls_vitis_test/src/forward.cpp:61]   --->   Operation 120 'readreq' 'gmem_load_req' <Predicate = true> <Delay = 2.43> <CoreInst = "m_axi">   --->   Core 121 'm_axi' <Latency = 0> <II = 1> <Delay = 1.00> <Adapter> <Opcode : 'read' 'write' 'readreq' 'writereq' 'writeresp'>

State 21 <SV = 20> <Delay = 2.43>
ST_21 : Operation 121 [51/70] (2.43ns)   --->   "%gmem_load_req = readreq i1 @_ssdm_op_ReadReq.m_axi.i64P1A, i64 %gmem_addr, i32 1" [/mnt/shared/home/tz32/scalehls_vitis_test/src/forward.cpp:61]   --->   Operation 121 'readreq' 'gmem_load_req' <Predicate = true> <Delay = 2.43> <CoreInst = "m_axi">   --->   Core 121 'm_axi' <Latency = 0> <II = 1> <Delay = 1.00> <Adapter> <Opcode : 'read' 'write' 'readreq' 'writereq' 'writeresp'>

State 22 <SV = 21> <Delay = 2.43>
ST_22 : Operation 122 [50/70] (2.43ns)   --->   "%gmem_load_req = readreq i1 @_ssdm_op_ReadReq.m_axi.i64P1A, i64 %gmem_addr, i32 1" [/mnt/shared/home/tz32/scalehls_vitis_test/src/forward.cpp:61]   --->   Operation 122 'readreq' 'gmem_load_req' <Predicate = true> <Delay = 2.43> <CoreInst = "m_axi">   --->   Core 121 'm_axi' <Latency = 0> <II = 1> <Delay = 1.00> <Adapter> <Opcode : 'read' 'write' 'readreq' 'writereq' 'writeresp'>

State 23 <SV = 22> <Delay = 2.43>
ST_23 : Operation 123 [49/70] (2.43ns)   --->   "%gmem_load_req = readreq i1 @_ssdm_op_ReadReq.m_axi.i64P1A, i64 %gmem_addr, i32 1" [/mnt/shared/home/tz32/scalehls_vitis_test/src/forward.cpp:61]   --->   Operation 123 'readreq' 'gmem_load_req' <Predicate = true> <Delay = 2.43> <CoreInst = "m_axi">   --->   Core 121 'm_axi' <Latency = 0> <II = 1> <Delay = 1.00> <Adapter> <Opcode : 'read' 'write' 'readreq' 'writereq' 'writeresp'>

State 24 <SV = 23> <Delay = 2.43>
ST_24 : Operation 124 [48/70] (2.43ns)   --->   "%gmem_load_req = readreq i1 @_ssdm_op_ReadReq.m_axi.i64P1A, i64 %gmem_addr, i32 1" [/mnt/shared/home/tz32/scalehls_vitis_test/src/forward.cpp:61]   --->   Operation 124 'readreq' 'gmem_load_req' <Predicate = true> <Delay = 2.43> <CoreInst = "m_axi">   --->   Core 121 'm_axi' <Latency = 0> <II = 1> <Delay = 1.00> <Adapter> <Opcode : 'read' 'write' 'readreq' 'writereq' 'writeresp'>

State 25 <SV = 24> <Delay = 2.43>
ST_25 : Operation 125 [47/70] (2.43ns)   --->   "%gmem_load_req = readreq i1 @_ssdm_op_ReadReq.m_axi.i64P1A, i64 %gmem_addr, i32 1" [/mnt/shared/home/tz32/scalehls_vitis_test/src/forward.cpp:61]   --->   Operation 125 'readreq' 'gmem_load_req' <Predicate = true> <Delay = 2.43> <CoreInst = "m_axi">   --->   Core 121 'm_axi' <Latency = 0> <II = 1> <Delay = 1.00> <Adapter> <Opcode : 'read' 'write' 'readreq' 'writereq' 'writeresp'>

State 26 <SV = 25> <Delay = 2.43>
ST_26 : Operation 126 [46/70] (2.43ns)   --->   "%gmem_load_req = readreq i1 @_ssdm_op_ReadReq.m_axi.i64P1A, i64 %gmem_addr, i32 1" [/mnt/shared/home/tz32/scalehls_vitis_test/src/forward.cpp:61]   --->   Operation 126 'readreq' 'gmem_load_req' <Predicate = true> <Delay = 2.43> <CoreInst = "m_axi">   --->   Core 121 'm_axi' <Latency = 0> <II = 1> <Delay = 1.00> <Adapter> <Opcode : 'read' 'write' 'readreq' 'writereq' 'writeresp'>

State 27 <SV = 26> <Delay = 2.43>
ST_27 : Operation 127 [45/70] (2.43ns)   --->   "%gmem_load_req = readreq i1 @_ssdm_op_ReadReq.m_axi.i64P1A, i64 %gmem_addr, i32 1" [/mnt/shared/home/tz32/scalehls_vitis_test/src/forward.cpp:61]   --->   Operation 127 'readreq' 'gmem_load_req' <Predicate = true> <Delay = 2.43> <CoreInst = "m_axi">   --->   Core 121 'm_axi' <Latency = 0> <II = 1> <Delay = 1.00> <Adapter> <Opcode : 'read' 'write' 'readreq' 'writereq' 'writeresp'>

State 28 <SV = 27> <Delay = 2.43>
ST_28 : Operation 128 [44/70] (2.43ns)   --->   "%gmem_load_req = readreq i1 @_ssdm_op_ReadReq.m_axi.i64P1A, i64 %gmem_addr, i32 1" [/mnt/shared/home/tz32/scalehls_vitis_test/src/forward.cpp:61]   --->   Operation 128 'readreq' 'gmem_load_req' <Predicate = true> <Delay = 2.43> <CoreInst = "m_axi">   --->   Core 121 'm_axi' <Latency = 0> <II = 1> <Delay = 1.00> <Adapter> <Opcode : 'read' 'write' 'readreq' 'writereq' 'writeresp'>

State 29 <SV = 28> <Delay = 2.43>
ST_29 : Operation 129 [43/70] (2.43ns)   --->   "%gmem_load_req = readreq i1 @_ssdm_op_ReadReq.m_axi.i64P1A, i64 %gmem_addr, i32 1" [/mnt/shared/home/tz32/scalehls_vitis_test/src/forward.cpp:61]   --->   Operation 129 'readreq' 'gmem_load_req' <Predicate = true> <Delay = 2.43> <CoreInst = "m_axi">   --->   Core 121 'm_axi' <Latency = 0> <II = 1> <Delay = 1.00> <Adapter> <Opcode : 'read' 'write' 'readreq' 'writereq' 'writeresp'>

State 30 <SV = 29> <Delay = 2.43>
ST_30 : Operation 130 [42/70] (2.43ns)   --->   "%gmem_load_req = readreq i1 @_ssdm_op_ReadReq.m_axi.i64P1A, i64 %gmem_addr, i32 1" [/mnt/shared/home/tz32/scalehls_vitis_test/src/forward.cpp:61]   --->   Operation 130 'readreq' 'gmem_load_req' <Predicate = true> <Delay = 2.43> <CoreInst = "m_axi">   --->   Core 121 'm_axi' <Latency = 0> <II = 1> <Delay = 1.00> <Adapter> <Opcode : 'read' 'write' 'readreq' 'writereq' 'writeresp'>

State 31 <SV = 30> <Delay = 2.43>
ST_31 : Operation 131 [41/70] (2.43ns)   --->   "%gmem_load_req = readreq i1 @_ssdm_op_ReadReq.m_axi.i64P1A, i64 %gmem_addr, i32 1" [/mnt/shared/home/tz32/scalehls_vitis_test/src/forward.cpp:61]   --->   Operation 131 'readreq' 'gmem_load_req' <Predicate = true> <Delay = 2.43> <CoreInst = "m_axi">   --->   Core 121 'm_axi' <Latency = 0> <II = 1> <Delay = 1.00> <Adapter> <Opcode : 'read' 'write' 'readreq' 'writereq' 'writeresp'>

State 32 <SV = 31> <Delay = 2.43>
ST_32 : Operation 132 [40/70] (2.43ns)   --->   "%gmem_load_req = readreq i1 @_ssdm_op_ReadReq.m_axi.i64P1A, i64 %gmem_addr, i32 1" [/mnt/shared/home/tz32/scalehls_vitis_test/src/forward.cpp:61]   --->   Operation 132 'readreq' 'gmem_load_req' <Predicate = true> <Delay = 2.43> <CoreInst = "m_axi">   --->   Core 121 'm_axi' <Latency = 0> <II = 1> <Delay = 1.00> <Adapter> <Opcode : 'read' 'write' 'readreq' 'writereq' 'writeresp'>

State 33 <SV = 32> <Delay = 2.43>
ST_33 : Operation 133 [39/70] (2.43ns)   --->   "%gmem_load_req = readreq i1 @_ssdm_op_ReadReq.m_axi.i64P1A, i64 %gmem_addr, i32 1" [/mnt/shared/home/tz32/scalehls_vitis_test/src/forward.cpp:61]   --->   Operation 133 'readreq' 'gmem_load_req' <Predicate = true> <Delay = 2.43> <CoreInst = "m_axi">   --->   Core 121 'm_axi' <Latency = 0> <II = 1> <Delay = 1.00> <Adapter> <Opcode : 'read' 'write' 'readreq' 'writereq' 'writeresp'>

State 34 <SV = 33> <Delay = 2.43>
ST_34 : Operation 134 [38/70] (2.43ns)   --->   "%gmem_load_req = readreq i1 @_ssdm_op_ReadReq.m_axi.i64P1A, i64 %gmem_addr, i32 1" [/mnt/shared/home/tz32/scalehls_vitis_test/src/forward.cpp:61]   --->   Operation 134 'readreq' 'gmem_load_req' <Predicate = true> <Delay = 2.43> <CoreInst = "m_axi">   --->   Core 121 'm_axi' <Latency = 0> <II = 1> <Delay = 1.00> <Adapter> <Opcode : 'read' 'write' 'readreq' 'writereq' 'writeresp'>

State 35 <SV = 34> <Delay = 2.43>
ST_35 : Operation 135 [37/70] (2.43ns)   --->   "%gmem_load_req = readreq i1 @_ssdm_op_ReadReq.m_axi.i64P1A, i64 %gmem_addr, i32 1" [/mnt/shared/home/tz32/scalehls_vitis_test/src/forward.cpp:61]   --->   Operation 135 'readreq' 'gmem_load_req' <Predicate = true> <Delay = 2.43> <CoreInst = "m_axi">   --->   Core 121 'm_axi' <Latency = 0> <II = 1> <Delay = 1.00> <Adapter> <Opcode : 'read' 'write' 'readreq' 'writereq' 'writeresp'>

State 36 <SV = 35> <Delay = 2.43>
ST_36 : Operation 136 [36/70] (2.43ns)   --->   "%gmem_load_req = readreq i1 @_ssdm_op_ReadReq.m_axi.i64P1A, i64 %gmem_addr, i32 1" [/mnt/shared/home/tz32/scalehls_vitis_test/src/forward.cpp:61]   --->   Operation 136 'readreq' 'gmem_load_req' <Predicate = true> <Delay = 2.43> <CoreInst = "m_axi">   --->   Core 121 'm_axi' <Latency = 0> <II = 1> <Delay = 1.00> <Adapter> <Opcode : 'read' 'write' 'readreq' 'writereq' 'writeresp'>

State 37 <SV = 36> <Delay = 2.43>
ST_37 : Operation 137 [35/70] (2.43ns)   --->   "%gmem_load_req = readreq i1 @_ssdm_op_ReadReq.m_axi.i64P1A, i64 %gmem_addr, i32 1" [/mnt/shared/home/tz32/scalehls_vitis_test/src/forward.cpp:61]   --->   Operation 137 'readreq' 'gmem_load_req' <Predicate = true> <Delay = 2.43> <CoreInst = "m_axi">   --->   Core 121 'm_axi' <Latency = 0> <II = 1> <Delay = 1.00> <Adapter> <Opcode : 'read' 'write' 'readreq' 'writereq' 'writeresp'>

State 38 <SV = 37> <Delay = 2.43>
ST_38 : Operation 138 [34/70] (2.43ns)   --->   "%gmem_load_req = readreq i1 @_ssdm_op_ReadReq.m_axi.i64P1A, i64 %gmem_addr, i32 1" [/mnt/shared/home/tz32/scalehls_vitis_test/src/forward.cpp:61]   --->   Operation 138 'readreq' 'gmem_load_req' <Predicate = true> <Delay = 2.43> <CoreInst = "m_axi">   --->   Core 121 'm_axi' <Latency = 0> <II = 1> <Delay = 1.00> <Adapter> <Opcode : 'read' 'write' 'readreq' 'writereq' 'writeresp'>

State 39 <SV = 38> <Delay = 2.43>
ST_39 : Operation 139 [33/70] (2.43ns)   --->   "%gmem_load_req = readreq i1 @_ssdm_op_ReadReq.m_axi.i64P1A, i64 %gmem_addr, i32 1" [/mnt/shared/home/tz32/scalehls_vitis_test/src/forward.cpp:61]   --->   Operation 139 'readreq' 'gmem_load_req' <Predicate = true> <Delay = 2.43> <CoreInst = "m_axi">   --->   Core 121 'm_axi' <Latency = 0> <II = 1> <Delay = 1.00> <Adapter> <Opcode : 'read' 'write' 'readreq' 'writereq' 'writeresp'>

State 40 <SV = 39> <Delay = 2.43>
ST_40 : Operation 140 [32/70] (2.43ns)   --->   "%gmem_load_req = readreq i1 @_ssdm_op_ReadReq.m_axi.i64P1A, i64 %gmem_addr, i32 1" [/mnt/shared/home/tz32/scalehls_vitis_test/src/forward.cpp:61]   --->   Operation 140 'readreq' 'gmem_load_req' <Predicate = true> <Delay = 2.43> <CoreInst = "m_axi">   --->   Core 121 'm_axi' <Latency = 0> <II = 1> <Delay = 1.00> <Adapter> <Opcode : 'read' 'write' 'readreq' 'writereq' 'writeresp'>

State 41 <SV = 40> <Delay = 2.43>
ST_41 : Operation 141 [31/70] (2.43ns)   --->   "%gmem_load_req = readreq i1 @_ssdm_op_ReadReq.m_axi.i64P1A, i64 %gmem_addr, i32 1" [/mnt/shared/home/tz32/scalehls_vitis_test/src/forward.cpp:61]   --->   Operation 141 'readreq' 'gmem_load_req' <Predicate = true> <Delay = 2.43> <CoreInst = "m_axi">   --->   Core 121 'm_axi' <Latency = 0> <II = 1> <Delay = 1.00> <Adapter> <Opcode : 'read' 'write' 'readreq' 'writereq' 'writeresp'>

State 42 <SV = 41> <Delay = 2.43>
ST_42 : Operation 142 [30/70] (2.43ns)   --->   "%gmem_load_req = readreq i1 @_ssdm_op_ReadReq.m_axi.i64P1A, i64 %gmem_addr, i32 1" [/mnt/shared/home/tz32/scalehls_vitis_test/src/forward.cpp:61]   --->   Operation 142 'readreq' 'gmem_load_req' <Predicate = true> <Delay = 2.43> <CoreInst = "m_axi">   --->   Core 121 'm_axi' <Latency = 0> <II = 1> <Delay = 1.00> <Adapter> <Opcode : 'read' 'write' 'readreq' 'writereq' 'writeresp'>

State 43 <SV = 42> <Delay = 2.43>
ST_43 : Operation 143 [29/70] (2.43ns)   --->   "%gmem_load_req = readreq i1 @_ssdm_op_ReadReq.m_axi.i64P1A, i64 %gmem_addr, i32 1" [/mnt/shared/home/tz32/scalehls_vitis_test/src/forward.cpp:61]   --->   Operation 143 'readreq' 'gmem_load_req' <Predicate = true> <Delay = 2.43> <CoreInst = "m_axi">   --->   Core 121 'm_axi' <Latency = 0> <II = 1> <Delay = 1.00> <Adapter> <Opcode : 'read' 'write' 'readreq' 'writereq' 'writeresp'>

State 44 <SV = 43> <Delay = 2.43>
ST_44 : Operation 144 [28/70] (2.43ns)   --->   "%gmem_load_req = readreq i1 @_ssdm_op_ReadReq.m_axi.i64P1A, i64 %gmem_addr, i32 1" [/mnt/shared/home/tz32/scalehls_vitis_test/src/forward.cpp:61]   --->   Operation 144 'readreq' 'gmem_load_req' <Predicate = true> <Delay = 2.43> <CoreInst = "m_axi">   --->   Core 121 'm_axi' <Latency = 0> <II = 1> <Delay = 1.00> <Adapter> <Opcode : 'read' 'write' 'readreq' 'writereq' 'writeresp'>

State 45 <SV = 44> <Delay = 2.43>
ST_45 : Operation 145 [27/70] (2.43ns)   --->   "%gmem_load_req = readreq i1 @_ssdm_op_ReadReq.m_axi.i64P1A, i64 %gmem_addr, i32 1" [/mnt/shared/home/tz32/scalehls_vitis_test/src/forward.cpp:61]   --->   Operation 145 'readreq' 'gmem_load_req' <Predicate = true> <Delay = 2.43> <CoreInst = "m_axi">   --->   Core 121 'm_axi' <Latency = 0> <II = 1> <Delay = 1.00> <Adapter> <Opcode : 'read' 'write' 'readreq' 'writereq' 'writeresp'>

State 46 <SV = 45> <Delay = 2.43>
ST_46 : Operation 146 [26/70] (2.43ns)   --->   "%gmem_load_req = readreq i1 @_ssdm_op_ReadReq.m_axi.i64P1A, i64 %gmem_addr, i32 1" [/mnt/shared/home/tz32/scalehls_vitis_test/src/forward.cpp:61]   --->   Operation 146 'readreq' 'gmem_load_req' <Predicate = true> <Delay = 2.43> <CoreInst = "m_axi">   --->   Core 121 'm_axi' <Latency = 0> <II = 1> <Delay = 1.00> <Adapter> <Opcode : 'read' 'write' 'readreq' 'writereq' 'writeresp'>

State 47 <SV = 46> <Delay = 2.43>
ST_47 : Operation 147 [25/70] (2.43ns)   --->   "%gmem_load_req = readreq i1 @_ssdm_op_ReadReq.m_axi.i64P1A, i64 %gmem_addr, i32 1" [/mnt/shared/home/tz32/scalehls_vitis_test/src/forward.cpp:61]   --->   Operation 147 'readreq' 'gmem_load_req' <Predicate = true> <Delay = 2.43> <CoreInst = "m_axi">   --->   Core 121 'm_axi' <Latency = 0> <II = 1> <Delay = 1.00> <Adapter> <Opcode : 'read' 'write' 'readreq' 'writereq' 'writeresp'>

State 48 <SV = 47> <Delay = 2.43>
ST_48 : Operation 148 [24/70] (2.43ns)   --->   "%gmem_load_req = readreq i1 @_ssdm_op_ReadReq.m_axi.i64P1A, i64 %gmem_addr, i32 1" [/mnt/shared/home/tz32/scalehls_vitis_test/src/forward.cpp:61]   --->   Operation 148 'readreq' 'gmem_load_req' <Predicate = true> <Delay = 2.43> <CoreInst = "m_axi">   --->   Core 121 'm_axi' <Latency = 0> <II = 1> <Delay = 1.00> <Adapter> <Opcode : 'read' 'write' 'readreq' 'writereq' 'writeresp'>

State 49 <SV = 48> <Delay = 2.43>
ST_49 : Operation 149 [23/70] (2.43ns)   --->   "%gmem_load_req = readreq i1 @_ssdm_op_ReadReq.m_axi.i64P1A, i64 %gmem_addr, i32 1" [/mnt/shared/home/tz32/scalehls_vitis_test/src/forward.cpp:61]   --->   Operation 149 'readreq' 'gmem_load_req' <Predicate = true> <Delay = 2.43> <CoreInst = "m_axi">   --->   Core 121 'm_axi' <Latency = 0> <II = 1> <Delay = 1.00> <Adapter> <Opcode : 'read' 'write' 'readreq' 'writereq' 'writeresp'>

State 50 <SV = 49> <Delay = 2.43>
ST_50 : Operation 150 [22/70] (2.43ns)   --->   "%gmem_load_req = readreq i1 @_ssdm_op_ReadReq.m_axi.i64P1A, i64 %gmem_addr, i32 1" [/mnt/shared/home/tz32/scalehls_vitis_test/src/forward.cpp:61]   --->   Operation 150 'readreq' 'gmem_load_req' <Predicate = true> <Delay = 2.43> <CoreInst = "m_axi">   --->   Core 121 'm_axi' <Latency = 0> <II = 1> <Delay = 1.00> <Adapter> <Opcode : 'read' 'write' 'readreq' 'writereq' 'writeresp'>

State 51 <SV = 50> <Delay = 2.43>
ST_51 : Operation 151 [21/70] (2.43ns)   --->   "%gmem_load_req = readreq i1 @_ssdm_op_ReadReq.m_axi.i64P1A, i64 %gmem_addr, i32 1" [/mnt/shared/home/tz32/scalehls_vitis_test/src/forward.cpp:61]   --->   Operation 151 'readreq' 'gmem_load_req' <Predicate = true> <Delay = 2.43> <CoreInst = "m_axi">   --->   Core 121 'm_axi' <Latency = 0> <II = 1> <Delay = 1.00> <Adapter> <Opcode : 'read' 'write' 'readreq' 'writereq' 'writeresp'>

State 52 <SV = 51> <Delay = 2.43>
ST_52 : Operation 152 [20/70] (2.43ns)   --->   "%gmem_load_req = readreq i1 @_ssdm_op_ReadReq.m_axi.i64P1A, i64 %gmem_addr, i32 1" [/mnt/shared/home/tz32/scalehls_vitis_test/src/forward.cpp:61]   --->   Operation 152 'readreq' 'gmem_load_req' <Predicate = true> <Delay = 2.43> <CoreInst = "m_axi">   --->   Core 121 'm_axi' <Latency = 0> <II = 1> <Delay = 1.00> <Adapter> <Opcode : 'read' 'write' 'readreq' 'writereq' 'writeresp'>

State 53 <SV = 52> <Delay = 2.43>
ST_53 : Operation 153 [19/70] (2.43ns)   --->   "%gmem_load_req = readreq i1 @_ssdm_op_ReadReq.m_axi.i64P1A, i64 %gmem_addr, i32 1" [/mnt/shared/home/tz32/scalehls_vitis_test/src/forward.cpp:61]   --->   Operation 153 'readreq' 'gmem_load_req' <Predicate = true> <Delay = 2.43> <CoreInst = "m_axi">   --->   Core 121 'm_axi' <Latency = 0> <II = 1> <Delay = 1.00> <Adapter> <Opcode : 'read' 'write' 'readreq' 'writereq' 'writeresp'>

State 54 <SV = 53> <Delay = 2.43>
ST_54 : Operation 154 [18/70] (2.43ns)   --->   "%gmem_load_req = readreq i1 @_ssdm_op_ReadReq.m_axi.i64P1A, i64 %gmem_addr, i32 1" [/mnt/shared/home/tz32/scalehls_vitis_test/src/forward.cpp:61]   --->   Operation 154 'readreq' 'gmem_load_req' <Predicate = true> <Delay = 2.43> <CoreInst = "m_axi">   --->   Core 121 'm_axi' <Latency = 0> <II = 1> <Delay = 1.00> <Adapter> <Opcode : 'read' 'write' 'readreq' 'writereq' 'writeresp'>

State 55 <SV = 54> <Delay = 2.43>
ST_55 : Operation 155 [17/70] (2.43ns)   --->   "%gmem_load_req = readreq i1 @_ssdm_op_ReadReq.m_axi.i64P1A, i64 %gmem_addr, i32 1" [/mnt/shared/home/tz32/scalehls_vitis_test/src/forward.cpp:61]   --->   Operation 155 'readreq' 'gmem_load_req' <Predicate = true> <Delay = 2.43> <CoreInst = "m_axi">   --->   Core 121 'm_axi' <Latency = 0> <II = 1> <Delay = 1.00> <Adapter> <Opcode : 'read' 'write' 'readreq' 'writereq' 'writeresp'>

State 56 <SV = 55> <Delay = 2.43>
ST_56 : Operation 156 [16/70] (2.43ns)   --->   "%gmem_load_req = readreq i1 @_ssdm_op_ReadReq.m_axi.i64P1A, i64 %gmem_addr, i32 1" [/mnt/shared/home/tz32/scalehls_vitis_test/src/forward.cpp:61]   --->   Operation 156 'readreq' 'gmem_load_req' <Predicate = true> <Delay = 2.43> <CoreInst = "m_axi">   --->   Core 121 'm_axi' <Latency = 0> <II = 1> <Delay = 1.00> <Adapter> <Opcode : 'read' 'write' 'readreq' 'writereq' 'writeresp'>

State 57 <SV = 56> <Delay = 2.43>
ST_57 : Operation 157 [15/70] (2.43ns)   --->   "%gmem_load_req = readreq i1 @_ssdm_op_ReadReq.m_axi.i64P1A, i64 %gmem_addr, i32 1" [/mnt/shared/home/tz32/scalehls_vitis_test/src/forward.cpp:61]   --->   Operation 157 'readreq' 'gmem_load_req' <Predicate = true> <Delay = 2.43> <CoreInst = "m_axi">   --->   Core 121 'm_axi' <Latency = 0> <II = 1> <Delay = 1.00> <Adapter> <Opcode : 'read' 'write' 'readreq' 'writereq' 'writeresp'>

State 58 <SV = 57> <Delay = 2.43>
ST_58 : Operation 158 [14/70] (2.43ns)   --->   "%gmem_load_req = readreq i1 @_ssdm_op_ReadReq.m_axi.i64P1A, i64 %gmem_addr, i32 1" [/mnt/shared/home/tz32/scalehls_vitis_test/src/forward.cpp:61]   --->   Operation 158 'readreq' 'gmem_load_req' <Predicate = true> <Delay = 2.43> <CoreInst = "m_axi">   --->   Core 121 'm_axi' <Latency = 0> <II = 1> <Delay = 1.00> <Adapter> <Opcode : 'read' 'write' 'readreq' 'writereq' 'writeresp'>

State 59 <SV = 58> <Delay = 2.43>
ST_59 : Operation 159 [13/70] (2.43ns)   --->   "%gmem_load_req = readreq i1 @_ssdm_op_ReadReq.m_axi.i64P1A, i64 %gmem_addr, i32 1" [/mnt/shared/home/tz32/scalehls_vitis_test/src/forward.cpp:61]   --->   Operation 159 'readreq' 'gmem_load_req' <Predicate = true> <Delay = 2.43> <CoreInst = "m_axi">   --->   Core 121 'm_axi' <Latency = 0> <II = 1> <Delay = 1.00> <Adapter> <Opcode : 'read' 'write' 'readreq' 'writereq' 'writeresp'>

State 60 <SV = 59> <Delay = 2.43>
ST_60 : Operation 160 [12/70] (2.43ns)   --->   "%gmem_load_req = readreq i1 @_ssdm_op_ReadReq.m_axi.i64P1A, i64 %gmem_addr, i32 1" [/mnt/shared/home/tz32/scalehls_vitis_test/src/forward.cpp:61]   --->   Operation 160 'readreq' 'gmem_load_req' <Predicate = true> <Delay = 2.43> <CoreInst = "m_axi">   --->   Core 121 'm_axi' <Latency = 0> <II = 1> <Delay = 1.00> <Adapter> <Opcode : 'read' 'write' 'readreq' 'writereq' 'writeresp'>

State 61 <SV = 60> <Delay = 2.43>
ST_61 : Operation 161 [11/70] (2.43ns)   --->   "%gmem_load_req = readreq i1 @_ssdm_op_ReadReq.m_axi.i64P1A, i64 %gmem_addr, i32 1" [/mnt/shared/home/tz32/scalehls_vitis_test/src/forward.cpp:61]   --->   Operation 161 'readreq' 'gmem_load_req' <Predicate = true> <Delay = 2.43> <CoreInst = "m_axi">   --->   Core 121 'm_axi' <Latency = 0> <II = 1> <Delay = 1.00> <Adapter> <Opcode : 'read' 'write' 'readreq' 'writereq' 'writeresp'>

State 62 <SV = 61> <Delay = 2.43>
ST_62 : Operation 162 [10/70] (2.43ns)   --->   "%gmem_load_req = readreq i1 @_ssdm_op_ReadReq.m_axi.i64P1A, i64 %gmem_addr, i32 1" [/mnt/shared/home/tz32/scalehls_vitis_test/src/forward.cpp:61]   --->   Operation 162 'readreq' 'gmem_load_req' <Predicate = true> <Delay = 2.43> <CoreInst = "m_axi">   --->   Core 121 'm_axi' <Latency = 0> <II = 1> <Delay = 1.00> <Adapter> <Opcode : 'read' 'write' 'readreq' 'writereq' 'writeresp'>

State 63 <SV = 62> <Delay = 2.43>
ST_63 : Operation 163 [9/70] (2.43ns)   --->   "%gmem_load_req = readreq i1 @_ssdm_op_ReadReq.m_axi.i64P1A, i64 %gmem_addr, i32 1" [/mnt/shared/home/tz32/scalehls_vitis_test/src/forward.cpp:61]   --->   Operation 163 'readreq' 'gmem_load_req' <Predicate = true> <Delay = 2.43> <CoreInst = "m_axi">   --->   Core 121 'm_axi' <Latency = 0> <II = 1> <Delay = 1.00> <Adapter> <Opcode : 'read' 'write' 'readreq' 'writereq' 'writeresp'>

State 64 <SV = 63> <Delay = 2.43>
ST_64 : Operation 164 [8/70] (2.43ns)   --->   "%gmem_load_req = readreq i1 @_ssdm_op_ReadReq.m_axi.i64P1A, i64 %gmem_addr, i32 1" [/mnt/shared/home/tz32/scalehls_vitis_test/src/forward.cpp:61]   --->   Operation 164 'readreq' 'gmem_load_req' <Predicate = true> <Delay = 2.43> <CoreInst = "m_axi">   --->   Core 121 'm_axi' <Latency = 0> <II = 1> <Delay = 1.00> <Adapter> <Opcode : 'read' 'write' 'readreq' 'writereq' 'writeresp'>

State 65 <SV = 64> <Delay = 2.43>
ST_65 : Operation 165 [7/70] (2.43ns)   --->   "%gmem_load_req = readreq i1 @_ssdm_op_ReadReq.m_axi.i64P1A, i64 %gmem_addr, i32 1" [/mnt/shared/home/tz32/scalehls_vitis_test/src/forward.cpp:61]   --->   Operation 165 'readreq' 'gmem_load_req' <Predicate = true> <Delay = 2.43> <CoreInst = "m_axi">   --->   Core 121 'm_axi' <Latency = 0> <II = 1> <Delay = 1.00> <Adapter> <Opcode : 'read' 'write' 'readreq' 'writereq' 'writeresp'>

State 66 <SV = 65> <Delay = 2.43>
ST_66 : Operation 166 [6/70] (2.43ns)   --->   "%gmem_load_req = readreq i1 @_ssdm_op_ReadReq.m_axi.i64P1A, i64 %gmem_addr, i32 1" [/mnt/shared/home/tz32/scalehls_vitis_test/src/forward.cpp:61]   --->   Operation 166 'readreq' 'gmem_load_req' <Predicate = true> <Delay = 2.43> <CoreInst = "m_axi">   --->   Core 121 'm_axi' <Latency = 0> <II = 1> <Delay = 1.00> <Adapter> <Opcode : 'read' 'write' 'readreq' 'writereq' 'writeresp'>

State 67 <SV = 66> <Delay = 2.43>
ST_67 : Operation 167 [5/70] (2.43ns)   --->   "%gmem_load_req = readreq i1 @_ssdm_op_ReadReq.m_axi.i64P1A, i64 %gmem_addr, i32 1" [/mnt/shared/home/tz32/scalehls_vitis_test/src/forward.cpp:61]   --->   Operation 167 'readreq' 'gmem_load_req' <Predicate = true> <Delay = 2.43> <CoreInst = "m_axi">   --->   Core 121 'm_axi' <Latency = 0> <II = 1> <Delay = 1.00> <Adapter> <Opcode : 'read' 'write' 'readreq' 'writereq' 'writeresp'>

State 68 <SV = 67> <Delay = 2.43>
ST_68 : Operation 168 [4/70] (2.43ns)   --->   "%gmem_load_req = readreq i1 @_ssdm_op_ReadReq.m_axi.i64P1A, i64 %gmem_addr, i32 1" [/mnt/shared/home/tz32/scalehls_vitis_test/src/forward.cpp:61]   --->   Operation 168 'readreq' 'gmem_load_req' <Predicate = true> <Delay = 2.43> <CoreInst = "m_axi">   --->   Core 121 'm_axi' <Latency = 0> <II = 1> <Delay = 1.00> <Adapter> <Opcode : 'read' 'write' 'readreq' 'writereq' 'writeresp'>

State 69 <SV = 68> <Delay = 2.43>
ST_69 : Operation 169 [3/70] (2.43ns)   --->   "%gmem_load_req = readreq i1 @_ssdm_op_ReadReq.m_axi.i64P1A, i64 %gmem_addr, i32 1" [/mnt/shared/home/tz32/scalehls_vitis_test/src/forward.cpp:61]   --->   Operation 169 'readreq' 'gmem_load_req' <Predicate = true> <Delay = 2.43> <CoreInst = "m_axi">   --->   Core 121 'm_axi' <Latency = 0> <II = 1> <Delay = 1.00> <Adapter> <Opcode : 'read' 'write' 'readreq' 'writereq' 'writeresp'>

State 70 <SV = 69> <Delay = 2.43>
ST_70 : Operation 170 [2/70] (2.43ns)   --->   "%gmem_load_req = readreq i1 @_ssdm_op_ReadReq.m_axi.i64P1A, i64 %gmem_addr, i32 1" [/mnt/shared/home/tz32/scalehls_vitis_test/src/forward.cpp:61]   --->   Operation 170 'readreq' 'gmem_load_req' <Predicate = true> <Delay = 2.43> <CoreInst = "m_axi">   --->   Core 121 'm_axi' <Latency = 0> <II = 1> <Delay = 1.00> <Adapter> <Opcode : 'read' 'write' 'readreq' 'writereq' 'writeresp'>

State 71 <SV = 70> <Delay = 2.43>
ST_71 : Operation 171 [1/70] (2.43ns)   --->   "%gmem_load_req = readreq i1 @_ssdm_op_ReadReq.m_axi.i64P1A, i64 %gmem_addr, i32 1" [/mnt/shared/home/tz32/scalehls_vitis_test/src/forward.cpp:61]   --->   Operation 171 'readreq' 'gmem_load_req' <Predicate = true> <Delay = 2.43> <CoreInst = "m_axi">   --->   Core 121 'm_axi' <Latency = 0> <II = 1> <Delay = 1.00> <Adapter> <Opcode : 'read' 'write' 'readreq' 'writereq' 'writeresp'>

State 72 <SV = 71> <Delay = 2.43>
ST_72 : Operation 172 [1/1] (0.00ns)   --->   "%trunc_ln61_1 = trunc i11 %v23_1" [/mnt/shared/home/tz32/scalehls_vitis_test/src/forward.cpp:61]   --->   Operation 172 'trunc' 'trunc_ln61_1' <Predicate = true> <Delay = 0.00>
ST_72 : Operation 173 [1/1] (0.00ns)   --->   "%trunc_ln61_2 = bitconcatenate i3 @_ssdm_op_BitConcatenate.i3.i1.i2, i1 %trunc_ln61_1, i2 0" [/mnt/shared/home/tz32/scalehls_vitis_test/src/forward.cpp:61]   --->   Operation 173 'bitconcatenate' 'trunc_ln61_2' <Predicate = true> <Delay = 0.00>
ST_72 : Operation 174 [1/1] (2.43ns)   --->   "%gmem_addr_read = read i64 @_ssdm_op_Read.m_axi.i64P1A, i64 %gmem_addr" [/mnt/shared/home/tz32/scalehls_vitis_test/src/forward.cpp:61]   --->   Operation 174 'read' 'gmem_addr_read' <Predicate = true> <Delay = 2.43> <CoreInst = "m_axi">   --->   Core 121 'm_axi' <Latency = 0> <II = 1> <Delay = 1.00> <Adapter> <Opcode : 'read' 'write' 'readreq' 'writereq' 'writeresp'>
ST_72 : Operation 175 [1/1] (0.57ns)   --->   "%add_ln61_2 = add i3 %trunc_ln_read, i3 %trunc_ln61_2" [/mnt/shared/home/tz32/scalehls_vitis_test/src/forward.cpp:61]   --->   Operation 175 'add' 'add_ln61_2' <Predicate = true> <Delay = 0.57> <CoreInst = "Adder">   --->   Core 1 'Adder' <Latency = 0> <II = 1> <Delay = 0.57> <FuncUnit> <Opcode : 'add' 'sub'> <InPorts = 2> <OutPorts = 1>
ST_72 : Operation 186 [1/1] (0.00ns)   --->   "%ret_ln0 = ret"   --->   Operation 186 'ret' 'ret_ln0' <Predicate = (icmp_ln60)> <Delay = 0.00>

State 73 <SV = 72> <Delay = 2.29>
ST_73 : Operation 176 [1/1] (0.00ns)   --->   "%v23_cast4 = zext i11 %v23_1" [/mnt/shared/home/tz32/scalehls_vitis_test/src/forward.cpp:61]   --->   Operation 176 'zext' 'v23_cast4' <Predicate = true> <Delay = 0.00>
ST_73 : Operation 177 [1/1] (0.00ns)   --->   "%v29_addr = getelementptr i32 %v29, i64 0, i64 %v23_cast4" [/mnt/shared/home/tz32/scalehls_vitis_test/src/forward.cpp:62]   --->   Operation 177 'getelementptr' 'v29_addr' <Predicate = true> <Delay = 0.00>
ST_73 : Operation 178 [1/1] (0.00ns)   --->   "%specloopname_ln60 = specloopname void @_ssdm_op_SpecLoopName, void @empty_12" [/mnt/shared/home/tz32/scalehls_vitis_test/src/forward.cpp:60]   --->   Operation 178 'specloopname' 'specloopname_ln60' <Predicate = true> <Delay = 0.00>
ST_73 : Operation 179 [1/1] (0.00ns)   --->   "%shl_ln61_1 = bitconcatenate i6 @_ssdm_op_BitConcatenate.i6.i3.i3, i3 %add_ln61_2, i3 0" [/mnt/shared/home/tz32/scalehls_vitis_test/src/forward.cpp:61]   --->   Operation 179 'bitconcatenate' 'shl_ln61_1' <Predicate = true> <Delay = 0.00>
ST_73 : Operation 180 [1/1] (0.00ns)   --->   "%zext_ln61_2 = zext i6 %shl_ln61_1" [/mnt/shared/home/tz32/scalehls_vitis_test/src/forward.cpp:61]   --->   Operation 180 'zext' 'zext_ln61_2' <Predicate = true> <Delay = 0.00>
ST_73 : Operation 181 [1/1] (1.09ns)   --->   "%lshr_ln61 = lshr i64 %gmem_addr_read, i64 %zext_ln61_2" [/mnt/shared/home/tz32/scalehls_vitis_test/src/forward.cpp:61]   --->   Operation 181 'lshr' 'lshr_ln61' <Predicate = true> <Delay = 1.09> <CoreInst = "Shifter">   --->   Core 75 'Shifter' <Latency = 0> <II = 1> <Delay = 1.09> <FuncUnit> <Opcode : 'shl' 'lshr' 'ashr'> <InPorts = 2> <OutPorts = 1>
ST_73 : Operation 182 [1/1] (0.00ns)   --->   "%trunc_ln61_4 = trunc i64 %lshr_ln61" [/mnt/shared/home/tz32/scalehls_vitis_test/src/forward.cpp:61]   --->   Operation 182 'trunc' 'trunc_ln61_4' <Predicate = true> <Delay = 0.00>
ST_73 : Operation 183 [1/1] (0.00ns)   --->   "%v24 = bitcast i32 %trunc_ln61_4" [/mnt/shared/home/tz32/scalehls_vitis_test/src/forward.cpp:61]   --->   Operation 183 'bitcast' 'v24' <Predicate = true> <Delay = 0.00>
ST_73 : Operation 184 [1/1] (1.20ns)   --->   "%store_ln62 = store i32 %v24, i10 %v29_addr" [/mnt/shared/home/tz32/scalehls_vitis_test/src/forward.cpp:62]   --->   Operation 184 'store' 'store_ln62' <Predicate = true> <Delay = 1.20> <CoreInst = "RAM_T2P_BRAM">   --->   Core 99 'RAM_T2P_BRAM' <Latency = 1> <II = 1> <Delay = 1.20> <Storage> <Opcode : 'load' 'store'> <Ports = 2> <Width = 32> <Depth = 1024> <RAM>
ST_73 : Operation 185 [1/1] (0.00ns)   --->   "%br_ln60 = br void %for.inc.i" [/mnt/shared/home/tz32/scalehls_vitis_test/src/forward.cpp:60]   --->   Operation 185 'br' 'br_ln60' <Predicate = true> <Delay = 0.00>


============================================================
+ Verbose Summary: Binding
============================================================
STG Binding: 
---------------- STG Properties BEGIN ----------------
- Is combinational: 0
- Is one-state seq: 0
- Is datapath-only: 0
- Is pipelined: 0
- Is top level: 0
Port [ Return ] is wired: 1; IO mode=ap_ctrl_hs:ce=0
Port [ gmem]:  wired=1; compound=1; hidden=0; nouse=0; global=0; static=0; extern=0; dir=0; type=4; pingpong=0; private_global=0; IO mode=m_axi:ce=0
Port [ v29]:  wired=1; compound=1; hidden=0; nouse=0; global=0; static=0; extern=0; dir=1; type=1; pingpong=0; private_global=0; MemPort=[03]; IO mode=ap_memory:ce=0
Port [ v25]:  wired=1; compound=0; hidden=0; nouse=0; global=0; static=0; extern=0; dir=0; type=0; pingpong=0; private_global=0; IO mode=ap_none:ce=0
Port [ trunc_ln]:  wired=1; compound=0; hidden=0; nouse=0; global=0; static=0; extern=0; dir=0; type=0; pingpong=0; private_global=0; IO mode=ap_none:ce=0
---------------- STG Properties END ------------------

---------------- Datapath Model BEGIN ----------------

<LifeTime>
<method=bitvector/>
v23               (alloca           ) [ 01000000000000000000000000000000000000000000000000000000000000000000000000]
specmemcore_ln0   (specmemcore      ) [ 00000000000000000000000000000000000000000000000000000000000000000000000000]
specinterface_ln0 (specinterface    ) [ 00000000000000000000000000000000000000000000000000000000000000000000000000]
trunc_ln_read     (read             ) [ 01111111111111111111111111111111111111111111111111111111111111111111111110]
v25_read          (read             ) [ 00000000000000000000000000000000000000000000000000000000000000000000000000]
store_ln0         (store            ) [ 00000000000000000000000000000000000000000000000000000000000000000000000000]
br_ln0            (br               ) [ 00000000000000000000000000000000000000000000000000000000000000000000000000]
v23_1             (load             ) [ 01111111111111111111111111111111111111111111111111111111111111111111111111]
specbitsmap_ln0   (specbitsmap      ) [ 00000000000000000000000000000000000000000000000000000000000000000000000000]
specpipeline_ln0  (specpipeline     ) [ 00000000000000000000000000000000000000000000000000000000000000000000000000]
icmp_ln60         (icmp             ) [ 01111111111111111111111111111111111111111111111111111111111111111111111110]
empty             (speclooptripcount) [ 00000000000000000000000000000000000000000000000000000000000000000000000000]
add_ln60          (add              ) [ 00000000000000000000000000000000000000000000000000000000000000000000000000]
br_ln60           (br               ) [ 00000000000000000000000000000000000000000000000000000000000000000000000000]
tmp_2             (partselect       ) [ 00000000000000000000000000000000000000000000000000000000000000000000000000]
shl_ln            (bitconcatenate   ) [ 00000000000000000000000000000000000000000000000000000000000000000000000000]
zext_ln61         (zext             ) [ 00000000000000000000000000000000000000000000000000000000000000000000000000]
trunc_ln61        (trunc            ) [ 00000000000000000000000000000000000000000000000000000000000000000000000000]
shl_ln61_2        (bitconcatenate   ) [ 00000000000000000000000000000000000000000000000000000000000000000000000000]
zext_ln61_1       (zext             ) [ 00000000000000000000000000000000000000000000000000000000000000000000000000]
add_ln61          (add              ) [ 00000000000000000000000000000000000000000000000000000000000000000000000000]
add_ln61_1        (add              ) [ 00000000000000000000000000000000000000000000000000000000000000000000000000]
trunc_ln61_3      (partselect       ) [ 01100000000000000000000000000000000000000000000000000000000000000000000000]
store_ln60        (store            ) [ 00000000000000000000000000000000000000000000000000000000000000000000000000]
sext_ln61         (sext             ) [ 00000000000000000000000000000000000000000000000000000000000000000000000000]
gmem_addr         (getelementptr    ) [ 01011111111111111111111111111111111111111111111111111111111111111111111110]
gmem_load_req     (readreq          ) [ 00000000000000000000000000000000000000000000000000000000000000000000000000]
trunc_ln61_1      (trunc            ) [ 00000000000000000000000000000000000000000000000000000000000000000000000000]
trunc_ln61_2      (bitconcatenate   ) [ 00000000000000000000000000000000000000000000000000000000000000000000000000]
gmem_addr_read    (read             ) [ 01000000000000000000000000000000000000000000000000000000000000000000000001]
add_ln61_2        (add              ) [ 01000000000000000000000000000000000000000000000000000000000000000000000001]
v23_cast4         (zext             ) [ 00000000000000000000000000000000000000000000000000000000000000000000000000]
v29_addr          (getelementptr    ) [ 00000000000000000000000000000000000000000000000000000000000000000000000000]
specloopname_ln60 (specloopname     ) [ 00000000000000000000000000000000000000000000000000000000000000000000000000]
shl_ln61_1        (bitconcatenate   ) [ 00000000000000000000000000000000000000000000000000000000000000000000000000]
zext_ln61_2       (zext             ) [ 00000000000000000000000000000000000000000000000000000000000000000000000000]
lshr_ln61         (lshr             ) [ 00000000000000000000000000000000000000000000000000000000000000000000000000]
trunc_ln61_4      (trunc            ) [ 00000000000000000000000000000000000000000000000000000000000000000000000000]
v24               (bitcast          ) [ 00000000000000000000000000000000000000000000000000000000000000000000000000]
store_ln62        (store            ) [ 00000000000000000000000000000000000000000000000000000000000000000000000000]
br_ln60           (br               ) [ 00000000000000000000000000000000000000000000000000000000000000000000000000]
ret_ln0           (ret              ) [ 00000000000000000000000000000000000000000000000000000000000000000000000000]
</LifeTime>

<model>

<comp_list>
<comp id="0" class="1000" name="gmem">
<pin_list>
<pin id="1" dir="1" index="0" bw="1" slack="0"/>
</pin_list>
<bind>
<StgValue><ssdm name="gmem"/></StgValue>
</bind>
</comp>

<comp id="2" class="1000" name="v29">
<pin_list>
<pin id="3" dir="1" index="0" bw="1" slack="0"/>
</pin_list>
<bind>
<StgValue><ssdm name="v29"/><MemPortTyVec>0 3 </MemPortTyVec>
</StgValue>
</bind>
</comp>

<comp id="4" class="1000" name="v25">
<pin_list>
<pin id="5" dir="1" index="0" bw="1" slack="0"/>
</pin_list>
<bind>
<StgValue><ssdm name="v25"/></StgValue>
</bind>
</comp>

<comp id="6" class="1000" name="trunc_ln">
<pin_list>
<pin id="7" dir="1" index="0" bw="1" slack="0"/>
</pin_list>
<bind>
<StgValue><ssdm name="trunc_ln"/></StgValue>
</bind>
</comp>

<comp id="8" class="1001" name="const_8">
<pin_list>
<pin id="9" dir="1" index="0" bw="1" slack="0"/>
</pin_list>
<bind>
<StgValue><ssdm name=""/></StgValue>
</bind>
</comp>

<comp id="10" class="1001" name="const_10">
<pin_list>
<pin id="11" dir="1" index="0" bw="1" slack="2147483647"/>
</pin_list>
<bind>
<StgValue><ssdm name="_ssdm_op_SpecMemCore"/></StgValue>
</bind>
</comp>

<comp id="12" class="1001" name="const_12">
<pin_list>
<pin id="13" dir="1" index="0" bw="1" slack="2147483647"/>
</pin_list>
<bind>
<StgValue><ssdm name=""/></StgValue>
</bind>
</comp>

<comp id="14" class="1001" name="const_14">
<pin_list>
<pin id="15" dir="1" index="0" bw="1" slack="2147483647"/>
</pin_list>
<bind>
<StgValue><ssdm name=""/></StgValue>
</bind>
</comp>

<comp id="16" class="1001" name="const_16">
<pin_list>
<pin id="17" dir="1" index="0" bw="1" slack="2147483647"/>
</pin_list>
<bind>
<StgValue><ssdm name=""/></StgValue>
</bind>
</comp>

<comp id="18" class="1001" name="const_18">
<pin_list>
<pin id="19" dir="1" index="0" bw="1" slack="2147483647"/>
</pin_list>
<bind>
<StgValue><ssdm name="_ssdm_op_SpecInterface"/></StgValue>
</bind>
</comp>

<comp id="20" class="1001" name="const_20">
<pin_list>
<pin id="21" dir="1" index="0" bw="1" slack="2147483647"/>
</pin_list>
<bind>
<StgValue><ssdm name="empty_7"/></StgValue>
</bind>
</comp>

<comp id="22" class="1001" name="const_22">
<pin_list>
<pin id="23" dir="1" index="0" bw="1" slack="2147483647"/>
</pin_list>
<bind>
<StgValue><ssdm name=""/></StgValue>
</bind>
</comp>

<comp id="24" class="1001" name="const_24">
<pin_list>
<pin id="25" dir="1" index="0" bw="1" slack="2147483647"/>
</pin_list>
<bind>
<StgValue><ssdm name="empty_0"/></StgValue>
</bind>
</comp>

<comp id="26" class="1001" name="const_26">
<pin_list>
<pin id="27" dir="1" index="0" bw="1" slack="2147483647"/>
</pin_list>
<bind>
<StgValue><ssdm name=""/></StgValue>
</bind>
</comp>

<comp id="28" class="1001" name="const_28">
<pin_list>
<pin id="29" dir="1" index="0" bw="1" slack="2147483647"/>
</pin_list>
<bind>
<StgValue><ssdm name="empty_1"/></StgValue>
</bind>
</comp>

<comp id="30" class="1001" name="const_30">
<pin_list>
<pin id="31" dir="1" index="0" bw="1" slack="2147483647"/>
</pin_list>
<bind>
<StgValue><ssdm name="empty_2"/></StgValue>
</bind>
</comp>

<comp id="32" class="1001" name="const_32">
<pin_list>
<pin id="33" dir="1" index="0" bw="1" slack="2147483647"/>
</pin_list>
<bind>
<StgValue><ssdm name=""/></StgValue>
</bind>
</comp>

<comp id="34" class="1001" name="const_34">
<pin_list>
<pin id="35" dir="1" index="0" bw="1" slack="2147483647"/>
</pin_list>
<bind>
<StgValue><ssdm name=""/></StgValue>
</bind>
</comp>

<comp id="36" class="1001" name="const_36">
<pin_list>
<pin id="37" dir="1" index="0" bw="1" slack="0"/>
</pin_list>
<bind>
<StgValue><ssdm name="_ssdm_op_Read.ap_auto.i3"/></StgValue>
</bind>
</comp>

<comp id="38" class="1001" name="const_38">
<pin_list>
<pin id="39" dir="1" index="0" bw="1" slack="0"/>
</pin_list>
<bind>
<StgValue><ssdm name="_ssdm_op_Read.ap_auto.i64"/></StgValue>
</bind>
</comp>

<comp id="40" class="1001" name="const_40">
<pin_list>
<pin id="41" dir="1" index="0" bw="1" slack="0"/>
</pin_list>
<bind>
<StgValue><ssdm name=""/></StgValue>
</bind>
</comp>

<comp id="42" class="1001" name="const_42">
<pin_list>
<pin id="43" dir="1" index="0" bw="1" slack="2147483647"/>
</pin_list>
<bind>
<StgValue><ssdm name="_ssdm_op_SpecBitsMap"/></StgValue>
</bind>
</comp>

<comp id="44" class="1001" name="const_44">
<pin_list>
<pin id="45" dir="1" index="0" bw="1" slack="2147483647"/>
</pin_list>
<bind>
<StgValue><ssdm name="_ssdm_op_SpecPipeline"/></StgValue>
</bind>
</comp>

<comp id="46" class="1001" name="const_46">
<pin_list>
<pin id="47" dir="1" index="0" bw="1" slack="2147483647"/>
</pin_list>
<bind>
<StgValue><ssdm name="p_str"/></StgValue>
</bind>
</comp>

<comp id="48" class="1001" name="const_48">
<pin_list>
<pin id="49" dir="1" index="0" bw="1" slack="0"/>
</pin_list>
<bind>
<StgValue><ssdm name=""/></StgValue>
</bind>
</comp>

<comp id="50" class="1001" name="const_50">
<pin_list>
<pin id="51" dir="1" index="0" bw="1" slack="2147483647"/>
</pin_list>
<bind>
<StgValue><ssdm name="_ssdm_op_SpecLoopTripCount"/></StgValue>
</bind>
</comp>

<comp id="52" class="1001" name="const_52">
<pin_list>
<pin id="53" dir="1" index="0" bw="1" slack="2147483647"/>
</pin_list>
<bind>
<StgValue><ssdm name=""/></StgValue>
</bind>
</comp>

<comp id="54" class="1001" name="const_54">
<pin_list>
<pin id="55" dir="1" index="0" bw="1" slack="0"/>
</pin_list>
<bind>
<StgValue><ssdm name=""/></StgValue>
</bind>
</comp>

<comp id="56" class="1001" name="const_56">
<pin_list>
<pin id="57" dir="1" index="0" bw="1" slack="0"/>
</pin_list>
<bind>
<StgValue><ssdm name="_ssdm_op_PartSelect.i5.i11.i32.i32"/></StgValue>
</bind>
</comp>

<comp id="58" class="1001" name="const_58">
<pin_list>
<pin id="59" dir="1" index="0" bw="1" slack="0"/>
</pin_list>
<bind>
<StgValue><ssdm name=""/></StgValue>
</bind>
</comp>

<comp id="60" class="1001" name="const_60">
<pin_list>
<pin id="61" dir="1" index="0" bw="1" slack="0"/>
</pin_list>
<bind>
<StgValue><ssdm name=""/></StgValue>
</bind>
</comp>

<comp id="62" class="1001" name="const_62">
<pin_list>
<pin id="63" dir="1" index="0" bw="1" slack="0"/>
</pin_list>
<bind>
<StgValue><ssdm name="_ssdm_op_BitConcatenate.i12.i5.i7"/></StgValue>
</bind>
</comp>

<comp id="64" class="1001" name="const_64">
<pin_list>
<pin id="65" dir="1" index="0" bw="1" slack="0"/>
</pin_list>
<bind>
<StgValue><ssdm name=""/></StgValue>
</bind>
</comp>

<comp id="66" class="1001" name="const_66">
<pin_list>
<pin id="67" dir="1" index="0" bw="1" slack="0"/>
</pin_list>
<bind>
<StgValue><ssdm name="_ssdm_op_BitConcatenate.i7.i5.i2"/></StgValue>
</bind>
</comp>

<comp id="68" class="1001" name="const_68">
<pin_list>
<pin id="69" dir="1" index="0" bw="1" slack="0"/>
</pin_list>
<bind>
<StgValue><ssdm name=""/></StgValue>
</bind>
</comp>

<comp id="70" class="1001" name="const_70">
<pin_list>
<pin id="71" dir="1" index="0" bw="1" slack="0"/>
</pin_list>
<bind>
<StgValue><ssdm name="_ssdm_op_PartSelect.i61.i64.i32.i32"/></StgValue>
</bind>
</comp>

<comp id="72" class="1001" name="const_72">
<pin_list>
<pin id="73" dir="1" index="0" bw="1" slack="0"/>
</pin_list>
<bind>
<StgValue><ssdm name=""/></StgValue>
</bind>
</comp>

<comp id="74" class="1001" name="const_74">
<pin_list>
<pin id="75" dir="1" index="0" bw="1" slack="0"/>
</pin_list>
<bind>
<StgValue><ssdm name=""/></StgValue>
</bind>
</comp>

<comp id="76" class="1001" name="const_76">
<pin_list>
<pin id="77" dir="1" index="0" bw="1" slack="0"/>
</pin_list>
<bind>
<StgValue><ssdm name="_ssdm_op_ReadReq.m_axi.i64P1A"/></StgValue>
</bind>
</comp>

<comp id="78" class="1001" name="const_78">
<pin_list>
<pin id="79" dir="1" index="0" bw="1" slack="0"/>
</pin_list>
<bind>
<StgValue><ssdm name="_ssdm_op_BitConcatenate.i3.i1.i2"/></StgValue>
</bind>
</comp>

<comp id="80" class="1001" name="const_80">
<pin_list>
<pin id="81" dir="1" index="0" bw="1" slack="0"/>
</pin_list>
<bind>
<StgValue><ssdm name="_ssdm_op_Read.m_axi.i64P1A"/></StgValue>
</bind>
</comp>

<comp id="82" class="1001" name="const_82">
<pin_list>
<pin id="83" dir="1" index="0" bw="1" slack="0"/>
</pin_list>
<bind>
<StgValue><ssdm name=""/></StgValue>
</bind>
</comp>

<comp id="84" class="1001" name="const_84">
<pin_list>
<pin id="85" dir="1" index="0" bw="1" slack="2147483647"/>
</pin_list>
<bind>
<StgValue><ssdm name="_ssdm_op_SpecLoopName"/></StgValue>
</bind>
</comp>

<comp id="86" class="1001" name="const_86">
<pin_list>
<pin id="87" dir="1" index="0" bw="1" slack="2147483647"/>
</pin_list>
<bind>
<StgValue><ssdm name="empty_12"/></StgValue>
</bind>
</comp>

<comp id="88" class="1001" name="const_88">
<pin_list>
<pin id="89" dir="1" index="0" bw="1" slack="0"/>
</pin_list>
<bind>
<StgValue><ssdm name="_ssdm_op_BitConcatenate.i6.i3.i3"/></StgValue>
</bind>
</comp>

<comp id="90" class="1001" name="const_90">
<pin_list>
<pin id="91" dir="1" index="0" bw="1" slack="0"/>
</pin_list>
<bind>
<StgValue><ssdm name=""/></StgValue>
</bind>
</comp>

<comp id="92" class="1004" name="v23_fu_92">
<pin_list>
<pin id="93" dir="0" index="0" bw="1" slack="0"/>
<pin id="94" dir="1" index="1" bw="11" slack="0"/>
</pin_list>
<bind>
<opcode="alloca(26) " fcode="alloca"/>
<opset="v23/1 "/>
</bind>
</comp>

<comp id="96" class="1004" name="trunc_ln_read_read_fu_96">
<pin_list>
<pin id="97" dir="0" index="0" bw="3" slack="0"/>
<pin id="98" dir="0" index="1" bw="3" slack="0"/>
<pin id="99" dir="1" index="2" bw="3" slack="71"/>
</pin_list>
<bind>
<opcode="read(1150) " fcode="read"/>
<opset="trunc_ln_read/1 "/>
</bind>
</comp>

<comp id="102" class="1004" name="v25_read_read_fu_102">
<pin_list>
<pin id="103" dir="0" index="0" bw="64" slack="0"/>
<pin id="104" dir="0" index="1" bw="64" slack="0"/>
<pin id="105" dir="1" index="2" bw="64" slack="0"/>
</pin_list>
<bind>
<opcode="read(1150) " fcode="read"/>
<opset="v25_read/1 "/>
</bind>
</comp>

<comp id="108" class="1004" name="grp_readreq_fu_108">
<pin_list>
<pin id="109" dir="0" index="0" bw="1" slack="0"/>
<pin id="110" dir="0" index="1" bw="64" slack="0"/>
<pin id="111" dir="0" index="2" bw="1" slack="0"/>
<pin id="112" dir="1" index="3" bw="1" slack="2147483647"/>
</pin_list>
<bind>
<opcode="readreq(1154) " fcode="readreq"/>
<opset="gmem_load_req/2 "/>
</bind>
</comp>

<comp id="115" class="1004" name="gmem_addr_read_read_fu_115">
<pin_list>
<pin id="116" dir="0" index="0" bw="64" slack="0"/>
<pin id="117" dir="0" index="1" bw="64" slack="70"/>
<pin id="118" dir="1" index="2" bw="64" slack="1"/>
</pin_list>
<bind>
<opcode="read(1150) " fcode="read"/>
<opset="gmem_addr_read/72 "/>
</bind>
</comp>

<comp id="120" class="1004" name="v29_addr_gep_fu_120">
<pin_list>
<pin id="121" dir="0" index="0" bw="32" slack="0"/>
<pin id="122" dir="0" index="1" bw="1" slack="0"/>
<pin id="123" dir="0" index="2" bw="11" slack="0"/>
<pin id="124" dir="1" index="3" bw="10" slack="0"/>
</pin_list>
<bind>
<opcode="getelementptr(29) " fcode="getelementptr"/>
<opset="v29_addr/73 "/>
</bind>
</comp>

<comp id="127" class="1004" name="store_ln62_access_fu_127">
<pin_list>
<pin id="128" dir="0" index="0" bw="10" slack="0"/>
<pin id="129" dir="0" index="1" bw="32" slack="0"/>
<pin id="130" dir="0" index="2" bw="0" slack="2147483647"/>
<pin id="131" dir="1" index="3" bw="32" slack="2147483647"/>
</pin_list>
<bind>
<opcode="store(28) " fcode="store"/>
<opset="store_ln62/73 "/>
</bind>
</comp>

<comp id="133" class="1004" name="store_ln0_store_fu_133">
<pin_list>
<pin id="134" dir="0" index="0" bw="1" slack="0"/>
<pin id="135" dir="0" index="1" bw="11" slack="0"/>
<pin id="136" dir="1" index="2" bw="0" slack="2147483647"/>
</pin_list>
<bind>
<opcode="store(28) " fcode="store"/>
<opset="store_ln0/1 "/>
</bind>
</comp>

<comp id="138" class="1004" name="v23_1_load_fu_138">
<pin_list>
<pin id="139" dir="0" index="0" bw="11" slack="0"/>
<pin id="140" dir="1" index="1" bw="11" slack="0"/>
</pin_list>
<bind>
<opcode="load(27) " fcode="load"/>
<opset="v23_1/1 "/>
</bind>
</comp>

<comp id="141" class="1004" name="icmp_ln60_fu_141">
<pin_list>
<pin id="142" dir="0" index="0" bw="11" slack="0"/>
<pin id="143" dir="0" index="1" bw="11" slack="0"/>
<pin id="144" dir="1" index="2" bw="1" slack="71"/>
</pin_list>
<bind>
<opcode="icmp(45) " fcode="icmp"/>
<opset="icmp_ln60/1 "/>
</bind>
</comp>

<comp id="147" class="1004" name="add_ln60_fu_147">
<pin_list>
<pin id="148" dir="0" index="0" bw="11" slack="0"/>
<pin id="149" dir="0" index="1" bw="1" slack="0"/>
<pin id="150" dir="1" index="2" bw="11" slack="0"/>
</pin_list>
<bind>
<opcode="add(8) " fcode="add"/>
<opset="add_ln60/1 "/>
</bind>
</comp>

<comp id="153" class="1004" name="tmp_2_fu_153">
<pin_list>
<pin id="154" dir="0" index="0" bw="5" slack="0"/>
<pin id="155" dir="0" index="1" bw="11" slack="0"/>
<pin id="156" dir="0" index="2" bw="4" slack="0"/>
<pin id="157" dir="0" index="3" bw="5" slack="0"/>
<pin id="158" dir="1" index="4" bw="5" slack="0"/>
</pin_list>
<bind>
<opcode="partselect(1002) " fcode="partselect"/>
<opset="tmp_2/1 "/>
</bind>
</comp>

<comp id="163" class="1004" name="shl_ln_fu_163">
<pin_list>
<pin id="164" dir="0" index="0" bw="12" slack="0"/>
<pin id="165" dir="0" index="1" bw="5" slack="0"/>
<pin id="166" dir="0" index="2" bw="1" slack="0"/>
<pin id="167" dir="1" index="3" bw="12" slack="0"/>
</pin_list>
<bind>
<opcode="bitconcatenate(1004) " fcode="bitconcatenate"/>
<opset="shl_ln/1 "/>
</bind>
</comp>

<comp id="171" class="1004" name="zext_ln61_fu_171">
<pin_list>
<pin id="172" dir="0" index="0" bw="12" slack="0"/>
<pin id="173" dir="1" index="1" bw="64" slack="0"/>
</pin_list>
<bind>
<opcode="zext(34) " fcode="zext"/>
<opset="zext_ln61/1 "/>
</bind>
</comp>

<comp id="175" class="1004" name="trunc_ln61_fu_175">
<pin_list>
<pin id="176" dir="0" index="0" bw="11" slack="0"/>
<pin id="177" dir="1" index="1" bw="5" slack="0"/>
</pin_list>
<bind>
<opcode="trunc(33) " fcode="trunc"/>
<opset="trunc_ln61/1 "/>
</bind>
</comp>

<comp id="179" class="1004" name="shl_ln61_2_fu_179">
<pin_list>
<pin id="180" dir="0" index="0" bw="7" slack="0"/>
<pin id="181" dir="0" index="1" bw="5" slack="0"/>
<pin id="182" dir="0" index="2" bw="1" slack="0"/>
<pin id="183" dir="1" index="3" bw="7" slack="0"/>
</pin_list>
<bind>
<opcode="bitconcatenate(1004) " fcode="bitconcatenate"/>
<opset="shl_ln61_2/1 "/>
</bind>
</comp>

<comp id="187" class="1004" name="zext_ln61_1_fu_187">
<pin_list>
<pin id="188" dir="0" index="0" bw="7" slack="0"/>
<pin id="189" dir="1" index="1" bw="64" slack="0"/>
</pin_list>
<bind>
<opcode="zext(34) " fcode="zext"/>
<opset="zext_ln61_1/1 "/>
</bind>
</comp>

<comp id="191" class="1004" name="add_ln61_fu_191">
<pin_list>
<pin id="192" dir="0" index="0" bw="7" slack="0"/>
<pin id="193" dir="0" index="1" bw="64" slack="0"/>
<pin id="194" dir="1" index="2" bw="64" slack="0"/>
</pin_list>
<bind>
<opcode="add(8) " fcode="add"/>
<opset="add_ln61/1 "/>
</bind>
</comp>

<comp id="197" class="1004" name="add_ln61_1_fu_197">
<pin_list>
<pin id="198" dir="0" index="0" bw="64" slack="0"/>
<pin id="199" dir="0" index="1" bw="12" slack="0"/>
<pin id="200" dir="1" index="2" bw="64" slack="0"/>
</pin_list>
<bind>
<opcode="add(8) " fcode="add"/>
<opset="add_ln61_1/1 "/>
</bind>
</comp>

<comp id="203" class="1004" name="trunc_ln61_3_fu_203">
<pin_list>
<pin id="204" dir="0" index="0" bw="61" slack="0"/>
<pin id="205" dir="0" index="1" bw="64" slack="0"/>
<pin id="206" dir="0" index="2" bw="3" slack="0"/>
<pin id="207" dir="0" index="3" bw="7" slack="0"/>
<pin id="208" dir="1" index="4" bw="61" slack="1"/>
</pin_list>
<bind>
<opcode="partselect(1002) " fcode="partselect"/>
<opset="trunc_ln61_3/1 "/>
</bind>
</comp>

<comp id="213" class="1004" name="store_ln60_store_fu_213">
<pin_list>
<pin id="214" dir="0" index="0" bw="11" slack="0"/>
<pin id="215" dir="0" index="1" bw="11" slack="0"/>
<pin id="216" dir="1" index="2" bw="0" slack="2147483647"/>
</pin_list>
<bind>
<opcode="store(28) " fcode="store"/>
<opset="store_ln60/1 "/>
</bind>
</comp>

<comp id="218" class="1004" name="sext_ln61_fu_218">
<pin_list>
<pin id="219" dir="0" index="0" bw="61" slack="1"/>
<pin id="220" dir="1" index="1" bw="64" slack="0"/>
</pin_list>
<bind>
<opcode="sext(35) " fcode="sext"/>
<opset="sext_ln61/2 "/>
</bind>
</comp>

<comp id="221" class="1004" name="gmem_addr_fu_221">
<pin_list>
<pin id="222" dir="0" index="0" bw="64" slack="0"/>
<pin id="223" dir="0" index="1" bw="61" slack="0"/>
<pin id="224" dir="1" index="2" bw="64" slack="0"/>
</pin_list>
<bind>
<opcode="getelementptr(29) " fcode="getelementptr"/>
<opset="gmem_addr/2 "/>
</bind>
</comp>

<comp id="228" class="1004" name="trunc_ln61_1_fu_228">
<pin_list>
<pin id="229" dir="0" index="0" bw="11" slack="71"/>
<pin id="230" dir="1" index="1" bw="1" slack="0"/>
</pin_list>
<bind>
<opcode="trunc(33) " fcode="trunc"/>
<opset="trunc_ln61_1/72 "/>
</bind>
</comp>

<comp id="231" class="1004" name="trunc_ln61_2_fu_231">
<pin_list>
<pin id="232" dir="0" index="0" bw="3" slack="0"/>
<pin id="233" dir="0" index="1" bw="1" slack="0"/>
<pin id="234" dir="0" index="2" bw="1" slack="0"/>
<pin id="235" dir="1" index="3" bw="3" slack="0"/>
</pin_list>
<bind>
<opcode="bitconcatenate(1004) " fcode="bitconcatenate"/>
<opset="trunc_ln61_2/72 "/>
</bind>
</comp>

<comp id="239" class="1004" name="add_ln61_2_fu_239">
<pin_list>
<pin id="240" dir="0" index="0" bw="3" slack="71"/>
<pin id="241" dir="0" index="1" bw="3" slack="0"/>
<pin id="242" dir="1" index="2" bw="3" slack="1"/>
</pin_list>
<bind>
<opcode="add(8) " fcode="add"/>
<opset="add_ln61_2/72 "/>
</bind>
</comp>

<comp id="244" class="1004" name="v23_cast4_fu_244">
<pin_list>
<pin id="245" dir="0" index="0" bw="11" slack="72"/>
<pin id="246" dir="1" index="1" bw="64" slack="0"/>
</pin_list>
<bind>
<opcode="zext(34) " fcode="zext"/>
<opset="v23_cast4/73 "/>
</bind>
</comp>

<comp id="248" class="1004" name="shl_ln61_1_fu_248">
<pin_list>
<pin id="249" dir="0" index="0" bw="6" slack="0"/>
<pin id="250" dir="0" index="1" bw="3" slack="1"/>
<pin id="251" dir="0" index="2" bw="1" slack="0"/>
<pin id="252" dir="1" index="3" bw="6" slack="0"/>
</pin_list>
<bind>
<opcode="bitconcatenate(1004) " fcode="bitconcatenate"/>
<opset="shl_ln61_1/73 "/>
</bind>
</comp>

<comp id="255" class="1004" name="zext_ln61_2_fu_255">
<pin_list>
<pin id="256" dir="0" index="0" bw="6" slack="0"/>
<pin id="257" dir="1" index="1" bw="64" slack="0"/>
</pin_list>
<bind>
<opcode="zext(34) " fcode="zext"/>
<opset="zext_ln61_2/73 "/>
</bind>
</comp>

<comp id="259" class="1004" name="lshr_ln61_fu_259">
<pin_list>
<pin id="260" dir="0" index="0" bw="64" slack="1"/>
<pin id="261" dir="0" index="1" bw="6" slack="0"/>
<pin id="262" dir="1" index="2" bw="64" slack="0"/>
</pin_list>
<bind>
<opcode="lshr(21) " fcode="lshr"/>
<opset="lshr_ln61/73 "/>
</bind>
</comp>

<comp id="264" class="1004" name="trunc_ln61_4_fu_264">
<pin_list>
<pin id="265" dir="0" index="0" bw="64" slack="0"/>
<pin id="266" dir="1" index="1" bw="32" slack="0"/>
</pin_list>
<bind>
<opcode="trunc(33) " fcode="trunc"/>
<opset="trunc_ln61_4/73 "/>
</bind>
</comp>

<comp id="268" class="1004" name="v24_fu_268">
<pin_list>
<pin id="269" dir="0" index="0" bw="32" slack="0"/>
<pin id="270" dir="1" index="1" bw="32" slack="0"/>
</pin_list>
<bind>
<opcode="bitcast(44) " fcode="bitcast"/>
<opset="v24/73 "/>
</bind>
</comp>

<comp id="273" class="1005" name="v23_reg_273">
<pin_list>
<pin id="274" dir="0" index="0" bw="11" slack="0"/>
<pin id="275" dir="1" index="1" bw="11" slack="0"/>
</pin_list>
<bind>
<opset="v23 "/>
</bind>
</comp>

<comp id="280" class="1005" name="trunc_ln_read_reg_280">
<pin_list>
<pin id="281" dir="0" index="0" bw="3" slack="71"/>
<pin id="282" dir="1" index="1" bw="3" slack="71"/>
</pin_list>
<bind>
<opset="trunc_ln_read "/>
</bind>
</comp>

<comp id="285" class="1005" name="v23_1_reg_285">
<pin_list>
<pin id="286" dir="0" index="0" bw="11" slack="71"/>
<pin id="287" dir="1" index="1" bw="11" slack="71"/>
</pin_list>
<bind>
<opset="v23_1 "/>
</bind>
</comp>

<comp id="291" class="1005" name="icmp_ln60_reg_291">
<pin_list>
<pin id="292" dir="0" index="0" bw="1" slack="71"/>
<pin id="293" dir="1" index="1" bw="1" slack="2147483647"/>
</pin_list>
<bind>
<opset="icmp_ln60 "/>
</bind>
</comp>

<comp id="295" class="1005" name="trunc_ln61_3_reg_295">
<pin_list>
<pin id="296" dir="0" index="0" bw="61" slack="1"/>
<pin id="297" dir="1" index="1" bw="61" slack="1"/>
</pin_list>
<bind>
<opset="trunc_ln61_3 "/>
</bind>
</comp>

<comp id="300" class="1005" name="gmem_addr_reg_300">
<pin_list>
<pin id="301" dir="0" index="0" bw="64" slack="1"/>
<pin id="302" dir="1" index="1" bw="64" slack="1"/>
</pin_list>
<bind>
<opset="gmem_addr "/>
</bind>
</comp>

<comp id="306" class="1005" name="gmem_addr_read_reg_306">
<pin_list>
<pin id="307" dir="0" index="0" bw="64" slack="1"/>
<pin id="308" dir="1" index="1" bw="64" slack="1"/>
</pin_list>
<bind>
<opset="gmem_addr_read "/>
</bind>
</comp>

<comp id="311" class="1005" name="add_ln61_2_reg_311">
<pin_list>
<pin id="312" dir="0" index="0" bw="3" slack="1"/>
<pin id="313" dir="1" index="1" bw="3" slack="1"/>
</pin_list>
<bind>
<opset="add_ln61_2 "/>
</bind>
</comp>

</comp_list>

<net_list>
<net id="95"><net_src comp="8" pin="0"/><net_sink comp="92" pin=0"/></net>

<net id="100"><net_src comp="36" pin="0"/><net_sink comp="96" pin=0"/></net>

<net id="101"><net_src comp="6" pin="0"/><net_sink comp="96" pin=1"/></net>

<net id="106"><net_src comp="38" pin="0"/><net_sink comp="102" pin=0"/></net>

<net id="107"><net_src comp="4" pin="0"/><net_sink comp="102" pin=1"/></net>

<net id="113"><net_src comp="76" pin="0"/><net_sink comp="108" pin=0"/></net>

<net id="114"><net_src comp="8" pin="0"/><net_sink comp="108" pin=2"/></net>

<net id="119"><net_src comp="80" pin="0"/><net_sink comp="115" pin=0"/></net>

<net id="125"><net_src comp="2" pin="0"/><net_sink comp="120" pin=0"/></net>

<net id="126"><net_src comp="82" pin="0"/><net_sink comp="120" pin=1"/></net>

<net id="132"><net_src comp="120" pin="3"/><net_sink comp="127" pin=0"/></net>

<net id="137"><net_src comp="40" pin="0"/><net_sink comp="133" pin=0"/></net>

<net id="145"><net_src comp="138" pin="1"/><net_sink comp="141" pin=0"/></net>

<net id="146"><net_src comp="48" pin="0"/><net_sink comp="141" pin=1"/></net>

<net id="151"><net_src comp="138" pin="1"/><net_sink comp="147" pin=0"/></net>

<net id="152"><net_src comp="54" pin="0"/><net_sink comp="147" pin=1"/></net>

<net id="159"><net_src comp="56" pin="0"/><net_sink comp="153" pin=0"/></net>

<net id="160"><net_src comp="138" pin="1"/><net_sink comp="153" pin=1"/></net>

<net id="161"><net_src comp="58" pin="0"/><net_sink comp="153" pin=2"/></net>

<net id="162"><net_src comp="60" pin="0"/><net_sink comp="153" pin=3"/></net>

<net id="168"><net_src comp="62" pin="0"/><net_sink comp="163" pin=0"/></net>

<net id="169"><net_src comp="153" pin="4"/><net_sink comp="163" pin=1"/></net>

<net id="170"><net_src comp="64" pin="0"/><net_sink comp="163" pin=2"/></net>

<net id="174"><net_src comp="163" pin="3"/><net_sink comp="171" pin=0"/></net>

<net id="178"><net_src comp="138" pin="1"/><net_sink comp="175" pin=0"/></net>

<net id="184"><net_src comp="66" pin="0"/><net_sink comp="179" pin=0"/></net>

<net id="185"><net_src comp="175" pin="1"/><net_sink comp="179" pin=1"/></net>

<net id="186"><net_src comp="68" pin="0"/><net_sink comp="179" pin=2"/></net>

<net id="190"><net_src comp="179" pin="3"/><net_sink comp="187" pin=0"/></net>

<net id="195"><net_src comp="187" pin="1"/><net_sink comp="191" pin=0"/></net>

<net id="196"><net_src comp="102" pin="2"/><net_sink comp="191" pin=1"/></net>

<net id="201"><net_src comp="191" pin="2"/><net_sink comp="197" pin=0"/></net>

<net id="202"><net_src comp="171" pin="1"/><net_sink comp="197" pin=1"/></net>

<net id="209"><net_src comp="70" pin="0"/><net_sink comp="203" pin=0"/></net>

<net id="210"><net_src comp="197" pin="2"/><net_sink comp="203" pin=1"/></net>

<net id="211"><net_src comp="72" pin="0"/><net_sink comp="203" pin=2"/></net>

<net id="212"><net_src comp="74" pin="0"/><net_sink comp="203" pin=3"/></net>

<net id="217"><net_src comp="147" pin="2"/><net_sink comp="213" pin=0"/></net>

<net id="225"><net_src comp="0" pin="0"/><net_sink comp="221" pin=0"/></net>

<net id="226"><net_src comp="218" pin="1"/><net_sink comp="221" pin=1"/></net>

<net id="227"><net_src comp="221" pin="2"/><net_sink comp="108" pin=1"/></net>

<net id="236"><net_src comp="78" pin="0"/><net_sink comp="231" pin=0"/></net>

<net id="237"><net_src comp="228" pin="1"/><net_sink comp="231" pin=1"/></net>

<net id="238"><net_src comp="68" pin="0"/><net_sink comp="231" pin=2"/></net>

<net id="243"><net_src comp="231" pin="3"/><net_sink comp="239" pin=1"/></net>

<net id="247"><net_src comp="244" pin="1"/><net_sink comp="120" pin=2"/></net>

<net id="253"><net_src comp="88" pin="0"/><net_sink comp="248" pin=0"/></net>

<net id="254"><net_src comp="90" pin="0"/><net_sink comp="248" pin=2"/></net>

<net id="258"><net_src comp="248" pin="3"/><net_sink comp="255" pin=0"/></net>

<net id="263"><net_src comp="255" pin="1"/><net_sink comp="259" pin=1"/></net>

<net id="267"><net_src comp="259" pin="2"/><net_sink comp="264" pin=0"/></net>

<net id="271"><net_src comp="264" pin="1"/><net_sink comp="268" pin=0"/></net>

<net id="272"><net_src comp="268" pin="1"/><net_sink comp="127" pin=1"/></net>

<net id="276"><net_src comp="92" pin="1"/><net_sink comp="273" pin=0"/></net>

<net id="277"><net_src comp="273" pin="1"/><net_sink comp="133" pin=1"/></net>

<net id="278"><net_src comp="273" pin="1"/><net_sink comp="138" pin=0"/></net>

<net id="279"><net_src comp="273" pin="1"/><net_sink comp="213" pin=1"/></net>

<net id="283"><net_src comp="96" pin="2"/><net_sink comp="280" pin=0"/></net>

<net id="284"><net_src comp="280" pin="1"/><net_sink comp="239" pin=0"/></net>

<net id="288"><net_src comp="138" pin="1"/><net_sink comp="285" pin=0"/></net>

<net id="289"><net_src comp="285" pin="1"/><net_sink comp="228" pin=0"/></net>

<net id="290"><net_src comp="285" pin="1"/><net_sink comp="244" pin=0"/></net>

<net id="294"><net_src comp="141" pin="2"/><net_sink comp="291" pin=0"/></net>

<net id="298"><net_src comp="203" pin="4"/><net_sink comp="295" pin=0"/></net>

<net id="299"><net_src comp="295" pin="1"/><net_sink comp="218" pin=0"/></net>

<net id="303"><net_src comp="221" pin="2"/><net_sink comp="300" pin=0"/></net>

<net id="304"><net_src comp="300" pin="1"/><net_sink comp="108" pin=1"/></net>

<net id="305"><net_src comp="300" pin="1"/><net_sink comp="115" pin=1"/></net>

<net id="309"><net_src comp="115" pin="2"/><net_sink comp="306" pin=0"/></net>

<net id="310"><net_src comp="306" pin="1"/><net_sink comp="259" pin=0"/></net>

<net id="314"><net_src comp="239" pin="2"/><net_sink comp="311" pin=0"/></net>

<net id="315"><net_src comp="311" pin="1"/><net_sink comp="248" pin=1"/></net>

</net_list>

</model> 
---------------- Datapath Model END ------------------

* FSMD analyzer results:
  - Output states:
	Port: v29 | {73 }
 - Input state : 
	Port: forward_Pipeline_VITIS_LOOP_60_1 : gmem | {2 3 4 5 6 7 8 9 10 11 12 13 14 15 16 17 18 19 20 21 22 23 24 25 26 27 28 29 30 31 32 33 34 35 36 37 38 39 40 41 42 43 44 45 46 47 48 49 50 51 52 53 54 55 56 57 58 59 60 61 62 63 64 65 66 67 68 69 70 71 72 }
	Port: forward_Pipeline_VITIS_LOOP_60_1 : v25 | {1 }
	Port: forward_Pipeline_VITIS_LOOP_60_1 : trunc_ln | {1 }
  - Chain level:
	State 1
		store_ln0 : 1
		v23_1 : 1
		icmp_ln60 : 2
		add_ln60 : 2
		br_ln60 : 3
		tmp_2 : 2
		shl_ln : 3
		zext_ln61 : 4
		trunc_ln61 : 2
		shl_ln61_2 : 3
		zext_ln61_1 : 4
		add_ln61 : 5
		add_ln61_1 : 6
		trunc_ln61_3 : 7
		store_ln60 : 3
	State 2
		gmem_addr : 1
		gmem_load_req : 2
	State 3
	State 4
	State 5
	State 6
	State 7
	State 8
	State 9
	State 10
	State 11
	State 12
	State 13
	State 14
	State 15
	State 16
	State 17
	State 18
	State 19
	State 20
	State 21
	State 22
	State 23
	State 24
	State 25
	State 26
	State 27
	State 28
	State 29
	State 30
	State 31
	State 32
	State 33
	State 34
	State 35
	State 36
	State 37
	State 38
	State 39
	State 40
	State 41
	State 42
	State 43
	State 44
	State 45
	State 46
	State 47
	State 48
	State 49
	State 50
	State 51
	State 52
	State 53
	State 54
	State 55
	State 56
	State 57
	State 58
	State 59
	State 60
	State 61
	State 62
	State 63
	State 64
	State 65
	State 66
	State 67
	State 68
	State 69
	State 70
	State 71
	State 72
		trunc_ln61_2 : 1
		add_ln61_2 : 2
	State 73
		v29_addr : 1
		zext_ln61_2 : 1
		lshr_ln61 : 2
		trunc_ln61_4 : 3
		v24 : 4
		store_ln62 : 5


============================================================
+ Verbose Summary: Datapath Resource usage 
============================================================

* Functional unit list:
|----------|----------------------------|---------|---------|
| Operation|       Functional Unit      |    FF   |   LUT   |
|----------|----------------------------|---------|---------|
|   lshr   |      lshr_ln61_fu_259      |    0    |   182   |
|----------|----------------------------|---------|---------|
|          |       add_ln60_fu_147      |    0    |    18   |
|    add   |       add_ln61_fu_191      |    0    |    64   |
|          |      add_ln61_1_fu_197     |    0    |    64   |
|          |      add_ln61_2_fu_239     |    0    |    10   |
|----------|----------------------------|---------|---------|
|   icmp   |      icmp_ln60_fu_141      |    0    |    11   |
|----------|----------------------------|---------|---------|
|          |  trunc_ln_read_read_fu_96  |    0    |    0    |
|   read   |    v25_read_read_fu_102    |    0    |    0    |
|          | gmem_addr_read_read_fu_115 |    0    |    0    |
|----------|----------------------------|---------|---------|
|  readreq |     grp_readreq_fu_108     |    0    |    0    |
|----------|----------------------------|---------|---------|
|partselect|        tmp_2_fu_153        |    0    |    0    |
|          |     trunc_ln61_3_fu_203    |    0    |    0    |
|----------|----------------------------|---------|---------|
|          |        shl_ln_fu_163       |    0    |    0    |
|bitconcatenate|      shl_ln61_2_fu_179     |    0    |    0    |
|          |     trunc_ln61_2_fu_231    |    0    |    0    |
|          |      shl_ln61_1_fu_248     |    0    |    0    |
|----------|----------------------------|---------|---------|
|          |      zext_ln61_fu_171      |    0    |    0    |
|   zext   |     zext_ln61_1_fu_187     |    0    |    0    |
|          |      v23_cast4_fu_244      |    0    |    0    |
|          |     zext_ln61_2_fu_255     |    0    |    0    |
|----------|----------------------------|---------|---------|
|          |      trunc_ln61_fu_175     |    0    |    0    |
|   trunc  |     trunc_ln61_1_fu_228    |    0    |    0    |
|          |     trunc_ln61_4_fu_264    |    0    |    0    |
|----------|----------------------------|---------|---------|
|   sext   |      sext_ln61_fu_218      |    0    |    0    |
|----------|----------------------------|---------|---------|
|   Total  |                            |    0    |   349   |
|----------|----------------------------|---------|---------|

Memories:
N/A

* Register list:
+----------------------+--------+
|                      |   FF   |
+----------------------+--------+
|  add_ln61_2_reg_311  |    3   |
|gmem_addr_read_reg_306|   64   |
|   gmem_addr_reg_300  |   64   |
|   icmp_ln60_reg_291  |    1   |
| trunc_ln61_3_reg_295 |   61   |
| trunc_ln_read_reg_280|    3   |
|     v23_1_reg_285    |   11   |
|      v23_reg_273     |   11   |
+----------------------+--------+
|         Total        |   218  |
+----------------------+--------+

* Multiplexer (MUX) list: 
|--------------------|------|------|------|--------||---------||---------|
|        Comp        |  Pin | Size |  BW  | S x BW ||  Delay  ||   LUT   |
|--------------------|------|------|------|--------||---------||---------|
| grp_readreq_fu_108 |  p1  |   2  |  64  |   128  ||    9    |
|--------------------|------|------|------|--------||---------||---------|
|        Total       |      |      |      |   128  ||  0.387  ||    9    |
|--------------------|------|------|------|--------||---------||---------|



* Summary:
+-----------+--------+--------+--------+
|           |  Delay |   FF   |   LUT  |
+-----------+--------+--------+--------+
|  Function |    -   |    0   |   349  |
|   Memory  |    -   |    -   |    -   |
|Multiplexer|    0   |    -   |    9   |
|  Register |    -   |   218  |    -   |
+-----------+--------+--------+--------+
|   Total   |    0   |   218  |   358  |
+-----------+--------+--------+--------+
