

================================================================
== Vitis HLS Report for 'forward_Pipeline_VITIS_LOOP_44_3'
================================================================
* Date:           Sat Jun 10 16:44:16 2023

* Version:        2022.2 (Build 3670227 on Oct 13 2022)
* Project:        forward
* Solution:       solution (Vitis Kernel Flow Target)
* Product family: virtexuplus
* Target device:  xcu280-fsvh2892-2L-e


================================================================
== Performance Estimates
================================================================
+ Timing: 
    * Summary: 
    +--------+---------+----------+------------+
    |  Clock |  Target | Estimated| Uncertainty|
    +--------+---------+----------+------------+
    |ap_clk  |  3.33 ns|  2.433 ns|     0.90 ns|
    +--------+---------+----------+------------+

+ Latency: 
    * Summary: 
    +---------+---------+-----------+-----------+------+------+---------+
    |  Latency (cycles) |   Latency (absolute)  |   Interval  | Pipeline|
    |   min   |   max   |    min    |    max    |  min |  max |   Type  |
    +---------+---------+-----------+-----------+------+------+---------+
    |     7247|     7247|  24.154 us|  24.154 us|  7247|  7247|       no|
    +---------+---------+-----------+-----------+------+------+---------+

    + Detail: 
        * Instance: 
        N/A

        * Loop: 
        +-------------------+---------+---------+----------+-----------+-----------+------+----------+
        |                   |  Latency (cycles) | Iteration|  Initiation Interval  | Trip |          |
        |     Loop Name     |   min   |   max   |  Latency |  achieved |   target  | Count| Pipelined|
        +-------------------+---------+---------+----------+-----------+-----------+------+----------+
        |- VITIS_LOOP_44_3  |     7245|     7245|        85|          7|          1|  1024|       yes|
        +-------------------+---------+---------+----------+-----------+-----------+------+----------+

============================================================
+ Verbose Summary: Synthesis Manager
============================================================
InlineROM: 1
ExposeGlobal: 0
============================================================
+ Verbose Summary: CDFG Model
============================================================
IsTopModel: 0
ResetActiveHigh: 1
IsCombinational: 0
IsDatapathOnly: 0
HasWiredReturn: 1
HasMFsm: 2
HasVarLatency: 1
IsPipeline: 0
IsRtlPipelined: 0
IsInstanceOverlapped: 0
IsDontTouch: 0
HasImplIP: 0
IsGatedGlobalClock: 0

+ Individual pipeline summary: 
  * Pipeline-0: initiation interval (II) = 7, depth = 85


============================================================
+ Verbose Summary: Schedule
============================================================
* Number of FSM states : 85
* Pipeline : 1
  Pipeline-0 : II = 7, D = 85, States = { 1 2 3 4 5 6 7 8 9 10 11 12 13 14 15 16 17 18 19 20 21 22 23 24 25 26 27 28 29 30 31 32 33 34 35 36 37 38 39 40 41 42 43 44 45 46 47 48 49 50 51 52 53 54 55 56 57 58 59 60 61 62 63 64 65 66 67 68 69 70 71 72 73 74 75 76 77 78 79 80 81 82 83 84 85 }
* Dataflow Pipeline: 0

* FSM state transitions: 
1 --> 2 
2 --> 3 
3 --> 4 
4 --> 5 
5 --> 6 
6 --> 7 
7 --> 8 
8 --> 9 
9 --> 10 
10 --> 11 
11 --> 12 
12 --> 13 
13 --> 14 
14 --> 15 
15 --> 16 
16 --> 17 
17 --> 18 
18 --> 19 
19 --> 20 
20 --> 21 
21 --> 22 
22 --> 23 
23 --> 24 
24 --> 25 
25 --> 26 
26 --> 27 
27 --> 28 
28 --> 29 
29 --> 30 
30 --> 31 
31 --> 32 
32 --> 33 
33 --> 34 
34 --> 35 
35 --> 36 
36 --> 37 
37 --> 38 
38 --> 39 
39 --> 40 
40 --> 41 
41 --> 42 
42 --> 43 
43 --> 44 
44 --> 45 
45 --> 46 
46 --> 47 
47 --> 48 
48 --> 49 
49 --> 50 
50 --> 51 
51 --> 52 
52 --> 53 
53 --> 54 
54 --> 55 
55 --> 56 
56 --> 57 
57 --> 58 
58 --> 59 
59 --> 60 
60 --> 61 
61 --> 62 
62 --> 63 
63 --> 64 
64 --> 65 
65 --> 66 
66 --> 67 
67 --> 68 
68 --> 69 
69 --> 70 
70 --> 71 
71 --> 72 
72 --> 73 
73 --> 74 
74 --> 75 
75 --> 76 
76 --> 77 
77 --> 78 
78 --> 79 
79 --> 80 
80 --> 81 
81 --> 82 
82 --> 83 
83 --> 84 
84 --> 85 
85 --> 

* FSM state operations: 

State 1 <SV = 0> <Delay = 1.92>
ST_1 : Operation 88 [1/1] (0.00ns)   --->   "%v18 = alloca i32 1"   --->   Operation 88 'alloca' 'v18' <Predicate = true> <Delay = 0.00>
ST_1 : Operation 89 [1/1] (0.00ns)   --->   "%v15 = alloca i32 1"   --->   Operation 89 'alloca' 'v15' <Predicate = true> <Delay = 0.00>
ST_1 : Operation 90 [1/1] (0.00ns)   --->   "%zext_ln44_read = read i6 @_ssdm_op_Read.ap_auto.i6, i6 %zext_ln44"   --->   Operation 90 'read' 'zext_ln44_read' <Predicate = true> <Delay = 0.00>
ST_1 : Operation 91 [1/1] (0.00ns)   --->   "%add_ln46_read = read i64 @_ssdm_op_Read.ap_auto.i64, i64 %add_ln46"   --->   Operation 91 'read' 'add_ln46_read' <Predicate = true> <Delay = 0.00>
ST_1 : Operation 92 [1/1] (0.00ns)   --->   "%v30_load_read = read i32 @_ssdm_op_Read.ap_auto.float, i32 %v30_load"   --->   Operation 92 'read' 'v30_load_read' <Predicate = true> <Delay = 0.00>
ST_1 : Operation 93 [1/1] (0.00ns)   --->   "%zext_ln44_cast = zext i6 %zext_ln44_read"   --->   Operation 93 'zext' 'zext_ln44_cast' <Predicate = true> <Delay = 0.00>
ST_1 : Operation 94 [1/1] (0.00ns)   --->   "%specmemcore_ln0 = specmemcore void @_ssdm_op_SpecMemCore, i32 %v29, i64 666, i64 30, i64 18446744073709551615"   --->   Operation 94 'specmemcore' 'specmemcore_ln0' <Predicate = true> <Delay = 0.00>
ST_1 : Operation 95 [1/1] (0.00ns)   --->   "%specinterface_ln0 = specinterface void @_ssdm_op_SpecInterface, i64 %gmem, void @empty_7, i32 0, i32 0, void @empty_0, i32 64, i32 0, void @empty_1, void @empty_2, void @empty_0, i32 16, i32 16, i32 16, i32 16, void @empty_0, void @empty_0, i32 4294967295, i32 0"   --->   Operation 95 'specinterface' 'specinterface_ln0' <Predicate = true> <Delay = 0.00>
ST_1 : Operation 96 [1/1] (0.38ns)   --->   "%store_ln0 = store i11 0, i11 %v15"   --->   Operation 96 'store' 'store_ln0' <Predicate = true> <Delay = 0.38>
ST_1 : Operation 97 [1/1] (0.38ns)   --->   "%store_ln0 = store i32 %v30_load_read, i32 %v18"   --->   Operation 97 'store' 'store_ln0' <Predicate = true> <Delay = 0.38>
ST_1 : Operation 98 [1/1] (0.00ns)   --->   "%br_ln0 = br void %for.inc.i2"   --->   Operation 98 'br' 'br_ln0' <Predicate = true> <Delay = 0.00>
ST_1 : Operation 99 [1/1] (0.00ns)   --->   "%v15_1 = load i11 %v15" [/mnt/shared/home/tz32/scalehls_vitis_test/src/forward.cpp:46]   --->   Operation 99 'load' 'v15_1' <Predicate = true> <Delay = 0.00>
ST_1 : Operation 100 [1/1] (0.61ns)   --->   "%icmp_ln44 = icmp_eq  i11 %v15_1, i11 1024" [/mnt/shared/home/tz32/scalehls_vitis_test/src/forward.cpp:44]   --->   Operation 100 'icmp' 'icmp_ln44' <Predicate = true> <Delay = 0.61> <CoreInst = "Cmp">   --->   Core 9 'Cmp' <Latency = 0> <II = 1> <Delay = 0.61> <FuncUnit> <Opcode : 'icmp'> <InPorts = 2> <OutPorts = 1>
ST_1 : Operation 101 [1/1] (0.00ns)   --->   "%br_ln44 = br i1 %icmp_ln44, void %for.inc.i2.split, void %for.inc24.i.exitStub" [/mnt/shared/home/tz32/scalehls_vitis_test/src/forward.cpp:44]   --->   Operation 101 'br' 'br_ln44' <Predicate = true> <Delay = 0.00>
ST_1 : Operation 102 [1/1] (0.00ns)   --->   "%trunc_ln46 = trunc i11 %v15_1" [/mnt/shared/home/tz32/scalehls_vitis_test/src/forward.cpp:46]   --->   Operation 102 'trunc' 'trunc_ln46' <Predicate = (!icmp_ln44)> <Delay = 0.00>
ST_1 : Operation 103 [1/1] (0.00ns)   --->   "%shl_ln46_2 = bitconcatenate i15 @_ssdm_op_BitConcatenate.i15.i10.i5, i10 %trunc_ln46, i5 0" [/mnt/shared/home/tz32/scalehls_vitis_test/src/forward.cpp:46]   --->   Operation 103 'bitconcatenate' 'shl_ln46_2' <Predicate = (!icmp_ln44)> <Delay = 0.00>
ST_1 : Operation 104 [1/1] (0.00ns)   --->   "%zext_ln46 = zext i15 %shl_ln46_2" [/mnt/shared/home/tz32/scalehls_vitis_test/src/forward.cpp:46]   --->   Operation 104 'zext' 'zext_ln46' <Predicate = (!icmp_ln44)> <Delay = 0.00>
ST_1 : Operation 105 [1/1] (0.00ns)   --->   "%shl_ln46_3 = bitconcatenate i13 @_ssdm_op_BitConcatenate.i13.i10.i3, i10 %trunc_ln46, i3 0" [/mnt/shared/home/tz32/scalehls_vitis_test/src/forward.cpp:46]   --->   Operation 105 'bitconcatenate' 'shl_ln46_3' <Predicate = (!icmp_ln44)> <Delay = 0.00>
ST_1 : Operation 106 [1/1] (0.00ns)   --->   "%zext_ln46_1 = zext i13 %shl_ln46_3" [/mnt/shared/home/tz32/scalehls_vitis_test/src/forward.cpp:46]   --->   Operation 106 'zext' 'zext_ln46_1' <Predicate = (!icmp_ln44)> <Delay = 0.00>
ST_1 : Operation 107 [1/1] (0.77ns)   --->   "%add_ln46_2 = add i16 %zext_ln46_1, i16 %zext_ln46" [/mnt/shared/home/tz32/scalehls_vitis_test/src/forward.cpp:46]   --->   Operation 107 'add' 'add_ln46_2' <Predicate = (!icmp_ln44)> <Delay = 0.77> <CoreInst = "Adder">   --->   Core 1 'Adder' <Latency = 0> <II = 1> <Delay = 0.77> <FuncUnit> <Opcode : 'add' 'sub'> <InPorts = 2> <OutPorts = 1>
ST_1 : Operation 108 [1/1] (0.00ns)   --->   "%zext_ln46_2 = zext i16 %add_ln46_2" [/mnt/shared/home/tz32/scalehls_vitis_test/src/forward.cpp:46]   --->   Operation 108 'zext' 'zext_ln46_2' <Predicate = (!icmp_ln44)> <Delay = 0.00>
ST_1 : Operation 109 [1/1] (1.14ns)   --->   "%add_ln46_1 = add i64 %zext_ln46_2, i64 %add_ln46_read" [/mnt/shared/home/tz32/scalehls_vitis_test/src/forward.cpp:46]   --->   Operation 109 'add' 'add_ln46_1' <Predicate = (!icmp_ln44)> <Delay = 1.14> <CoreInst = "Adder">   --->   Core 1 'Adder' <Latency = 0> <II = 1> <Delay = 1.14> <FuncUnit> <Opcode : 'add' 'sub'> <InPorts = 2> <OutPorts = 1>
ST_1 : Operation 110 [1/1] (0.00ns)   --->   "%trunc_ln46_1 = partselect i61 @_ssdm_op_PartSelect.i61.i64.i32.i32, i64 %add_ln46_1, i32 3, i32 63" [/mnt/shared/home/tz32/scalehls_vitis_test/src/forward.cpp:46]   --->   Operation 110 'partselect' 'trunc_ln46_1' <Predicate = (!icmp_ln44)> <Delay = 0.00>

State 2 <SV = 1> <Delay = 2.43>
ST_2 : Operation 111 [1/1] (0.00ns)   --->   "%sext_ln46 = sext i61 %trunc_ln46_1" [/mnt/shared/home/tz32/scalehls_vitis_test/src/forward.cpp:46]   --->   Operation 111 'sext' 'sext_ln46' <Predicate = (!icmp_ln44)> <Delay = 0.00>
ST_2 : Operation 112 [1/1] (0.00ns)   --->   "%gmem_addr = getelementptr i64 %gmem, i64 %sext_ln46" [/mnt/shared/home/tz32/scalehls_vitis_test/src/forward.cpp:46]   --->   Operation 112 'getelementptr' 'gmem_addr' <Predicate = (!icmp_ln44)> <Delay = 0.00>
ST_2 : Operation 113 [70/70] (2.43ns)   --->   "%gmem_load_1_req = readreq i1 @_ssdm_op_ReadReq.m_axi.i64P1A, i64 %gmem_addr, i32 1" [/mnt/shared/home/tz32/scalehls_vitis_test/src/forward.cpp:46]   --->   Operation 113 'readreq' 'gmem_load_1_req' <Predicate = (!icmp_ln44)> <Delay = 2.43> <CoreInst = "m_axi">   --->   Core 121 'm_axi' <Latency = 0> <II = 1> <Delay = 1.00> <Adapter> <Opcode : 'read' 'write' 'readreq' 'writereq' 'writeresp'>

State 3 <SV = 2> <Delay = 2.43>
ST_3 : Operation 114 [69/70] (2.43ns)   --->   "%gmem_load_1_req = readreq i1 @_ssdm_op_ReadReq.m_axi.i64P1A, i64 %gmem_addr, i32 1" [/mnt/shared/home/tz32/scalehls_vitis_test/src/forward.cpp:46]   --->   Operation 114 'readreq' 'gmem_load_1_req' <Predicate = (!icmp_ln44)> <Delay = 2.43> <CoreInst = "m_axi">   --->   Core 121 'm_axi' <Latency = 0> <II = 1> <Delay = 1.00> <Adapter> <Opcode : 'read' 'write' 'readreq' 'writereq' 'writeresp'>

State 4 <SV = 3> <Delay = 2.43>
ST_4 : Operation 115 [68/70] (2.43ns)   --->   "%gmem_load_1_req = readreq i1 @_ssdm_op_ReadReq.m_axi.i64P1A, i64 %gmem_addr, i32 1" [/mnt/shared/home/tz32/scalehls_vitis_test/src/forward.cpp:46]   --->   Operation 115 'readreq' 'gmem_load_1_req' <Predicate = (!icmp_ln44)> <Delay = 2.43> <CoreInst = "m_axi">   --->   Core 121 'm_axi' <Latency = 0> <II = 1> <Delay = 1.00> <Adapter> <Opcode : 'read' 'write' 'readreq' 'writereq' 'writeresp'>

State 5 <SV = 4> <Delay = 2.43>
ST_5 : Operation 116 [67/70] (2.43ns)   --->   "%gmem_load_1_req = readreq i1 @_ssdm_op_ReadReq.m_axi.i64P1A, i64 %gmem_addr, i32 1" [/mnt/shared/home/tz32/scalehls_vitis_test/src/forward.cpp:46]   --->   Operation 116 'readreq' 'gmem_load_1_req' <Predicate = (!icmp_ln44)> <Delay = 2.43> <CoreInst = "m_axi">   --->   Core 121 'm_axi' <Latency = 0> <II = 1> <Delay = 1.00> <Adapter> <Opcode : 'read' 'write' 'readreq' 'writereq' 'writeresp'>

State 6 <SV = 5> <Delay = 2.43>
ST_6 : Operation 117 [66/70] (2.43ns)   --->   "%gmem_load_1_req = readreq i1 @_ssdm_op_ReadReq.m_axi.i64P1A, i64 %gmem_addr, i32 1" [/mnt/shared/home/tz32/scalehls_vitis_test/src/forward.cpp:46]   --->   Operation 117 'readreq' 'gmem_load_1_req' <Predicate = (!icmp_ln44)> <Delay = 2.43> <CoreInst = "m_axi">   --->   Core 121 'm_axi' <Latency = 0> <II = 1> <Delay = 1.00> <Adapter> <Opcode : 'read' 'write' 'readreq' 'writereq' 'writeresp'>

State 7 <SV = 6> <Delay = 2.43>
ST_7 : Operation 118 [1/1] (0.00ns)   --->   "%specbitsmap_ln0 = specbitsmap void @_ssdm_op_SpecBitsMap, i64 %gmem"   --->   Operation 118 'specbitsmap' 'specbitsmap_ln0' <Predicate = true> <Delay = 0.00>
ST_7 : Operation 119 [1/1] (0.00ns)   --->   "%specpipeline_ln0 = specpipeline void @_ssdm_op_SpecPipeline, i32 4294967295, i32 0, i32 1, i32 0, void @p_str"   --->   Operation 119 'specpipeline' 'specpipeline_ln0' <Predicate = true> <Delay = 0.00>
ST_7 : Operation 120 [1/1] (0.00ns)   --->   "%empty = speclooptripcount i32 @_ssdm_op_SpecLoopTripCount, i64 1024, i64 1024, i64 1024"   --->   Operation 120 'speclooptripcount' 'empty' <Predicate = true> <Delay = 0.00>
ST_7 : Operation 121 [1/1] (0.73ns)   --->   "%add_ln44 = add i11 %v15_1, i11 1" [/mnt/shared/home/tz32/scalehls_vitis_test/src/forward.cpp:44]   --->   Operation 121 'add' 'add_ln44' <Predicate = true> <Delay = 0.73> <CoreInst = "Adder">   --->   Core 1 'Adder' <Latency = 0> <II = 1> <Delay = 0.73> <FuncUnit> <Opcode : 'add' 'sub'> <InPorts = 2> <OutPorts = 1>
ST_7 : Operation 122 [65/70] (2.43ns)   --->   "%gmem_load_1_req = readreq i1 @_ssdm_op_ReadReq.m_axi.i64P1A, i64 %gmem_addr, i32 1" [/mnt/shared/home/tz32/scalehls_vitis_test/src/forward.cpp:46]   --->   Operation 122 'readreq' 'gmem_load_1_req' <Predicate = (!icmp_ln44)> <Delay = 2.43> <CoreInst = "m_axi">   --->   Core 121 'm_axi' <Latency = 0> <II = 1> <Delay = 1.00> <Adapter> <Opcode : 'read' 'write' 'readreq' 'writereq' 'writeresp'>
ST_7 : Operation 123 [1/1] (0.38ns)   --->   "%store_ln44 = store i11 %add_ln44, i11 %v15" [/mnt/shared/home/tz32/scalehls_vitis_test/src/forward.cpp:44]   --->   Operation 123 'store' 'store_ln44' <Predicate = (!icmp_ln44)> <Delay = 0.38>

State 8 <SV = 7> <Delay = 2.43>
ST_8 : Operation 124 [64/70] (2.43ns)   --->   "%gmem_load_1_req = readreq i1 @_ssdm_op_ReadReq.m_axi.i64P1A, i64 %gmem_addr, i32 1" [/mnt/shared/home/tz32/scalehls_vitis_test/src/forward.cpp:46]   --->   Operation 124 'readreq' 'gmem_load_1_req' <Predicate = true> <Delay = 2.43> <CoreInst = "m_axi">   --->   Core 121 'm_axi' <Latency = 0> <II = 1> <Delay = 1.00> <Adapter> <Opcode : 'read' 'write' 'readreq' 'writereq' 'writeresp'>

State 9 <SV = 8> <Delay = 2.43>
ST_9 : Operation 125 [63/70] (2.43ns)   --->   "%gmem_load_1_req = readreq i1 @_ssdm_op_ReadReq.m_axi.i64P1A, i64 %gmem_addr, i32 1" [/mnt/shared/home/tz32/scalehls_vitis_test/src/forward.cpp:46]   --->   Operation 125 'readreq' 'gmem_load_1_req' <Predicate = true> <Delay = 2.43> <CoreInst = "m_axi">   --->   Core 121 'm_axi' <Latency = 0> <II = 1> <Delay = 1.00> <Adapter> <Opcode : 'read' 'write' 'readreq' 'writereq' 'writeresp'>

State 10 <SV = 9> <Delay = 2.43>
ST_10 : Operation 126 [62/70] (2.43ns)   --->   "%gmem_load_1_req = readreq i1 @_ssdm_op_ReadReq.m_axi.i64P1A, i64 %gmem_addr, i32 1" [/mnt/shared/home/tz32/scalehls_vitis_test/src/forward.cpp:46]   --->   Operation 126 'readreq' 'gmem_load_1_req' <Predicate = true> <Delay = 2.43> <CoreInst = "m_axi">   --->   Core 121 'm_axi' <Latency = 0> <II = 1> <Delay = 1.00> <Adapter> <Opcode : 'read' 'write' 'readreq' 'writereq' 'writeresp'>

State 11 <SV = 10> <Delay = 2.43>
ST_11 : Operation 127 [61/70] (2.43ns)   --->   "%gmem_load_1_req = readreq i1 @_ssdm_op_ReadReq.m_axi.i64P1A, i64 %gmem_addr, i32 1" [/mnt/shared/home/tz32/scalehls_vitis_test/src/forward.cpp:46]   --->   Operation 127 'readreq' 'gmem_load_1_req' <Predicate = true> <Delay = 2.43> <CoreInst = "m_axi">   --->   Core 121 'm_axi' <Latency = 0> <II = 1> <Delay = 1.00> <Adapter> <Opcode : 'read' 'write' 'readreq' 'writereq' 'writeresp'>

State 12 <SV = 11> <Delay = 2.43>
ST_12 : Operation 128 [60/70] (2.43ns)   --->   "%gmem_load_1_req = readreq i1 @_ssdm_op_ReadReq.m_axi.i64P1A, i64 %gmem_addr, i32 1" [/mnt/shared/home/tz32/scalehls_vitis_test/src/forward.cpp:46]   --->   Operation 128 'readreq' 'gmem_load_1_req' <Predicate = true> <Delay = 2.43> <CoreInst = "m_axi">   --->   Core 121 'm_axi' <Latency = 0> <II = 1> <Delay = 1.00> <Adapter> <Opcode : 'read' 'write' 'readreq' 'writereq' 'writeresp'>

State 13 <SV = 12> <Delay = 2.43>
ST_13 : Operation 129 [59/70] (2.43ns)   --->   "%gmem_load_1_req = readreq i1 @_ssdm_op_ReadReq.m_axi.i64P1A, i64 %gmem_addr, i32 1" [/mnt/shared/home/tz32/scalehls_vitis_test/src/forward.cpp:46]   --->   Operation 129 'readreq' 'gmem_load_1_req' <Predicate = true> <Delay = 2.43> <CoreInst = "m_axi">   --->   Core 121 'm_axi' <Latency = 0> <II = 1> <Delay = 1.00> <Adapter> <Opcode : 'read' 'write' 'readreq' 'writereq' 'writeresp'>

State 14 <SV = 13> <Delay = 2.43>
ST_14 : Operation 130 [58/70] (2.43ns)   --->   "%gmem_load_1_req = readreq i1 @_ssdm_op_ReadReq.m_axi.i64P1A, i64 %gmem_addr, i32 1" [/mnt/shared/home/tz32/scalehls_vitis_test/src/forward.cpp:46]   --->   Operation 130 'readreq' 'gmem_load_1_req' <Predicate = true> <Delay = 2.43> <CoreInst = "m_axi">   --->   Core 121 'm_axi' <Latency = 0> <II = 1> <Delay = 1.00> <Adapter> <Opcode : 'read' 'write' 'readreq' 'writereq' 'writeresp'>

State 15 <SV = 14> <Delay = 2.43>
ST_15 : Operation 131 [57/70] (2.43ns)   --->   "%gmem_load_1_req = readreq i1 @_ssdm_op_ReadReq.m_axi.i64P1A, i64 %gmem_addr, i32 1" [/mnt/shared/home/tz32/scalehls_vitis_test/src/forward.cpp:46]   --->   Operation 131 'readreq' 'gmem_load_1_req' <Predicate = true> <Delay = 2.43> <CoreInst = "m_axi">   --->   Core 121 'm_axi' <Latency = 0> <II = 1> <Delay = 1.00> <Adapter> <Opcode : 'read' 'write' 'readreq' 'writereq' 'writeresp'>

State 16 <SV = 15> <Delay = 2.43>
ST_16 : Operation 132 [56/70] (2.43ns)   --->   "%gmem_load_1_req = readreq i1 @_ssdm_op_ReadReq.m_axi.i64P1A, i64 %gmem_addr, i32 1" [/mnt/shared/home/tz32/scalehls_vitis_test/src/forward.cpp:46]   --->   Operation 132 'readreq' 'gmem_load_1_req' <Predicate = true> <Delay = 2.43> <CoreInst = "m_axi">   --->   Core 121 'm_axi' <Latency = 0> <II = 1> <Delay = 1.00> <Adapter> <Opcode : 'read' 'write' 'readreq' 'writereq' 'writeresp'>

State 17 <SV = 16> <Delay = 2.43>
ST_17 : Operation 133 [55/70] (2.43ns)   --->   "%gmem_load_1_req = readreq i1 @_ssdm_op_ReadReq.m_axi.i64P1A, i64 %gmem_addr, i32 1" [/mnt/shared/home/tz32/scalehls_vitis_test/src/forward.cpp:46]   --->   Operation 133 'readreq' 'gmem_load_1_req' <Predicate = true> <Delay = 2.43> <CoreInst = "m_axi">   --->   Core 121 'm_axi' <Latency = 0> <II = 1> <Delay = 1.00> <Adapter> <Opcode : 'read' 'write' 'readreq' 'writereq' 'writeresp'>

State 18 <SV = 17> <Delay = 2.43>
ST_18 : Operation 134 [54/70] (2.43ns)   --->   "%gmem_load_1_req = readreq i1 @_ssdm_op_ReadReq.m_axi.i64P1A, i64 %gmem_addr, i32 1" [/mnt/shared/home/tz32/scalehls_vitis_test/src/forward.cpp:46]   --->   Operation 134 'readreq' 'gmem_load_1_req' <Predicate = true> <Delay = 2.43> <CoreInst = "m_axi">   --->   Core 121 'm_axi' <Latency = 0> <II = 1> <Delay = 1.00> <Adapter> <Opcode : 'read' 'write' 'readreq' 'writereq' 'writeresp'>

State 19 <SV = 18> <Delay = 2.43>
ST_19 : Operation 135 [53/70] (2.43ns)   --->   "%gmem_load_1_req = readreq i1 @_ssdm_op_ReadReq.m_axi.i64P1A, i64 %gmem_addr, i32 1" [/mnt/shared/home/tz32/scalehls_vitis_test/src/forward.cpp:46]   --->   Operation 135 'readreq' 'gmem_load_1_req' <Predicate = true> <Delay = 2.43> <CoreInst = "m_axi">   --->   Core 121 'm_axi' <Latency = 0> <II = 1> <Delay = 1.00> <Adapter> <Opcode : 'read' 'write' 'readreq' 'writereq' 'writeresp'>

State 20 <SV = 19> <Delay = 2.43>
ST_20 : Operation 136 [52/70] (2.43ns)   --->   "%gmem_load_1_req = readreq i1 @_ssdm_op_ReadReq.m_axi.i64P1A, i64 %gmem_addr, i32 1" [/mnt/shared/home/tz32/scalehls_vitis_test/src/forward.cpp:46]   --->   Operation 136 'readreq' 'gmem_load_1_req' <Predicate = true> <Delay = 2.43> <CoreInst = "m_axi">   --->   Core 121 'm_axi' <Latency = 0> <II = 1> <Delay = 1.00> <Adapter> <Opcode : 'read' 'write' 'readreq' 'writereq' 'writeresp'>

State 21 <SV = 20> <Delay = 2.43>
ST_21 : Operation 137 [51/70] (2.43ns)   --->   "%gmem_load_1_req = readreq i1 @_ssdm_op_ReadReq.m_axi.i64P1A, i64 %gmem_addr, i32 1" [/mnt/shared/home/tz32/scalehls_vitis_test/src/forward.cpp:46]   --->   Operation 137 'readreq' 'gmem_load_1_req' <Predicate = true> <Delay = 2.43> <CoreInst = "m_axi">   --->   Core 121 'm_axi' <Latency = 0> <II = 1> <Delay = 1.00> <Adapter> <Opcode : 'read' 'write' 'readreq' 'writereq' 'writeresp'>

State 22 <SV = 21> <Delay = 2.43>
ST_22 : Operation 138 [50/70] (2.43ns)   --->   "%gmem_load_1_req = readreq i1 @_ssdm_op_ReadReq.m_axi.i64P1A, i64 %gmem_addr, i32 1" [/mnt/shared/home/tz32/scalehls_vitis_test/src/forward.cpp:46]   --->   Operation 138 'readreq' 'gmem_load_1_req' <Predicate = true> <Delay = 2.43> <CoreInst = "m_axi">   --->   Core 121 'm_axi' <Latency = 0> <II = 1> <Delay = 1.00> <Adapter> <Opcode : 'read' 'write' 'readreq' 'writereq' 'writeresp'>

State 23 <SV = 22> <Delay = 2.43>
ST_23 : Operation 139 [49/70] (2.43ns)   --->   "%gmem_load_1_req = readreq i1 @_ssdm_op_ReadReq.m_axi.i64P1A, i64 %gmem_addr, i32 1" [/mnt/shared/home/tz32/scalehls_vitis_test/src/forward.cpp:46]   --->   Operation 139 'readreq' 'gmem_load_1_req' <Predicate = true> <Delay = 2.43> <CoreInst = "m_axi">   --->   Core 121 'm_axi' <Latency = 0> <II = 1> <Delay = 1.00> <Adapter> <Opcode : 'read' 'write' 'readreq' 'writereq' 'writeresp'>

State 24 <SV = 23> <Delay = 2.43>
ST_24 : Operation 140 [48/70] (2.43ns)   --->   "%gmem_load_1_req = readreq i1 @_ssdm_op_ReadReq.m_axi.i64P1A, i64 %gmem_addr, i32 1" [/mnt/shared/home/tz32/scalehls_vitis_test/src/forward.cpp:46]   --->   Operation 140 'readreq' 'gmem_load_1_req' <Predicate = true> <Delay = 2.43> <CoreInst = "m_axi">   --->   Core 121 'm_axi' <Latency = 0> <II = 1> <Delay = 1.00> <Adapter> <Opcode : 'read' 'write' 'readreq' 'writereq' 'writeresp'>

State 25 <SV = 24> <Delay = 2.43>
ST_25 : Operation 141 [47/70] (2.43ns)   --->   "%gmem_load_1_req = readreq i1 @_ssdm_op_ReadReq.m_axi.i64P1A, i64 %gmem_addr, i32 1" [/mnt/shared/home/tz32/scalehls_vitis_test/src/forward.cpp:46]   --->   Operation 141 'readreq' 'gmem_load_1_req' <Predicate = true> <Delay = 2.43> <CoreInst = "m_axi">   --->   Core 121 'm_axi' <Latency = 0> <II = 1> <Delay = 1.00> <Adapter> <Opcode : 'read' 'write' 'readreq' 'writereq' 'writeresp'>

State 26 <SV = 25> <Delay = 2.43>
ST_26 : Operation 142 [46/70] (2.43ns)   --->   "%gmem_load_1_req = readreq i1 @_ssdm_op_ReadReq.m_axi.i64P1A, i64 %gmem_addr, i32 1" [/mnt/shared/home/tz32/scalehls_vitis_test/src/forward.cpp:46]   --->   Operation 142 'readreq' 'gmem_load_1_req' <Predicate = true> <Delay = 2.43> <CoreInst = "m_axi">   --->   Core 121 'm_axi' <Latency = 0> <II = 1> <Delay = 1.00> <Adapter> <Opcode : 'read' 'write' 'readreq' 'writereq' 'writeresp'>

State 27 <SV = 26> <Delay = 2.43>
ST_27 : Operation 143 [45/70] (2.43ns)   --->   "%gmem_load_1_req = readreq i1 @_ssdm_op_ReadReq.m_axi.i64P1A, i64 %gmem_addr, i32 1" [/mnt/shared/home/tz32/scalehls_vitis_test/src/forward.cpp:46]   --->   Operation 143 'readreq' 'gmem_load_1_req' <Predicate = true> <Delay = 2.43> <CoreInst = "m_axi">   --->   Core 121 'm_axi' <Latency = 0> <II = 1> <Delay = 1.00> <Adapter> <Opcode : 'read' 'write' 'readreq' 'writereq' 'writeresp'>

State 28 <SV = 27> <Delay = 2.43>
ST_28 : Operation 144 [44/70] (2.43ns)   --->   "%gmem_load_1_req = readreq i1 @_ssdm_op_ReadReq.m_axi.i64P1A, i64 %gmem_addr, i32 1" [/mnt/shared/home/tz32/scalehls_vitis_test/src/forward.cpp:46]   --->   Operation 144 'readreq' 'gmem_load_1_req' <Predicate = true> <Delay = 2.43> <CoreInst = "m_axi">   --->   Core 121 'm_axi' <Latency = 0> <II = 1> <Delay = 1.00> <Adapter> <Opcode : 'read' 'write' 'readreq' 'writereq' 'writeresp'>

State 29 <SV = 28> <Delay = 2.43>
ST_29 : Operation 145 [43/70] (2.43ns)   --->   "%gmem_load_1_req = readreq i1 @_ssdm_op_ReadReq.m_axi.i64P1A, i64 %gmem_addr, i32 1" [/mnt/shared/home/tz32/scalehls_vitis_test/src/forward.cpp:46]   --->   Operation 145 'readreq' 'gmem_load_1_req' <Predicate = true> <Delay = 2.43> <CoreInst = "m_axi">   --->   Core 121 'm_axi' <Latency = 0> <II = 1> <Delay = 1.00> <Adapter> <Opcode : 'read' 'write' 'readreq' 'writereq' 'writeresp'>

State 30 <SV = 29> <Delay = 2.43>
ST_30 : Operation 146 [42/70] (2.43ns)   --->   "%gmem_load_1_req = readreq i1 @_ssdm_op_ReadReq.m_axi.i64P1A, i64 %gmem_addr, i32 1" [/mnt/shared/home/tz32/scalehls_vitis_test/src/forward.cpp:46]   --->   Operation 146 'readreq' 'gmem_load_1_req' <Predicate = true> <Delay = 2.43> <CoreInst = "m_axi">   --->   Core 121 'm_axi' <Latency = 0> <II = 1> <Delay = 1.00> <Adapter> <Opcode : 'read' 'write' 'readreq' 'writereq' 'writeresp'>

State 31 <SV = 30> <Delay = 2.43>
ST_31 : Operation 147 [41/70] (2.43ns)   --->   "%gmem_load_1_req = readreq i1 @_ssdm_op_ReadReq.m_axi.i64P1A, i64 %gmem_addr, i32 1" [/mnt/shared/home/tz32/scalehls_vitis_test/src/forward.cpp:46]   --->   Operation 147 'readreq' 'gmem_load_1_req' <Predicate = true> <Delay = 2.43> <CoreInst = "m_axi">   --->   Core 121 'm_axi' <Latency = 0> <II = 1> <Delay = 1.00> <Adapter> <Opcode : 'read' 'write' 'readreq' 'writereq' 'writeresp'>

State 32 <SV = 31> <Delay = 2.43>
ST_32 : Operation 148 [40/70] (2.43ns)   --->   "%gmem_load_1_req = readreq i1 @_ssdm_op_ReadReq.m_axi.i64P1A, i64 %gmem_addr, i32 1" [/mnt/shared/home/tz32/scalehls_vitis_test/src/forward.cpp:46]   --->   Operation 148 'readreq' 'gmem_load_1_req' <Predicate = true> <Delay = 2.43> <CoreInst = "m_axi">   --->   Core 121 'm_axi' <Latency = 0> <II = 1> <Delay = 1.00> <Adapter> <Opcode : 'read' 'write' 'readreq' 'writereq' 'writeresp'>

State 33 <SV = 32> <Delay = 2.43>
ST_33 : Operation 149 [39/70] (2.43ns)   --->   "%gmem_load_1_req = readreq i1 @_ssdm_op_ReadReq.m_axi.i64P1A, i64 %gmem_addr, i32 1" [/mnt/shared/home/tz32/scalehls_vitis_test/src/forward.cpp:46]   --->   Operation 149 'readreq' 'gmem_load_1_req' <Predicate = true> <Delay = 2.43> <CoreInst = "m_axi">   --->   Core 121 'm_axi' <Latency = 0> <II = 1> <Delay = 1.00> <Adapter> <Opcode : 'read' 'write' 'readreq' 'writereq' 'writeresp'>

State 34 <SV = 33> <Delay = 2.43>
ST_34 : Operation 150 [38/70] (2.43ns)   --->   "%gmem_load_1_req = readreq i1 @_ssdm_op_ReadReq.m_axi.i64P1A, i64 %gmem_addr, i32 1" [/mnt/shared/home/tz32/scalehls_vitis_test/src/forward.cpp:46]   --->   Operation 150 'readreq' 'gmem_load_1_req' <Predicate = true> <Delay = 2.43> <CoreInst = "m_axi">   --->   Core 121 'm_axi' <Latency = 0> <II = 1> <Delay = 1.00> <Adapter> <Opcode : 'read' 'write' 'readreq' 'writereq' 'writeresp'>

State 35 <SV = 34> <Delay = 2.43>
ST_35 : Operation 151 [37/70] (2.43ns)   --->   "%gmem_load_1_req = readreq i1 @_ssdm_op_ReadReq.m_axi.i64P1A, i64 %gmem_addr, i32 1" [/mnt/shared/home/tz32/scalehls_vitis_test/src/forward.cpp:46]   --->   Operation 151 'readreq' 'gmem_load_1_req' <Predicate = true> <Delay = 2.43> <CoreInst = "m_axi">   --->   Core 121 'm_axi' <Latency = 0> <II = 1> <Delay = 1.00> <Adapter> <Opcode : 'read' 'write' 'readreq' 'writereq' 'writeresp'>

State 36 <SV = 35> <Delay = 2.43>
ST_36 : Operation 152 [36/70] (2.43ns)   --->   "%gmem_load_1_req = readreq i1 @_ssdm_op_ReadReq.m_axi.i64P1A, i64 %gmem_addr, i32 1" [/mnt/shared/home/tz32/scalehls_vitis_test/src/forward.cpp:46]   --->   Operation 152 'readreq' 'gmem_load_1_req' <Predicate = true> <Delay = 2.43> <CoreInst = "m_axi">   --->   Core 121 'm_axi' <Latency = 0> <II = 1> <Delay = 1.00> <Adapter> <Opcode : 'read' 'write' 'readreq' 'writereq' 'writeresp'>

State 37 <SV = 36> <Delay = 2.43>
ST_37 : Operation 153 [35/70] (2.43ns)   --->   "%gmem_load_1_req = readreq i1 @_ssdm_op_ReadReq.m_axi.i64P1A, i64 %gmem_addr, i32 1" [/mnt/shared/home/tz32/scalehls_vitis_test/src/forward.cpp:46]   --->   Operation 153 'readreq' 'gmem_load_1_req' <Predicate = true> <Delay = 2.43> <CoreInst = "m_axi">   --->   Core 121 'm_axi' <Latency = 0> <II = 1> <Delay = 1.00> <Adapter> <Opcode : 'read' 'write' 'readreq' 'writereq' 'writeresp'>

State 38 <SV = 37> <Delay = 2.43>
ST_38 : Operation 154 [34/70] (2.43ns)   --->   "%gmem_load_1_req = readreq i1 @_ssdm_op_ReadReq.m_axi.i64P1A, i64 %gmem_addr, i32 1" [/mnt/shared/home/tz32/scalehls_vitis_test/src/forward.cpp:46]   --->   Operation 154 'readreq' 'gmem_load_1_req' <Predicate = true> <Delay = 2.43> <CoreInst = "m_axi">   --->   Core 121 'm_axi' <Latency = 0> <II = 1> <Delay = 1.00> <Adapter> <Opcode : 'read' 'write' 'readreq' 'writereq' 'writeresp'>

State 39 <SV = 38> <Delay = 2.43>
ST_39 : Operation 155 [33/70] (2.43ns)   --->   "%gmem_load_1_req = readreq i1 @_ssdm_op_ReadReq.m_axi.i64P1A, i64 %gmem_addr, i32 1" [/mnt/shared/home/tz32/scalehls_vitis_test/src/forward.cpp:46]   --->   Operation 155 'readreq' 'gmem_load_1_req' <Predicate = true> <Delay = 2.43> <CoreInst = "m_axi">   --->   Core 121 'm_axi' <Latency = 0> <II = 1> <Delay = 1.00> <Adapter> <Opcode : 'read' 'write' 'readreq' 'writereq' 'writeresp'>

State 40 <SV = 39> <Delay = 2.43>
ST_40 : Operation 156 [32/70] (2.43ns)   --->   "%gmem_load_1_req = readreq i1 @_ssdm_op_ReadReq.m_axi.i64P1A, i64 %gmem_addr, i32 1" [/mnt/shared/home/tz32/scalehls_vitis_test/src/forward.cpp:46]   --->   Operation 156 'readreq' 'gmem_load_1_req' <Predicate = true> <Delay = 2.43> <CoreInst = "m_axi">   --->   Core 121 'm_axi' <Latency = 0> <II = 1> <Delay = 1.00> <Adapter> <Opcode : 'read' 'write' 'readreq' 'writereq' 'writeresp'>

State 41 <SV = 40> <Delay = 2.43>
ST_41 : Operation 157 [31/70] (2.43ns)   --->   "%gmem_load_1_req = readreq i1 @_ssdm_op_ReadReq.m_axi.i64P1A, i64 %gmem_addr, i32 1" [/mnt/shared/home/tz32/scalehls_vitis_test/src/forward.cpp:46]   --->   Operation 157 'readreq' 'gmem_load_1_req' <Predicate = true> <Delay = 2.43> <CoreInst = "m_axi">   --->   Core 121 'm_axi' <Latency = 0> <II = 1> <Delay = 1.00> <Adapter> <Opcode : 'read' 'write' 'readreq' 'writereq' 'writeresp'>

State 42 <SV = 41> <Delay = 2.43>
ST_42 : Operation 158 [30/70] (2.43ns)   --->   "%gmem_load_1_req = readreq i1 @_ssdm_op_ReadReq.m_axi.i64P1A, i64 %gmem_addr, i32 1" [/mnt/shared/home/tz32/scalehls_vitis_test/src/forward.cpp:46]   --->   Operation 158 'readreq' 'gmem_load_1_req' <Predicate = true> <Delay = 2.43> <CoreInst = "m_axi">   --->   Core 121 'm_axi' <Latency = 0> <II = 1> <Delay = 1.00> <Adapter> <Opcode : 'read' 'write' 'readreq' 'writereq' 'writeresp'>

State 43 <SV = 42> <Delay = 2.43>
ST_43 : Operation 159 [29/70] (2.43ns)   --->   "%gmem_load_1_req = readreq i1 @_ssdm_op_ReadReq.m_axi.i64P1A, i64 %gmem_addr, i32 1" [/mnt/shared/home/tz32/scalehls_vitis_test/src/forward.cpp:46]   --->   Operation 159 'readreq' 'gmem_load_1_req' <Predicate = true> <Delay = 2.43> <CoreInst = "m_axi">   --->   Core 121 'm_axi' <Latency = 0> <II = 1> <Delay = 1.00> <Adapter> <Opcode : 'read' 'write' 'readreq' 'writereq' 'writeresp'>

State 44 <SV = 43> <Delay = 2.43>
ST_44 : Operation 160 [28/70] (2.43ns)   --->   "%gmem_load_1_req = readreq i1 @_ssdm_op_ReadReq.m_axi.i64P1A, i64 %gmem_addr, i32 1" [/mnt/shared/home/tz32/scalehls_vitis_test/src/forward.cpp:46]   --->   Operation 160 'readreq' 'gmem_load_1_req' <Predicate = true> <Delay = 2.43> <CoreInst = "m_axi">   --->   Core 121 'm_axi' <Latency = 0> <II = 1> <Delay = 1.00> <Adapter> <Opcode : 'read' 'write' 'readreq' 'writereq' 'writeresp'>

State 45 <SV = 44> <Delay = 2.43>
ST_45 : Operation 161 [27/70] (2.43ns)   --->   "%gmem_load_1_req = readreq i1 @_ssdm_op_ReadReq.m_axi.i64P1A, i64 %gmem_addr, i32 1" [/mnt/shared/home/tz32/scalehls_vitis_test/src/forward.cpp:46]   --->   Operation 161 'readreq' 'gmem_load_1_req' <Predicate = true> <Delay = 2.43> <CoreInst = "m_axi">   --->   Core 121 'm_axi' <Latency = 0> <II = 1> <Delay = 1.00> <Adapter> <Opcode : 'read' 'write' 'readreq' 'writereq' 'writeresp'>

State 46 <SV = 45> <Delay = 2.43>
ST_46 : Operation 162 [26/70] (2.43ns)   --->   "%gmem_load_1_req = readreq i1 @_ssdm_op_ReadReq.m_axi.i64P1A, i64 %gmem_addr, i32 1" [/mnt/shared/home/tz32/scalehls_vitis_test/src/forward.cpp:46]   --->   Operation 162 'readreq' 'gmem_load_1_req' <Predicate = true> <Delay = 2.43> <CoreInst = "m_axi">   --->   Core 121 'm_axi' <Latency = 0> <II = 1> <Delay = 1.00> <Adapter> <Opcode : 'read' 'write' 'readreq' 'writereq' 'writeresp'>

State 47 <SV = 46> <Delay = 2.43>
ST_47 : Operation 163 [25/70] (2.43ns)   --->   "%gmem_load_1_req = readreq i1 @_ssdm_op_ReadReq.m_axi.i64P1A, i64 %gmem_addr, i32 1" [/mnt/shared/home/tz32/scalehls_vitis_test/src/forward.cpp:46]   --->   Operation 163 'readreq' 'gmem_load_1_req' <Predicate = true> <Delay = 2.43> <CoreInst = "m_axi">   --->   Core 121 'm_axi' <Latency = 0> <II = 1> <Delay = 1.00> <Adapter> <Opcode : 'read' 'write' 'readreq' 'writereq' 'writeresp'>

State 48 <SV = 47> <Delay = 2.43>
ST_48 : Operation 164 [24/70] (2.43ns)   --->   "%gmem_load_1_req = readreq i1 @_ssdm_op_ReadReq.m_axi.i64P1A, i64 %gmem_addr, i32 1" [/mnt/shared/home/tz32/scalehls_vitis_test/src/forward.cpp:46]   --->   Operation 164 'readreq' 'gmem_load_1_req' <Predicate = true> <Delay = 2.43> <CoreInst = "m_axi">   --->   Core 121 'm_axi' <Latency = 0> <II = 1> <Delay = 1.00> <Adapter> <Opcode : 'read' 'write' 'readreq' 'writereq' 'writeresp'>

State 49 <SV = 48> <Delay = 2.43>
ST_49 : Operation 165 [23/70] (2.43ns)   --->   "%gmem_load_1_req = readreq i1 @_ssdm_op_ReadReq.m_axi.i64P1A, i64 %gmem_addr, i32 1" [/mnt/shared/home/tz32/scalehls_vitis_test/src/forward.cpp:46]   --->   Operation 165 'readreq' 'gmem_load_1_req' <Predicate = true> <Delay = 2.43> <CoreInst = "m_axi">   --->   Core 121 'm_axi' <Latency = 0> <II = 1> <Delay = 1.00> <Adapter> <Opcode : 'read' 'write' 'readreq' 'writereq' 'writeresp'>

State 50 <SV = 49> <Delay = 2.43>
ST_50 : Operation 166 [22/70] (2.43ns)   --->   "%gmem_load_1_req = readreq i1 @_ssdm_op_ReadReq.m_axi.i64P1A, i64 %gmem_addr, i32 1" [/mnt/shared/home/tz32/scalehls_vitis_test/src/forward.cpp:46]   --->   Operation 166 'readreq' 'gmem_load_1_req' <Predicate = true> <Delay = 2.43> <CoreInst = "m_axi">   --->   Core 121 'm_axi' <Latency = 0> <II = 1> <Delay = 1.00> <Adapter> <Opcode : 'read' 'write' 'readreq' 'writereq' 'writeresp'>

State 51 <SV = 50> <Delay = 2.43>
ST_51 : Operation 167 [21/70] (2.43ns)   --->   "%gmem_load_1_req = readreq i1 @_ssdm_op_ReadReq.m_axi.i64P1A, i64 %gmem_addr, i32 1" [/mnt/shared/home/tz32/scalehls_vitis_test/src/forward.cpp:46]   --->   Operation 167 'readreq' 'gmem_load_1_req' <Predicate = true> <Delay = 2.43> <CoreInst = "m_axi">   --->   Core 121 'm_axi' <Latency = 0> <II = 1> <Delay = 1.00> <Adapter> <Opcode : 'read' 'write' 'readreq' 'writereq' 'writeresp'>

State 52 <SV = 51> <Delay = 2.43>
ST_52 : Operation 168 [20/70] (2.43ns)   --->   "%gmem_load_1_req = readreq i1 @_ssdm_op_ReadReq.m_axi.i64P1A, i64 %gmem_addr, i32 1" [/mnt/shared/home/tz32/scalehls_vitis_test/src/forward.cpp:46]   --->   Operation 168 'readreq' 'gmem_load_1_req' <Predicate = true> <Delay = 2.43> <CoreInst = "m_axi">   --->   Core 121 'm_axi' <Latency = 0> <II = 1> <Delay = 1.00> <Adapter> <Opcode : 'read' 'write' 'readreq' 'writereq' 'writeresp'>

State 53 <SV = 52> <Delay = 2.43>
ST_53 : Operation 169 [19/70] (2.43ns)   --->   "%gmem_load_1_req = readreq i1 @_ssdm_op_ReadReq.m_axi.i64P1A, i64 %gmem_addr, i32 1" [/mnt/shared/home/tz32/scalehls_vitis_test/src/forward.cpp:46]   --->   Operation 169 'readreq' 'gmem_load_1_req' <Predicate = true> <Delay = 2.43> <CoreInst = "m_axi">   --->   Core 121 'm_axi' <Latency = 0> <II = 1> <Delay = 1.00> <Adapter> <Opcode : 'read' 'write' 'readreq' 'writereq' 'writeresp'>

State 54 <SV = 53> <Delay = 2.43>
ST_54 : Operation 170 [18/70] (2.43ns)   --->   "%gmem_load_1_req = readreq i1 @_ssdm_op_ReadReq.m_axi.i64P1A, i64 %gmem_addr, i32 1" [/mnt/shared/home/tz32/scalehls_vitis_test/src/forward.cpp:46]   --->   Operation 170 'readreq' 'gmem_load_1_req' <Predicate = true> <Delay = 2.43> <CoreInst = "m_axi">   --->   Core 121 'm_axi' <Latency = 0> <II = 1> <Delay = 1.00> <Adapter> <Opcode : 'read' 'write' 'readreq' 'writereq' 'writeresp'>

State 55 <SV = 54> <Delay = 2.43>
ST_55 : Operation 171 [17/70] (2.43ns)   --->   "%gmem_load_1_req = readreq i1 @_ssdm_op_ReadReq.m_axi.i64P1A, i64 %gmem_addr, i32 1" [/mnt/shared/home/tz32/scalehls_vitis_test/src/forward.cpp:46]   --->   Operation 171 'readreq' 'gmem_load_1_req' <Predicate = true> <Delay = 2.43> <CoreInst = "m_axi">   --->   Core 121 'm_axi' <Latency = 0> <II = 1> <Delay = 1.00> <Adapter> <Opcode : 'read' 'write' 'readreq' 'writereq' 'writeresp'>

State 56 <SV = 55> <Delay = 2.43>
ST_56 : Operation 172 [16/70] (2.43ns)   --->   "%gmem_load_1_req = readreq i1 @_ssdm_op_ReadReq.m_axi.i64P1A, i64 %gmem_addr, i32 1" [/mnt/shared/home/tz32/scalehls_vitis_test/src/forward.cpp:46]   --->   Operation 172 'readreq' 'gmem_load_1_req' <Predicate = true> <Delay = 2.43> <CoreInst = "m_axi">   --->   Core 121 'm_axi' <Latency = 0> <II = 1> <Delay = 1.00> <Adapter> <Opcode : 'read' 'write' 'readreq' 'writereq' 'writeresp'>

State 57 <SV = 56> <Delay = 2.43>
ST_57 : Operation 173 [15/70] (2.43ns)   --->   "%gmem_load_1_req = readreq i1 @_ssdm_op_ReadReq.m_axi.i64P1A, i64 %gmem_addr, i32 1" [/mnt/shared/home/tz32/scalehls_vitis_test/src/forward.cpp:46]   --->   Operation 173 'readreq' 'gmem_load_1_req' <Predicate = true> <Delay = 2.43> <CoreInst = "m_axi">   --->   Core 121 'm_axi' <Latency = 0> <II = 1> <Delay = 1.00> <Adapter> <Opcode : 'read' 'write' 'readreq' 'writereq' 'writeresp'>

State 58 <SV = 57> <Delay = 2.43>
ST_58 : Operation 174 [14/70] (2.43ns)   --->   "%gmem_load_1_req = readreq i1 @_ssdm_op_ReadReq.m_axi.i64P1A, i64 %gmem_addr, i32 1" [/mnt/shared/home/tz32/scalehls_vitis_test/src/forward.cpp:46]   --->   Operation 174 'readreq' 'gmem_load_1_req' <Predicate = true> <Delay = 2.43> <CoreInst = "m_axi">   --->   Core 121 'm_axi' <Latency = 0> <II = 1> <Delay = 1.00> <Adapter> <Opcode : 'read' 'write' 'readreq' 'writereq' 'writeresp'>

State 59 <SV = 58> <Delay = 2.43>
ST_59 : Operation 175 [13/70] (2.43ns)   --->   "%gmem_load_1_req = readreq i1 @_ssdm_op_ReadReq.m_axi.i64P1A, i64 %gmem_addr, i32 1" [/mnt/shared/home/tz32/scalehls_vitis_test/src/forward.cpp:46]   --->   Operation 175 'readreq' 'gmem_load_1_req' <Predicate = true> <Delay = 2.43> <CoreInst = "m_axi">   --->   Core 121 'm_axi' <Latency = 0> <II = 1> <Delay = 1.00> <Adapter> <Opcode : 'read' 'write' 'readreq' 'writereq' 'writeresp'>

State 60 <SV = 59> <Delay = 2.43>
ST_60 : Operation 176 [12/70] (2.43ns)   --->   "%gmem_load_1_req = readreq i1 @_ssdm_op_ReadReq.m_axi.i64P1A, i64 %gmem_addr, i32 1" [/mnt/shared/home/tz32/scalehls_vitis_test/src/forward.cpp:46]   --->   Operation 176 'readreq' 'gmem_load_1_req' <Predicate = true> <Delay = 2.43> <CoreInst = "m_axi">   --->   Core 121 'm_axi' <Latency = 0> <II = 1> <Delay = 1.00> <Adapter> <Opcode : 'read' 'write' 'readreq' 'writereq' 'writeresp'>

State 61 <SV = 60> <Delay = 2.43>
ST_61 : Operation 177 [11/70] (2.43ns)   --->   "%gmem_load_1_req = readreq i1 @_ssdm_op_ReadReq.m_axi.i64P1A, i64 %gmem_addr, i32 1" [/mnt/shared/home/tz32/scalehls_vitis_test/src/forward.cpp:46]   --->   Operation 177 'readreq' 'gmem_load_1_req' <Predicate = true> <Delay = 2.43> <CoreInst = "m_axi">   --->   Core 121 'm_axi' <Latency = 0> <II = 1> <Delay = 1.00> <Adapter> <Opcode : 'read' 'write' 'readreq' 'writereq' 'writeresp'>

State 62 <SV = 61> <Delay = 2.43>
ST_62 : Operation 178 [10/70] (2.43ns)   --->   "%gmem_load_1_req = readreq i1 @_ssdm_op_ReadReq.m_axi.i64P1A, i64 %gmem_addr, i32 1" [/mnt/shared/home/tz32/scalehls_vitis_test/src/forward.cpp:46]   --->   Operation 178 'readreq' 'gmem_load_1_req' <Predicate = true> <Delay = 2.43> <CoreInst = "m_axi">   --->   Core 121 'm_axi' <Latency = 0> <II = 1> <Delay = 1.00> <Adapter> <Opcode : 'read' 'write' 'readreq' 'writereq' 'writeresp'>

State 63 <SV = 62> <Delay = 2.43>
ST_63 : Operation 179 [9/70] (2.43ns)   --->   "%gmem_load_1_req = readreq i1 @_ssdm_op_ReadReq.m_axi.i64P1A, i64 %gmem_addr, i32 1" [/mnt/shared/home/tz32/scalehls_vitis_test/src/forward.cpp:46]   --->   Operation 179 'readreq' 'gmem_load_1_req' <Predicate = true> <Delay = 2.43> <CoreInst = "m_axi">   --->   Core 121 'm_axi' <Latency = 0> <II = 1> <Delay = 1.00> <Adapter> <Opcode : 'read' 'write' 'readreq' 'writereq' 'writeresp'>

State 64 <SV = 63> <Delay = 2.43>
ST_64 : Operation 180 [8/70] (2.43ns)   --->   "%gmem_load_1_req = readreq i1 @_ssdm_op_ReadReq.m_axi.i64P1A, i64 %gmem_addr, i32 1" [/mnt/shared/home/tz32/scalehls_vitis_test/src/forward.cpp:46]   --->   Operation 180 'readreq' 'gmem_load_1_req' <Predicate = true> <Delay = 2.43> <CoreInst = "m_axi">   --->   Core 121 'm_axi' <Latency = 0> <II = 1> <Delay = 1.00> <Adapter> <Opcode : 'read' 'write' 'readreq' 'writereq' 'writeresp'>

State 65 <SV = 64> <Delay = 2.43>
ST_65 : Operation 181 [7/70] (2.43ns)   --->   "%gmem_load_1_req = readreq i1 @_ssdm_op_ReadReq.m_axi.i64P1A, i64 %gmem_addr, i32 1" [/mnt/shared/home/tz32/scalehls_vitis_test/src/forward.cpp:46]   --->   Operation 181 'readreq' 'gmem_load_1_req' <Predicate = true> <Delay = 2.43> <CoreInst = "m_axi">   --->   Core 121 'm_axi' <Latency = 0> <II = 1> <Delay = 1.00> <Adapter> <Opcode : 'read' 'write' 'readreq' 'writereq' 'writeresp'>

State 66 <SV = 65> <Delay = 2.43>
ST_66 : Operation 182 [6/70] (2.43ns)   --->   "%gmem_load_1_req = readreq i1 @_ssdm_op_ReadReq.m_axi.i64P1A, i64 %gmem_addr, i32 1" [/mnt/shared/home/tz32/scalehls_vitis_test/src/forward.cpp:46]   --->   Operation 182 'readreq' 'gmem_load_1_req' <Predicate = true> <Delay = 2.43> <CoreInst = "m_axi">   --->   Core 121 'm_axi' <Latency = 0> <II = 1> <Delay = 1.00> <Adapter> <Opcode : 'read' 'write' 'readreq' 'writereq' 'writeresp'>

State 67 <SV = 66> <Delay = 2.43>
ST_67 : Operation 183 [5/70] (2.43ns)   --->   "%gmem_load_1_req = readreq i1 @_ssdm_op_ReadReq.m_axi.i64P1A, i64 %gmem_addr, i32 1" [/mnt/shared/home/tz32/scalehls_vitis_test/src/forward.cpp:46]   --->   Operation 183 'readreq' 'gmem_load_1_req' <Predicate = true> <Delay = 2.43> <CoreInst = "m_axi">   --->   Core 121 'm_axi' <Latency = 0> <II = 1> <Delay = 1.00> <Adapter> <Opcode : 'read' 'write' 'readreq' 'writereq' 'writeresp'>

State 68 <SV = 67> <Delay = 2.43>
ST_68 : Operation 184 [4/70] (2.43ns)   --->   "%gmem_load_1_req = readreq i1 @_ssdm_op_ReadReq.m_axi.i64P1A, i64 %gmem_addr, i32 1" [/mnt/shared/home/tz32/scalehls_vitis_test/src/forward.cpp:46]   --->   Operation 184 'readreq' 'gmem_load_1_req' <Predicate = true> <Delay = 2.43> <CoreInst = "m_axi">   --->   Core 121 'm_axi' <Latency = 0> <II = 1> <Delay = 1.00> <Adapter> <Opcode : 'read' 'write' 'readreq' 'writereq' 'writeresp'>

State 69 <SV = 68> <Delay = 2.43>
ST_69 : Operation 185 [3/70] (2.43ns)   --->   "%gmem_load_1_req = readreq i1 @_ssdm_op_ReadReq.m_axi.i64P1A, i64 %gmem_addr, i32 1" [/mnt/shared/home/tz32/scalehls_vitis_test/src/forward.cpp:46]   --->   Operation 185 'readreq' 'gmem_load_1_req' <Predicate = true> <Delay = 2.43> <CoreInst = "m_axi">   --->   Core 121 'm_axi' <Latency = 0> <II = 1> <Delay = 1.00> <Adapter> <Opcode : 'read' 'write' 'readreq' 'writereq' 'writeresp'>

State 70 <SV = 69> <Delay = 2.43>
ST_70 : Operation 186 [2/70] (2.43ns)   --->   "%gmem_load_1_req = readreq i1 @_ssdm_op_ReadReq.m_axi.i64P1A, i64 %gmem_addr, i32 1" [/mnt/shared/home/tz32/scalehls_vitis_test/src/forward.cpp:46]   --->   Operation 186 'readreq' 'gmem_load_1_req' <Predicate = true> <Delay = 2.43> <CoreInst = "m_axi">   --->   Core 121 'm_axi' <Latency = 0> <II = 1> <Delay = 1.00> <Adapter> <Opcode : 'read' 'write' 'readreq' 'writereq' 'writeresp'>

State 71 <SV = 70> <Delay = 2.43>
ST_71 : Operation 187 [1/1] (0.00ns)   --->   "%v15_cast7 = zext i11 %v15_1" [/mnt/shared/home/tz32/scalehls_vitis_test/src/forward.cpp:46]   --->   Operation 187 'zext' 'v15_cast7' <Predicate = true> <Delay = 0.00>
ST_71 : Operation 188 [1/1] (0.00ns)   --->   "%v29_addr = getelementptr i32 %v29, i64 0, i64 %v15_cast7" [/mnt/shared/home/tz32/scalehls_vitis_test/src/forward.cpp:45]   --->   Operation 188 'getelementptr' 'v29_addr' <Predicate = true> <Delay = 0.00>
ST_71 : Operation 189 [2/2] (1.20ns)   --->   "%v16 = load i10 %v29_addr" [/mnt/shared/home/tz32/scalehls_vitis_test/src/forward.cpp:45]   --->   Operation 189 'load' 'v16' <Predicate = true> <Delay = 1.20> <CoreInst = "RAM_T2P_BRAM">   --->   Core 99 'RAM_T2P_BRAM' <Latency = 1> <II = 1> <Delay = 1.20> <Storage> <Opcode : 'load' 'store'> <Ports = 2> <Width = 32> <Depth = 1024> <RAM>
ST_71 : Operation 190 [1/70] (2.43ns)   --->   "%gmem_load_1_req = readreq i1 @_ssdm_op_ReadReq.m_axi.i64P1A, i64 %gmem_addr, i32 1" [/mnt/shared/home/tz32/scalehls_vitis_test/src/forward.cpp:46]   --->   Operation 190 'readreq' 'gmem_load_1_req' <Predicate = true> <Delay = 2.43> <CoreInst = "m_axi">   --->   Core 121 'm_axi' <Latency = 0> <II = 1> <Delay = 1.00> <Adapter> <Opcode : 'read' 'write' 'readreq' 'writereq' 'writeresp'>

State 72 <SV = 71> <Delay = 2.43>
ST_72 : Operation 191 [1/2] (1.20ns)   --->   "%v16 = load i10 %v29_addr" [/mnt/shared/home/tz32/scalehls_vitis_test/src/forward.cpp:45]   --->   Operation 191 'load' 'v16' <Predicate = true> <Delay = 1.20> <CoreInst = "RAM_T2P_BRAM">   --->   Core 99 'RAM_T2P_BRAM' <Latency = 1> <II = 1> <Delay = 1.20> <Storage> <Opcode : 'load' 'store'> <Ports = 2> <Width = 32> <Depth = 1024> <RAM>
ST_72 : Operation 192 [1/1] (2.43ns)   --->   "%gmem_addr_read = read i64 @_ssdm_op_Read.m_axi.i64P1A, i64 %gmem_addr" [/mnt/shared/home/tz32/scalehls_vitis_test/src/forward.cpp:46]   --->   Operation 192 'read' 'gmem_addr_read' <Predicate = true> <Delay = 2.43> <CoreInst = "m_axi">   --->   Core 121 'm_axi' <Latency = 0> <II = 1> <Delay = 1.00> <Adapter> <Opcode : 'read' 'write' 'readreq' 'writereq' 'writeresp'>

State 73 <SV = 72> <Delay = 1.09>
ST_73 : Operation 193 [1/1] (1.09ns)   --->   "%lshr_ln46 = lshr i64 %gmem_addr_read, i64 %zext_ln44_cast" [/mnt/shared/home/tz32/scalehls_vitis_test/src/forward.cpp:46]   --->   Operation 193 'lshr' 'lshr_ln46' <Predicate = true> <Delay = 1.09> <CoreInst = "Shifter">   --->   Core 75 'Shifter' <Latency = 0> <II = 1> <Delay = 1.09> <FuncUnit> <Opcode : 'shl' 'lshr' 'ashr'> <InPorts = 2> <OutPorts = 1>
ST_73 : Operation 194 [1/1] (0.00ns)   --->   "%trunc_ln46_2 = trunc i64 %lshr_ln46" [/mnt/shared/home/tz32/scalehls_vitis_test/src/forward.cpp:46]   --->   Operation 194 'trunc' 'trunc_ln46_2' <Predicate = true> <Delay = 0.00>

State 74 <SV = 73> <Delay = 2.32>
ST_74 : Operation 195 [1/1] (0.00ns)   --->   "%v17 = bitcast i32 %trunc_ln46_2" [/mnt/shared/home/tz32/scalehls_vitis_test/src/forward.cpp:46]   --->   Operation 195 'bitcast' 'v17' <Predicate = true> <Delay = 0.00>
ST_74 : Operation 196 [4/4] (2.32ns)   --->   "%v19 = fmul i32 %v16, i32 %v17" [/mnt/shared/home/tz32/scalehls_vitis_test/src/forward.cpp:48]   --->   Operation 196 'fmul' 'v19' <Predicate = true> <Delay = 2.32> <CoreInst = "FMul_maxdsp">   --->   Core 30 'FMul_maxdsp' <Latency = 3> <II = 1> <Delay = 2.32> <FuncUnit> <Opcode : 'fmul'> <InPorts = 2> <OutPorts = 1>

State 75 <SV = 74> <Delay = 2.32>
ST_75 : Operation 197 [3/4] (2.32ns)   --->   "%v19 = fmul i32 %v16, i32 %v17" [/mnt/shared/home/tz32/scalehls_vitis_test/src/forward.cpp:48]   --->   Operation 197 'fmul' 'v19' <Predicate = true> <Delay = 2.32> <CoreInst = "FMul_maxdsp">   --->   Core 30 'FMul_maxdsp' <Latency = 3> <II = 1> <Delay = 2.32> <FuncUnit> <Opcode : 'fmul'> <InPorts = 2> <OutPorts = 1>

State 76 <SV = 75> <Delay = 2.32>
ST_76 : Operation 198 [2/4] (2.32ns)   --->   "%v19 = fmul i32 %v16, i32 %v17" [/mnt/shared/home/tz32/scalehls_vitis_test/src/forward.cpp:48]   --->   Operation 198 'fmul' 'v19' <Predicate = true> <Delay = 2.32> <CoreInst = "FMul_maxdsp">   --->   Core 30 'FMul_maxdsp' <Latency = 3> <II = 1> <Delay = 2.32> <FuncUnit> <Opcode : 'fmul'> <InPorts = 2> <OutPorts = 1>

State 77 <SV = 76> <Delay = 2.32>
ST_77 : Operation 199 [1/4] (2.32ns)   --->   "%v19 = fmul i32 %v16, i32 %v17" [/mnt/shared/home/tz32/scalehls_vitis_test/src/forward.cpp:48]   --->   Operation 199 'fmul' 'v19' <Predicate = true> <Delay = 2.32> <CoreInst = "FMul_maxdsp">   --->   Core 30 'FMul_maxdsp' <Latency = 3> <II = 1> <Delay = 2.32> <FuncUnit> <Opcode : 'fmul'> <InPorts = 2> <OutPorts = 1>

State 78 <SV = 77> <Delay = 2.34>
ST_78 : Operation 200 [1/1] (0.00ns)   --->   "%v18_load = load i32 %v18" [/mnt/shared/home/tz32/scalehls_vitis_test/src/forward.cpp:49]   --->   Operation 200 'load' 'v18_load' <Predicate = true> <Delay = 0.00>
ST_78 : Operation 201 [7/7] (2.34ns)   --->   "%v20 = fadd i32 %v18_load, i32 %v19" [/mnt/shared/home/tz32/scalehls_vitis_test/src/forward.cpp:49]   --->   Operation 201 'fadd' 'v20' <Predicate = true> <Delay = 2.34> <CoreInst = "FAddSub_fulldsp">   --->   Core 18 'FAddSub_fulldsp' <Latency = 6> <II = 1> <Delay = 2.34> <FuncUnit> <Opcode : 'fadd' 'fsub'> <InPorts = 2> <OutPorts = 1>
ST_78 : Operation 211 [1/1] (0.00ns)   --->   "%v18_load_1 = load i32 %v18"   --->   Operation 211 'load' 'v18_load_1' <Predicate = (icmp_ln44)> <Delay = 0.00>
ST_78 : Operation 212 [1/1] (0.00ns)   --->   "%write_ln0 = write void @_ssdm_op_Write.ap_auto.floatP0A, i32 %v18_out, i32 %v18_load_1"   --->   Operation 212 'write' 'write_ln0' <Predicate = (icmp_ln44)> <Delay = 0.00>
ST_78 : Operation 213 [1/1] (0.00ns)   --->   "%ret_ln0 = ret"   --->   Operation 213 'ret' 'ret_ln0' <Predicate = (icmp_ln44)> <Delay = 0.00>

State 79 <SV = 78> <Delay = 2.34>
ST_79 : Operation 202 [6/7] (2.34ns)   --->   "%v20 = fadd i32 %v18_load, i32 %v19" [/mnt/shared/home/tz32/scalehls_vitis_test/src/forward.cpp:49]   --->   Operation 202 'fadd' 'v20' <Predicate = true> <Delay = 2.34> <CoreInst = "FAddSub_fulldsp">   --->   Core 18 'FAddSub_fulldsp' <Latency = 6> <II = 1> <Delay = 2.34> <FuncUnit> <Opcode : 'fadd' 'fsub'> <InPorts = 2> <OutPorts = 1>

State 80 <SV = 79> <Delay = 2.34>
ST_80 : Operation 203 [5/7] (2.34ns)   --->   "%v20 = fadd i32 %v18_load, i32 %v19" [/mnt/shared/home/tz32/scalehls_vitis_test/src/forward.cpp:49]   --->   Operation 203 'fadd' 'v20' <Predicate = true> <Delay = 2.34> <CoreInst = "FAddSub_fulldsp">   --->   Core 18 'FAddSub_fulldsp' <Latency = 6> <II = 1> <Delay = 2.34> <FuncUnit> <Opcode : 'fadd' 'fsub'> <InPorts = 2> <OutPorts = 1>

State 81 <SV = 80> <Delay = 2.34>
ST_81 : Operation 204 [4/7] (2.34ns)   --->   "%v20 = fadd i32 %v18_load, i32 %v19" [/mnt/shared/home/tz32/scalehls_vitis_test/src/forward.cpp:49]   --->   Operation 204 'fadd' 'v20' <Predicate = true> <Delay = 2.34> <CoreInst = "FAddSub_fulldsp">   --->   Core 18 'FAddSub_fulldsp' <Latency = 6> <II = 1> <Delay = 2.34> <FuncUnit> <Opcode : 'fadd' 'fsub'> <InPorts = 2> <OutPorts = 1>

State 82 <SV = 81> <Delay = 2.34>
ST_82 : Operation 205 [3/7] (2.34ns)   --->   "%v20 = fadd i32 %v18_load, i32 %v19" [/mnt/shared/home/tz32/scalehls_vitis_test/src/forward.cpp:49]   --->   Operation 205 'fadd' 'v20' <Predicate = true> <Delay = 2.34> <CoreInst = "FAddSub_fulldsp">   --->   Core 18 'FAddSub_fulldsp' <Latency = 6> <II = 1> <Delay = 2.34> <FuncUnit> <Opcode : 'fadd' 'fsub'> <InPorts = 2> <OutPorts = 1>

State 83 <SV = 82> <Delay = 2.34>
ST_83 : Operation 206 [2/7] (2.34ns)   --->   "%v20 = fadd i32 %v18_load, i32 %v19" [/mnt/shared/home/tz32/scalehls_vitis_test/src/forward.cpp:49]   --->   Operation 206 'fadd' 'v20' <Predicate = true> <Delay = 2.34> <CoreInst = "FAddSub_fulldsp">   --->   Core 18 'FAddSub_fulldsp' <Latency = 6> <II = 1> <Delay = 2.34> <FuncUnit> <Opcode : 'fadd' 'fsub'> <InPorts = 2> <OutPorts = 1>

State 84 <SV = 83> <Delay = 2.34>
ST_84 : Operation 207 [1/7] (2.34ns)   --->   "%v20 = fadd i32 %v18_load, i32 %v19" [/mnt/shared/home/tz32/scalehls_vitis_test/src/forward.cpp:49]   --->   Operation 207 'fadd' 'v20' <Predicate = true> <Delay = 2.34> <CoreInst = "FAddSub_fulldsp">   --->   Core 18 'FAddSub_fulldsp' <Latency = 6> <II = 1> <Delay = 2.34> <FuncUnit> <Opcode : 'fadd' 'fsub'> <InPorts = 2> <OutPorts = 1>

State 85 <SV = 84> <Delay = 0.38>
ST_85 : Operation 208 [1/1] (0.00ns)   --->   "%specloopname_ln44 = specloopname void @_ssdm_op_SpecLoopName, void @empty_10" [/mnt/shared/home/tz32/scalehls_vitis_test/src/forward.cpp:44]   --->   Operation 208 'specloopname' 'specloopname_ln44' <Predicate = true> <Delay = 0.00>
ST_85 : Operation 209 [1/1] (0.38ns)   --->   "%store_ln44 = store i32 %v20, i32 %v18" [/mnt/shared/home/tz32/scalehls_vitis_test/src/forward.cpp:44]   --->   Operation 209 'store' 'store_ln44' <Predicate = true> <Delay = 0.38>
ST_85 : Operation 210 [1/1] (0.00ns)   --->   "%br_ln44 = br void %for.inc.i2" [/mnt/shared/home/tz32/scalehls_vitis_test/src/forward.cpp:44]   --->   Operation 210 'br' 'br_ln44' <Predicate = true> <Delay = 0.00>


============================================================
+ Verbose Summary: Binding
============================================================
STG Binding: 
---------------- STG Properties BEGIN ----------------
- Is combinational: 0
- Is one-state seq: 0
- Is datapath-only: 0
- Is pipelined: 0
- Is top level: 0
Port [ Return ] is wired: 1; IO mode=ap_ctrl_hs:ce=0
Port [ v30_load]:  wired=1; compound=0; hidden=0; nouse=0; global=0; static=0; extern=0; dir=0; type=0; pingpong=0; private_global=0; IO mode=ap_none:ce=0
Port [ gmem]:  wired=1; compound=1; hidden=0; nouse=0; global=0; static=0; extern=0; dir=0; type=4; pingpong=0; private_global=0; IO mode=m_axi:ce=0
Port [ v29]:  wired=1; compound=1; hidden=0; nouse=0; global=0; static=0; extern=0; dir=0; type=1; pingpong=0; private_global=0; MemPort=[13]; IO mode=ap_memory:ce=0
Port [ add_ln46]:  wired=1; compound=0; hidden=0; nouse=0; global=0; static=0; extern=0; dir=0; type=0; pingpong=0; private_global=0; IO mode=ap_none:ce=0
Port [ zext_ln44]:  wired=1; compound=0; hidden=0; nouse=0; global=0; static=0; extern=0; dir=0; type=0; pingpong=0; private_global=0; IO mode=ap_none:ce=0
Port [ v18_out]:  wired=1; compound=0; hidden=0; nouse=0; global=0; static=0; extern=0; dir=1; type=0; pingpong=0; private_global=0; IO mode=ap_vld:ce=0
---------------- STG Properties END ------------------

---------------- Datapath Model BEGIN ----------------

<LifeTime>
<method=bitvector/>
v18               (alloca           ) [ 01111111111111111111111111111111111111111111111111111111111111111111111111111111111111]
v15               (alloca           ) [ 01111111000000000000000000000000000000000000000000000000000000000000000000000000000000]
zext_ln44_read    (read             ) [ 00000000000000000000000000000000000000000000000000000000000000000000000000000000000000]
add_ln46_read     (read             ) [ 00000000000000000000000000000000000000000000000000000000000000000000000000000000000000]
v30_load_read     (read             ) [ 00000000000000000000000000000000000000000000000000000000000000000000000000000000000000]
zext_ln44_cast    (zext             ) [ 01111111111111111111111111111111111111111111111111111111111111111111111111000000000000]
specmemcore_ln0   (specmemcore      ) [ 00000000000000000000000000000000000000000000000000000000000000000000000000000000000000]
specinterface_ln0 (specinterface    ) [ 00000000000000000000000000000000000000000000000000000000000000000000000000000000000000]
store_ln0         (store            ) [ 00000000000000000000000000000000000000000000000000000000000000000000000000000000000000]
store_ln0         (store            ) [ 00000000000000000000000000000000000000000000000000000000000000000000000000000000000000]
br_ln0            (br               ) [ 00000000000000000000000000000000000000000000000000000000000000000000000000000000000000]
v15_1             (load             ) [ 01111111111111111111111111111111111111111111111111111111111111111111111100000000000000]
icmp_ln44         (icmp             ) [ 01111111111111111111111111111111111111111111111111111111111111111111111111111110000000]
br_ln44           (br               ) [ 00000000000000000000000000000000000000000000000000000000000000000000000000000000000000]
trunc_ln46        (trunc            ) [ 00000000000000000000000000000000000000000000000000000000000000000000000000000000000000]
shl_ln46_2        (bitconcatenate   ) [ 00000000000000000000000000000000000000000000000000000000000000000000000000000000000000]
zext_ln46         (zext             ) [ 00000000000000000000000000000000000000000000000000000000000000000000000000000000000000]
shl_ln46_3        (bitconcatenate   ) [ 00000000000000000000000000000000000000000000000000000000000000000000000000000000000000]
zext_ln46_1       (zext             ) [ 00000000000000000000000000000000000000000000000000000000000000000000000000000000000000]
add_ln46_2        (add              ) [ 00000000000000000000000000000000000000000000000000000000000000000000000000000000000000]
zext_ln46_2       (zext             ) [ 00000000000000000000000000000000000000000000000000000000000000000000000000000000000000]
add_ln46_1        (add              ) [ 00000000000000000000000000000000000000000000000000000000000000000000000000000000000000]
trunc_ln46_1      (partselect       ) [ 00100000000000000000000000000000000000000000000000000000000000000000000000000000000000]
sext_ln46         (sext             ) [ 00000000000000000000000000000000000000000000000000000000000000000000000000000000000000]
gmem_addr         (getelementptr    ) [ 01111111111111111111111111111111111111111111111111111111111111111111111110000000000000]
specbitsmap_ln0   (specbitsmap      ) [ 00000000000000000000000000000000000000000000000000000000000000000000000000000000000000]
specpipeline_ln0  (specpipeline     ) [ 00000000000000000000000000000000000000000000000000000000000000000000000000000000000000]
empty             (speclooptripcount) [ 00000000000000000000000000000000000000000000000000000000000000000000000000000000000000]
add_ln44          (add              ) [ 00000000000000000000000000000000000000000000000000000000000000000000000000000000000000]
store_ln44        (store            ) [ 00000000000000000000000000000000000000000000000000000000000000000000000000000000000000]
v15_cast7         (zext             ) [ 00000000000000000000000000000000000000000000000000000000000000000000000000000000000000]
v29_addr          (getelementptr    ) [ 00100000000000000000000000000000000000000000000000000000000000000000000010000000000000]
gmem_load_1_req   (readreq          ) [ 00000000000000000000000000000000000000000000000000000000000000000000000000000000000000]
v16               (load             ) [ 00011111000000000000000000000000000000000000000000000000000000000000000001111100000000]
gmem_addr_read    (read             ) [ 00010000000000000000000000000000000000000000000000000000000000000000000001000000000000]
lshr_ln46         (lshr             ) [ 00000000000000000000000000000000000000000000000000000000000000000000000000000000000000]
trunc_ln46_2      (trunc            ) [ 00001000000000000000000000000000000000000000000000000000000000000000000000100000000000]
v17               (bitcast          ) [ 00000111000000000000000000000000000000000000000000000000000000000000000000011100000000]
v19               (fmul             ) [ 01111111000000000000000000000000000000000000000000000000000000000000000000000011111110]
v18_load          (load             ) [ 00111111000000000000000000000000000000000000000000000000000000000000000000000001111110]
v20               (fadd             ) [ 01000000000000000000000000000000000000000000000000000000000000000000000000000000000001]
specloopname_ln44 (specloopname     ) [ 00000000000000000000000000000000000000000000000000000000000000000000000000000000000000]
store_ln44        (store            ) [ 00000000000000000000000000000000000000000000000000000000000000000000000000000000000000]
br_ln44           (br               ) [ 00000000000000000000000000000000000000000000000000000000000000000000000000000000000000]
v18_load_1        (load             ) [ 00000000000000000000000000000000000000000000000000000000000000000000000000000000000000]
write_ln0         (write            ) [ 00000000000000000000000000000000000000000000000000000000000000000000000000000000000000]
ret_ln0           (ret              ) [ 00000000000000000000000000000000000000000000000000000000000000000000000000000000000000]
</LifeTime>

<model>

<comp_list>
<comp id="0" class="1000" name="v30_load">
<pin_list>
<pin id="1" dir="1" index="0" bw="1" slack="0"/>
</pin_list>
<bind>
<StgValue><ssdm name="v30_load"/></StgValue>
</bind>
</comp>

<comp id="2" class="1000" name="gmem">
<pin_list>
<pin id="3" dir="1" index="0" bw="1" slack="0"/>
</pin_list>
<bind>
<StgValue><ssdm name="gmem"/></StgValue>
</bind>
</comp>

<comp id="4" class="1000" name="v29">
<pin_list>
<pin id="5" dir="1" index="0" bw="1" slack="0"/>
</pin_list>
<bind>
<StgValue><ssdm name="v29"/><MemPortTyVec>1 3 </MemPortTyVec>
</StgValue>
</bind>
</comp>

<comp id="6" class="1000" name="add_ln46">
<pin_list>
<pin id="7" dir="1" index="0" bw="1" slack="0"/>
</pin_list>
<bind>
<StgValue><ssdm name="add_ln46"/></StgValue>
</bind>
</comp>

<comp id="8" class="1000" name="zext_ln44">
<pin_list>
<pin id="9" dir="1" index="0" bw="1" slack="0"/>
</pin_list>
<bind>
<StgValue><ssdm name="zext_ln44"/></StgValue>
</bind>
</comp>

<comp id="10" class="1000" name="v18_out">
<pin_list>
<pin id="11" dir="1" index="0" bw="1" slack="0"/>
</pin_list>
<bind>
<StgValue><ssdm name="v18_out"/></StgValue>
</bind>
</comp>

<comp id="12" class="1001" name="const_12">
<pin_list>
<pin id="13" dir="1" index="0" bw="1" slack="0"/>
</pin_list>
<bind>
<StgValue><ssdm name=""/></StgValue>
</bind>
</comp>

<comp id="14" class="1001" name="const_14">
<pin_list>
<pin id="15" dir="1" index="0" bw="1" slack="0"/>
</pin_list>
<bind>
<StgValue><ssdm name="_ssdm_op_Read.ap_auto.i6"/></StgValue>
</bind>
</comp>

<comp id="16" class="1001" name="const_16">
<pin_list>
<pin id="17" dir="1" index="0" bw="1" slack="0"/>
</pin_list>
<bind>
<StgValue><ssdm name="_ssdm_op_Read.ap_auto.i64"/></StgValue>
</bind>
</comp>

<comp id="18" class="1001" name="const_18">
<pin_list>
<pin id="19" dir="1" index="0" bw="1" slack="0"/>
</pin_list>
<bind>
<StgValue><ssdm name="_ssdm_op_Read.ap_auto.float"/></StgValue>
</bind>
</comp>

<comp id="20" class="1001" name="const_20">
<pin_list>
<pin id="21" dir="1" index="0" bw="1" slack="2147483647"/>
</pin_list>
<bind>
<StgValue><ssdm name="_ssdm_op_SpecMemCore"/></StgValue>
</bind>
</comp>

<comp id="22" class="1001" name="const_22">
<pin_list>
<pin id="23" dir="1" index="0" bw="1" slack="2147483647"/>
</pin_list>
<bind>
<StgValue><ssdm name=""/></StgValue>
</bind>
</comp>

<comp id="24" class="1001" name="const_24">
<pin_list>
<pin id="25" dir="1" index="0" bw="1" slack="2147483647"/>
</pin_list>
<bind>
<StgValue><ssdm name=""/></StgValue>
</bind>
</comp>

<comp id="26" class="1001" name="const_26">
<pin_list>
<pin id="27" dir="1" index="0" bw="1" slack="2147483647"/>
</pin_list>
<bind>
<StgValue><ssdm name=""/></StgValue>
</bind>
</comp>

<comp id="28" class="1001" name="const_28">
<pin_list>
<pin id="29" dir="1" index="0" bw="1" slack="2147483647"/>
</pin_list>
<bind>
<StgValue><ssdm name="_ssdm_op_SpecInterface"/></StgValue>
</bind>
</comp>

<comp id="30" class="1001" name="const_30">
<pin_list>
<pin id="31" dir="1" index="0" bw="1" slack="2147483647"/>
</pin_list>
<bind>
<StgValue><ssdm name="empty_7"/></StgValue>
</bind>
</comp>

<comp id="32" class="1001" name="const_32">
<pin_list>
<pin id="33" dir="1" index="0" bw="1" slack="2147483647"/>
</pin_list>
<bind>
<StgValue><ssdm name=""/></StgValue>
</bind>
</comp>

<comp id="34" class="1001" name="const_34">
<pin_list>
<pin id="35" dir="1" index="0" bw="1" slack="2147483647"/>
</pin_list>
<bind>
<StgValue><ssdm name="empty_0"/></StgValue>
</bind>
</comp>

<comp id="36" class="1001" name="const_36">
<pin_list>
<pin id="37" dir="1" index="0" bw="1" slack="2147483647"/>
</pin_list>
<bind>
<StgValue><ssdm name=""/></StgValue>
</bind>
</comp>

<comp id="38" class="1001" name="const_38">
<pin_list>
<pin id="39" dir="1" index="0" bw="1" slack="2147483647"/>
</pin_list>
<bind>
<StgValue><ssdm name="empty_1"/></StgValue>
</bind>
</comp>

<comp id="40" class="1001" name="const_40">
<pin_list>
<pin id="41" dir="1" index="0" bw="1" slack="2147483647"/>
</pin_list>
<bind>
<StgValue><ssdm name="empty_2"/></StgValue>
</bind>
</comp>

<comp id="42" class="1001" name="const_42">
<pin_list>
<pin id="43" dir="1" index="0" bw="1" slack="2147483647"/>
</pin_list>
<bind>
<StgValue><ssdm name=""/></StgValue>
</bind>
</comp>

<comp id="44" class="1001" name="const_44">
<pin_list>
<pin id="45" dir="1" index="0" bw="1" slack="2147483647"/>
</pin_list>
<bind>
<StgValue><ssdm name=""/></StgValue>
</bind>
</comp>

<comp id="46" class="1001" name="const_46">
<pin_list>
<pin id="47" dir="1" index="0" bw="1" slack="0"/>
</pin_list>
<bind>
<StgValue><ssdm name=""/></StgValue>
</bind>
</comp>

<comp id="48" class="1001" name="const_48">
<pin_list>
<pin id="49" dir="1" index="0" bw="1" slack="0"/>
</pin_list>
<bind>
<StgValue><ssdm name=""/></StgValue>
</bind>
</comp>

<comp id="50" class="1001" name="const_50">
<pin_list>
<pin id="51" dir="1" index="0" bw="1" slack="0"/>
</pin_list>
<bind>
<StgValue><ssdm name="_ssdm_op_BitConcatenate.i15.i10.i5"/></StgValue>
</bind>
</comp>

<comp id="52" class="1001" name="const_52">
<pin_list>
<pin id="53" dir="1" index="0" bw="1" slack="0"/>
</pin_list>
<bind>
<StgValue><ssdm name=""/></StgValue>
</bind>
</comp>

<comp id="54" class="1001" name="const_54">
<pin_list>
<pin id="55" dir="1" index="0" bw="1" slack="0"/>
</pin_list>
<bind>
<StgValue><ssdm name="_ssdm_op_BitConcatenate.i13.i10.i3"/></StgValue>
</bind>
</comp>

<comp id="56" class="1001" name="const_56">
<pin_list>
<pin id="57" dir="1" index="0" bw="1" slack="0"/>
</pin_list>
<bind>
<StgValue><ssdm name=""/></StgValue>
</bind>
</comp>

<comp id="58" class="1001" name="const_58">
<pin_list>
<pin id="59" dir="1" index="0" bw="1" slack="0"/>
</pin_list>
<bind>
<StgValue><ssdm name="_ssdm_op_PartSelect.i61.i64.i32.i32"/></StgValue>
</bind>
</comp>

<comp id="60" class="1001" name="const_60">
<pin_list>
<pin id="61" dir="1" index="0" bw="1" slack="0"/>
</pin_list>
<bind>
<StgValue><ssdm name=""/></StgValue>
</bind>
</comp>

<comp id="62" class="1001" name="const_62">
<pin_list>
<pin id="63" dir="1" index="0" bw="1" slack="0"/>
</pin_list>
<bind>
<StgValue><ssdm name=""/></StgValue>
</bind>
</comp>

<comp id="64" class="1001" name="const_64">
<pin_list>
<pin id="65" dir="1" index="0" bw="1" slack="0"/>
</pin_list>
<bind>
<StgValue><ssdm name="_ssdm_op_ReadReq.m_axi.i64P1A"/></StgValue>
</bind>
</comp>

<comp id="66" class="1001" name="const_66">
<pin_list>
<pin id="67" dir="1" index="0" bw="1" slack="2147483647"/>
</pin_list>
<bind>
<StgValue><ssdm name="_ssdm_op_SpecBitsMap"/></StgValue>
</bind>
</comp>

<comp id="68" class="1001" name="const_68">
<pin_list>
<pin id="69" dir="1" index="0" bw="1" slack="2147483647"/>
</pin_list>
<bind>
<StgValue><ssdm name="_ssdm_op_SpecPipeline"/></StgValue>
</bind>
</comp>

<comp id="70" class="1001" name="const_70">
<pin_list>
<pin id="71" dir="1" index="0" bw="1" slack="2147483647"/>
</pin_list>
<bind>
<StgValue><ssdm name="p_str"/></StgValue>
</bind>
</comp>

<comp id="72" class="1001" name="const_72">
<pin_list>
<pin id="73" dir="1" index="0" bw="1" slack="2147483647"/>
</pin_list>
<bind>
<StgValue><ssdm name="_ssdm_op_SpecLoopTripCount"/></StgValue>
</bind>
</comp>

<comp id="74" class="1001" name="const_74">
<pin_list>
<pin id="75" dir="1" index="0" bw="1" slack="2147483647"/>
</pin_list>
<bind>
<StgValue><ssdm name=""/></StgValue>
</bind>
</comp>

<comp id="76" class="1001" name="const_76">
<pin_list>
<pin id="77" dir="1" index="0" bw="1" slack="0"/>
</pin_list>
<bind>
<StgValue><ssdm name=""/></StgValue>
</bind>
</comp>

<comp id="78" class="1001" name="const_78">
<pin_list>
<pin id="79" dir="1" index="0" bw="1" slack="0"/>
</pin_list>
<bind>
<StgValue><ssdm name=""/></StgValue>
</bind>
</comp>

<comp id="80" class="1001" name="const_80">
<pin_list>
<pin id="81" dir="1" index="0" bw="1" slack="0"/>
</pin_list>
<bind>
<StgValue><ssdm name="_ssdm_op_Read.m_axi.i64P1A"/></StgValue>
</bind>
</comp>

<comp id="82" class="1001" name="const_82">
<pin_list>
<pin id="83" dir="1" index="0" bw="1" slack="2147483647"/>
</pin_list>
<bind>
<StgValue><ssdm name="_ssdm_op_SpecLoopName"/></StgValue>
</bind>
</comp>

<comp id="84" class="1001" name="const_84">
<pin_list>
<pin id="85" dir="1" index="0" bw="1" slack="2147483647"/>
</pin_list>
<bind>
<StgValue><ssdm name="empty_10"/></StgValue>
</bind>
</comp>

<comp id="86" class="1001" name="const_86">
<pin_list>
<pin id="87" dir="1" index="0" bw="1" slack="0"/>
</pin_list>
<bind>
<StgValue><ssdm name="_ssdm_op_Write.ap_auto.floatP0A"/></StgValue>
</bind>
</comp>

<comp id="88" class="1004" name="v18_fu_88">
<pin_list>
<pin id="89" dir="0" index="0" bw="1" slack="0"/>
<pin id="90" dir="1" index="1" bw="32" slack="0"/>
</pin_list>
<bind>
<opcode="alloca(26) " fcode="alloca"/>
<opset="v18/1 "/>
</bind>
</comp>

<comp id="92" class="1004" name="v15_fu_92">
<pin_list>
<pin id="93" dir="0" index="0" bw="1" slack="0"/>
<pin id="94" dir="1" index="1" bw="11" slack="0"/>
</pin_list>
<bind>
<opcode="alloca(26) " fcode="alloca"/>
<opset="v15/1 "/>
</bind>
</comp>

<comp id="96" class="1004" name="zext_ln44_read_read_fu_96">
<pin_list>
<pin id="97" dir="0" index="0" bw="6" slack="0"/>
<pin id="98" dir="0" index="1" bw="6" slack="0"/>
<pin id="99" dir="1" index="2" bw="6" slack="0"/>
</pin_list>
<bind>
<opcode="read(1150) " fcode="read"/>
<opset="zext_ln44_read/1 "/>
</bind>
</comp>

<comp id="102" class="1004" name="add_ln46_read_read_fu_102">
<pin_list>
<pin id="103" dir="0" index="0" bw="64" slack="0"/>
<pin id="104" dir="0" index="1" bw="64" slack="0"/>
<pin id="105" dir="1" index="2" bw="64" slack="0"/>
</pin_list>
<bind>
<opcode="read(1150) " fcode="read"/>
<opset="add_ln46_read/1 "/>
</bind>
</comp>

<comp id="108" class="1004" name="v30_load_read_read_fu_108">
<pin_list>
<pin id="109" dir="0" index="0" bw="32" slack="0"/>
<pin id="110" dir="0" index="1" bw="32" slack="0"/>
<pin id="111" dir="1" index="2" bw="32" slack="0"/>
</pin_list>
<bind>
<opcode="read(1150) " fcode="read"/>
<opset="v30_load_read/1 "/>
</bind>
</comp>

<comp id="114" class="1004" name="grp_readreq_fu_114">
<pin_list>
<pin id="115" dir="0" index="0" bw="1" slack="0"/>
<pin id="116" dir="0" index="1" bw="64" slack="0"/>
<pin id="117" dir="0" index="2" bw="1" slack="0"/>
<pin id="118" dir="1" index="3" bw="1" slack="2147483647"/>
</pin_list>
<bind>
<opcode="readreq(1154) " fcode="readreq"/>
<opset="gmem_load_1_req/2 "/>
</bind>
</comp>

<comp id="121" class="1004" name="gmem_addr_read_read_fu_121">
<pin_list>
<pin id="122" dir="0" index="0" bw="64" slack="0"/>
<pin id="123" dir="0" index="1" bw="64" slack="70"/>
<pin id="124" dir="1" index="2" bw="64" slack="1"/>
</pin_list>
<bind>
<opcode="read(1150) " fcode="read"/>
<opset="gmem_addr_read/72 "/>
</bind>
</comp>

<comp id="126" class="1004" name="write_ln0_write_fu_126">
<pin_list>
<pin id="127" dir="0" index="0" bw="0" slack="0"/>
<pin id="128" dir="0" index="1" bw="32" slack="0"/>
<pin id="129" dir="0" index="2" bw="32" slack="0"/>
<pin id="130" dir="1" index="3" bw="0" slack="2147483647"/>
</pin_list>
<bind>
<opcode="write(1151) " fcode="write"/>
<opset="write_ln0/78 "/>
</bind>
</comp>

<comp id="133" class="1004" name="v29_addr_gep_fu_133">
<pin_list>
<pin id="134" dir="0" index="0" bw="32" slack="0"/>
<pin id="135" dir="0" index="1" bw="1" slack="0"/>
<pin id="136" dir="0" index="2" bw="11" slack="0"/>
<pin id="137" dir="1" index="3" bw="10" slack="0"/>
</pin_list>
<bind>
<opcode="getelementptr(29) " fcode="getelementptr"/>
<opset="v29_addr/71 "/>
</bind>
</comp>

<comp id="140" class="1004" name="grp_access_fu_140">
<pin_list>
<pin id="141" dir="0" index="0" bw="10" slack="0"/>
<pin id="142" dir="0" index="1" bw="32" slack="2147483647"/>
<pin id="143" dir="0" index="2" bw="0" slack="2147483647"/>
<pin id="144" dir="1" index="3" bw="32" slack="2"/>
</pin_list>
<bind>
<opcode="load(27) " fcode="load"/>
<opset="v16/71 "/>
</bind>
</comp>

<comp id="146" class="1004" name="grp_fu_146">
<pin_list>
<pin id="147" dir="0" index="0" bw="32" slack="0"/>
<pin id="148" dir="0" index="1" bw="32" slack="1"/>
<pin id="149" dir="1" index="2" bw="32" slack="1"/>
</pin_list>
<bind>
<opcode="fadd(9) " fcode="fadd"/>
<opset="v20/78 "/>
</bind>
</comp>

<comp id="150" class="1004" name="grp_fu_150">
<pin_list>
<pin id="151" dir="0" index="0" bw="32" slack="2"/>
<pin id="152" dir="0" index="1" bw="32" slack="0"/>
<pin id="153" dir="1" index="2" bw="32" slack="1"/>
</pin_list>
<bind>
<opcode="fmul(13) " fcode="fmul"/>
<opset="v19/74 "/>
</bind>
</comp>

<comp id="154" class="1004" name="zext_ln44_cast_fu_154">
<pin_list>
<pin id="155" dir="0" index="0" bw="6" slack="0"/>
<pin id="156" dir="1" index="1" bw="64" slack="72"/>
</pin_list>
<bind>
<opcode="zext(34) " fcode="zext"/>
<opset="zext_ln44_cast/1 "/>
</bind>
</comp>

<comp id="158" class="1004" name="store_ln0_store_fu_158">
<pin_list>
<pin id="159" dir="0" index="0" bw="1" slack="0"/>
<pin id="160" dir="0" index="1" bw="11" slack="0"/>
<pin id="161" dir="1" index="2" bw="0" slack="2147483647"/>
</pin_list>
<bind>
<opcode="store(28) " fcode="store"/>
<opset="store_ln0/1 "/>
</bind>
</comp>

<comp id="163" class="1004" name="store_ln0_store_fu_163">
<pin_list>
<pin id="164" dir="0" index="0" bw="32" slack="0"/>
<pin id="165" dir="0" index="1" bw="32" slack="0"/>
<pin id="166" dir="1" index="2" bw="0" slack="2147483647"/>
</pin_list>
<bind>
<opcode="store(28) " fcode="store"/>
<opset="store_ln0/1 "/>
</bind>
</comp>

<comp id="168" class="1004" name="v15_1_load_fu_168">
<pin_list>
<pin id="169" dir="0" index="0" bw="11" slack="0"/>
<pin id="170" dir="1" index="1" bw="11" slack="0"/>
</pin_list>
<bind>
<opcode="load(27) " fcode="load"/>
<opset="v15_1/1 "/>
</bind>
</comp>

<comp id="171" class="1004" name="icmp_ln44_fu_171">
<pin_list>
<pin id="172" dir="0" index="0" bw="11" slack="0"/>
<pin id="173" dir="0" index="1" bw="11" slack="0"/>
<pin id="174" dir="1" index="2" bw="1" slack="1"/>
</pin_list>
<bind>
<opcode="icmp(45) " fcode="icmp"/>
<opset="icmp_ln44/1 "/>
</bind>
</comp>

<comp id="177" class="1004" name="trunc_ln46_fu_177">
<pin_list>
<pin id="178" dir="0" index="0" bw="11" slack="0"/>
<pin id="179" dir="1" index="1" bw="10" slack="0"/>
</pin_list>
<bind>
<opcode="trunc(33) " fcode="trunc"/>
<opset="trunc_ln46/1 "/>
</bind>
</comp>

<comp id="181" class="1004" name="shl_ln46_2_fu_181">
<pin_list>
<pin id="182" dir="0" index="0" bw="15" slack="0"/>
<pin id="183" dir="0" index="1" bw="10" slack="0"/>
<pin id="184" dir="0" index="2" bw="1" slack="0"/>
<pin id="185" dir="1" index="3" bw="15" slack="0"/>
</pin_list>
<bind>
<opcode="bitconcatenate(1004) " fcode="bitconcatenate"/>
<opset="shl_ln46_2/1 "/>
</bind>
</comp>

<comp id="189" class="1004" name="zext_ln46_fu_189">
<pin_list>
<pin id="190" dir="0" index="0" bw="15" slack="0"/>
<pin id="191" dir="1" index="1" bw="16" slack="0"/>
</pin_list>
<bind>
<opcode="zext(34) " fcode="zext"/>
<opset="zext_ln46/1 "/>
</bind>
</comp>

<comp id="193" class="1004" name="shl_ln46_3_fu_193">
<pin_list>
<pin id="194" dir="0" index="0" bw="13" slack="0"/>
<pin id="195" dir="0" index="1" bw="10" slack="0"/>
<pin id="196" dir="0" index="2" bw="1" slack="0"/>
<pin id="197" dir="1" index="3" bw="13" slack="0"/>
</pin_list>
<bind>
<opcode="bitconcatenate(1004) " fcode="bitconcatenate"/>
<opset="shl_ln46_3/1 "/>
</bind>
</comp>

<comp id="201" class="1004" name="zext_ln46_1_fu_201">
<pin_list>
<pin id="202" dir="0" index="0" bw="13" slack="0"/>
<pin id="203" dir="1" index="1" bw="16" slack="0"/>
</pin_list>
<bind>
<opcode="zext(34) " fcode="zext"/>
<opset="zext_ln46_1/1 "/>
</bind>
</comp>

<comp id="205" class="1004" name="add_ln46_2_fu_205">
<pin_list>
<pin id="206" dir="0" index="0" bw="13" slack="0"/>
<pin id="207" dir="0" index="1" bw="15" slack="0"/>
<pin id="208" dir="1" index="2" bw="16" slack="0"/>
</pin_list>
<bind>
<opcode="add(8) " fcode="add"/>
<opset="add_ln46_2/1 "/>
</bind>
</comp>

<comp id="211" class="1004" name="zext_ln46_2_fu_211">
<pin_list>
<pin id="212" dir="0" index="0" bw="16" slack="0"/>
<pin id="213" dir="1" index="1" bw="64" slack="0"/>
</pin_list>
<bind>
<opcode="zext(34) " fcode="zext"/>
<opset="zext_ln46_2/1 "/>
</bind>
</comp>

<comp id="215" class="1004" name="add_ln46_1_fu_215">
<pin_list>
<pin id="216" dir="0" index="0" bw="16" slack="0"/>
<pin id="217" dir="0" index="1" bw="64" slack="0"/>
<pin id="218" dir="1" index="2" bw="64" slack="0"/>
</pin_list>
<bind>
<opcode="add(8) " fcode="add"/>
<opset="add_ln46_1/1 "/>
</bind>
</comp>

<comp id="221" class="1004" name="trunc_ln46_1_fu_221">
<pin_list>
<pin id="222" dir="0" index="0" bw="61" slack="0"/>
<pin id="223" dir="0" index="1" bw="64" slack="0"/>
<pin id="224" dir="0" index="2" bw="3" slack="0"/>
<pin id="225" dir="0" index="3" bw="7" slack="0"/>
<pin id="226" dir="1" index="4" bw="61" slack="1"/>
</pin_list>
<bind>
<opcode="partselect(1002) " fcode="partselect"/>
<opset="trunc_ln46_1/1 "/>
</bind>
</comp>

<comp id="231" class="1004" name="sext_ln46_fu_231">
<pin_list>
<pin id="232" dir="0" index="0" bw="61" slack="1"/>
<pin id="233" dir="1" index="1" bw="64" slack="0"/>
</pin_list>
<bind>
<opcode="sext(35) " fcode="sext"/>
<opset="sext_ln46/2 "/>
</bind>
</comp>

<comp id="234" class="1004" name="gmem_addr_fu_234">
<pin_list>
<pin id="235" dir="0" index="0" bw="64" slack="0"/>
<pin id="236" dir="0" index="1" bw="61" slack="0"/>
<pin id="237" dir="1" index="2" bw="64" slack="0"/>
</pin_list>
<bind>
<opcode="getelementptr(29) " fcode="getelementptr"/>
<opset="gmem_addr/2 "/>
</bind>
</comp>

<comp id="241" class="1004" name="add_ln44_fu_241">
<pin_list>
<pin id="242" dir="0" index="0" bw="11" slack="6"/>
<pin id="243" dir="0" index="1" bw="1" slack="0"/>
<pin id="244" dir="1" index="2" bw="11" slack="0"/>
</pin_list>
<bind>
<opcode="add(8) " fcode="add"/>
<opset="add_ln44/7 "/>
</bind>
</comp>

<comp id="246" class="1004" name="store_ln44_store_fu_246">
<pin_list>
<pin id="247" dir="0" index="0" bw="11" slack="0"/>
<pin id="248" dir="0" index="1" bw="11" slack="6"/>
<pin id="249" dir="1" index="2" bw="0" slack="2147483647"/>
</pin_list>
<bind>
<opcode="store(28) " fcode="store"/>
<opset="store_ln44/7 "/>
</bind>
</comp>

<comp id="251" class="1004" name="v15_cast7_fu_251">
<pin_list>
<pin id="252" dir="0" index="0" bw="11" slack="70"/>
<pin id="253" dir="1" index="1" bw="64" slack="0"/>
</pin_list>
<bind>
<opcode="zext(34) " fcode="zext"/>
<opset="v15_cast7/71 "/>
</bind>
</comp>

<comp id="255" class="1004" name="lshr_ln46_fu_255">
<pin_list>
<pin id="256" dir="0" index="0" bw="64" slack="1"/>
<pin id="257" dir="0" index="1" bw="6" slack="72"/>
<pin id="258" dir="1" index="2" bw="64" slack="0"/>
</pin_list>
<bind>
<opcode="lshr(21) " fcode="lshr"/>
<opset="lshr_ln46/73 "/>
</bind>
</comp>

<comp id="259" class="1004" name="trunc_ln46_2_fu_259">
<pin_list>
<pin id="260" dir="0" index="0" bw="64" slack="0"/>
<pin id="261" dir="1" index="1" bw="32" slack="1"/>
</pin_list>
<bind>
<opcode="trunc(33) " fcode="trunc"/>
<opset="trunc_ln46_2/73 "/>
</bind>
</comp>

<comp id="263" class="1004" name="v17_fu_263">
<pin_list>
<pin id="264" dir="0" index="0" bw="32" slack="1"/>
<pin id="265" dir="1" index="1" bw="32" slack="0"/>
</pin_list>
<bind>
<opcode="bitcast(44) " fcode="bitcast"/>
<opset="v17/74 "/>
</bind>
</comp>

<comp id="267" class="1004" name="v18_load_load_fu_267">
<pin_list>
<pin id="268" dir="0" index="0" bw="32" slack="77"/>
<pin id="269" dir="1" index="1" bw="32" slack="0"/>
</pin_list>
<bind>
<opcode="load(27) " fcode="load"/>
<opset="v18_load/78 "/>
</bind>
</comp>

<comp id="271" class="1004" name="store_ln44_store_fu_271">
<pin_list>
<pin id="272" dir="0" index="0" bw="32" slack="1"/>
<pin id="273" dir="0" index="1" bw="32" slack="84"/>
<pin id="274" dir="1" index="2" bw="0" slack="2147483647"/>
</pin_list>
<bind>
<opcode="store(28) " fcode="store"/>
<opset="store_ln44/85 "/>
</bind>
</comp>

<comp id="275" class="1004" name="v18_load_1_load_fu_275">
<pin_list>
<pin id="276" dir="0" index="0" bw="32" slack="77"/>
<pin id="277" dir="1" index="1" bw="32" slack="0"/>
</pin_list>
<bind>
<opcode="load(27) " fcode="load"/>
<opset="v18_load_1/78 "/>
</bind>
</comp>

<comp id="279" class="1005" name="v18_reg_279">
<pin_list>
<pin id="280" dir="0" index="0" bw="32" slack="0"/>
<pin id="281" dir="1" index="1" bw="32" slack="0"/>
</pin_list>
<bind>
<opset="v18 "/>
</bind>
</comp>

<comp id="287" class="1005" name="v15_reg_287">
<pin_list>
<pin id="288" dir="0" index="0" bw="11" slack="0"/>
<pin id="289" dir="1" index="1" bw="11" slack="0"/>
</pin_list>
<bind>
<opset="v15 "/>
</bind>
</comp>

<comp id="294" class="1005" name="zext_ln44_cast_reg_294">
<pin_list>
<pin id="295" dir="0" index="0" bw="64" slack="72"/>
<pin id="296" dir="1" index="1" bw="64" slack="72"/>
</pin_list>
<bind>
<opset="zext_ln44_cast "/>
</bind>
</comp>

<comp id="299" class="1005" name="v15_1_reg_299">
<pin_list>
<pin id="300" dir="0" index="0" bw="11" slack="6"/>
<pin id="301" dir="1" index="1" bw="11" slack="6"/>
</pin_list>
<bind>
<opset="v15_1 "/>
</bind>
</comp>

<comp id="305" class="1005" name="icmp_ln44_reg_305">
<pin_list>
<pin id="306" dir="0" index="0" bw="1" slack="1"/>
<pin id="307" dir="1" index="1" bw="1" slack="2147483647"/>
</pin_list>
<bind>
<opset="icmp_ln44 "/>
</bind>
</comp>

<comp id="309" class="1005" name="trunc_ln46_1_reg_309">
<pin_list>
<pin id="310" dir="0" index="0" bw="61" slack="1"/>
<pin id="311" dir="1" index="1" bw="61" slack="1"/>
</pin_list>
<bind>
<opset="trunc_ln46_1 "/>
</bind>
</comp>

<comp id="314" class="1005" name="gmem_addr_reg_314">
<pin_list>
<pin id="315" dir="0" index="0" bw="64" slack="1"/>
<pin id="316" dir="1" index="1" bw="64" slack="1"/>
</pin_list>
<bind>
<opset="gmem_addr "/>
</bind>
</comp>

<comp id="320" class="1005" name="v29_addr_reg_320">
<pin_list>
<pin id="321" dir="0" index="0" bw="10" slack="1"/>
<pin id="322" dir="1" index="1" bw="10" slack="1"/>
</pin_list>
<bind>
<opset="v29_addr "/>
</bind>
</comp>

<comp id="325" class="1005" name="v16_reg_325">
<pin_list>
<pin id="326" dir="0" index="0" bw="32" slack="2"/>
<pin id="327" dir="1" index="1" bw="32" slack="2"/>
</pin_list>
<bind>
<opset="v16 "/>
</bind>
</comp>

<comp id="330" class="1005" name="gmem_addr_read_reg_330">
<pin_list>
<pin id="331" dir="0" index="0" bw="64" slack="1"/>
<pin id="332" dir="1" index="1" bw="64" slack="1"/>
</pin_list>
<bind>
<opset="gmem_addr_read "/>
</bind>
</comp>

<comp id="335" class="1005" name="trunc_ln46_2_reg_335">
<pin_list>
<pin id="336" dir="0" index="0" bw="32" slack="1"/>
<pin id="337" dir="1" index="1" bw="32" slack="1"/>
</pin_list>
<bind>
<opset="trunc_ln46_2 "/>
</bind>
</comp>

<comp id="340" class="1005" name="v17_reg_340">
<pin_list>
<pin id="341" dir="0" index="0" bw="32" slack="1"/>
<pin id="342" dir="1" index="1" bw="32" slack="1"/>
</pin_list>
<bind>
<opset="v17 "/>
</bind>
</comp>

<comp id="345" class="1005" name="v19_reg_345">
<pin_list>
<pin id="346" dir="0" index="0" bw="32" slack="1"/>
<pin id="347" dir="1" index="1" bw="32" slack="1"/>
</pin_list>
<bind>
<opset="v19 "/>
</bind>
</comp>

<comp id="350" class="1005" name="v18_load_reg_350">
<pin_list>
<pin id="351" dir="0" index="0" bw="32" slack="1"/>
<pin id="352" dir="1" index="1" bw="32" slack="1"/>
</pin_list>
<bind>
<opset="v18_load "/>
</bind>
</comp>

<comp id="355" class="1005" name="v20_reg_355">
<pin_list>
<pin id="356" dir="0" index="0" bw="32" slack="1"/>
<pin id="357" dir="1" index="1" bw="32" slack="1"/>
</pin_list>
<bind>
<opset="v20 "/>
</bind>
</comp>

</comp_list>

<net_list>
<net id="91"><net_src comp="12" pin="0"/><net_sink comp="88" pin=0"/></net>

<net id="95"><net_src comp="12" pin="0"/><net_sink comp="92" pin=0"/></net>

<net id="100"><net_src comp="14" pin="0"/><net_sink comp="96" pin=0"/></net>

<net id="101"><net_src comp="8" pin="0"/><net_sink comp="96" pin=1"/></net>

<net id="106"><net_src comp="16" pin="0"/><net_sink comp="102" pin=0"/></net>

<net id="107"><net_src comp="6" pin="0"/><net_sink comp="102" pin=1"/></net>

<net id="112"><net_src comp="18" pin="0"/><net_sink comp="108" pin=0"/></net>

<net id="113"><net_src comp="0" pin="0"/><net_sink comp="108" pin=1"/></net>

<net id="119"><net_src comp="64" pin="0"/><net_sink comp="114" pin=0"/></net>

<net id="120"><net_src comp="12" pin="0"/><net_sink comp="114" pin=2"/></net>

<net id="125"><net_src comp="80" pin="0"/><net_sink comp="121" pin=0"/></net>

<net id="131"><net_src comp="86" pin="0"/><net_sink comp="126" pin=0"/></net>

<net id="132"><net_src comp="10" pin="0"/><net_sink comp="126" pin=1"/></net>

<net id="138"><net_src comp="4" pin="0"/><net_sink comp="133" pin=0"/></net>

<net id="139"><net_src comp="78" pin="0"/><net_sink comp="133" pin=1"/></net>

<net id="145"><net_src comp="133" pin="3"/><net_sink comp="140" pin=0"/></net>

<net id="157"><net_src comp="96" pin="2"/><net_sink comp="154" pin=0"/></net>

<net id="162"><net_src comp="46" pin="0"/><net_sink comp="158" pin=0"/></net>

<net id="167"><net_src comp="108" pin="2"/><net_sink comp="163" pin=0"/></net>

<net id="175"><net_src comp="168" pin="1"/><net_sink comp="171" pin=0"/></net>

<net id="176"><net_src comp="48" pin="0"/><net_sink comp="171" pin=1"/></net>

<net id="180"><net_src comp="168" pin="1"/><net_sink comp="177" pin=0"/></net>

<net id="186"><net_src comp="50" pin="0"/><net_sink comp="181" pin=0"/></net>

<net id="187"><net_src comp="177" pin="1"/><net_sink comp="181" pin=1"/></net>

<net id="188"><net_src comp="52" pin="0"/><net_sink comp="181" pin=2"/></net>

<net id="192"><net_src comp="181" pin="3"/><net_sink comp="189" pin=0"/></net>

<net id="198"><net_src comp="54" pin="0"/><net_sink comp="193" pin=0"/></net>

<net id="199"><net_src comp="177" pin="1"/><net_sink comp="193" pin=1"/></net>

<net id="200"><net_src comp="56" pin="0"/><net_sink comp="193" pin=2"/></net>

<net id="204"><net_src comp="193" pin="3"/><net_sink comp="201" pin=0"/></net>

<net id="209"><net_src comp="201" pin="1"/><net_sink comp="205" pin=0"/></net>

<net id="210"><net_src comp="189" pin="1"/><net_sink comp="205" pin=1"/></net>

<net id="214"><net_src comp="205" pin="2"/><net_sink comp="211" pin=0"/></net>

<net id="219"><net_src comp="211" pin="1"/><net_sink comp="215" pin=0"/></net>

<net id="220"><net_src comp="102" pin="2"/><net_sink comp="215" pin=1"/></net>

<net id="227"><net_src comp="58" pin="0"/><net_sink comp="221" pin=0"/></net>

<net id="228"><net_src comp="215" pin="2"/><net_sink comp="221" pin=1"/></net>

<net id="229"><net_src comp="60" pin="0"/><net_sink comp="221" pin=2"/></net>

<net id="230"><net_src comp="62" pin="0"/><net_sink comp="221" pin=3"/></net>

<net id="238"><net_src comp="2" pin="0"/><net_sink comp="234" pin=0"/></net>

<net id="239"><net_src comp="231" pin="1"/><net_sink comp="234" pin=1"/></net>

<net id="240"><net_src comp="234" pin="2"/><net_sink comp="114" pin=1"/></net>

<net id="245"><net_src comp="76" pin="0"/><net_sink comp="241" pin=1"/></net>

<net id="250"><net_src comp="241" pin="2"/><net_sink comp="246" pin=0"/></net>

<net id="254"><net_src comp="251" pin="1"/><net_sink comp="133" pin=2"/></net>

<net id="262"><net_src comp="255" pin="2"/><net_sink comp="259" pin=0"/></net>

<net id="266"><net_src comp="263" pin="1"/><net_sink comp="150" pin=1"/></net>

<net id="270"><net_src comp="267" pin="1"/><net_sink comp="146" pin=0"/></net>

<net id="278"><net_src comp="275" pin="1"/><net_sink comp="126" pin=2"/></net>

<net id="282"><net_src comp="88" pin="1"/><net_sink comp="279" pin=0"/></net>

<net id="283"><net_src comp="279" pin="1"/><net_sink comp="163" pin=1"/></net>

<net id="284"><net_src comp="279" pin="1"/><net_sink comp="267" pin=0"/></net>

<net id="285"><net_src comp="279" pin="1"/><net_sink comp="271" pin=1"/></net>

<net id="286"><net_src comp="279" pin="1"/><net_sink comp="275" pin=0"/></net>

<net id="290"><net_src comp="92" pin="1"/><net_sink comp="287" pin=0"/></net>

<net id="291"><net_src comp="287" pin="1"/><net_sink comp="158" pin=1"/></net>

<net id="292"><net_src comp="287" pin="1"/><net_sink comp="168" pin=0"/></net>

<net id="293"><net_src comp="287" pin="1"/><net_sink comp="246" pin=1"/></net>

<net id="297"><net_src comp="154" pin="1"/><net_sink comp="294" pin=0"/></net>

<net id="298"><net_src comp="294" pin="1"/><net_sink comp="255" pin=1"/></net>

<net id="302"><net_src comp="168" pin="1"/><net_sink comp="299" pin=0"/></net>

<net id="303"><net_src comp="299" pin="1"/><net_sink comp="241" pin=0"/></net>

<net id="304"><net_src comp="299" pin="1"/><net_sink comp="251" pin=0"/></net>

<net id="308"><net_src comp="171" pin="2"/><net_sink comp="305" pin=0"/></net>

<net id="312"><net_src comp="221" pin="4"/><net_sink comp="309" pin=0"/></net>

<net id="313"><net_src comp="309" pin="1"/><net_sink comp="231" pin=0"/></net>

<net id="317"><net_src comp="234" pin="2"/><net_sink comp="314" pin=0"/></net>

<net id="318"><net_src comp="314" pin="1"/><net_sink comp="114" pin=1"/></net>

<net id="319"><net_src comp="314" pin="1"/><net_sink comp="121" pin=1"/></net>

<net id="323"><net_src comp="133" pin="3"/><net_sink comp="320" pin=0"/></net>

<net id="324"><net_src comp="320" pin="1"/><net_sink comp="140" pin=0"/></net>

<net id="328"><net_src comp="140" pin="3"/><net_sink comp="325" pin=0"/></net>

<net id="329"><net_src comp="325" pin="1"/><net_sink comp="150" pin=0"/></net>

<net id="333"><net_src comp="121" pin="2"/><net_sink comp="330" pin=0"/></net>

<net id="334"><net_src comp="330" pin="1"/><net_sink comp="255" pin=0"/></net>

<net id="338"><net_src comp="259" pin="1"/><net_sink comp="335" pin=0"/></net>

<net id="339"><net_src comp="335" pin="1"/><net_sink comp="263" pin=0"/></net>

<net id="343"><net_src comp="263" pin="1"/><net_sink comp="340" pin=0"/></net>

<net id="344"><net_src comp="340" pin="1"/><net_sink comp="150" pin=1"/></net>

<net id="348"><net_src comp="150" pin="2"/><net_sink comp="345" pin=0"/></net>

<net id="349"><net_src comp="345" pin="1"/><net_sink comp="146" pin=1"/></net>

<net id="353"><net_src comp="267" pin="1"/><net_sink comp="350" pin=0"/></net>

<net id="354"><net_src comp="350" pin="1"/><net_sink comp="146" pin=0"/></net>

<net id="358"><net_src comp="146" pin="2"/><net_sink comp="355" pin=0"/></net>

<net id="359"><net_src comp="355" pin="1"/><net_sink comp="271" pin=0"/></net>

</net_list>

</model> 
---------------- Datapath Model END ------------------

* FSMD analyzer results:
  - Output states:
	Port: v18_out | {78 }
 - Input state : 
	Port: forward_Pipeline_VITIS_LOOP_44_3 : v30_load | {1 }
	Port: forward_Pipeline_VITIS_LOOP_44_3 : gmem | {2 3 4 5 6 7 8 9 10 11 12 13 14 15 16 17 18 19 20 21 22 23 24 25 26 27 28 29 30 31 32 33 34 35 36 37 38 39 40 41 42 43 44 45 46 47 48 49 50 51 52 53 54 55 56 57 58 59 60 61 62 63 64 65 66 67 68 69 70 71 72 }
	Port: forward_Pipeline_VITIS_LOOP_44_3 : v29 | {71 72 }
	Port: forward_Pipeline_VITIS_LOOP_44_3 : add_ln46 | {1 }
	Port: forward_Pipeline_VITIS_LOOP_44_3 : zext_ln44 | {1 }
  - Chain level:
	State 1
		store_ln0 : 1
		v15_1 : 1
		icmp_ln44 : 2
		br_ln44 : 3
		trunc_ln46 : 2
		shl_ln46_2 : 3
		zext_ln46 : 4
		shl_ln46_3 : 3
		zext_ln46_1 : 4
		add_ln46_2 : 5
		zext_ln46_2 : 6
		add_ln46_1 : 7
		trunc_ln46_1 : 8
	State 2
		gmem_addr : 1
		gmem_load_1_req : 2
	State 3
	State 4
	State 5
	State 6
	State 7
		store_ln44 : 1
	State 8
	State 9
	State 10
	State 11
	State 12
	State 13
	State 14
	State 15
	State 16
	State 17
	State 18
	State 19
	State 20
	State 21
	State 22
	State 23
	State 24
	State 25
	State 26
	State 27
	State 28
	State 29
	State 30
	State 31
	State 32
	State 33
	State 34
	State 35
	State 36
	State 37
	State 38
	State 39
	State 40
	State 41
	State 42
	State 43
	State 44
	State 45
	State 46
	State 47
	State 48
	State 49
	State 50
	State 51
	State 52
	State 53
	State 54
	State 55
	State 56
	State 57
	State 58
	State 59
	State 60
	State 61
	State 62
	State 63
	State 64
	State 65
	State 66
	State 67
	State 68
	State 69
	State 70
	State 71
		v29_addr : 1
		v16 : 2
	State 72
	State 73
		trunc_ln46_2 : 1
	State 74
		v19 : 1
	State 75
	State 76
	State 77
	State 78
		v20 : 1
		write_ln0 : 1
	State 79
	State 80
	State 81
	State 82
	State 83
	State 84
	State 85


============================================================
+ Verbose Summary: Datapath Resource usage 
============================================================

* Functional unit list:
|----------|----------------------------|---------|---------|---------|
| Operation|       Functional Unit      |   DSP   |    FF   |   LUT   |
|----------|----------------------------|---------|---------|---------|
|   fadd   |         grp_fu_146         |    2    |   318   |   198   |
|----------|----------------------------|---------|---------|---------|
|   fmul   |         grp_fu_150         |    3    |   143   |    78   |
|----------|----------------------------|---------|---------|---------|
|   lshr   |      lshr_ln46_fu_255      |    0    |    0    |   182   |
|----------|----------------------------|---------|---------|---------|
|          |      add_ln46_2_fu_205     |    0    |    0    |    22   |
|    add   |      add_ln46_1_fu_215     |    0    |    0    |    71   |
|          |       add_ln44_fu_241      |    0    |    0    |    18   |
|----------|----------------------------|---------|---------|---------|
|   icmp   |      icmp_ln44_fu_171      |    0    |    0    |    11   |
|----------|----------------------------|---------|---------|---------|
|          |  zext_ln44_read_read_fu_96 |    0    |    0    |    0    |
|   read   |  add_ln46_read_read_fu_102 |    0    |    0    |    0    |
|          |  v30_load_read_read_fu_108 |    0    |    0    |    0    |
|          | gmem_addr_read_read_fu_121 |    0    |    0    |    0    |
|----------|----------------------------|---------|---------|---------|
|  readreq |     grp_readreq_fu_114     |    0    |    0    |    0    |
|----------|----------------------------|---------|---------|---------|
|   write  |   write_ln0_write_fu_126   |    0    |    0    |    0    |
|----------|----------------------------|---------|---------|---------|
|          |    zext_ln44_cast_fu_154   |    0    |    0    |    0    |
|          |      zext_ln46_fu_189      |    0    |    0    |    0    |
|   zext   |     zext_ln46_1_fu_201     |    0    |    0    |    0    |
|          |     zext_ln46_2_fu_211     |    0    |    0    |    0    |
|          |      v15_cast7_fu_251      |    0    |    0    |    0    |
|----------|----------------------------|---------|---------|---------|
|   trunc  |      trunc_ln46_fu_177     |    0    |    0    |    0    |
|          |     trunc_ln46_2_fu_259    |    0    |    0    |    0    |
|----------|----------------------------|---------|---------|---------|
|bitconcatenate|      shl_ln46_2_fu_181     |    0    |    0    |    0    |
|          |      shl_ln46_3_fu_193     |    0    |    0    |    0    |
|----------|----------------------------|---------|---------|---------|
|partselect|     trunc_ln46_1_fu_221    |    0    |    0    |    0    |
|----------|----------------------------|---------|---------|---------|
|   sext   |      sext_ln46_fu_231      |    0    |    0    |    0    |
|----------|----------------------------|---------|---------|---------|
|   Total  |                            |    5    |   461   |   580   |
|----------|----------------------------|---------|---------|---------|

Memories:
N/A

* Register list:
+----------------------+--------+
|                      |   FF   |
+----------------------+--------+
|gmem_addr_read_reg_330|   64   |
|   gmem_addr_reg_314  |   64   |
|   icmp_ln44_reg_305  |    1   |
| trunc_ln46_1_reg_309 |   61   |
| trunc_ln46_2_reg_335 |   32   |
|     v15_1_reg_299    |   11   |
|      v15_reg_287     |   11   |
|      v16_reg_325     |   32   |
|      v17_reg_340     |   32   |
|   v18_load_reg_350   |   32   |
|      v18_reg_279     |   32   |
|      v19_reg_345     |   32   |
|      v20_reg_355     |   32   |
|   v29_addr_reg_320   |   10   |
|zext_ln44_cast_reg_294|   64   |
+----------------------+--------+
|         Total        |   510  |
+----------------------+--------+

* Multiplexer (MUX) list: 
|--------------------|------|------|------|--------||---------||---------|
|        Comp        |  Pin | Size |  BW  | S x BW ||  Delay  ||   LUT   |
|--------------------|------|------|------|--------||---------||---------|
| grp_readreq_fu_114 |  p1  |   2  |  64  |   128  ||    9    |
|  grp_access_fu_140 |  p0  |   2  |  10  |   20   ||    9    |
|     grp_fu_146     |  p0  |   2  |  32  |   64   ||    9    |
|     grp_fu_150     |  p1  |   2  |  32  |   64   ||    9    |
|--------------------|------|------|------|--------||---------||---------|
|        Total       |      |      |      |   276  ||  1.548  ||    36   |
|--------------------|------|------|------|--------||---------||---------|



* Summary:
+-----------+--------+--------+--------+--------+
|           |   DSP  |  Delay |   FF   |   LUT  |
+-----------+--------+--------+--------+--------+
|  Function |    5   |    -   |   461  |   580  |
|   Memory  |    -   |    -   |    -   |    -   |
|Multiplexer|    -   |    1   |    -   |   36   |
|  Register |    -   |    -   |   510  |    -   |
+-----------+--------+--------+--------+--------+
|   Total   |    5   |    1   |   971  |   616  |
+-----------+--------+--------+--------+--------+
