

================================================================
== Vitis HLS Report for 'cemit_replaced'
================================================================
* Date:           Mon Jun 12 16:50:43 2023

* Version:        2022.2 (Build 3670227 on Oct 13 2022)
* Project:        cemit_replaced
* Solution:       solution (Vitis Kernel Flow Target)
* Product family: virtexuplus
* Target device:  xcu280-fsvh2892-2L-e


================================================================
== Performance Estimates
================================================================
+ Timing: 
    * Summary: 
    +--------+---------+----------+------------+
    |  Clock |  Target | Estimated| Uncertainty|
    +--------+---------+----------+------------+
    |ap_clk  |  3.33 ns|  2.433 ns|     0.90 ns|
    +--------+---------+----------+------------+

+ Latency: 
    * Summary: 
    +---------+---------+----------+----------+-----+-----+---------+
    |  Latency (cycles) |  Latency (absolute) |  Interval | Pipeline|
    |   min   |   max   |    min   |    max   | min | max |   Type  |
    +---------+---------+----------+----------+-----+-----+---------+
    |        ?|        ?|         ?|         ?|    ?|    ?|       no|
    +---------+---------+----------+----------+-----+-----+---------+

    + Detail: 
        * Instance: 
        N/A

        * Loop: 
        N/A

============================================================
+ Verbose Summary: Synthesis Manager
============================================================
InlineROM: 1
ExposeGlobal: 0
============================================================
+ Verbose Summary: CDFG Model
============================================================
IsTopModel: 1
ResetActiveHigh: 1
IsCombinational: 0
IsDatapathOnly: 0
HasWiredReturn: 1
HasMFsm: 0
HasVarLatency: 1
IsPipeline: 0
IsRtlPipelined: 0
IsInstanceOverlapped: 0
IsDontTouch: 0
HasImplIP: 0
IsGatedGlobalClock: 0


============================================================
+ Verbose Summary: Schedule
============================================================
* Number of FSM states : 72
* Pipeline : 0
* Dataflow Pipeline: 0

* FSM state transitions: 
1 --> 2 
2 --> 3 
3 --> 4 
4 --> 5 
5 --> 6 
6 --> 7 
7 --> 8 
8 --> 9 
9 --> 10 
10 --> 11 
11 --> 12 
12 --> 13 
13 --> 14 
14 --> 15 
15 --> 16 
16 --> 17 
17 --> 18 
18 --> 19 
19 --> 20 
20 --> 21 
21 --> 22 
22 --> 23 
23 --> 24 
24 --> 25 
25 --> 26 
26 --> 27 
27 --> 28 
28 --> 29 
29 --> 30 
30 --> 31 
31 --> 32 
32 --> 33 
33 --> 34 
34 --> 35 
35 --> 36 
36 --> 37 
37 --> 38 
38 --> 39 
39 --> 40 
40 --> 41 
41 --> 42 
42 --> 43 
43 --> 44 
44 --> 45 
45 --> 46 
46 --> 47 
47 --> 48 
48 --> 49 
49 --> 50 
50 --> 51 
51 --> 52 
52 --> 53 
53 --> 54 
54 --> 55 
55 --> 56 
56 --> 57 
57 --> 58 
58 --> 59 
59 --> 60 
60 --> 61 
61 --> 62 
62 --> 63 
63 --> 64 
64 --> 65 
65 --> 66 
66 --> 67 
67 --> 68 
68 --> 69 
69 --> 70 
70 --> 71 
71 --> 72 
72 --> 

* FSM state operations: 

State 1 <SV = 0> <Delay = 1.00>
ST_1 : Operation 73 [1/1] (1.00ns)   --->   "%v18_read = read i64 @_ssdm_op_Read.s_axilite.i64, i64 %v18"   --->   Operation 73 'read' 'v18_read' <Predicate = true> <Delay = 1.00> <CoreInst = "s_axilite">   --->   Core 122 's_axilite' <Latency = 0> <II = 1> <Delay = 1.00> <Adapter> <Opcode : 'read' 'write'>
ST_1 : Operation 74 [1/1] (0.00ns)   --->   "%v22 = alloca i64 1"   --->   Operation 74 'alloca' 'v22' <Predicate = true> <Delay = 0.00> <CoreInst = "RAM_T2P_BRAM">   --->   Core 99 'RAM_T2P_BRAM' <Latency = 1> <II = 1> <Delay = 1.19> <Storage> <Opcode : 'load' 'store'> <Ports = 2> <Width = 32> <Depth = 10> <RAM>
ST_1 : Operation 75 [2/2] (0.00ns)   --->   "%call_ln107 = call void @forward_node1, i32 %v22" [/mnt/shared/home/tz32/scalehls_vitis_test/src/cemit_replaced.cpp:107]   --->   Operation 75 'call' 'call_ln107' <Predicate = true> <Delay = 0.00> <CoreType = "Generic">   --->   Core 0 '' <Latency = 0> <II = 1> <Delay = 1.00> <Generic> <Opcode : >
ST_1 : Operation 76 [1/1] (0.00ns)   --->   "%trunc_ln = partselect i61 @_ssdm_op_PartSelect.i61.i64.i32.i32, i64 %v18_read, i32 3, i32 63" [/mnt/shared/home/tz32/scalehls_vitis_test/src/cemit_replaced.cpp:33]   --->   Operation 76 'partselect' 'trunc_ln' <Predicate = true> <Delay = 0.00>

State 2 <SV = 1> <Delay = 2.43>
ST_2 : Operation 77 [1/2] (0.00ns)   --->   "%call_ln107 = call void @forward_node1, i32 %v22" [/mnt/shared/home/tz32/scalehls_vitis_test/src/cemit_replaced.cpp:107]   --->   Operation 77 'call' 'call_ln107' <Predicate = true> <Delay = 0.00> <CoreType = "Generic">   --->   Core 0 '' <Latency = 0> <II = 1> <Delay = 1.00> <Generic> <Opcode : >
ST_2 : Operation 78 [1/1] (0.00ns)   --->   "%sext_ln33 = sext i61 %trunc_ln" [/mnt/shared/home/tz32/scalehls_vitis_test/src/cemit_replaced.cpp:33]   --->   Operation 78 'sext' 'sext_ln33' <Predicate = true> <Delay = 0.00>
ST_2 : Operation 79 [1/1] (0.00ns)   --->   "%gmem_addr = getelementptr i64 %gmem, i64 %sext_ln33" [/mnt/shared/home/tz32/scalehls_vitis_test/src/cemit_replaced.cpp:33]   --->   Operation 79 'getelementptr' 'gmem_addr' <Predicate = true> <Delay = 0.00>
ST_2 : Operation 80 [1/1] (2.43ns)   --->   "%empty = writereq i1 @_ssdm_op_WriteReq.m_axi.p1i64, i64 %gmem_addr, i32 5" [/mnt/shared/home/tz32/scalehls_vitis_test/src/cemit_replaced.cpp:33]   --->   Operation 80 'writereq' 'empty' <Predicate = true> <Delay = 2.43> <CoreInst = "m_axi">   --->   Core 121 'm_axi' <Latency = 0> <II = 1> <Delay = 1.00> <Adapter> <Opcode : 'read' 'write' 'readreq' 'writereq' 'writeresp'>

State 3 <SV = 2> <Delay = 0.00>
ST_3 : Operation 81 [2/2] (0.00ns)   --->   "%call_ln33 = call void @cemit_replaced_Pipeline_VITIS_LOOP_33_2, i64 %gmem, i61 %trunc_ln, i32 %v22, i32 %v20" [/mnt/shared/home/tz32/scalehls_vitis_test/src/cemit_replaced.cpp:33]   --->   Operation 81 'call' 'call_ln33' <Predicate = true> <Delay = 0.00> <CoreType = "Generic">   --->   Core 0 '' <Latency = 0> <II = 1> <Delay = 1.00> <Generic> <Opcode : >

State 4 <SV = 3> <Delay = 0.00>
ST_4 : Operation 82 [1/2] (0.00ns)   --->   "%call_ln33 = call void @cemit_replaced_Pipeline_VITIS_LOOP_33_2, i64 %gmem, i61 %trunc_ln, i32 %v22, i32 %v20" [/mnt/shared/home/tz32/scalehls_vitis_test/src/cemit_replaced.cpp:33]   --->   Operation 82 'call' 'call_ln33' <Predicate = true> <Delay = 0.00> <CoreType = "Generic">   --->   Core 0 '' <Latency = 0> <II = 1> <Delay = 1.00> <Generic> <Opcode : >

State 5 <SV = 4> <Delay = 2.43>
ST_5 : Operation 83 [68/68] (2.43ns)   --->   "%empty_64 = writeresp i1 @_ssdm_op_WriteResp.m_axi.p1i64, i64 %gmem_addr" [/mnt/shared/home/tz32/scalehls_vitis_test/src/cemit_replaced.cpp:110]   --->   Operation 83 'writeresp' 'empty_64' <Predicate = true> <Delay = 2.43> <CoreInst = "m_axi">   --->   Core 121 'm_axi' <Latency = 0> <II = 1> <Delay = 1.00> <Adapter> <Opcode : 'read' 'write' 'readreq' 'writereq' 'writeresp'>

State 6 <SV = 5> <Delay = 2.43>
ST_6 : Operation 84 [67/68] (2.43ns)   --->   "%empty_64 = writeresp i1 @_ssdm_op_WriteResp.m_axi.p1i64, i64 %gmem_addr" [/mnt/shared/home/tz32/scalehls_vitis_test/src/cemit_replaced.cpp:110]   --->   Operation 84 'writeresp' 'empty_64' <Predicate = true> <Delay = 2.43> <CoreInst = "m_axi">   --->   Core 121 'm_axi' <Latency = 0> <II = 1> <Delay = 1.00> <Adapter> <Opcode : 'read' 'write' 'readreq' 'writereq' 'writeresp'>

State 7 <SV = 6> <Delay = 2.43>
ST_7 : Operation 85 [66/68] (2.43ns)   --->   "%empty_64 = writeresp i1 @_ssdm_op_WriteResp.m_axi.p1i64, i64 %gmem_addr" [/mnt/shared/home/tz32/scalehls_vitis_test/src/cemit_replaced.cpp:110]   --->   Operation 85 'writeresp' 'empty_64' <Predicate = true> <Delay = 2.43> <CoreInst = "m_axi">   --->   Core 121 'm_axi' <Latency = 0> <II = 1> <Delay = 1.00> <Adapter> <Opcode : 'read' 'write' 'readreq' 'writereq' 'writeresp'>

State 8 <SV = 7> <Delay = 2.43>
ST_8 : Operation 86 [65/68] (2.43ns)   --->   "%empty_64 = writeresp i1 @_ssdm_op_WriteResp.m_axi.p1i64, i64 %gmem_addr" [/mnt/shared/home/tz32/scalehls_vitis_test/src/cemit_replaced.cpp:110]   --->   Operation 86 'writeresp' 'empty_64' <Predicate = true> <Delay = 2.43> <CoreInst = "m_axi">   --->   Core 121 'm_axi' <Latency = 0> <II = 1> <Delay = 1.00> <Adapter> <Opcode : 'read' 'write' 'readreq' 'writereq' 'writeresp'>

State 9 <SV = 8> <Delay = 2.43>
ST_9 : Operation 87 [64/68] (2.43ns)   --->   "%empty_64 = writeresp i1 @_ssdm_op_WriteResp.m_axi.p1i64, i64 %gmem_addr" [/mnt/shared/home/tz32/scalehls_vitis_test/src/cemit_replaced.cpp:110]   --->   Operation 87 'writeresp' 'empty_64' <Predicate = true> <Delay = 2.43> <CoreInst = "m_axi">   --->   Core 121 'm_axi' <Latency = 0> <II = 1> <Delay = 1.00> <Adapter> <Opcode : 'read' 'write' 'readreq' 'writereq' 'writeresp'>

State 10 <SV = 9> <Delay = 2.43>
ST_10 : Operation 88 [63/68] (2.43ns)   --->   "%empty_64 = writeresp i1 @_ssdm_op_WriteResp.m_axi.p1i64, i64 %gmem_addr" [/mnt/shared/home/tz32/scalehls_vitis_test/src/cemit_replaced.cpp:110]   --->   Operation 88 'writeresp' 'empty_64' <Predicate = true> <Delay = 2.43> <CoreInst = "m_axi">   --->   Core 121 'm_axi' <Latency = 0> <II = 1> <Delay = 1.00> <Adapter> <Opcode : 'read' 'write' 'readreq' 'writereq' 'writeresp'>

State 11 <SV = 10> <Delay = 2.43>
ST_11 : Operation 89 [62/68] (2.43ns)   --->   "%empty_64 = writeresp i1 @_ssdm_op_WriteResp.m_axi.p1i64, i64 %gmem_addr" [/mnt/shared/home/tz32/scalehls_vitis_test/src/cemit_replaced.cpp:110]   --->   Operation 89 'writeresp' 'empty_64' <Predicate = true> <Delay = 2.43> <CoreInst = "m_axi">   --->   Core 121 'm_axi' <Latency = 0> <II = 1> <Delay = 1.00> <Adapter> <Opcode : 'read' 'write' 'readreq' 'writereq' 'writeresp'>

State 12 <SV = 11> <Delay = 2.43>
ST_12 : Operation 90 [61/68] (2.43ns)   --->   "%empty_64 = writeresp i1 @_ssdm_op_WriteResp.m_axi.p1i64, i64 %gmem_addr" [/mnt/shared/home/tz32/scalehls_vitis_test/src/cemit_replaced.cpp:110]   --->   Operation 90 'writeresp' 'empty_64' <Predicate = true> <Delay = 2.43> <CoreInst = "m_axi">   --->   Core 121 'm_axi' <Latency = 0> <II = 1> <Delay = 1.00> <Adapter> <Opcode : 'read' 'write' 'readreq' 'writereq' 'writeresp'>

State 13 <SV = 12> <Delay = 2.43>
ST_13 : Operation 91 [60/68] (2.43ns)   --->   "%empty_64 = writeresp i1 @_ssdm_op_WriteResp.m_axi.p1i64, i64 %gmem_addr" [/mnt/shared/home/tz32/scalehls_vitis_test/src/cemit_replaced.cpp:110]   --->   Operation 91 'writeresp' 'empty_64' <Predicate = true> <Delay = 2.43> <CoreInst = "m_axi">   --->   Core 121 'm_axi' <Latency = 0> <II = 1> <Delay = 1.00> <Adapter> <Opcode : 'read' 'write' 'readreq' 'writereq' 'writeresp'>

State 14 <SV = 13> <Delay = 2.43>
ST_14 : Operation 92 [59/68] (2.43ns)   --->   "%empty_64 = writeresp i1 @_ssdm_op_WriteResp.m_axi.p1i64, i64 %gmem_addr" [/mnt/shared/home/tz32/scalehls_vitis_test/src/cemit_replaced.cpp:110]   --->   Operation 92 'writeresp' 'empty_64' <Predicate = true> <Delay = 2.43> <CoreInst = "m_axi">   --->   Core 121 'm_axi' <Latency = 0> <II = 1> <Delay = 1.00> <Adapter> <Opcode : 'read' 'write' 'readreq' 'writereq' 'writeresp'>

State 15 <SV = 14> <Delay = 2.43>
ST_15 : Operation 93 [58/68] (2.43ns)   --->   "%empty_64 = writeresp i1 @_ssdm_op_WriteResp.m_axi.p1i64, i64 %gmem_addr" [/mnt/shared/home/tz32/scalehls_vitis_test/src/cemit_replaced.cpp:110]   --->   Operation 93 'writeresp' 'empty_64' <Predicate = true> <Delay = 2.43> <CoreInst = "m_axi">   --->   Core 121 'm_axi' <Latency = 0> <II = 1> <Delay = 1.00> <Adapter> <Opcode : 'read' 'write' 'readreq' 'writereq' 'writeresp'>

State 16 <SV = 15> <Delay = 2.43>
ST_16 : Operation 94 [57/68] (2.43ns)   --->   "%empty_64 = writeresp i1 @_ssdm_op_WriteResp.m_axi.p1i64, i64 %gmem_addr" [/mnt/shared/home/tz32/scalehls_vitis_test/src/cemit_replaced.cpp:110]   --->   Operation 94 'writeresp' 'empty_64' <Predicate = true> <Delay = 2.43> <CoreInst = "m_axi">   --->   Core 121 'm_axi' <Latency = 0> <II = 1> <Delay = 1.00> <Adapter> <Opcode : 'read' 'write' 'readreq' 'writereq' 'writeresp'>

State 17 <SV = 16> <Delay = 2.43>
ST_17 : Operation 95 [56/68] (2.43ns)   --->   "%empty_64 = writeresp i1 @_ssdm_op_WriteResp.m_axi.p1i64, i64 %gmem_addr" [/mnt/shared/home/tz32/scalehls_vitis_test/src/cemit_replaced.cpp:110]   --->   Operation 95 'writeresp' 'empty_64' <Predicate = true> <Delay = 2.43> <CoreInst = "m_axi">   --->   Core 121 'm_axi' <Latency = 0> <II = 1> <Delay = 1.00> <Adapter> <Opcode : 'read' 'write' 'readreq' 'writereq' 'writeresp'>

State 18 <SV = 17> <Delay = 2.43>
ST_18 : Operation 96 [55/68] (2.43ns)   --->   "%empty_64 = writeresp i1 @_ssdm_op_WriteResp.m_axi.p1i64, i64 %gmem_addr" [/mnt/shared/home/tz32/scalehls_vitis_test/src/cemit_replaced.cpp:110]   --->   Operation 96 'writeresp' 'empty_64' <Predicate = true> <Delay = 2.43> <CoreInst = "m_axi">   --->   Core 121 'm_axi' <Latency = 0> <II = 1> <Delay = 1.00> <Adapter> <Opcode : 'read' 'write' 'readreq' 'writereq' 'writeresp'>

State 19 <SV = 18> <Delay = 2.43>
ST_19 : Operation 97 [54/68] (2.43ns)   --->   "%empty_64 = writeresp i1 @_ssdm_op_WriteResp.m_axi.p1i64, i64 %gmem_addr" [/mnt/shared/home/tz32/scalehls_vitis_test/src/cemit_replaced.cpp:110]   --->   Operation 97 'writeresp' 'empty_64' <Predicate = true> <Delay = 2.43> <CoreInst = "m_axi">   --->   Core 121 'm_axi' <Latency = 0> <II = 1> <Delay = 1.00> <Adapter> <Opcode : 'read' 'write' 'readreq' 'writereq' 'writeresp'>

State 20 <SV = 19> <Delay = 2.43>
ST_20 : Operation 98 [53/68] (2.43ns)   --->   "%empty_64 = writeresp i1 @_ssdm_op_WriteResp.m_axi.p1i64, i64 %gmem_addr" [/mnt/shared/home/tz32/scalehls_vitis_test/src/cemit_replaced.cpp:110]   --->   Operation 98 'writeresp' 'empty_64' <Predicate = true> <Delay = 2.43> <CoreInst = "m_axi">   --->   Core 121 'm_axi' <Latency = 0> <II = 1> <Delay = 1.00> <Adapter> <Opcode : 'read' 'write' 'readreq' 'writereq' 'writeresp'>

State 21 <SV = 20> <Delay = 2.43>
ST_21 : Operation 99 [52/68] (2.43ns)   --->   "%empty_64 = writeresp i1 @_ssdm_op_WriteResp.m_axi.p1i64, i64 %gmem_addr" [/mnt/shared/home/tz32/scalehls_vitis_test/src/cemit_replaced.cpp:110]   --->   Operation 99 'writeresp' 'empty_64' <Predicate = true> <Delay = 2.43> <CoreInst = "m_axi">   --->   Core 121 'm_axi' <Latency = 0> <II = 1> <Delay = 1.00> <Adapter> <Opcode : 'read' 'write' 'readreq' 'writereq' 'writeresp'>

State 22 <SV = 21> <Delay = 2.43>
ST_22 : Operation 100 [51/68] (2.43ns)   --->   "%empty_64 = writeresp i1 @_ssdm_op_WriteResp.m_axi.p1i64, i64 %gmem_addr" [/mnt/shared/home/tz32/scalehls_vitis_test/src/cemit_replaced.cpp:110]   --->   Operation 100 'writeresp' 'empty_64' <Predicate = true> <Delay = 2.43> <CoreInst = "m_axi">   --->   Core 121 'm_axi' <Latency = 0> <II = 1> <Delay = 1.00> <Adapter> <Opcode : 'read' 'write' 'readreq' 'writereq' 'writeresp'>

State 23 <SV = 22> <Delay = 2.43>
ST_23 : Operation 101 [50/68] (2.43ns)   --->   "%empty_64 = writeresp i1 @_ssdm_op_WriteResp.m_axi.p1i64, i64 %gmem_addr" [/mnt/shared/home/tz32/scalehls_vitis_test/src/cemit_replaced.cpp:110]   --->   Operation 101 'writeresp' 'empty_64' <Predicate = true> <Delay = 2.43> <CoreInst = "m_axi">   --->   Core 121 'm_axi' <Latency = 0> <II = 1> <Delay = 1.00> <Adapter> <Opcode : 'read' 'write' 'readreq' 'writereq' 'writeresp'>

State 24 <SV = 23> <Delay = 2.43>
ST_24 : Operation 102 [49/68] (2.43ns)   --->   "%empty_64 = writeresp i1 @_ssdm_op_WriteResp.m_axi.p1i64, i64 %gmem_addr" [/mnt/shared/home/tz32/scalehls_vitis_test/src/cemit_replaced.cpp:110]   --->   Operation 102 'writeresp' 'empty_64' <Predicate = true> <Delay = 2.43> <CoreInst = "m_axi">   --->   Core 121 'm_axi' <Latency = 0> <II = 1> <Delay = 1.00> <Adapter> <Opcode : 'read' 'write' 'readreq' 'writereq' 'writeresp'>

State 25 <SV = 24> <Delay = 2.43>
ST_25 : Operation 103 [48/68] (2.43ns)   --->   "%empty_64 = writeresp i1 @_ssdm_op_WriteResp.m_axi.p1i64, i64 %gmem_addr" [/mnt/shared/home/tz32/scalehls_vitis_test/src/cemit_replaced.cpp:110]   --->   Operation 103 'writeresp' 'empty_64' <Predicate = true> <Delay = 2.43> <CoreInst = "m_axi">   --->   Core 121 'm_axi' <Latency = 0> <II = 1> <Delay = 1.00> <Adapter> <Opcode : 'read' 'write' 'readreq' 'writereq' 'writeresp'>

State 26 <SV = 25> <Delay = 2.43>
ST_26 : Operation 104 [47/68] (2.43ns)   --->   "%empty_64 = writeresp i1 @_ssdm_op_WriteResp.m_axi.p1i64, i64 %gmem_addr" [/mnt/shared/home/tz32/scalehls_vitis_test/src/cemit_replaced.cpp:110]   --->   Operation 104 'writeresp' 'empty_64' <Predicate = true> <Delay = 2.43> <CoreInst = "m_axi">   --->   Core 121 'm_axi' <Latency = 0> <II = 1> <Delay = 1.00> <Adapter> <Opcode : 'read' 'write' 'readreq' 'writereq' 'writeresp'>

State 27 <SV = 26> <Delay = 2.43>
ST_27 : Operation 105 [46/68] (2.43ns)   --->   "%empty_64 = writeresp i1 @_ssdm_op_WriteResp.m_axi.p1i64, i64 %gmem_addr" [/mnt/shared/home/tz32/scalehls_vitis_test/src/cemit_replaced.cpp:110]   --->   Operation 105 'writeresp' 'empty_64' <Predicate = true> <Delay = 2.43> <CoreInst = "m_axi">   --->   Core 121 'm_axi' <Latency = 0> <II = 1> <Delay = 1.00> <Adapter> <Opcode : 'read' 'write' 'readreq' 'writereq' 'writeresp'>

State 28 <SV = 27> <Delay = 2.43>
ST_28 : Operation 106 [45/68] (2.43ns)   --->   "%empty_64 = writeresp i1 @_ssdm_op_WriteResp.m_axi.p1i64, i64 %gmem_addr" [/mnt/shared/home/tz32/scalehls_vitis_test/src/cemit_replaced.cpp:110]   --->   Operation 106 'writeresp' 'empty_64' <Predicate = true> <Delay = 2.43> <CoreInst = "m_axi">   --->   Core 121 'm_axi' <Latency = 0> <II = 1> <Delay = 1.00> <Adapter> <Opcode : 'read' 'write' 'readreq' 'writereq' 'writeresp'>

State 29 <SV = 28> <Delay = 2.43>
ST_29 : Operation 107 [44/68] (2.43ns)   --->   "%empty_64 = writeresp i1 @_ssdm_op_WriteResp.m_axi.p1i64, i64 %gmem_addr" [/mnt/shared/home/tz32/scalehls_vitis_test/src/cemit_replaced.cpp:110]   --->   Operation 107 'writeresp' 'empty_64' <Predicate = true> <Delay = 2.43> <CoreInst = "m_axi">   --->   Core 121 'm_axi' <Latency = 0> <II = 1> <Delay = 1.00> <Adapter> <Opcode : 'read' 'write' 'readreq' 'writereq' 'writeresp'>

State 30 <SV = 29> <Delay = 2.43>
ST_30 : Operation 108 [43/68] (2.43ns)   --->   "%empty_64 = writeresp i1 @_ssdm_op_WriteResp.m_axi.p1i64, i64 %gmem_addr" [/mnt/shared/home/tz32/scalehls_vitis_test/src/cemit_replaced.cpp:110]   --->   Operation 108 'writeresp' 'empty_64' <Predicate = true> <Delay = 2.43> <CoreInst = "m_axi">   --->   Core 121 'm_axi' <Latency = 0> <II = 1> <Delay = 1.00> <Adapter> <Opcode : 'read' 'write' 'readreq' 'writereq' 'writeresp'>

State 31 <SV = 30> <Delay = 2.43>
ST_31 : Operation 109 [42/68] (2.43ns)   --->   "%empty_64 = writeresp i1 @_ssdm_op_WriteResp.m_axi.p1i64, i64 %gmem_addr" [/mnt/shared/home/tz32/scalehls_vitis_test/src/cemit_replaced.cpp:110]   --->   Operation 109 'writeresp' 'empty_64' <Predicate = true> <Delay = 2.43> <CoreInst = "m_axi">   --->   Core 121 'm_axi' <Latency = 0> <II = 1> <Delay = 1.00> <Adapter> <Opcode : 'read' 'write' 'readreq' 'writereq' 'writeresp'>

State 32 <SV = 31> <Delay = 2.43>
ST_32 : Operation 110 [41/68] (2.43ns)   --->   "%empty_64 = writeresp i1 @_ssdm_op_WriteResp.m_axi.p1i64, i64 %gmem_addr" [/mnt/shared/home/tz32/scalehls_vitis_test/src/cemit_replaced.cpp:110]   --->   Operation 110 'writeresp' 'empty_64' <Predicate = true> <Delay = 2.43> <CoreInst = "m_axi">   --->   Core 121 'm_axi' <Latency = 0> <II = 1> <Delay = 1.00> <Adapter> <Opcode : 'read' 'write' 'readreq' 'writereq' 'writeresp'>

State 33 <SV = 32> <Delay = 2.43>
ST_33 : Operation 111 [40/68] (2.43ns)   --->   "%empty_64 = writeresp i1 @_ssdm_op_WriteResp.m_axi.p1i64, i64 %gmem_addr" [/mnt/shared/home/tz32/scalehls_vitis_test/src/cemit_replaced.cpp:110]   --->   Operation 111 'writeresp' 'empty_64' <Predicate = true> <Delay = 2.43> <CoreInst = "m_axi">   --->   Core 121 'm_axi' <Latency = 0> <II = 1> <Delay = 1.00> <Adapter> <Opcode : 'read' 'write' 'readreq' 'writereq' 'writeresp'>

State 34 <SV = 33> <Delay = 2.43>
ST_34 : Operation 112 [39/68] (2.43ns)   --->   "%empty_64 = writeresp i1 @_ssdm_op_WriteResp.m_axi.p1i64, i64 %gmem_addr" [/mnt/shared/home/tz32/scalehls_vitis_test/src/cemit_replaced.cpp:110]   --->   Operation 112 'writeresp' 'empty_64' <Predicate = true> <Delay = 2.43> <CoreInst = "m_axi">   --->   Core 121 'm_axi' <Latency = 0> <II = 1> <Delay = 1.00> <Adapter> <Opcode : 'read' 'write' 'readreq' 'writereq' 'writeresp'>

State 35 <SV = 34> <Delay = 2.43>
ST_35 : Operation 113 [38/68] (2.43ns)   --->   "%empty_64 = writeresp i1 @_ssdm_op_WriteResp.m_axi.p1i64, i64 %gmem_addr" [/mnt/shared/home/tz32/scalehls_vitis_test/src/cemit_replaced.cpp:110]   --->   Operation 113 'writeresp' 'empty_64' <Predicate = true> <Delay = 2.43> <CoreInst = "m_axi">   --->   Core 121 'm_axi' <Latency = 0> <II = 1> <Delay = 1.00> <Adapter> <Opcode : 'read' 'write' 'readreq' 'writereq' 'writeresp'>

State 36 <SV = 35> <Delay = 2.43>
ST_36 : Operation 114 [37/68] (2.43ns)   --->   "%empty_64 = writeresp i1 @_ssdm_op_WriteResp.m_axi.p1i64, i64 %gmem_addr" [/mnt/shared/home/tz32/scalehls_vitis_test/src/cemit_replaced.cpp:110]   --->   Operation 114 'writeresp' 'empty_64' <Predicate = true> <Delay = 2.43> <CoreInst = "m_axi">   --->   Core 121 'm_axi' <Latency = 0> <II = 1> <Delay = 1.00> <Adapter> <Opcode : 'read' 'write' 'readreq' 'writereq' 'writeresp'>

State 37 <SV = 36> <Delay = 2.43>
ST_37 : Operation 115 [36/68] (2.43ns)   --->   "%empty_64 = writeresp i1 @_ssdm_op_WriteResp.m_axi.p1i64, i64 %gmem_addr" [/mnt/shared/home/tz32/scalehls_vitis_test/src/cemit_replaced.cpp:110]   --->   Operation 115 'writeresp' 'empty_64' <Predicate = true> <Delay = 2.43> <CoreInst = "m_axi">   --->   Core 121 'm_axi' <Latency = 0> <II = 1> <Delay = 1.00> <Adapter> <Opcode : 'read' 'write' 'readreq' 'writereq' 'writeresp'>

State 38 <SV = 37> <Delay = 2.43>
ST_38 : Operation 116 [35/68] (2.43ns)   --->   "%empty_64 = writeresp i1 @_ssdm_op_WriteResp.m_axi.p1i64, i64 %gmem_addr" [/mnt/shared/home/tz32/scalehls_vitis_test/src/cemit_replaced.cpp:110]   --->   Operation 116 'writeresp' 'empty_64' <Predicate = true> <Delay = 2.43> <CoreInst = "m_axi">   --->   Core 121 'm_axi' <Latency = 0> <II = 1> <Delay = 1.00> <Adapter> <Opcode : 'read' 'write' 'readreq' 'writereq' 'writeresp'>

State 39 <SV = 38> <Delay = 2.43>
ST_39 : Operation 117 [34/68] (2.43ns)   --->   "%empty_64 = writeresp i1 @_ssdm_op_WriteResp.m_axi.p1i64, i64 %gmem_addr" [/mnt/shared/home/tz32/scalehls_vitis_test/src/cemit_replaced.cpp:110]   --->   Operation 117 'writeresp' 'empty_64' <Predicate = true> <Delay = 2.43> <CoreInst = "m_axi">   --->   Core 121 'm_axi' <Latency = 0> <II = 1> <Delay = 1.00> <Adapter> <Opcode : 'read' 'write' 'readreq' 'writereq' 'writeresp'>

State 40 <SV = 39> <Delay = 2.43>
ST_40 : Operation 118 [33/68] (2.43ns)   --->   "%empty_64 = writeresp i1 @_ssdm_op_WriteResp.m_axi.p1i64, i64 %gmem_addr" [/mnt/shared/home/tz32/scalehls_vitis_test/src/cemit_replaced.cpp:110]   --->   Operation 118 'writeresp' 'empty_64' <Predicate = true> <Delay = 2.43> <CoreInst = "m_axi">   --->   Core 121 'm_axi' <Latency = 0> <II = 1> <Delay = 1.00> <Adapter> <Opcode : 'read' 'write' 'readreq' 'writereq' 'writeresp'>

State 41 <SV = 40> <Delay = 2.43>
ST_41 : Operation 119 [32/68] (2.43ns)   --->   "%empty_64 = writeresp i1 @_ssdm_op_WriteResp.m_axi.p1i64, i64 %gmem_addr" [/mnt/shared/home/tz32/scalehls_vitis_test/src/cemit_replaced.cpp:110]   --->   Operation 119 'writeresp' 'empty_64' <Predicate = true> <Delay = 2.43> <CoreInst = "m_axi">   --->   Core 121 'm_axi' <Latency = 0> <II = 1> <Delay = 1.00> <Adapter> <Opcode : 'read' 'write' 'readreq' 'writereq' 'writeresp'>

State 42 <SV = 41> <Delay = 2.43>
ST_42 : Operation 120 [31/68] (2.43ns)   --->   "%empty_64 = writeresp i1 @_ssdm_op_WriteResp.m_axi.p1i64, i64 %gmem_addr" [/mnt/shared/home/tz32/scalehls_vitis_test/src/cemit_replaced.cpp:110]   --->   Operation 120 'writeresp' 'empty_64' <Predicate = true> <Delay = 2.43> <CoreInst = "m_axi">   --->   Core 121 'm_axi' <Latency = 0> <II = 1> <Delay = 1.00> <Adapter> <Opcode : 'read' 'write' 'readreq' 'writereq' 'writeresp'>

State 43 <SV = 42> <Delay = 2.43>
ST_43 : Operation 121 [30/68] (2.43ns)   --->   "%empty_64 = writeresp i1 @_ssdm_op_WriteResp.m_axi.p1i64, i64 %gmem_addr" [/mnt/shared/home/tz32/scalehls_vitis_test/src/cemit_replaced.cpp:110]   --->   Operation 121 'writeresp' 'empty_64' <Predicate = true> <Delay = 2.43> <CoreInst = "m_axi">   --->   Core 121 'm_axi' <Latency = 0> <II = 1> <Delay = 1.00> <Adapter> <Opcode : 'read' 'write' 'readreq' 'writereq' 'writeresp'>

State 44 <SV = 43> <Delay = 2.43>
ST_44 : Operation 122 [29/68] (2.43ns)   --->   "%empty_64 = writeresp i1 @_ssdm_op_WriteResp.m_axi.p1i64, i64 %gmem_addr" [/mnt/shared/home/tz32/scalehls_vitis_test/src/cemit_replaced.cpp:110]   --->   Operation 122 'writeresp' 'empty_64' <Predicate = true> <Delay = 2.43> <CoreInst = "m_axi">   --->   Core 121 'm_axi' <Latency = 0> <II = 1> <Delay = 1.00> <Adapter> <Opcode : 'read' 'write' 'readreq' 'writereq' 'writeresp'>

State 45 <SV = 44> <Delay = 2.43>
ST_45 : Operation 123 [28/68] (2.43ns)   --->   "%empty_64 = writeresp i1 @_ssdm_op_WriteResp.m_axi.p1i64, i64 %gmem_addr" [/mnt/shared/home/tz32/scalehls_vitis_test/src/cemit_replaced.cpp:110]   --->   Operation 123 'writeresp' 'empty_64' <Predicate = true> <Delay = 2.43> <CoreInst = "m_axi">   --->   Core 121 'm_axi' <Latency = 0> <II = 1> <Delay = 1.00> <Adapter> <Opcode : 'read' 'write' 'readreq' 'writereq' 'writeresp'>

State 46 <SV = 45> <Delay = 2.43>
ST_46 : Operation 124 [27/68] (2.43ns)   --->   "%empty_64 = writeresp i1 @_ssdm_op_WriteResp.m_axi.p1i64, i64 %gmem_addr" [/mnt/shared/home/tz32/scalehls_vitis_test/src/cemit_replaced.cpp:110]   --->   Operation 124 'writeresp' 'empty_64' <Predicate = true> <Delay = 2.43> <CoreInst = "m_axi">   --->   Core 121 'm_axi' <Latency = 0> <II = 1> <Delay = 1.00> <Adapter> <Opcode : 'read' 'write' 'readreq' 'writereq' 'writeresp'>

State 47 <SV = 46> <Delay = 2.43>
ST_47 : Operation 125 [26/68] (2.43ns)   --->   "%empty_64 = writeresp i1 @_ssdm_op_WriteResp.m_axi.p1i64, i64 %gmem_addr" [/mnt/shared/home/tz32/scalehls_vitis_test/src/cemit_replaced.cpp:110]   --->   Operation 125 'writeresp' 'empty_64' <Predicate = true> <Delay = 2.43> <CoreInst = "m_axi">   --->   Core 121 'm_axi' <Latency = 0> <II = 1> <Delay = 1.00> <Adapter> <Opcode : 'read' 'write' 'readreq' 'writereq' 'writeresp'>

State 48 <SV = 47> <Delay = 2.43>
ST_48 : Operation 126 [25/68] (2.43ns)   --->   "%empty_64 = writeresp i1 @_ssdm_op_WriteResp.m_axi.p1i64, i64 %gmem_addr" [/mnt/shared/home/tz32/scalehls_vitis_test/src/cemit_replaced.cpp:110]   --->   Operation 126 'writeresp' 'empty_64' <Predicate = true> <Delay = 2.43> <CoreInst = "m_axi">   --->   Core 121 'm_axi' <Latency = 0> <II = 1> <Delay = 1.00> <Adapter> <Opcode : 'read' 'write' 'readreq' 'writereq' 'writeresp'>

State 49 <SV = 48> <Delay = 2.43>
ST_49 : Operation 127 [24/68] (2.43ns)   --->   "%empty_64 = writeresp i1 @_ssdm_op_WriteResp.m_axi.p1i64, i64 %gmem_addr" [/mnt/shared/home/tz32/scalehls_vitis_test/src/cemit_replaced.cpp:110]   --->   Operation 127 'writeresp' 'empty_64' <Predicate = true> <Delay = 2.43> <CoreInst = "m_axi">   --->   Core 121 'm_axi' <Latency = 0> <II = 1> <Delay = 1.00> <Adapter> <Opcode : 'read' 'write' 'readreq' 'writereq' 'writeresp'>

State 50 <SV = 49> <Delay = 2.43>
ST_50 : Operation 128 [23/68] (2.43ns)   --->   "%empty_64 = writeresp i1 @_ssdm_op_WriteResp.m_axi.p1i64, i64 %gmem_addr" [/mnt/shared/home/tz32/scalehls_vitis_test/src/cemit_replaced.cpp:110]   --->   Operation 128 'writeresp' 'empty_64' <Predicate = true> <Delay = 2.43> <CoreInst = "m_axi">   --->   Core 121 'm_axi' <Latency = 0> <II = 1> <Delay = 1.00> <Adapter> <Opcode : 'read' 'write' 'readreq' 'writereq' 'writeresp'>

State 51 <SV = 50> <Delay = 2.43>
ST_51 : Operation 129 [22/68] (2.43ns)   --->   "%empty_64 = writeresp i1 @_ssdm_op_WriteResp.m_axi.p1i64, i64 %gmem_addr" [/mnt/shared/home/tz32/scalehls_vitis_test/src/cemit_replaced.cpp:110]   --->   Operation 129 'writeresp' 'empty_64' <Predicate = true> <Delay = 2.43> <CoreInst = "m_axi">   --->   Core 121 'm_axi' <Latency = 0> <II = 1> <Delay = 1.00> <Adapter> <Opcode : 'read' 'write' 'readreq' 'writereq' 'writeresp'>

State 52 <SV = 51> <Delay = 2.43>
ST_52 : Operation 130 [21/68] (2.43ns)   --->   "%empty_64 = writeresp i1 @_ssdm_op_WriteResp.m_axi.p1i64, i64 %gmem_addr" [/mnt/shared/home/tz32/scalehls_vitis_test/src/cemit_replaced.cpp:110]   --->   Operation 130 'writeresp' 'empty_64' <Predicate = true> <Delay = 2.43> <CoreInst = "m_axi">   --->   Core 121 'm_axi' <Latency = 0> <II = 1> <Delay = 1.00> <Adapter> <Opcode : 'read' 'write' 'readreq' 'writereq' 'writeresp'>

State 53 <SV = 52> <Delay = 2.43>
ST_53 : Operation 131 [20/68] (2.43ns)   --->   "%empty_64 = writeresp i1 @_ssdm_op_WriteResp.m_axi.p1i64, i64 %gmem_addr" [/mnt/shared/home/tz32/scalehls_vitis_test/src/cemit_replaced.cpp:110]   --->   Operation 131 'writeresp' 'empty_64' <Predicate = true> <Delay = 2.43> <CoreInst = "m_axi">   --->   Core 121 'm_axi' <Latency = 0> <II = 1> <Delay = 1.00> <Adapter> <Opcode : 'read' 'write' 'readreq' 'writereq' 'writeresp'>

State 54 <SV = 53> <Delay = 2.43>
ST_54 : Operation 132 [19/68] (2.43ns)   --->   "%empty_64 = writeresp i1 @_ssdm_op_WriteResp.m_axi.p1i64, i64 %gmem_addr" [/mnt/shared/home/tz32/scalehls_vitis_test/src/cemit_replaced.cpp:110]   --->   Operation 132 'writeresp' 'empty_64' <Predicate = true> <Delay = 2.43> <CoreInst = "m_axi">   --->   Core 121 'm_axi' <Latency = 0> <II = 1> <Delay = 1.00> <Adapter> <Opcode : 'read' 'write' 'readreq' 'writereq' 'writeresp'>

State 55 <SV = 54> <Delay = 2.43>
ST_55 : Operation 133 [18/68] (2.43ns)   --->   "%empty_64 = writeresp i1 @_ssdm_op_WriteResp.m_axi.p1i64, i64 %gmem_addr" [/mnt/shared/home/tz32/scalehls_vitis_test/src/cemit_replaced.cpp:110]   --->   Operation 133 'writeresp' 'empty_64' <Predicate = true> <Delay = 2.43> <CoreInst = "m_axi">   --->   Core 121 'm_axi' <Latency = 0> <II = 1> <Delay = 1.00> <Adapter> <Opcode : 'read' 'write' 'readreq' 'writereq' 'writeresp'>

State 56 <SV = 55> <Delay = 2.43>
ST_56 : Operation 134 [17/68] (2.43ns)   --->   "%empty_64 = writeresp i1 @_ssdm_op_WriteResp.m_axi.p1i64, i64 %gmem_addr" [/mnt/shared/home/tz32/scalehls_vitis_test/src/cemit_replaced.cpp:110]   --->   Operation 134 'writeresp' 'empty_64' <Predicate = true> <Delay = 2.43> <CoreInst = "m_axi">   --->   Core 121 'm_axi' <Latency = 0> <II = 1> <Delay = 1.00> <Adapter> <Opcode : 'read' 'write' 'readreq' 'writereq' 'writeresp'>

State 57 <SV = 56> <Delay = 2.43>
ST_57 : Operation 135 [16/68] (2.43ns)   --->   "%empty_64 = writeresp i1 @_ssdm_op_WriteResp.m_axi.p1i64, i64 %gmem_addr" [/mnt/shared/home/tz32/scalehls_vitis_test/src/cemit_replaced.cpp:110]   --->   Operation 135 'writeresp' 'empty_64' <Predicate = true> <Delay = 2.43> <CoreInst = "m_axi">   --->   Core 121 'm_axi' <Latency = 0> <II = 1> <Delay = 1.00> <Adapter> <Opcode : 'read' 'write' 'readreq' 'writereq' 'writeresp'>

State 58 <SV = 57> <Delay = 2.43>
ST_58 : Operation 136 [15/68] (2.43ns)   --->   "%empty_64 = writeresp i1 @_ssdm_op_WriteResp.m_axi.p1i64, i64 %gmem_addr" [/mnt/shared/home/tz32/scalehls_vitis_test/src/cemit_replaced.cpp:110]   --->   Operation 136 'writeresp' 'empty_64' <Predicate = true> <Delay = 2.43> <CoreInst = "m_axi">   --->   Core 121 'm_axi' <Latency = 0> <II = 1> <Delay = 1.00> <Adapter> <Opcode : 'read' 'write' 'readreq' 'writereq' 'writeresp'>

State 59 <SV = 58> <Delay = 2.43>
ST_59 : Operation 137 [14/68] (2.43ns)   --->   "%empty_64 = writeresp i1 @_ssdm_op_WriteResp.m_axi.p1i64, i64 %gmem_addr" [/mnt/shared/home/tz32/scalehls_vitis_test/src/cemit_replaced.cpp:110]   --->   Operation 137 'writeresp' 'empty_64' <Predicate = true> <Delay = 2.43> <CoreInst = "m_axi">   --->   Core 121 'm_axi' <Latency = 0> <II = 1> <Delay = 1.00> <Adapter> <Opcode : 'read' 'write' 'readreq' 'writereq' 'writeresp'>

State 60 <SV = 59> <Delay = 2.43>
ST_60 : Operation 138 [13/68] (2.43ns)   --->   "%empty_64 = writeresp i1 @_ssdm_op_WriteResp.m_axi.p1i64, i64 %gmem_addr" [/mnt/shared/home/tz32/scalehls_vitis_test/src/cemit_replaced.cpp:110]   --->   Operation 138 'writeresp' 'empty_64' <Predicate = true> <Delay = 2.43> <CoreInst = "m_axi">   --->   Core 121 'm_axi' <Latency = 0> <II = 1> <Delay = 1.00> <Adapter> <Opcode : 'read' 'write' 'readreq' 'writereq' 'writeresp'>

State 61 <SV = 60> <Delay = 2.43>
ST_61 : Operation 139 [12/68] (2.43ns)   --->   "%empty_64 = writeresp i1 @_ssdm_op_WriteResp.m_axi.p1i64, i64 %gmem_addr" [/mnt/shared/home/tz32/scalehls_vitis_test/src/cemit_replaced.cpp:110]   --->   Operation 139 'writeresp' 'empty_64' <Predicate = true> <Delay = 2.43> <CoreInst = "m_axi">   --->   Core 121 'm_axi' <Latency = 0> <II = 1> <Delay = 1.00> <Adapter> <Opcode : 'read' 'write' 'readreq' 'writereq' 'writeresp'>

State 62 <SV = 61> <Delay = 2.43>
ST_62 : Operation 140 [11/68] (2.43ns)   --->   "%empty_64 = writeresp i1 @_ssdm_op_WriteResp.m_axi.p1i64, i64 %gmem_addr" [/mnt/shared/home/tz32/scalehls_vitis_test/src/cemit_replaced.cpp:110]   --->   Operation 140 'writeresp' 'empty_64' <Predicate = true> <Delay = 2.43> <CoreInst = "m_axi">   --->   Core 121 'm_axi' <Latency = 0> <II = 1> <Delay = 1.00> <Adapter> <Opcode : 'read' 'write' 'readreq' 'writereq' 'writeresp'>

State 63 <SV = 62> <Delay = 2.43>
ST_63 : Operation 141 [10/68] (2.43ns)   --->   "%empty_64 = writeresp i1 @_ssdm_op_WriteResp.m_axi.p1i64, i64 %gmem_addr" [/mnt/shared/home/tz32/scalehls_vitis_test/src/cemit_replaced.cpp:110]   --->   Operation 141 'writeresp' 'empty_64' <Predicate = true> <Delay = 2.43> <CoreInst = "m_axi">   --->   Core 121 'm_axi' <Latency = 0> <II = 1> <Delay = 1.00> <Adapter> <Opcode : 'read' 'write' 'readreq' 'writereq' 'writeresp'>

State 64 <SV = 63> <Delay = 2.43>
ST_64 : Operation 142 [9/68] (2.43ns)   --->   "%empty_64 = writeresp i1 @_ssdm_op_WriteResp.m_axi.p1i64, i64 %gmem_addr" [/mnt/shared/home/tz32/scalehls_vitis_test/src/cemit_replaced.cpp:110]   --->   Operation 142 'writeresp' 'empty_64' <Predicate = true> <Delay = 2.43> <CoreInst = "m_axi">   --->   Core 121 'm_axi' <Latency = 0> <II = 1> <Delay = 1.00> <Adapter> <Opcode : 'read' 'write' 'readreq' 'writereq' 'writeresp'>

State 65 <SV = 64> <Delay = 2.43>
ST_65 : Operation 143 [8/68] (2.43ns)   --->   "%empty_64 = writeresp i1 @_ssdm_op_WriteResp.m_axi.p1i64, i64 %gmem_addr" [/mnt/shared/home/tz32/scalehls_vitis_test/src/cemit_replaced.cpp:110]   --->   Operation 143 'writeresp' 'empty_64' <Predicate = true> <Delay = 2.43> <CoreInst = "m_axi">   --->   Core 121 'm_axi' <Latency = 0> <II = 1> <Delay = 1.00> <Adapter> <Opcode : 'read' 'write' 'readreq' 'writereq' 'writeresp'>

State 66 <SV = 65> <Delay = 2.43>
ST_66 : Operation 144 [7/68] (2.43ns)   --->   "%empty_64 = writeresp i1 @_ssdm_op_WriteResp.m_axi.p1i64, i64 %gmem_addr" [/mnt/shared/home/tz32/scalehls_vitis_test/src/cemit_replaced.cpp:110]   --->   Operation 144 'writeresp' 'empty_64' <Predicate = true> <Delay = 2.43> <CoreInst = "m_axi">   --->   Core 121 'm_axi' <Latency = 0> <II = 1> <Delay = 1.00> <Adapter> <Opcode : 'read' 'write' 'readreq' 'writereq' 'writeresp'>

State 67 <SV = 66> <Delay = 2.43>
ST_67 : Operation 145 [6/68] (2.43ns)   --->   "%empty_64 = writeresp i1 @_ssdm_op_WriteResp.m_axi.p1i64, i64 %gmem_addr" [/mnt/shared/home/tz32/scalehls_vitis_test/src/cemit_replaced.cpp:110]   --->   Operation 145 'writeresp' 'empty_64' <Predicate = true> <Delay = 2.43> <CoreInst = "m_axi">   --->   Core 121 'm_axi' <Latency = 0> <II = 1> <Delay = 1.00> <Adapter> <Opcode : 'read' 'write' 'readreq' 'writereq' 'writeresp'>

State 68 <SV = 67> <Delay = 2.43>
ST_68 : Operation 146 [5/68] (2.43ns)   --->   "%empty_64 = writeresp i1 @_ssdm_op_WriteResp.m_axi.p1i64, i64 %gmem_addr" [/mnt/shared/home/tz32/scalehls_vitis_test/src/cemit_replaced.cpp:110]   --->   Operation 146 'writeresp' 'empty_64' <Predicate = true> <Delay = 2.43> <CoreInst = "m_axi">   --->   Core 121 'm_axi' <Latency = 0> <II = 1> <Delay = 1.00> <Adapter> <Opcode : 'read' 'write' 'readreq' 'writereq' 'writeresp'>

State 69 <SV = 68> <Delay = 2.43>
ST_69 : Operation 147 [4/68] (2.43ns)   --->   "%empty_64 = writeresp i1 @_ssdm_op_WriteResp.m_axi.p1i64, i64 %gmem_addr" [/mnt/shared/home/tz32/scalehls_vitis_test/src/cemit_replaced.cpp:110]   --->   Operation 147 'writeresp' 'empty_64' <Predicate = true> <Delay = 2.43> <CoreInst = "m_axi">   --->   Core 121 'm_axi' <Latency = 0> <II = 1> <Delay = 1.00> <Adapter> <Opcode : 'read' 'write' 'readreq' 'writereq' 'writeresp'>

State 70 <SV = 69> <Delay = 2.43>
ST_70 : Operation 148 [3/68] (2.43ns)   --->   "%empty_64 = writeresp i1 @_ssdm_op_WriteResp.m_axi.p1i64, i64 %gmem_addr" [/mnt/shared/home/tz32/scalehls_vitis_test/src/cemit_replaced.cpp:110]   --->   Operation 148 'writeresp' 'empty_64' <Predicate = true> <Delay = 2.43> <CoreInst = "m_axi">   --->   Core 121 'm_axi' <Latency = 0> <II = 1> <Delay = 1.00> <Adapter> <Opcode : 'read' 'write' 'readreq' 'writereq' 'writeresp'>

State 71 <SV = 70> <Delay = 2.43>
ST_71 : Operation 149 [2/68] (2.43ns)   --->   "%empty_64 = writeresp i1 @_ssdm_op_WriteResp.m_axi.p1i64, i64 %gmem_addr" [/mnt/shared/home/tz32/scalehls_vitis_test/src/cemit_replaced.cpp:110]   --->   Operation 149 'writeresp' 'empty_64' <Predicate = true> <Delay = 2.43> <CoreInst = "m_axi">   --->   Core 121 'm_axi' <Latency = 0> <II = 1> <Delay = 1.00> <Adapter> <Opcode : 'read' 'write' 'readreq' 'writereq' 'writeresp'>

State 72 <SV = 71> <Delay = 2.43>
ST_72 : Operation 150 [1/1] (0.00ns)   --->   "%spectopmodule_ln84 = spectopmodule void @_ssdm_op_SpecTopModule, void @empty_7" [/mnt/shared/home/tz32/scalehls_vitis_test/src/cemit_replaced.cpp:84]   --->   Operation 150 'spectopmodule' 'spectopmodule_ln84' <Predicate = true> <Delay = 0.00>
ST_72 : Operation 151 [1/1] (0.00ns)   --->   "%specinterface_ln84 = specinterface void @_ssdm_op_SpecInterface, i32 0, void @empty_6, i32 0, i32 0, void @empty_26, i32 0, i32 0, void @empty_26, void @empty_26, void @empty_26, i32 0, i32 0, i32 0, i32 0, void @empty_26, void @empty_26, i32 4294967295, i32 0" [/mnt/shared/home/tz32/scalehls_vitis_test/src/cemit_replaced.cpp:84]   --->   Operation 151 'specinterface' 'specinterface_ln84' <Predicate = true> <Delay = 0.00>
ST_72 : Operation 152 [1/1] (0.00ns)   --->   "%specinterface_ln0 = specinterface void @_ssdm_op_SpecInterface, i64 %gmem, void @empty_27, i32 0, i32 0, void @empty_26, i32 64, i32 0, void @empty_25, void @empty_24, void @empty_26, i32 16, i32 16, i32 16, i32 16, void @empty_26, void @empty_26, i32 4294967295, i32 0"   --->   Operation 152 'specinterface' 'specinterface_ln0' <Predicate = true> <Delay = 0.00>
ST_72 : Operation 153 [1/1] (0.00ns)   --->   "%specbitsmap_ln0 = specbitsmap void @_ssdm_op_SpecBitsMap, i64 %gmem"   --->   Operation 153 'specbitsmap' 'specbitsmap_ln0' <Predicate = true> <Delay = 0.00>
ST_72 : Operation 154 [1/1] (0.00ns)   --->   "%specinterface_ln0 = specinterface void @_ssdm_op_SpecInterface, i64 %v17, void @empty_2, i32 0, i32 0, void @empty_26, i32 0, i32 0, void @empty_12, void @empty_0, void @empty_26, i32 0, i32 0, i32 0, i32 0, void @empty_26, void @empty_14, i32 4294967295, i32 0"   --->   Operation 154 'specinterface' 'specinterface_ln0' <Predicate = true> <Delay = 0.00>
ST_72 : Operation 155 [1/1] (0.00ns)   --->   "%specinterface_ln0 = specinterface void @_ssdm_op_SpecInterface, i64 %v17, void @empty_29, i32 0, i32 0, void @empty_26, i32 0, i32 0, void @empty_26, void @empty_26, void @empty_26, i32 0, i32 0, i32 0, i32 0, void @empty_26, void @empty_14, i32 4294967295, i32 0"   --->   Operation 155 'specinterface' 'specinterface_ln0' <Predicate = true> <Delay = 0.00>
ST_72 : Operation 156 [1/1] (0.00ns)   --->   "%specinterface_ln0 = specinterface void @_ssdm_op_SpecInterface, i64 %v18, void @empty_2, i32 0, i32 0, void @empty_26, i32 0, i32 0, void @empty_12, void @empty_28, void @empty_26, i32 0, i32 0, i32 0, i32 0, void @empty_26, void @empty_14, i32 4294967295, i32 0"   --->   Operation 156 'specinterface' 'specinterface_ln0' <Predicate = true> <Delay = 0.00>
ST_72 : Operation 157 [1/1] (0.00ns)   --->   "%specinterface_ln0 = specinterface void @_ssdm_op_SpecInterface, i64 %v18, void @empty_29, i32 0, i32 0, void @empty_26, i32 0, i32 0, void @empty_26, void @empty_26, void @empty_26, i32 0, i32 0, i32 0, i32 0, void @empty_26, void @empty_14, i32 4294967295, i32 0"   --->   Operation 157 'specinterface' 'specinterface_ln0' <Predicate = true> <Delay = 0.00>
ST_72 : Operation 158 [1/1] (0.00ns)   --->   "%specinterface_ln0 = specinterface void @_ssdm_op_SpecInterface, i64 %v19, void @empty_2, i32 0, i32 0, void @empty_26, i32 0, i32 0, void @empty_12, void @empty_1, void @empty_26, i32 0, i32 0, i32 0, i32 0, void @empty_26, void @empty_14, i32 4294967295, i32 0"   --->   Operation 158 'specinterface' 'specinterface_ln0' <Predicate = true> <Delay = 0.00>
ST_72 : Operation 159 [1/1] (0.00ns)   --->   "%specinterface_ln0 = specinterface void @_ssdm_op_SpecInterface, i64 %v19, void @empty_29, i32 0, i32 0, void @empty_26, i32 0, i32 0, void @empty_26, void @empty_26, void @empty_26, i32 0, i32 0, i32 0, i32 0, void @empty_26, void @empty_14, i32 4294967295, i32 0"   --->   Operation 159 'specinterface' 'specinterface_ln0' <Predicate = true> <Delay = 0.00>
ST_72 : Operation 160 [1/1] (0.00ns)   --->   "%specinterface_ln0 = specinterface void @_ssdm_op_SpecInterface, i32 0, void @empty_2, i32 0, i32 0, void @empty_26, i32 0, i32 0, void @empty_12, void @empty_26, void @empty_26, i32 0, i32 0, i32 0, i32 0, void @empty_26, void @empty_26, i32 4294967295, i32 0"   --->   Operation 160 'specinterface' 'specinterface_ln0' <Predicate = true> <Delay = 0.00>
ST_72 : Operation 161 [1/1] (0.00ns)   --->   "%specmemcore_ln97 = specmemcore void @_ssdm_op_SpecMemCore, i32 %v20, i64 666, i64 30, i64 18446744073709551615" [/mnt/shared/home/tz32/scalehls_vitis_test/src/cemit_replaced.cpp:97]   --->   Operation 161 'specmemcore' 'specmemcore_ln97' <Predicate = true> <Delay = 0.00>
ST_72 : Operation 162 [1/1] (0.00ns)   --->   "%specmemcore_ln104 = specmemcore void @_ssdm_op_SpecMemCore, i32 %v22, i64 666, i64 30, i64 18446744073709551615" [/mnt/shared/home/tz32/scalehls_vitis_test/src/cemit_replaced.cpp:104]   --->   Operation 162 'specmemcore' 'specmemcore_ln104' <Predicate = true> <Delay = 0.00>
ST_72 : Operation 163 [1/68] (2.43ns)   --->   "%empty_64 = writeresp i1 @_ssdm_op_WriteResp.m_axi.p1i64, i64 %gmem_addr" [/mnt/shared/home/tz32/scalehls_vitis_test/src/cemit_replaced.cpp:110]   --->   Operation 163 'writeresp' 'empty_64' <Predicate = true> <Delay = 2.43> <CoreInst = "m_axi">   --->   Core 121 'm_axi' <Latency = 0> <II = 1> <Delay = 1.00> <Adapter> <Opcode : 'read' 'write' 'readreq' 'writereq' 'writeresp'>
ST_72 : Operation 164 [1/1] (0.00ns)   --->   "%ret_ln110 = ret" [/mnt/shared/home/tz32/scalehls_vitis_test/src/cemit_replaced.cpp:110]   --->   Operation 164 'ret' 'ret_ln110' <Predicate = true> <Delay = 0.00>


============================================================
+ Verbose Summary: Timing violations
============================================================
Target clock period: 3.33ns, clock uncertainty: 0.9ns.

 <State 1>: 1ns
The critical path consists of the following:
	s_axi read operation ('v18') on port 'v18' [17]  (1 ns)

 <State 2>: 2.43ns
The critical path consists of the following:
	'getelementptr' operation ('gmem_addr', /mnt/shared/home/tz32/scalehls_vitis_test/src/cemit_replaced.cpp:33) [24]  (0 ns)
	bus request operation ('empty', /mnt/shared/home/tz32/scalehls_vitis_test/src/cemit_replaced.cpp:33) on port 'gmem' (/mnt/shared/home/tz32/scalehls_vitis_test/src/cemit_replaced.cpp:33) [25]  (2.43 ns)

 <State 3>: 0ns
The critical path consists of the following:

 <State 4>: 0ns
The critical path consists of the following:

 <State 5>: 2.43ns
The critical path consists of the following:
	bus response operation ('empty_64', /mnt/shared/home/tz32/scalehls_vitis_test/src/cemit_replaced.cpp:110) on port 'gmem' (/mnt/shared/home/tz32/scalehls_vitis_test/src/cemit_replaced.cpp:110) [27]  (2.43 ns)

 <State 6>: 2.43ns
The critical path consists of the following:
	bus response operation ('empty_64', /mnt/shared/home/tz32/scalehls_vitis_test/src/cemit_replaced.cpp:110) on port 'gmem' (/mnt/shared/home/tz32/scalehls_vitis_test/src/cemit_replaced.cpp:110) [27]  (2.43 ns)

 <State 7>: 2.43ns
The critical path consists of the following:
	bus response operation ('empty_64', /mnt/shared/home/tz32/scalehls_vitis_test/src/cemit_replaced.cpp:110) on port 'gmem' (/mnt/shared/home/tz32/scalehls_vitis_test/src/cemit_replaced.cpp:110) [27]  (2.43 ns)

 <State 8>: 2.43ns
The critical path consists of the following:
	bus response operation ('empty_64', /mnt/shared/home/tz32/scalehls_vitis_test/src/cemit_replaced.cpp:110) on port 'gmem' (/mnt/shared/home/tz32/scalehls_vitis_test/src/cemit_replaced.cpp:110) [27]  (2.43 ns)

 <State 9>: 2.43ns
The critical path consists of the following:
	bus response operation ('empty_64', /mnt/shared/home/tz32/scalehls_vitis_test/src/cemit_replaced.cpp:110) on port 'gmem' (/mnt/shared/home/tz32/scalehls_vitis_test/src/cemit_replaced.cpp:110) [27]  (2.43 ns)

 <State 10>: 2.43ns
The critical path consists of the following:
	bus response operation ('empty_64', /mnt/shared/home/tz32/scalehls_vitis_test/src/cemit_replaced.cpp:110) on port 'gmem' (/mnt/shared/home/tz32/scalehls_vitis_test/src/cemit_replaced.cpp:110) [27]  (2.43 ns)

 <State 11>: 2.43ns
The critical path consists of the following:
	bus response operation ('empty_64', /mnt/shared/home/tz32/scalehls_vitis_test/src/cemit_replaced.cpp:110) on port 'gmem' (/mnt/shared/home/tz32/scalehls_vitis_test/src/cemit_replaced.cpp:110) [27]  (2.43 ns)

 <State 12>: 2.43ns
The critical path consists of the following:
	bus response operation ('empty_64', /mnt/shared/home/tz32/scalehls_vitis_test/src/cemit_replaced.cpp:110) on port 'gmem' (/mnt/shared/home/tz32/scalehls_vitis_test/src/cemit_replaced.cpp:110) [27]  (2.43 ns)

 <State 13>: 2.43ns
The critical path consists of the following:
	bus response operation ('empty_64', /mnt/shared/home/tz32/scalehls_vitis_test/src/cemit_replaced.cpp:110) on port 'gmem' (/mnt/shared/home/tz32/scalehls_vitis_test/src/cemit_replaced.cpp:110) [27]  (2.43 ns)

 <State 14>: 2.43ns
The critical path consists of the following:
	bus response operation ('empty_64', /mnt/shared/home/tz32/scalehls_vitis_test/src/cemit_replaced.cpp:110) on port 'gmem' (/mnt/shared/home/tz32/scalehls_vitis_test/src/cemit_replaced.cpp:110) [27]  (2.43 ns)

 <State 15>: 2.43ns
The critical path consists of the following:
	bus response operation ('empty_64', /mnt/shared/home/tz32/scalehls_vitis_test/src/cemit_replaced.cpp:110) on port 'gmem' (/mnt/shared/home/tz32/scalehls_vitis_test/src/cemit_replaced.cpp:110) [27]  (2.43 ns)

 <State 16>: 2.43ns
The critical path consists of the following:
	bus response operation ('empty_64', /mnt/shared/home/tz32/scalehls_vitis_test/src/cemit_replaced.cpp:110) on port 'gmem' (/mnt/shared/home/tz32/scalehls_vitis_test/src/cemit_replaced.cpp:110) [27]  (2.43 ns)

 <State 17>: 2.43ns
The critical path consists of the following:
	bus response operation ('empty_64', /mnt/shared/home/tz32/scalehls_vitis_test/src/cemit_replaced.cpp:110) on port 'gmem' (/mnt/shared/home/tz32/scalehls_vitis_test/src/cemit_replaced.cpp:110) [27]  (2.43 ns)

 <State 18>: 2.43ns
The critical path consists of the following:
	bus response operation ('empty_64', /mnt/shared/home/tz32/scalehls_vitis_test/src/cemit_replaced.cpp:110) on port 'gmem' (/mnt/shared/home/tz32/scalehls_vitis_test/src/cemit_replaced.cpp:110) [27]  (2.43 ns)

 <State 19>: 2.43ns
The critical path consists of the following:
	bus response operation ('empty_64', /mnt/shared/home/tz32/scalehls_vitis_test/src/cemit_replaced.cpp:110) on port 'gmem' (/mnt/shared/home/tz32/scalehls_vitis_test/src/cemit_replaced.cpp:110) [27]  (2.43 ns)

 <State 20>: 2.43ns
The critical path consists of the following:
	bus response operation ('empty_64', /mnt/shared/home/tz32/scalehls_vitis_test/src/cemit_replaced.cpp:110) on port 'gmem' (/mnt/shared/home/tz32/scalehls_vitis_test/src/cemit_replaced.cpp:110) [27]  (2.43 ns)

 <State 21>: 2.43ns
The critical path consists of the following:
	bus response operation ('empty_64', /mnt/shared/home/tz32/scalehls_vitis_test/src/cemit_replaced.cpp:110) on port 'gmem' (/mnt/shared/home/tz32/scalehls_vitis_test/src/cemit_replaced.cpp:110) [27]  (2.43 ns)

 <State 22>: 2.43ns
The critical path consists of the following:
	bus response operation ('empty_64', /mnt/shared/home/tz32/scalehls_vitis_test/src/cemit_replaced.cpp:110) on port 'gmem' (/mnt/shared/home/tz32/scalehls_vitis_test/src/cemit_replaced.cpp:110) [27]  (2.43 ns)

 <State 23>: 2.43ns
The critical path consists of the following:
	bus response operation ('empty_64', /mnt/shared/home/tz32/scalehls_vitis_test/src/cemit_replaced.cpp:110) on port 'gmem' (/mnt/shared/home/tz32/scalehls_vitis_test/src/cemit_replaced.cpp:110) [27]  (2.43 ns)

 <State 24>: 2.43ns
The critical path consists of the following:
	bus response operation ('empty_64', /mnt/shared/home/tz32/scalehls_vitis_test/src/cemit_replaced.cpp:110) on port 'gmem' (/mnt/shared/home/tz32/scalehls_vitis_test/src/cemit_replaced.cpp:110) [27]  (2.43 ns)

 <State 25>: 2.43ns
The critical path consists of the following:
	bus response operation ('empty_64', /mnt/shared/home/tz32/scalehls_vitis_test/src/cemit_replaced.cpp:110) on port 'gmem' (/mnt/shared/home/tz32/scalehls_vitis_test/src/cemit_replaced.cpp:110) [27]  (2.43 ns)

 <State 26>: 2.43ns
The critical path consists of the following:
	bus response operation ('empty_64', /mnt/shared/home/tz32/scalehls_vitis_test/src/cemit_replaced.cpp:110) on port 'gmem' (/mnt/shared/home/tz32/scalehls_vitis_test/src/cemit_replaced.cpp:110) [27]  (2.43 ns)

 <State 27>: 2.43ns
The critical path consists of the following:
	bus response operation ('empty_64', /mnt/shared/home/tz32/scalehls_vitis_test/src/cemit_replaced.cpp:110) on port 'gmem' (/mnt/shared/home/tz32/scalehls_vitis_test/src/cemit_replaced.cpp:110) [27]  (2.43 ns)

 <State 28>: 2.43ns
The critical path consists of the following:
	bus response operation ('empty_64', /mnt/shared/home/tz32/scalehls_vitis_test/src/cemit_replaced.cpp:110) on port 'gmem' (/mnt/shared/home/tz32/scalehls_vitis_test/src/cemit_replaced.cpp:110) [27]  (2.43 ns)

 <State 29>: 2.43ns
The critical path consists of the following:
	bus response operation ('empty_64', /mnt/shared/home/tz32/scalehls_vitis_test/src/cemit_replaced.cpp:110) on port 'gmem' (/mnt/shared/home/tz32/scalehls_vitis_test/src/cemit_replaced.cpp:110) [27]  (2.43 ns)

 <State 30>: 2.43ns
The critical path consists of the following:
	bus response operation ('empty_64', /mnt/shared/home/tz32/scalehls_vitis_test/src/cemit_replaced.cpp:110) on port 'gmem' (/mnt/shared/home/tz32/scalehls_vitis_test/src/cemit_replaced.cpp:110) [27]  (2.43 ns)

 <State 31>: 2.43ns
The critical path consists of the following:
	bus response operation ('empty_64', /mnt/shared/home/tz32/scalehls_vitis_test/src/cemit_replaced.cpp:110) on port 'gmem' (/mnt/shared/home/tz32/scalehls_vitis_test/src/cemit_replaced.cpp:110) [27]  (2.43 ns)

 <State 32>: 2.43ns
The critical path consists of the following:
	bus response operation ('empty_64', /mnt/shared/home/tz32/scalehls_vitis_test/src/cemit_replaced.cpp:110) on port 'gmem' (/mnt/shared/home/tz32/scalehls_vitis_test/src/cemit_replaced.cpp:110) [27]  (2.43 ns)

 <State 33>: 2.43ns
The critical path consists of the following:
	bus response operation ('empty_64', /mnt/shared/home/tz32/scalehls_vitis_test/src/cemit_replaced.cpp:110) on port 'gmem' (/mnt/shared/home/tz32/scalehls_vitis_test/src/cemit_replaced.cpp:110) [27]  (2.43 ns)

 <State 34>: 2.43ns
The critical path consists of the following:
	bus response operation ('empty_64', /mnt/shared/home/tz32/scalehls_vitis_test/src/cemit_replaced.cpp:110) on port 'gmem' (/mnt/shared/home/tz32/scalehls_vitis_test/src/cemit_replaced.cpp:110) [27]  (2.43 ns)

 <State 35>: 2.43ns
The critical path consists of the following:
	bus response operation ('empty_64', /mnt/shared/home/tz32/scalehls_vitis_test/src/cemit_replaced.cpp:110) on port 'gmem' (/mnt/shared/home/tz32/scalehls_vitis_test/src/cemit_replaced.cpp:110) [27]  (2.43 ns)

 <State 36>: 2.43ns
The critical path consists of the following:
	bus response operation ('empty_64', /mnt/shared/home/tz32/scalehls_vitis_test/src/cemit_replaced.cpp:110) on port 'gmem' (/mnt/shared/home/tz32/scalehls_vitis_test/src/cemit_replaced.cpp:110) [27]  (2.43 ns)

 <State 37>: 2.43ns
The critical path consists of the following:
	bus response operation ('empty_64', /mnt/shared/home/tz32/scalehls_vitis_test/src/cemit_replaced.cpp:110) on port 'gmem' (/mnt/shared/home/tz32/scalehls_vitis_test/src/cemit_replaced.cpp:110) [27]  (2.43 ns)

 <State 38>: 2.43ns
The critical path consists of the following:
	bus response operation ('empty_64', /mnt/shared/home/tz32/scalehls_vitis_test/src/cemit_replaced.cpp:110) on port 'gmem' (/mnt/shared/home/tz32/scalehls_vitis_test/src/cemit_replaced.cpp:110) [27]  (2.43 ns)

 <State 39>: 2.43ns
The critical path consists of the following:
	bus response operation ('empty_64', /mnt/shared/home/tz32/scalehls_vitis_test/src/cemit_replaced.cpp:110) on port 'gmem' (/mnt/shared/home/tz32/scalehls_vitis_test/src/cemit_replaced.cpp:110) [27]  (2.43 ns)

 <State 40>: 2.43ns
The critical path consists of the following:
	bus response operation ('empty_64', /mnt/shared/home/tz32/scalehls_vitis_test/src/cemit_replaced.cpp:110) on port 'gmem' (/mnt/shared/home/tz32/scalehls_vitis_test/src/cemit_replaced.cpp:110) [27]  (2.43 ns)

 <State 41>: 2.43ns
The critical path consists of the following:
	bus response operation ('empty_64', /mnt/shared/home/tz32/scalehls_vitis_test/src/cemit_replaced.cpp:110) on port 'gmem' (/mnt/shared/home/tz32/scalehls_vitis_test/src/cemit_replaced.cpp:110) [27]  (2.43 ns)

 <State 42>: 2.43ns
The critical path consists of the following:
	bus response operation ('empty_64', /mnt/shared/home/tz32/scalehls_vitis_test/src/cemit_replaced.cpp:110) on port 'gmem' (/mnt/shared/home/tz32/scalehls_vitis_test/src/cemit_replaced.cpp:110) [27]  (2.43 ns)

 <State 43>: 2.43ns
The critical path consists of the following:
	bus response operation ('empty_64', /mnt/shared/home/tz32/scalehls_vitis_test/src/cemit_replaced.cpp:110) on port 'gmem' (/mnt/shared/home/tz32/scalehls_vitis_test/src/cemit_replaced.cpp:110) [27]  (2.43 ns)

 <State 44>: 2.43ns
The critical path consists of the following:
	bus response operation ('empty_64', /mnt/shared/home/tz32/scalehls_vitis_test/src/cemit_replaced.cpp:110) on port 'gmem' (/mnt/shared/home/tz32/scalehls_vitis_test/src/cemit_replaced.cpp:110) [27]  (2.43 ns)

 <State 45>: 2.43ns
The critical path consists of the following:
	bus response operation ('empty_64', /mnt/shared/home/tz32/scalehls_vitis_test/src/cemit_replaced.cpp:110) on port 'gmem' (/mnt/shared/home/tz32/scalehls_vitis_test/src/cemit_replaced.cpp:110) [27]  (2.43 ns)

 <State 46>: 2.43ns
The critical path consists of the following:
	bus response operation ('empty_64', /mnt/shared/home/tz32/scalehls_vitis_test/src/cemit_replaced.cpp:110) on port 'gmem' (/mnt/shared/home/tz32/scalehls_vitis_test/src/cemit_replaced.cpp:110) [27]  (2.43 ns)

 <State 47>: 2.43ns
The critical path consists of the following:
	bus response operation ('empty_64', /mnt/shared/home/tz32/scalehls_vitis_test/src/cemit_replaced.cpp:110) on port 'gmem' (/mnt/shared/home/tz32/scalehls_vitis_test/src/cemit_replaced.cpp:110) [27]  (2.43 ns)

 <State 48>: 2.43ns
The critical path consists of the following:
	bus response operation ('empty_64', /mnt/shared/home/tz32/scalehls_vitis_test/src/cemit_replaced.cpp:110) on port 'gmem' (/mnt/shared/home/tz32/scalehls_vitis_test/src/cemit_replaced.cpp:110) [27]  (2.43 ns)

 <State 49>: 2.43ns
The critical path consists of the following:
	bus response operation ('empty_64', /mnt/shared/home/tz32/scalehls_vitis_test/src/cemit_replaced.cpp:110) on port 'gmem' (/mnt/shared/home/tz32/scalehls_vitis_test/src/cemit_replaced.cpp:110) [27]  (2.43 ns)

 <State 50>: 2.43ns
The critical path consists of the following:
	bus response operation ('empty_64', /mnt/shared/home/tz32/scalehls_vitis_test/src/cemit_replaced.cpp:110) on port 'gmem' (/mnt/shared/home/tz32/scalehls_vitis_test/src/cemit_replaced.cpp:110) [27]  (2.43 ns)

 <State 51>: 2.43ns
The critical path consists of the following:
	bus response operation ('empty_64', /mnt/shared/home/tz32/scalehls_vitis_test/src/cemit_replaced.cpp:110) on port 'gmem' (/mnt/shared/home/tz32/scalehls_vitis_test/src/cemit_replaced.cpp:110) [27]  (2.43 ns)

 <State 52>: 2.43ns
The critical path consists of the following:
	bus response operation ('empty_64', /mnt/shared/home/tz32/scalehls_vitis_test/src/cemit_replaced.cpp:110) on port 'gmem' (/mnt/shared/home/tz32/scalehls_vitis_test/src/cemit_replaced.cpp:110) [27]  (2.43 ns)

 <State 53>: 2.43ns
The critical path consists of the following:
	bus response operation ('empty_64', /mnt/shared/home/tz32/scalehls_vitis_test/src/cemit_replaced.cpp:110) on port 'gmem' (/mnt/shared/home/tz32/scalehls_vitis_test/src/cemit_replaced.cpp:110) [27]  (2.43 ns)

 <State 54>: 2.43ns
The critical path consists of the following:
	bus response operation ('empty_64', /mnt/shared/home/tz32/scalehls_vitis_test/src/cemit_replaced.cpp:110) on port 'gmem' (/mnt/shared/home/tz32/scalehls_vitis_test/src/cemit_replaced.cpp:110) [27]  (2.43 ns)

 <State 55>: 2.43ns
The critical path consists of the following:
	bus response operation ('empty_64', /mnt/shared/home/tz32/scalehls_vitis_test/src/cemit_replaced.cpp:110) on port 'gmem' (/mnt/shared/home/tz32/scalehls_vitis_test/src/cemit_replaced.cpp:110) [27]  (2.43 ns)

 <State 56>: 2.43ns
The critical path consists of the following:
	bus response operation ('empty_64', /mnt/shared/home/tz32/scalehls_vitis_test/src/cemit_replaced.cpp:110) on port 'gmem' (/mnt/shared/home/tz32/scalehls_vitis_test/src/cemit_replaced.cpp:110) [27]  (2.43 ns)

 <State 57>: 2.43ns
The critical path consists of the following:
	bus response operation ('empty_64', /mnt/shared/home/tz32/scalehls_vitis_test/src/cemit_replaced.cpp:110) on port 'gmem' (/mnt/shared/home/tz32/scalehls_vitis_test/src/cemit_replaced.cpp:110) [27]  (2.43 ns)

 <State 58>: 2.43ns
The critical path consists of the following:
	bus response operation ('empty_64', /mnt/shared/home/tz32/scalehls_vitis_test/src/cemit_replaced.cpp:110) on port 'gmem' (/mnt/shared/home/tz32/scalehls_vitis_test/src/cemit_replaced.cpp:110) [27]  (2.43 ns)

 <State 59>: 2.43ns
The critical path consists of the following:
	bus response operation ('empty_64', /mnt/shared/home/tz32/scalehls_vitis_test/src/cemit_replaced.cpp:110) on port 'gmem' (/mnt/shared/home/tz32/scalehls_vitis_test/src/cemit_replaced.cpp:110) [27]  (2.43 ns)

 <State 60>: 2.43ns
The critical path consists of the following:
	bus response operation ('empty_64', /mnt/shared/home/tz32/scalehls_vitis_test/src/cemit_replaced.cpp:110) on port 'gmem' (/mnt/shared/home/tz32/scalehls_vitis_test/src/cemit_replaced.cpp:110) [27]  (2.43 ns)

 <State 61>: 2.43ns
The critical path consists of the following:
	bus response operation ('empty_64', /mnt/shared/home/tz32/scalehls_vitis_test/src/cemit_replaced.cpp:110) on port 'gmem' (/mnt/shared/home/tz32/scalehls_vitis_test/src/cemit_replaced.cpp:110) [27]  (2.43 ns)

 <State 62>: 2.43ns
The critical path consists of the following:
	bus response operation ('empty_64', /mnt/shared/home/tz32/scalehls_vitis_test/src/cemit_replaced.cpp:110) on port 'gmem' (/mnt/shared/home/tz32/scalehls_vitis_test/src/cemit_replaced.cpp:110) [27]  (2.43 ns)

 <State 63>: 2.43ns
The critical path consists of the following:
	bus response operation ('empty_64', /mnt/shared/home/tz32/scalehls_vitis_test/src/cemit_replaced.cpp:110) on port 'gmem' (/mnt/shared/home/tz32/scalehls_vitis_test/src/cemit_replaced.cpp:110) [27]  (2.43 ns)

 <State 64>: 2.43ns
The critical path consists of the following:
	bus response operation ('empty_64', /mnt/shared/home/tz32/scalehls_vitis_test/src/cemit_replaced.cpp:110) on port 'gmem' (/mnt/shared/home/tz32/scalehls_vitis_test/src/cemit_replaced.cpp:110) [27]  (2.43 ns)

 <State 65>: 2.43ns
The critical path consists of the following:
	bus response operation ('empty_64', /mnt/shared/home/tz32/scalehls_vitis_test/src/cemit_replaced.cpp:110) on port 'gmem' (/mnt/shared/home/tz32/scalehls_vitis_test/src/cemit_replaced.cpp:110) [27]  (2.43 ns)

 <State 66>: 2.43ns
The critical path consists of the following:
	bus response operation ('empty_64', /mnt/shared/home/tz32/scalehls_vitis_test/src/cemit_replaced.cpp:110) on port 'gmem' (/mnt/shared/home/tz32/scalehls_vitis_test/src/cemit_replaced.cpp:110) [27]  (2.43 ns)

 <State 67>: 2.43ns
The critical path consists of the following:
	bus response operation ('empty_64', /mnt/shared/home/tz32/scalehls_vitis_test/src/cemit_replaced.cpp:110) on port 'gmem' (/mnt/shared/home/tz32/scalehls_vitis_test/src/cemit_replaced.cpp:110) [27]  (2.43 ns)

 <State 68>: 2.43ns
The critical path consists of the following:
	bus response operation ('empty_64', /mnt/shared/home/tz32/scalehls_vitis_test/src/cemit_replaced.cpp:110) on port 'gmem' (/mnt/shared/home/tz32/scalehls_vitis_test/src/cemit_replaced.cpp:110) [27]  (2.43 ns)

 <State 69>: 2.43ns
The critical path consists of the following:
	bus response operation ('empty_64', /mnt/shared/home/tz32/scalehls_vitis_test/src/cemit_replaced.cpp:110) on port 'gmem' (/mnt/shared/home/tz32/scalehls_vitis_test/src/cemit_replaced.cpp:110) [27]  (2.43 ns)

 <State 70>: 2.43ns
The critical path consists of the following:
	bus response operation ('empty_64', /mnt/shared/home/tz32/scalehls_vitis_test/src/cemit_replaced.cpp:110) on port 'gmem' (/mnt/shared/home/tz32/scalehls_vitis_test/src/cemit_replaced.cpp:110) [27]  (2.43 ns)

 <State 71>: 2.43ns
The critical path consists of the following:
	bus response operation ('empty_64', /mnt/shared/home/tz32/scalehls_vitis_test/src/cemit_replaced.cpp:110) on port 'gmem' (/mnt/shared/home/tz32/scalehls_vitis_test/src/cemit_replaced.cpp:110) [27]  (2.43 ns)

 <State 72>: 2.43ns
The critical path consists of the following:
	bus response operation ('empty_64', /mnt/shared/home/tz32/scalehls_vitis_test/src/cemit_replaced.cpp:110) on port 'gmem' (/mnt/shared/home/tz32/scalehls_vitis_test/src/cemit_replaced.cpp:110) [27]  (2.43 ns)


============================================================
+ Verbose Summary: Binding
============================================================
N/A
* FSMD analyzer results:
  - Output states:
 - Input state : 
  - Chain level:
	State 1
	State 2
	State 3
	State 4
	State 5
	State 6
	State 7
	State 8
	State 9
	State 10
	State 11
	State 12
	State 13
	State 14
	State 15
	State 16
	State 17
	State 18
	State 19
	State 20
	State 21
	State 22
	State 23
	State 24
	State 25
	State 26
	State 27
	State 28
	State 29
	State 30
	State 31
	State 32
	State 33
	State 34
	State 35
	State 36
	State 37
	State 38
	State 39
	State 40
	State 41
	State 42
	State 43
	State 44
	State 45
	State 46
	State 47
	State 48
	State 49
	State 50
	State 51
	State 52
	State 53
	State 54
	State 55
	State 56
	State 57
	State 58
	State 59
	State 60
	State 61
	State 62
	State 63
	State 64
	State 65
	State 66
	State 67
	State 68
	State 69
	State 70
	State 71
	State 72


============================================================
+ Verbose Summary: Datapath Resource usage 
============================================================
N/A
