

================================================================
== Vitis HLS Report for 'cemit_replaced'
================================================================
* Date:           Wed Jun 14 16:04:41 2023

* Version:        2022.2 (Build 3670227 on Oct 13 2022)
* Project:        cemit_replaced
* Solution:       solution (Vitis Kernel Flow Target)
* Product family: virtexuplus
* Target device:  xcu280-fsvh2892-2L-e


================================================================
== Performance Estimates
================================================================
+ Timing: 
    * Summary: 
    +--------+---------+----------+------------+
    |  Clock |  Target | Estimated| Uncertainty|
    +--------+---------+----------+------------+
    |ap_clk  |  3.33 ns|  3.681 ns|     0.90 ns|
    +--------+---------+----------+------------+

+ Latency: 
    * Summary: 
    +---------+---------+----------+----------+-----+-----+---------+
    |  Latency (cycles) |  Latency (absolute) |  Interval | Pipeline|
    |   min   |   max   |    min   |    max   | min | max |   Type  |
    +---------+---------+----------+----------+-----+-----+---------+
    |        ?|        ?|         ?|         ?|    ?|    ?|       no|
    +---------+---------+----------+----------+-----+-----+---------+

    + Detail: 
        * Instance: 
        +-----------------------------------------------------+------------------------------------------+---------+---------+-----------+-----------+------+------+----------+
        |                                                     |                                          |  Latency (cycles) |   Latency (absolute)  |   Interval  | Pipeline |
        |                       Instance                      |                  Module                  |   min   |   max   |    min    |    max    |  min |  max |   Type   |
        +-----------------------------------------------------+------------------------------------------+---------+---------+-----------+-----------+------+------+----------+
        |grp_cemit_replaced_Pipeline_VITIS_LOOP_144_1_fu_114  |cemit_replaced_Pipeline_VITIS_LOOP_144_1  |     1097|     1097|   3.656 us|   3.656 us|  1097|  1097|        no|
        |grp_forward_node1_fu_125                             |forward_node1                             |        ?|        ?|          ?|          ?|     ?|     ?|  dataflow|
        |grp_cemit_replaced_Pipeline_VITIS_LOOP_33_2_fu_134   |cemit_replaced_Pipeline_VITIS_LOOP_33_2   |       22|       22|  73.326 ns|  73.326 ns|    22|    22|        no|
        +-----------------------------------------------------+------------------------------------------+---------+---------+-----------+-----------+------+------+----------+

        * Loop: 
        N/A

============================================================
+ Verbose Summary: Synthesis Manager
============================================================
InlineROM: 1
ExposeGlobal: 0
============================================================
+ Verbose Summary: CDFG Model
============================================================
IsTopModel: 1
ResetActiveHigh: 1
IsCombinational: 0
IsDatapathOnly: 0
HasWiredReturn: 1
HasMFsm: 0
HasVarLatency: 1
IsPipeline: 0
IsRtlPipelined: 0
IsInstanceOverlapped: 0
IsDontTouch: 0
HasImplIP: 0
IsGatedGlobalClock: 0


============================================================
+ Verbose Summary: Schedule
============================================================
* Number of FSM states : 75
* Pipeline : 0
* Dataflow Pipeline: 0

* FSM state transitions: 
1 --> 2 
2 --> 3 
3 --> 4 
4 --> 5 
5 --> 6 
6 --> 7 
7 --> 8 
8 --> 9 
9 --> 10 
10 --> 11 
11 --> 12 
12 --> 13 
13 --> 14 
14 --> 15 
15 --> 16 
16 --> 17 
17 --> 18 
18 --> 19 
19 --> 20 
20 --> 21 
21 --> 22 
22 --> 23 
23 --> 24 
24 --> 25 
25 --> 26 
26 --> 27 
27 --> 28 
28 --> 29 
29 --> 30 
30 --> 31 
31 --> 32 
32 --> 33 
33 --> 34 
34 --> 35 
35 --> 36 
36 --> 37 
37 --> 38 
38 --> 39 
39 --> 40 
40 --> 41 
41 --> 42 
42 --> 43 
43 --> 44 
44 --> 45 
45 --> 46 
46 --> 47 
47 --> 48 
48 --> 49 
49 --> 50 
50 --> 51 
51 --> 52 
52 --> 53 
53 --> 54 
54 --> 55 
55 --> 56 
56 --> 57 
57 --> 58 
58 --> 59 
59 --> 60 
60 --> 61 
61 --> 62 
62 --> 63 
63 --> 64 
64 --> 65 
65 --> 66 
66 --> 67 
67 --> 68 
68 --> 69 
69 --> 70 
70 --> 71 
71 --> 72 
72 --> 73 
73 --> 74 
74 --> 75 
75 --> 

* FSM state operations: 

State 1 <SV = 0> <Delay = 2.34>
ST_1 : Operation 76 [1/1] (1.00ns)   --->   "%v19_read = read i64 @_ssdm_op_Read.s_axilite.i64, i64 %v19"   --->   Operation 76 'read' 'v19_read' <Predicate = true> <Delay = 1.00> <CoreInst = "s_axilite">   --->   Core 122 's_axilite' <Latency = 0> <II = 1> <Delay = 1.00> <Adapter> <Opcode : 'read' 'write'>
ST_1 : Operation 77 [1/1] (1.00ns)   --->   "%v18_read = read i64 @_ssdm_op_Read.s_axilite.i64, i64 %v18"   --->   Operation 77 'read' 'v18_read' <Predicate = true> <Delay = 1.00> <CoreInst = "s_axilite">   --->   Core 122 's_axilite' <Latency = 0> <II = 1> <Delay = 1.00> <Adapter> <Opcode : 'read' 'write'>
ST_1 : Operation 78 [1/1] (1.00ns)   --->   "%v17_read = read i64 @_ssdm_op_Read.s_axilite.i64, i64 %v17"   --->   Operation 78 'read' 'v17_read' <Predicate = true> <Delay = 1.00> <CoreInst = "s_axilite">   --->   Core 122 's_axilite' <Latency = 0> <II = 1> <Delay = 1.00> <Adapter> <Opcode : 'read' 'write'>
ST_1 : Operation 79 [1/1] (1.20ns)   --->   "%v21 = alloca i64 1" [/mnt/shared/home/tz32/scalehls_vitis_test/src/cemit_replaced.cpp:166]   --->   Operation 79 'alloca' 'v21' <Predicate = true> <Delay = 1.20> <CoreInst = "RAM_T2P_BRAM">   --->   Core 99 'RAM_T2P_BRAM' <Latency = 1> <II = 1> <Delay = 1.20> <Storage> <Opcode : 'load' 'store'> <Ports = 2> <Width = 32> <Depth = 1024> <RAM>
ST_1 : Operation 80 [1/1] (1.19ns)   --->   "%v22 = alloca i64 1"   --->   Operation 80 'alloca' 'v22' <Predicate = true> <Delay = 1.19> <CoreInst = "RAM_T2P_BRAM">   --->   Core 99 'RAM_T2P_BRAM' <Latency = 1> <II = 1> <Delay = 1.19> <Storage> <Opcode : 'load' 'store'> <Ports = 2> <Width = 32> <Depth = 10> <RAM>
ST_1 : Operation 81 [1/1] (0.00ns)   --->   "%trunc_ln145 = trunc i64 %v17_read" [/mnt/shared/home/tz32/scalehls_vitis_test/src/cemit_replaced.cpp:145]   --->   Operation 81 'trunc' 'trunc_ln145' <Predicate = true> <Delay = 0.00>
ST_1 : Operation 82 [2/2] (1.14ns)   --->   "%call_ln145 = call void @cemit_replaced_Pipeline_VITIS_LOOP_144_1, i64 %gmem, i32 %v21, i64 %v17_read, i3 %trunc_ln145" [/mnt/shared/home/tz32/scalehls_vitis_test/src/cemit_replaced.cpp:145]   --->   Operation 82 'call' 'call_ln145' <Predicate = true> <Delay = 1.14> <CoreType = "Generic">   --->   Core 0 '' <Latency = 0> <II = 1> <Delay = 1.00> <Generic> <Opcode : >
ST_1 : Operation 83 [1/1] (0.00ns)   --->   "%trunc_ln2 = partselect i61 @_ssdm_op_PartSelect.i61.i64.i32.i32, i64 %v18_read, i32 3, i32 63" [/mnt/shared/home/tz32/scalehls_vitis_test/src/cemit_replaced.cpp:33]   --->   Operation 83 'partselect' 'trunc_ln2' <Predicate = true> <Delay = 0.00>

State 2 <SV = 1> <Delay = 0.00>
ST_2 : Operation 84 [1/2] (0.00ns)   --->   "%call_ln145 = call void @cemit_replaced_Pipeline_VITIS_LOOP_144_1, i64 %gmem, i32 %v21, i64 %v17_read, i3 %trunc_ln145" [/mnt/shared/home/tz32/scalehls_vitis_test/src/cemit_replaced.cpp:145]   --->   Operation 84 'call' 'call_ln145' <Predicate = true> <Delay = 0.00> <CoreType = "Generic">   --->   Core 0 '' <Latency = 0> <II = 1> <Delay = 1.00> <Generic> <Opcode : >

State 3 <SV = 2> <Delay = 2.43>
ST_3 : Operation 85 [2/2] (2.43ns)   --->   "%call_ln174 = call void @forward_node1, i64 %gmem, i64 %v19_read, i32 %v21, i32 %v22" [/mnt/shared/home/tz32/scalehls_vitis_test/src/cemit_replaced.cpp:174]   --->   Operation 85 'call' 'call_ln174' <Predicate = true> <Delay = 2.43> <CoreType = "Generic">   --->   Core 0 '' <Latency = 0> <II = 1> <Delay = 1.00> <Generic> <Opcode : >

State 4 <SV = 3> <Delay = 0.00>
ST_4 : Operation 86 [1/2] (0.00ns)   --->   "%call_ln174 = call void @forward_node1, i64 %gmem, i64 %v19_read, i32 %v21, i32 %v22" [/mnt/shared/home/tz32/scalehls_vitis_test/src/cemit_replaced.cpp:174]   --->   Operation 86 'call' 'call_ln174' <Predicate = true> <Delay = 0.00> <CoreType = "Generic">   --->   Core 0 '' <Latency = 0> <II = 1> <Delay = 1.00> <Generic> <Opcode : >

State 5 <SV = 4> <Delay = 2.43>
ST_5 : Operation 87 [1/1] (0.00ns)   --->   "%sext_ln33 = sext i61 %trunc_ln2" [/mnt/shared/home/tz32/scalehls_vitis_test/src/cemit_replaced.cpp:33]   --->   Operation 87 'sext' 'sext_ln33' <Predicate = true> <Delay = 0.00>
ST_5 : Operation 88 [1/1] (0.00ns)   --->   "%gmem_addr = getelementptr i64 %gmem, i64 %sext_ln33" [/mnt/shared/home/tz32/scalehls_vitis_test/src/cemit_replaced.cpp:33]   --->   Operation 88 'getelementptr' 'gmem_addr' <Predicate = true> <Delay = 0.00>
ST_5 : Operation 89 [1/1] (2.43ns)   --->   "%empty = writereq i1 @_ssdm_op_WriteReq.m_axi.p1i64, i64 %gmem_addr, i32 5" [/mnt/shared/home/tz32/scalehls_vitis_test/src/cemit_replaced.cpp:33]   --->   Operation 89 'writereq' 'empty' <Predicate = true> <Delay = 2.43> <CoreInst = "m_axi">   --->   Core 121 'm_axi' <Latency = 0> <II = 1> <Delay = 1.00> <Adapter> <Opcode : 'read' 'write' 'readreq' 'writereq' 'writeresp'>

State 6 <SV = 5> <Delay = 0.00>
ST_6 : Operation 90 [2/2] (0.00ns)   --->   "%call_ln33 = call void @cemit_replaced_Pipeline_VITIS_LOOP_33_2, i64 %gmem, i61 %trunc_ln2, i32 %v22, i32 %v20" [/mnt/shared/home/tz32/scalehls_vitis_test/src/cemit_replaced.cpp:33]   --->   Operation 90 'call' 'call_ln33' <Predicate = true> <Delay = 0.00> <CoreType = "Generic">   --->   Core 0 '' <Latency = 0> <II = 1> <Delay = 1.00> <Generic> <Opcode : >

State 7 <SV = 6> <Delay = 0.00>
ST_7 : Operation 91 [1/2] (0.00ns)   --->   "%call_ln33 = call void @cemit_replaced_Pipeline_VITIS_LOOP_33_2, i64 %gmem, i61 %trunc_ln2, i32 %v22, i32 %v20" [/mnt/shared/home/tz32/scalehls_vitis_test/src/cemit_replaced.cpp:33]   --->   Operation 91 'call' 'call_ln33' <Predicate = true> <Delay = 0.00> <CoreType = "Generic">   --->   Core 0 '' <Latency = 0> <II = 1> <Delay = 1.00> <Generic> <Opcode : >

State 8 <SV = 7> <Delay = 2.43>
ST_8 : Operation 92 [68/68] (2.43ns)   --->   "%empty_74 = writeresp i1 @_ssdm_op_WriteResp.m_axi.p1i64, i64 %gmem_addr" [/mnt/shared/home/tz32/scalehls_vitis_test/src/cemit_replaced.cpp:177]   --->   Operation 92 'writeresp' 'empty_74' <Predicate = true> <Delay = 2.43> <CoreInst = "m_axi">   --->   Core 121 'm_axi' <Latency = 0> <II = 1> <Delay = 1.00> <Adapter> <Opcode : 'read' 'write' 'readreq' 'writereq' 'writeresp'>

State 9 <SV = 8> <Delay = 2.43>
ST_9 : Operation 93 [67/68] (2.43ns)   --->   "%empty_74 = writeresp i1 @_ssdm_op_WriteResp.m_axi.p1i64, i64 %gmem_addr" [/mnt/shared/home/tz32/scalehls_vitis_test/src/cemit_replaced.cpp:177]   --->   Operation 93 'writeresp' 'empty_74' <Predicate = true> <Delay = 2.43> <CoreInst = "m_axi">   --->   Core 121 'm_axi' <Latency = 0> <II = 1> <Delay = 1.00> <Adapter> <Opcode : 'read' 'write' 'readreq' 'writereq' 'writeresp'>

State 10 <SV = 9> <Delay = 2.43>
ST_10 : Operation 94 [66/68] (2.43ns)   --->   "%empty_74 = writeresp i1 @_ssdm_op_WriteResp.m_axi.p1i64, i64 %gmem_addr" [/mnt/shared/home/tz32/scalehls_vitis_test/src/cemit_replaced.cpp:177]   --->   Operation 94 'writeresp' 'empty_74' <Predicate = true> <Delay = 2.43> <CoreInst = "m_axi">   --->   Core 121 'm_axi' <Latency = 0> <II = 1> <Delay = 1.00> <Adapter> <Opcode : 'read' 'write' 'readreq' 'writereq' 'writeresp'>

State 11 <SV = 10> <Delay = 2.43>
ST_11 : Operation 95 [65/68] (2.43ns)   --->   "%empty_74 = writeresp i1 @_ssdm_op_WriteResp.m_axi.p1i64, i64 %gmem_addr" [/mnt/shared/home/tz32/scalehls_vitis_test/src/cemit_replaced.cpp:177]   --->   Operation 95 'writeresp' 'empty_74' <Predicate = true> <Delay = 2.43> <CoreInst = "m_axi">   --->   Core 121 'm_axi' <Latency = 0> <II = 1> <Delay = 1.00> <Adapter> <Opcode : 'read' 'write' 'readreq' 'writereq' 'writeresp'>

State 12 <SV = 11> <Delay = 2.43>
ST_12 : Operation 96 [64/68] (2.43ns)   --->   "%empty_74 = writeresp i1 @_ssdm_op_WriteResp.m_axi.p1i64, i64 %gmem_addr" [/mnt/shared/home/tz32/scalehls_vitis_test/src/cemit_replaced.cpp:177]   --->   Operation 96 'writeresp' 'empty_74' <Predicate = true> <Delay = 2.43> <CoreInst = "m_axi">   --->   Core 121 'm_axi' <Latency = 0> <II = 1> <Delay = 1.00> <Adapter> <Opcode : 'read' 'write' 'readreq' 'writereq' 'writeresp'>

State 13 <SV = 12> <Delay = 2.43>
ST_13 : Operation 97 [63/68] (2.43ns)   --->   "%empty_74 = writeresp i1 @_ssdm_op_WriteResp.m_axi.p1i64, i64 %gmem_addr" [/mnt/shared/home/tz32/scalehls_vitis_test/src/cemit_replaced.cpp:177]   --->   Operation 97 'writeresp' 'empty_74' <Predicate = true> <Delay = 2.43> <CoreInst = "m_axi">   --->   Core 121 'm_axi' <Latency = 0> <II = 1> <Delay = 1.00> <Adapter> <Opcode : 'read' 'write' 'readreq' 'writereq' 'writeresp'>

State 14 <SV = 13> <Delay = 2.43>
ST_14 : Operation 98 [62/68] (2.43ns)   --->   "%empty_74 = writeresp i1 @_ssdm_op_WriteResp.m_axi.p1i64, i64 %gmem_addr" [/mnt/shared/home/tz32/scalehls_vitis_test/src/cemit_replaced.cpp:177]   --->   Operation 98 'writeresp' 'empty_74' <Predicate = true> <Delay = 2.43> <CoreInst = "m_axi">   --->   Core 121 'm_axi' <Latency = 0> <II = 1> <Delay = 1.00> <Adapter> <Opcode : 'read' 'write' 'readreq' 'writereq' 'writeresp'>

State 15 <SV = 14> <Delay = 2.43>
ST_15 : Operation 99 [61/68] (2.43ns)   --->   "%empty_74 = writeresp i1 @_ssdm_op_WriteResp.m_axi.p1i64, i64 %gmem_addr" [/mnt/shared/home/tz32/scalehls_vitis_test/src/cemit_replaced.cpp:177]   --->   Operation 99 'writeresp' 'empty_74' <Predicate = true> <Delay = 2.43> <CoreInst = "m_axi">   --->   Core 121 'm_axi' <Latency = 0> <II = 1> <Delay = 1.00> <Adapter> <Opcode : 'read' 'write' 'readreq' 'writereq' 'writeresp'>

State 16 <SV = 15> <Delay = 2.43>
ST_16 : Operation 100 [60/68] (2.43ns)   --->   "%empty_74 = writeresp i1 @_ssdm_op_WriteResp.m_axi.p1i64, i64 %gmem_addr" [/mnt/shared/home/tz32/scalehls_vitis_test/src/cemit_replaced.cpp:177]   --->   Operation 100 'writeresp' 'empty_74' <Predicate = true> <Delay = 2.43> <CoreInst = "m_axi">   --->   Core 121 'm_axi' <Latency = 0> <II = 1> <Delay = 1.00> <Adapter> <Opcode : 'read' 'write' 'readreq' 'writereq' 'writeresp'>

State 17 <SV = 16> <Delay = 2.43>
ST_17 : Operation 101 [59/68] (2.43ns)   --->   "%empty_74 = writeresp i1 @_ssdm_op_WriteResp.m_axi.p1i64, i64 %gmem_addr" [/mnt/shared/home/tz32/scalehls_vitis_test/src/cemit_replaced.cpp:177]   --->   Operation 101 'writeresp' 'empty_74' <Predicate = true> <Delay = 2.43> <CoreInst = "m_axi">   --->   Core 121 'm_axi' <Latency = 0> <II = 1> <Delay = 1.00> <Adapter> <Opcode : 'read' 'write' 'readreq' 'writereq' 'writeresp'>

State 18 <SV = 17> <Delay = 2.43>
ST_18 : Operation 102 [58/68] (2.43ns)   --->   "%empty_74 = writeresp i1 @_ssdm_op_WriteResp.m_axi.p1i64, i64 %gmem_addr" [/mnt/shared/home/tz32/scalehls_vitis_test/src/cemit_replaced.cpp:177]   --->   Operation 102 'writeresp' 'empty_74' <Predicate = true> <Delay = 2.43> <CoreInst = "m_axi">   --->   Core 121 'm_axi' <Latency = 0> <II = 1> <Delay = 1.00> <Adapter> <Opcode : 'read' 'write' 'readreq' 'writereq' 'writeresp'>

State 19 <SV = 18> <Delay = 2.43>
ST_19 : Operation 103 [57/68] (2.43ns)   --->   "%empty_74 = writeresp i1 @_ssdm_op_WriteResp.m_axi.p1i64, i64 %gmem_addr" [/mnt/shared/home/tz32/scalehls_vitis_test/src/cemit_replaced.cpp:177]   --->   Operation 103 'writeresp' 'empty_74' <Predicate = true> <Delay = 2.43> <CoreInst = "m_axi">   --->   Core 121 'm_axi' <Latency = 0> <II = 1> <Delay = 1.00> <Adapter> <Opcode : 'read' 'write' 'readreq' 'writereq' 'writeresp'>

State 20 <SV = 19> <Delay = 2.43>
ST_20 : Operation 104 [56/68] (2.43ns)   --->   "%empty_74 = writeresp i1 @_ssdm_op_WriteResp.m_axi.p1i64, i64 %gmem_addr" [/mnt/shared/home/tz32/scalehls_vitis_test/src/cemit_replaced.cpp:177]   --->   Operation 104 'writeresp' 'empty_74' <Predicate = true> <Delay = 2.43> <CoreInst = "m_axi">   --->   Core 121 'm_axi' <Latency = 0> <II = 1> <Delay = 1.00> <Adapter> <Opcode : 'read' 'write' 'readreq' 'writereq' 'writeresp'>

State 21 <SV = 20> <Delay = 2.43>
ST_21 : Operation 105 [55/68] (2.43ns)   --->   "%empty_74 = writeresp i1 @_ssdm_op_WriteResp.m_axi.p1i64, i64 %gmem_addr" [/mnt/shared/home/tz32/scalehls_vitis_test/src/cemit_replaced.cpp:177]   --->   Operation 105 'writeresp' 'empty_74' <Predicate = true> <Delay = 2.43> <CoreInst = "m_axi">   --->   Core 121 'm_axi' <Latency = 0> <II = 1> <Delay = 1.00> <Adapter> <Opcode : 'read' 'write' 'readreq' 'writereq' 'writeresp'>

State 22 <SV = 21> <Delay = 2.43>
ST_22 : Operation 106 [54/68] (2.43ns)   --->   "%empty_74 = writeresp i1 @_ssdm_op_WriteResp.m_axi.p1i64, i64 %gmem_addr" [/mnt/shared/home/tz32/scalehls_vitis_test/src/cemit_replaced.cpp:177]   --->   Operation 106 'writeresp' 'empty_74' <Predicate = true> <Delay = 2.43> <CoreInst = "m_axi">   --->   Core 121 'm_axi' <Latency = 0> <II = 1> <Delay = 1.00> <Adapter> <Opcode : 'read' 'write' 'readreq' 'writereq' 'writeresp'>

State 23 <SV = 22> <Delay = 2.43>
ST_23 : Operation 107 [53/68] (2.43ns)   --->   "%empty_74 = writeresp i1 @_ssdm_op_WriteResp.m_axi.p1i64, i64 %gmem_addr" [/mnt/shared/home/tz32/scalehls_vitis_test/src/cemit_replaced.cpp:177]   --->   Operation 107 'writeresp' 'empty_74' <Predicate = true> <Delay = 2.43> <CoreInst = "m_axi">   --->   Core 121 'm_axi' <Latency = 0> <II = 1> <Delay = 1.00> <Adapter> <Opcode : 'read' 'write' 'readreq' 'writereq' 'writeresp'>

State 24 <SV = 23> <Delay = 2.43>
ST_24 : Operation 108 [52/68] (2.43ns)   --->   "%empty_74 = writeresp i1 @_ssdm_op_WriteResp.m_axi.p1i64, i64 %gmem_addr" [/mnt/shared/home/tz32/scalehls_vitis_test/src/cemit_replaced.cpp:177]   --->   Operation 108 'writeresp' 'empty_74' <Predicate = true> <Delay = 2.43> <CoreInst = "m_axi">   --->   Core 121 'm_axi' <Latency = 0> <II = 1> <Delay = 1.00> <Adapter> <Opcode : 'read' 'write' 'readreq' 'writereq' 'writeresp'>

State 25 <SV = 24> <Delay = 2.43>
ST_25 : Operation 109 [51/68] (2.43ns)   --->   "%empty_74 = writeresp i1 @_ssdm_op_WriteResp.m_axi.p1i64, i64 %gmem_addr" [/mnt/shared/home/tz32/scalehls_vitis_test/src/cemit_replaced.cpp:177]   --->   Operation 109 'writeresp' 'empty_74' <Predicate = true> <Delay = 2.43> <CoreInst = "m_axi">   --->   Core 121 'm_axi' <Latency = 0> <II = 1> <Delay = 1.00> <Adapter> <Opcode : 'read' 'write' 'readreq' 'writereq' 'writeresp'>

State 26 <SV = 25> <Delay = 2.43>
ST_26 : Operation 110 [50/68] (2.43ns)   --->   "%empty_74 = writeresp i1 @_ssdm_op_WriteResp.m_axi.p1i64, i64 %gmem_addr" [/mnt/shared/home/tz32/scalehls_vitis_test/src/cemit_replaced.cpp:177]   --->   Operation 110 'writeresp' 'empty_74' <Predicate = true> <Delay = 2.43> <CoreInst = "m_axi">   --->   Core 121 'm_axi' <Latency = 0> <II = 1> <Delay = 1.00> <Adapter> <Opcode : 'read' 'write' 'readreq' 'writereq' 'writeresp'>

State 27 <SV = 26> <Delay = 2.43>
ST_27 : Operation 111 [49/68] (2.43ns)   --->   "%empty_74 = writeresp i1 @_ssdm_op_WriteResp.m_axi.p1i64, i64 %gmem_addr" [/mnt/shared/home/tz32/scalehls_vitis_test/src/cemit_replaced.cpp:177]   --->   Operation 111 'writeresp' 'empty_74' <Predicate = true> <Delay = 2.43> <CoreInst = "m_axi">   --->   Core 121 'm_axi' <Latency = 0> <II = 1> <Delay = 1.00> <Adapter> <Opcode : 'read' 'write' 'readreq' 'writereq' 'writeresp'>

State 28 <SV = 27> <Delay = 2.43>
ST_28 : Operation 112 [48/68] (2.43ns)   --->   "%empty_74 = writeresp i1 @_ssdm_op_WriteResp.m_axi.p1i64, i64 %gmem_addr" [/mnt/shared/home/tz32/scalehls_vitis_test/src/cemit_replaced.cpp:177]   --->   Operation 112 'writeresp' 'empty_74' <Predicate = true> <Delay = 2.43> <CoreInst = "m_axi">   --->   Core 121 'm_axi' <Latency = 0> <II = 1> <Delay = 1.00> <Adapter> <Opcode : 'read' 'write' 'readreq' 'writereq' 'writeresp'>

State 29 <SV = 28> <Delay = 2.43>
ST_29 : Operation 113 [47/68] (2.43ns)   --->   "%empty_74 = writeresp i1 @_ssdm_op_WriteResp.m_axi.p1i64, i64 %gmem_addr" [/mnt/shared/home/tz32/scalehls_vitis_test/src/cemit_replaced.cpp:177]   --->   Operation 113 'writeresp' 'empty_74' <Predicate = true> <Delay = 2.43> <CoreInst = "m_axi">   --->   Core 121 'm_axi' <Latency = 0> <II = 1> <Delay = 1.00> <Adapter> <Opcode : 'read' 'write' 'readreq' 'writereq' 'writeresp'>

State 30 <SV = 29> <Delay = 2.43>
ST_30 : Operation 114 [46/68] (2.43ns)   --->   "%empty_74 = writeresp i1 @_ssdm_op_WriteResp.m_axi.p1i64, i64 %gmem_addr" [/mnt/shared/home/tz32/scalehls_vitis_test/src/cemit_replaced.cpp:177]   --->   Operation 114 'writeresp' 'empty_74' <Predicate = true> <Delay = 2.43> <CoreInst = "m_axi">   --->   Core 121 'm_axi' <Latency = 0> <II = 1> <Delay = 1.00> <Adapter> <Opcode : 'read' 'write' 'readreq' 'writereq' 'writeresp'>

State 31 <SV = 30> <Delay = 2.43>
ST_31 : Operation 115 [45/68] (2.43ns)   --->   "%empty_74 = writeresp i1 @_ssdm_op_WriteResp.m_axi.p1i64, i64 %gmem_addr" [/mnt/shared/home/tz32/scalehls_vitis_test/src/cemit_replaced.cpp:177]   --->   Operation 115 'writeresp' 'empty_74' <Predicate = true> <Delay = 2.43> <CoreInst = "m_axi">   --->   Core 121 'm_axi' <Latency = 0> <II = 1> <Delay = 1.00> <Adapter> <Opcode : 'read' 'write' 'readreq' 'writereq' 'writeresp'>

State 32 <SV = 31> <Delay = 2.43>
ST_32 : Operation 116 [44/68] (2.43ns)   --->   "%empty_74 = writeresp i1 @_ssdm_op_WriteResp.m_axi.p1i64, i64 %gmem_addr" [/mnt/shared/home/tz32/scalehls_vitis_test/src/cemit_replaced.cpp:177]   --->   Operation 116 'writeresp' 'empty_74' <Predicate = true> <Delay = 2.43> <CoreInst = "m_axi">   --->   Core 121 'm_axi' <Latency = 0> <II = 1> <Delay = 1.00> <Adapter> <Opcode : 'read' 'write' 'readreq' 'writereq' 'writeresp'>

State 33 <SV = 32> <Delay = 2.43>
ST_33 : Operation 117 [43/68] (2.43ns)   --->   "%empty_74 = writeresp i1 @_ssdm_op_WriteResp.m_axi.p1i64, i64 %gmem_addr" [/mnt/shared/home/tz32/scalehls_vitis_test/src/cemit_replaced.cpp:177]   --->   Operation 117 'writeresp' 'empty_74' <Predicate = true> <Delay = 2.43> <CoreInst = "m_axi">   --->   Core 121 'm_axi' <Latency = 0> <II = 1> <Delay = 1.00> <Adapter> <Opcode : 'read' 'write' 'readreq' 'writereq' 'writeresp'>

State 34 <SV = 33> <Delay = 2.43>
ST_34 : Operation 118 [42/68] (2.43ns)   --->   "%empty_74 = writeresp i1 @_ssdm_op_WriteResp.m_axi.p1i64, i64 %gmem_addr" [/mnt/shared/home/tz32/scalehls_vitis_test/src/cemit_replaced.cpp:177]   --->   Operation 118 'writeresp' 'empty_74' <Predicate = true> <Delay = 2.43> <CoreInst = "m_axi">   --->   Core 121 'm_axi' <Latency = 0> <II = 1> <Delay = 1.00> <Adapter> <Opcode : 'read' 'write' 'readreq' 'writereq' 'writeresp'>

State 35 <SV = 34> <Delay = 2.43>
ST_35 : Operation 119 [41/68] (2.43ns)   --->   "%empty_74 = writeresp i1 @_ssdm_op_WriteResp.m_axi.p1i64, i64 %gmem_addr" [/mnt/shared/home/tz32/scalehls_vitis_test/src/cemit_replaced.cpp:177]   --->   Operation 119 'writeresp' 'empty_74' <Predicate = true> <Delay = 2.43> <CoreInst = "m_axi">   --->   Core 121 'm_axi' <Latency = 0> <II = 1> <Delay = 1.00> <Adapter> <Opcode : 'read' 'write' 'readreq' 'writereq' 'writeresp'>

State 36 <SV = 35> <Delay = 2.43>
ST_36 : Operation 120 [40/68] (2.43ns)   --->   "%empty_74 = writeresp i1 @_ssdm_op_WriteResp.m_axi.p1i64, i64 %gmem_addr" [/mnt/shared/home/tz32/scalehls_vitis_test/src/cemit_replaced.cpp:177]   --->   Operation 120 'writeresp' 'empty_74' <Predicate = true> <Delay = 2.43> <CoreInst = "m_axi">   --->   Core 121 'm_axi' <Latency = 0> <II = 1> <Delay = 1.00> <Adapter> <Opcode : 'read' 'write' 'readreq' 'writereq' 'writeresp'>

State 37 <SV = 36> <Delay = 2.43>
ST_37 : Operation 121 [39/68] (2.43ns)   --->   "%empty_74 = writeresp i1 @_ssdm_op_WriteResp.m_axi.p1i64, i64 %gmem_addr" [/mnt/shared/home/tz32/scalehls_vitis_test/src/cemit_replaced.cpp:177]   --->   Operation 121 'writeresp' 'empty_74' <Predicate = true> <Delay = 2.43> <CoreInst = "m_axi">   --->   Core 121 'm_axi' <Latency = 0> <II = 1> <Delay = 1.00> <Adapter> <Opcode : 'read' 'write' 'readreq' 'writereq' 'writeresp'>

State 38 <SV = 37> <Delay = 2.43>
ST_38 : Operation 122 [38/68] (2.43ns)   --->   "%empty_74 = writeresp i1 @_ssdm_op_WriteResp.m_axi.p1i64, i64 %gmem_addr" [/mnt/shared/home/tz32/scalehls_vitis_test/src/cemit_replaced.cpp:177]   --->   Operation 122 'writeresp' 'empty_74' <Predicate = true> <Delay = 2.43> <CoreInst = "m_axi">   --->   Core 121 'm_axi' <Latency = 0> <II = 1> <Delay = 1.00> <Adapter> <Opcode : 'read' 'write' 'readreq' 'writereq' 'writeresp'>

State 39 <SV = 38> <Delay = 2.43>
ST_39 : Operation 123 [37/68] (2.43ns)   --->   "%empty_74 = writeresp i1 @_ssdm_op_WriteResp.m_axi.p1i64, i64 %gmem_addr" [/mnt/shared/home/tz32/scalehls_vitis_test/src/cemit_replaced.cpp:177]   --->   Operation 123 'writeresp' 'empty_74' <Predicate = true> <Delay = 2.43> <CoreInst = "m_axi">   --->   Core 121 'm_axi' <Latency = 0> <II = 1> <Delay = 1.00> <Adapter> <Opcode : 'read' 'write' 'readreq' 'writereq' 'writeresp'>

State 40 <SV = 39> <Delay = 2.43>
ST_40 : Operation 124 [36/68] (2.43ns)   --->   "%empty_74 = writeresp i1 @_ssdm_op_WriteResp.m_axi.p1i64, i64 %gmem_addr" [/mnt/shared/home/tz32/scalehls_vitis_test/src/cemit_replaced.cpp:177]   --->   Operation 124 'writeresp' 'empty_74' <Predicate = true> <Delay = 2.43> <CoreInst = "m_axi">   --->   Core 121 'm_axi' <Latency = 0> <II = 1> <Delay = 1.00> <Adapter> <Opcode : 'read' 'write' 'readreq' 'writereq' 'writeresp'>

State 41 <SV = 40> <Delay = 2.43>
ST_41 : Operation 125 [35/68] (2.43ns)   --->   "%empty_74 = writeresp i1 @_ssdm_op_WriteResp.m_axi.p1i64, i64 %gmem_addr" [/mnt/shared/home/tz32/scalehls_vitis_test/src/cemit_replaced.cpp:177]   --->   Operation 125 'writeresp' 'empty_74' <Predicate = true> <Delay = 2.43> <CoreInst = "m_axi">   --->   Core 121 'm_axi' <Latency = 0> <II = 1> <Delay = 1.00> <Adapter> <Opcode : 'read' 'write' 'readreq' 'writereq' 'writeresp'>

State 42 <SV = 41> <Delay = 2.43>
ST_42 : Operation 126 [34/68] (2.43ns)   --->   "%empty_74 = writeresp i1 @_ssdm_op_WriteResp.m_axi.p1i64, i64 %gmem_addr" [/mnt/shared/home/tz32/scalehls_vitis_test/src/cemit_replaced.cpp:177]   --->   Operation 126 'writeresp' 'empty_74' <Predicate = true> <Delay = 2.43> <CoreInst = "m_axi">   --->   Core 121 'm_axi' <Latency = 0> <II = 1> <Delay = 1.00> <Adapter> <Opcode : 'read' 'write' 'readreq' 'writereq' 'writeresp'>

State 43 <SV = 42> <Delay = 2.43>
ST_43 : Operation 127 [33/68] (2.43ns)   --->   "%empty_74 = writeresp i1 @_ssdm_op_WriteResp.m_axi.p1i64, i64 %gmem_addr" [/mnt/shared/home/tz32/scalehls_vitis_test/src/cemit_replaced.cpp:177]   --->   Operation 127 'writeresp' 'empty_74' <Predicate = true> <Delay = 2.43> <CoreInst = "m_axi">   --->   Core 121 'm_axi' <Latency = 0> <II = 1> <Delay = 1.00> <Adapter> <Opcode : 'read' 'write' 'readreq' 'writereq' 'writeresp'>

State 44 <SV = 43> <Delay = 2.43>
ST_44 : Operation 128 [32/68] (2.43ns)   --->   "%empty_74 = writeresp i1 @_ssdm_op_WriteResp.m_axi.p1i64, i64 %gmem_addr" [/mnt/shared/home/tz32/scalehls_vitis_test/src/cemit_replaced.cpp:177]   --->   Operation 128 'writeresp' 'empty_74' <Predicate = true> <Delay = 2.43> <CoreInst = "m_axi">   --->   Core 121 'm_axi' <Latency = 0> <II = 1> <Delay = 1.00> <Adapter> <Opcode : 'read' 'write' 'readreq' 'writereq' 'writeresp'>

State 45 <SV = 44> <Delay = 2.43>
ST_45 : Operation 129 [31/68] (2.43ns)   --->   "%empty_74 = writeresp i1 @_ssdm_op_WriteResp.m_axi.p1i64, i64 %gmem_addr" [/mnt/shared/home/tz32/scalehls_vitis_test/src/cemit_replaced.cpp:177]   --->   Operation 129 'writeresp' 'empty_74' <Predicate = true> <Delay = 2.43> <CoreInst = "m_axi">   --->   Core 121 'm_axi' <Latency = 0> <II = 1> <Delay = 1.00> <Adapter> <Opcode : 'read' 'write' 'readreq' 'writereq' 'writeresp'>

State 46 <SV = 45> <Delay = 2.43>
ST_46 : Operation 130 [30/68] (2.43ns)   --->   "%empty_74 = writeresp i1 @_ssdm_op_WriteResp.m_axi.p1i64, i64 %gmem_addr" [/mnt/shared/home/tz32/scalehls_vitis_test/src/cemit_replaced.cpp:177]   --->   Operation 130 'writeresp' 'empty_74' <Predicate = true> <Delay = 2.43> <CoreInst = "m_axi">   --->   Core 121 'm_axi' <Latency = 0> <II = 1> <Delay = 1.00> <Adapter> <Opcode : 'read' 'write' 'readreq' 'writereq' 'writeresp'>

State 47 <SV = 46> <Delay = 2.43>
ST_47 : Operation 131 [29/68] (2.43ns)   --->   "%empty_74 = writeresp i1 @_ssdm_op_WriteResp.m_axi.p1i64, i64 %gmem_addr" [/mnt/shared/home/tz32/scalehls_vitis_test/src/cemit_replaced.cpp:177]   --->   Operation 131 'writeresp' 'empty_74' <Predicate = true> <Delay = 2.43> <CoreInst = "m_axi">   --->   Core 121 'm_axi' <Latency = 0> <II = 1> <Delay = 1.00> <Adapter> <Opcode : 'read' 'write' 'readreq' 'writereq' 'writeresp'>

State 48 <SV = 47> <Delay = 2.43>
ST_48 : Operation 132 [28/68] (2.43ns)   --->   "%empty_74 = writeresp i1 @_ssdm_op_WriteResp.m_axi.p1i64, i64 %gmem_addr" [/mnt/shared/home/tz32/scalehls_vitis_test/src/cemit_replaced.cpp:177]   --->   Operation 132 'writeresp' 'empty_74' <Predicate = true> <Delay = 2.43> <CoreInst = "m_axi">   --->   Core 121 'm_axi' <Latency = 0> <II = 1> <Delay = 1.00> <Adapter> <Opcode : 'read' 'write' 'readreq' 'writereq' 'writeresp'>

State 49 <SV = 48> <Delay = 2.43>
ST_49 : Operation 133 [27/68] (2.43ns)   --->   "%empty_74 = writeresp i1 @_ssdm_op_WriteResp.m_axi.p1i64, i64 %gmem_addr" [/mnt/shared/home/tz32/scalehls_vitis_test/src/cemit_replaced.cpp:177]   --->   Operation 133 'writeresp' 'empty_74' <Predicate = true> <Delay = 2.43> <CoreInst = "m_axi">   --->   Core 121 'm_axi' <Latency = 0> <II = 1> <Delay = 1.00> <Adapter> <Opcode : 'read' 'write' 'readreq' 'writereq' 'writeresp'>

State 50 <SV = 49> <Delay = 2.43>
ST_50 : Operation 134 [26/68] (2.43ns)   --->   "%empty_74 = writeresp i1 @_ssdm_op_WriteResp.m_axi.p1i64, i64 %gmem_addr" [/mnt/shared/home/tz32/scalehls_vitis_test/src/cemit_replaced.cpp:177]   --->   Operation 134 'writeresp' 'empty_74' <Predicate = true> <Delay = 2.43> <CoreInst = "m_axi">   --->   Core 121 'm_axi' <Latency = 0> <II = 1> <Delay = 1.00> <Adapter> <Opcode : 'read' 'write' 'readreq' 'writereq' 'writeresp'>

State 51 <SV = 50> <Delay = 2.43>
ST_51 : Operation 135 [25/68] (2.43ns)   --->   "%empty_74 = writeresp i1 @_ssdm_op_WriteResp.m_axi.p1i64, i64 %gmem_addr" [/mnt/shared/home/tz32/scalehls_vitis_test/src/cemit_replaced.cpp:177]   --->   Operation 135 'writeresp' 'empty_74' <Predicate = true> <Delay = 2.43> <CoreInst = "m_axi">   --->   Core 121 'm_axi' <Latency = 0> <II = 1> <Delay = 1.00> <Adapter> <Opcode : 'read' 'write' 'readreq' 'writereq' 'writeresp'>

State 52 <SV = 51> <Delay = 2.43>
ST_52 : Operation 136 [24/68] (2.43ns)   --->   "%empty_74 = writeresp i1 @_ssdm_op_WriteResp.m_axi.p1i64, i64 %gmem_addr" [/mnt/shared/home/tz32/scalehls_vitis_test/src/cemit_replaced.cpp:177]   --->   Operation 136 'writeresp' 'empty_74' <Predicate = true> <Delay = 2.43> <CoreInst = "m_axi">   --->   Core 121 'm_axi' <Latency = 0> <II = 1> <Delay = 1.00> <Adapter> <Opcode : 'read' 'write' 'readreq' 'writereq' 'writeresp'>

State 53 <SV = 52> <Delay = 2.43>
ST_53 : Operation 137 [23/68] (2.43ns)   --->   "%empty_74 = writeresp i1 @_ssdm_op_WriteResp.m_axi.p1i64, i64 %gmem_addr" [/mnt/shared/home/tz32/scalehls_vitis_test/src/cemit_replaced.cpp:177]   --->   Operation 137 'writeresp' 'empty_74' <Predicate = true> <Delay = 2.43> <CoreInst = "m_axi">   --->   Core 121 'm_axi' <Latency = 0> <II = 1> <Delay = 1.00> <Adapter> <Opcode : 'read' 'write' 'readreq' 'writereq' 'writeresp'>

State 54 <SV = 53> <Delay = 2.43>
ST_54 : Operation 138 [22/68] (2.43ns)   --->   "%empty_74 = writeresp i1 @_ssdm_op_WriteResp.m_axi.p1i64, i64 %gmem_addr" [/mnt/shared/home/tz32/scalehls_vitis_test/src/cemit_replaced.cpp:177]   --->   Operation 138 'writeresp' 'empty_74' <Predicate = true> <Delay = 2.43> <CoreInst = "m_axi">   --->   Core 121 'm_axi' <Latency = 0> <II = 1> <Delay = 1.00> <Adapter> <Opcode : 'read' 'write' 'readreq' 'writereq' 'writeresp'>

State 55 <SV = 54> <Delay = 2.43>
ST_55 : Operation 139 [21/68] (2.43ns)   --->   "%empty_74 = writeresp i1 @_ssdm_op_WriteResp.m_axi.p1i64, i64 %gmem_addr" [/mnt/shared/home/tz32/scalehls_vitis_test/src/cemit_replaced.cpp:177]   --->   Operation 139 'writeresp' 'empty_74' <Predicate = true> <Delay = 2.43> <CoreInst = "m_axi">   --->   Core 121 'm_axi' <Latency = 0> <II = 1> <Delay = 1.00> <Adapter> <Opcode : 'read' 'write' 'readreq' 'writereq' 'writeresp'>

State 56 <SV = 55> <Delay = 2.43>
ST_56 : Operation 140 [20/68] (2.43ns)   --->   "%empty_74 = writeresp i1 @_ssdm_op_WriteResp.m_axi.p1i64, i64 %gmem_addr" [/mnt/shared/home/tz32/scalehls_vitis_test/src/cemit_replaced.cpp:177]   --->   Operation 140 'writeresp' 'empty_74' <Predicate = true> <Delay = 2.43> <CoreInst = "m_axi">   --->   Core 121 'm_axi' <Latency = 0> <II = 1> <Delay = 1.00> <Adapter> <Opcode : 'read' 'write' 'readreq' 'writereq' 'writeresp'>

State 57 <SV = 56> <Delay = 2.43>
ST_57 : Operation 141 [19/68] (2.43ns)   --->   "%empty_74 = writeresp i1 @_ssdm_op_WriteResp.m_axi.p1i64, i64 %gmem_addr" [/mnt/shared/home/tz32/scalehls_vitis_test/src/cemit_replaced.cpp:177]   --->   Operation 141 'writeresp' 'empty_74' <Predicate = true> <Delay = 2.43> <CoreInst = "m_axi">   --->   Core 121 'm_axi' <Latency = 0> <II = 1> <Delay = 1.00> <Adapter> <Opcode : 'read' 'write' 'readreq' 'writereq' 'writeresp'>

State 58 <SV = 57> <Delay = 2.43>
ST_58 : Operation 142 [18/68] (2.43ns)   --->   "%empty_74 = writeresp i1 @_ssdm_op_WriteResp.m_axi.p1i64, i64 %gmem_addr" [/mnt/shared/home/tz32/scalehls_vitis_test/src/cemit_replaced.cpp:177]   --->   Operation 142 'writeresp' 'empty_74' <Predicate = true> <Delay = 2.43> <CoreInst = "m_axi">   --->   Core 121 'm_axi' <Latency = 0> <II = 1> <Delay = 1.00> <Adapter> <Opcode : 'read' 'write' 'readreq' 'writereq' 'writeresp'>

State 59 <SV = 58> <Delay = 2.43>
ST_59 : Operation 143 [17/68] (2.43ns)   --->   "%empty_74 = writeresp i1 @_ssdm_op_WriteResp.m_axi.p1i64, i64 %gmem_addr" [/mnt/shared/home/tz32/scalehls_vitis_test/src/cemit_replaced.cpp:177]   --->   Operation 143 'writeresp' 'empty_74' <Predicate = true> <Delay = 2.43> <CoreInst = "m_axi">   --->   Core 121 'm_axi' <Latency = 0> <II = 1> <Delay = 1.00> <Adapter> <Opcode : 'read' 'write' 'readreq' 'writereq' 'writeresp'>

State 60 <SV = 59> <Delay = 2.43>
ST_60 : Operation 144 [16/68] (2.43ns)   --->   "%empty_74 = writeresp i1 @_ssdm_op_WriteResp.m_axi.p1i64, i64 %gmem_addr" [/mnt/shared/home/tz32/scalehls_vitis_test/src/cemit_replaced.cpp:177]   --->   Operation 144 'writeresp' 'empty_74' <Predicate = true> <Delay = 2.43> <CoreInst = "m_axi">   --->   Core 121 'm_axi' <Latency = 0> <II = 1> <Delay = 1.00> <Adapter> <Opcode : 'read' 'write' 'readreq' 'writereq' 'writeresp'>

State 61 <SV = 60> <Delay = 2.43>
ST_61 : Operation 145 [15/68] (2.43ns)   --->   "%empty_74 = writeresp i1 @_ssdm_op_WriteResp.m_axi.p1i64, i64 %gmem_addr" [/mnt/shared/home/tz32/scalehls_vitis_test/src/cemit_replaced.cpp:177]   --->   Operation 145 'writeresp' 'empty_74' <Predicate = true> <Delay = 2.43> <CoreInst = "m_axi">   --->   Core 121 'm_axi' <Latency = 0> <II = 1> <Delay = 1.00> <Adapter> <Opcode : 'read' 'write' 'readreq' 'writereq' 'writeresp'>

State 62 <SV = 61> <Delay = 2.43>
ST_62 : Operation 146 [14/68] (2.43ns)   --->   "%empty_74 = writeresp i1 @_ssdm_op_WriteResp.m_axi.p1i64, i64 %gmem_addr" [/mnt/shared/home/tz32/scalehls_vitis_test/src/cemit_replaced.cpp:177]   --->   Operation 146 'writeresp' 'empty_74' <Predicate = true> <Delay = 2.43> <CoreInst = "m_axi">   --->   Core 121 'm_axi' <Latency = 0> <II = 1> <Delay = 1.00> <Adapter> <Opcode : 'read' 'write' 'readreq' 'writereq' 'writeresp'>

State 63 <SV = 62> <Delay = 2.43>
ST_63 : Operation 147 [13/68] (2.43ns)   --->   "%empty_74 = writeresp i1 @_ssdm_op_WriteResp.m_axi.p1i64, i64 %gmem_addr" [/mnt/shared/home/tz32/scalehls_vitis_test/src/cemit_replaced.cpp:177]   --->   Operation 147 'writeresp' 'empty_74' <Predicate = true> <Delay = 2.43> <CoreInst = "m_axi">   --->   Core 121 'm_axi' <Latency = 0> <II = 1> <Delay = 1.00> <Adapter> <Opcode : 'read' 'write' 'readreq' 'writereq' 'writeresp'>

State 64 <SV = 63> <Delay = 2.43>
ST_64 : Operation 148 [12/68] (2.43ns)   --->   "%empty_74 = writeresp i1 @_ssdm_op_WriteResp.m_axi.p1i64, i64 %gmem_addr" [/mnt/shared/home/tz32/scalehls_vitis_test/src/cemit_replaced.cpp:177]   --->   Operation 148 'writeresp' 'empty_74' <Predicate = true> <Delay = 2.43> <CoreInst = "m_axi">   --->   Core 121 'm_axi' <Latency = 0> <II = 1> <Delay = 1.00> <Adapter> <Opcode : 'read' 'write' 'readreq' 'writereq' 'writeresp'>

State 65 <SV = 64> <Delay = 2.43>
ST_65 : Operation 149 [11/68] (2.43ns)   --->   "%empty_74 = writeresp i1 @_ssdm_op_WriteResp.m_axi.p1i64, i64 %gmem_addr" [/mnt/shared/home/tz32/scalehls_vitis_test/src/cemit_replaced.cpp:177]   --->   Operation 149 'writeresp' 'empty_74' <Predicate = true> <Delay = 2.43> <CoreInst = "m_axi">   --->   Core 121 'm_axi' <Latency = 0> <II = 1> <Delay = 1.00> <Adapter> <Opcode : 'read' 'write' 'readreq' 'writereq' 'writeresp'>

State 66 <SV = 65> <Delay = 2.43>
ST_66 : Operation 150 [10/68] (2.43ns)   --->   "%empty_74 = writeresp i1 @_ssdm_op_WriteResp.m_axi.p1i64, i64 %gmem_addr" [/mnt/shared/home/tz32/scalehls_vitis_test/src/cemit_replaced.cpp:177]   --->   Operation 150 'writeresp' 'empty_74' <Predicate = true> <Delay = 2.43> <CoreInst = "m_axi">   --->   Core 121 'm_axi' <Latency = 0> <II = 1> <Delay = 1.00> <Adapter> <Opcode : 'read' 'write' 'readreq' 'writereq' 'writeresp'>

State 67 <SV = 66> <Delay = 2.43>
ST_67 : Operation 151 [9/68] (2.43ns)   --->   "%empty_74 = writeresp i1 @_ssdm_op_WriteResp.m_axi.p1i64, i64 %gmem_addr" [/mnt/shared/home/tz32/scalehls_vitis_test/src/cemit_replaced.cpp:177]   --->   Operation 151 'writeresp' 'empty_74' <Predicate = true> <Delay = 2.43> <CoreInst = "m_axi">   --->   Core 121 'm_axi' <Latency = 0> <II = 1> <Delay = 1.00> <Adapter> <Opcode : 'read' 'write' 'readreq' 'writereq' 'writeresp'>

State 68 <SV = 67> <Delay = 2.43>
ST_68 : Operation 152 [8/68] (2.43ns)   --->   "%empty_74 = writeresp i1 @_ssdm_op_WriteResp.m_axi.p1i64, i64 %gmem_addr" [/mnt/shared/home/tz32/scalehls_vitis_test/src/cemit_replaced.cpp:177]   --->   Operation 152 'writeresp' 'empty_74' <Predicate = true> <Delay = 2.43> <CoreInst = "m_axi">   --->   Core 121 'm_axi' <Latency = 0> <II = 1> <Delay = 1.00> <Adapter> <Opcode : 'read' 'write' 'readreq' 'writereq' 'writeresp'>

State 69 <SV = 68> <Delay = 2.43>
ST_69 : Operation 153 [7/68] (2.43ns)   --->   "%empty_74 = writeresp i1 @_ssdm_op_WriteResp.m_axi.p1i64, i64 %gmem_addr" [/mnt/shared/home/tz32/scalehls_vitis_test/src/cemit_replaced.cpp:177]   --->   Operation 153 'writeresp' 'empty_74' <Predicate = true> <Delay = 2.43> <CoreInst = "m_axi">   --->   Core 121 'm_axi' <Latency = 0> <II = 1> <Delay = 1.00> <Adapter> <Opcode : 'read' 'write' 'readreq' 'writereq' 'writeresp'>

State 70 <SV = 69> <Delay = 2.43>
ST_70 : Operation 154 [6/68] (2.43ns)   --->   "%empty_74 = writeresp i1 @_ssdm_op_WriteResp.m_axi.p1i64, i64 %gmem_addr" [/mnt/shared/home/tz32/scalehls_vitis_test/src/cemit_replaced.cpp:177]   --->   Operation 154 'writeresp' 'empty_74' <Predicate = true> <Delay = 2.43> <CoreInst = "m_axi">   --->   Core 121 'm_axi' <Latency = 0> <II = 1> <Delay = 1.00> <Adapter> <Opcode : 'read' 'write' 'readreq' 'writereq' 'writeresp'>

State 71 <SV = 70> <Delay = 2.43>
ST_71 : Operation 155 [5/68] (2.43ns)   --->   "%empty_74 = writeresp i1 @_ssdm_op_WriteResp.m_axi.p1i64, i64 %gmem_addr" [/mnt/shared/home/tz32/scalehls_vitis_test/src/cemit_replaced.cpp:177]   --->   Operation 155 'writeresp' 'empty_74' <Predicate = true> <Delay = 2.43> <CoreInst = "m_axi">   --->   Core 121 'm_axi' <Latency = 0> <II = 1> <Delay = 1.00> <Adapter> <Opcode : 'read' 'write' 'readreq' 'writereq' 'writeresp'>

State 72 <SV = 71> <Delay = 2.43>
ST_72 : Operation 156 [4/68] (2.43ns)   --->   "%empty_74 = writeresp i1 @_ssdm_op_WriteResp.m_axi.p1i64, i64 %gmem_addr" [/mnt/shared/home/tz32/scalehls_vitis_test/src/cemit_replaced.cpp:177]   --->   Operation 156 'writeresp' 'empty_74' <Predicate = true> <Delay = 2.43> <CoreInst = "m_axi">   --->   Core 121 'm_axi' <Latency = 0> <II = 1> <Delay = 1.00> <Adapter> <Opcode : 'read' 'write' 'readreq' 'writereq' 'writeresp'>

State 73 <SV = 72> <Delay = 2.43>
ST_73 : Operation 157 [3/68] (2.43ns)   --->   "%empty_74 = writeresp i1 @_ssdm_op_WriteResp.m_axi.p1i64, i64 %gmem_addr" [/mnt/shared/home/tz32/scalehls_vitis_test/src/cemit_replaced.cpp:177]   --->   Operation 157 'writeresp' 'empty_74' <Predicate = true> <Delay = 2.43> <CoreInst = "m_axi">   --->   Core 121 'm_axi' <Latency = 0> <II = 1> <Delay = 1.00> <Adapter> <Opcode : 'read' 'write' 'readreq' 'writereq' 'writeresp'>

State 74 <SV = 73> <Delay = 2.43>
ST_74 : Operation 158 [2/68] (2.43ns)   --->   "%empty_74 = writeresp i1 @_ssdm_op_WriteResp.m_axi.p1i64, i64 %gmem_addr" [/mnt/shared/home/tz32/scalehls_vitis_test/src/cemit_replaced.cpp:177]   --->   Operation 158 'writeresp' 'empty_74' <Predicate = true> <Delay = 2.43> <CoreInst = "m_axi">   --->   Core 121 'm_axi' <Latency = 0> <II = 1> <Delay = 1.00> <Adapter> <Opcode : 'read' 'write' 'readreq' 'writereq' 'writeresp'>

State 75 <SV = 74> <Delay = 2.43>
ST_75 : Operation 159 [1/1] (0.00ns)   --->   "%spectopmodule_ln151 = spectopmodule void @_ssdm_op_SpecTopModule, void @empty_4" [/mnt/shared/home/tz32/scalehls_vitis_test/src/cemit_replaced.cpp:151]   --->   Operation 159 'spectopmodule' 'spectopmodule_ln151' <Predicate = true> <Delay = 0.00>
ST_75 : Operation 160 [1/1] (0.00ns)   --->   "%specinterface_ln151 = specinterface void @_ssdm_op_SpecInterface, i32 0, void @empty_9, i32 0, i32 0, void @empty_33, i32 0, i32 0, void @empty_33, void @empty_33, void @empty_33, i32 0, i32 0, i32 0, i32 0, void @empty_33, void @empty_33, i32 4294967295, i32 0" [/mnt/shared/home/tz32/scalehls_vitis_test/src/cemit_replaced.cpp:151]   --->   Operation 160 'specinterface' 'specinterface_ln151' <Predicate = true> <Delay = 0.00>
ST_75 : Operation 161 [1/1] (0.00ns)   --->   "%specinterface_ln0 = specinterface void @_ssdm_op_SpecInterface, i64 %gmem, void @empty_34, i32 0, i32 0, void @empty_33, i32 64, i32 0, void @empty_32, void @empty_31, void @empty_33, i32 16, i32 16, i32 16, i32 16, void @empty_33, void @empty_33, i32 4294967295, i32 0"   --->   Operation 161 'specinterface' 'specinterface_ln0' <Predicate = true> <Delay = 0.00>
ST_75 : Operation 162 [1/1] (0.00ns)   --->   "%specbitsmap_ln0 = specbitsmap void @_ssdm_op_SpecBitsMap, i64 %gmem"   --->   Operation 162 'specbitsmap' 'specbitsmap_ln0' <Predicate = true> <Delay = 0.00>
ST_75 : Operation 163 [1/1] (0.00ns)   --->   "%specinterface_ln0 = specinterface void @_ssdm_op_SpecInterface, i64 %v17, void @empty_30, i32 0, i32 0, void @empty_33, i32 0, i32 0, void @empty_29, void @empty_28, void @empty_33, i32 0, i32 0, i32 0, i32 0, void @empty_33, void @empty_11, i32 4294967295, i32 0"   --->   Operation 163 'specinterface' 'specinterface_ln0' <Predicate = true> <Delay = 0.00>
ST_75 : Operation 164 [1/1] (0.00ns)   --->   "%specinterface_ln0 = specinterface void @_ssdm_op_SpecInterface, i64 %v17, void @empty_22, i32 0, i32 0, void @empty_33, i32 0, i32 0, void @empty_33, void @empty_33, void @empty_33, i32 0, i32 0, i32 0, i32 0, void @empty_33, void @empty_11, i32 4294967295, i32 0"   --->   Operation 164 'specinterface' 'specinterface_ln0' <Predicate = true> <Delay = 0.00>
ST_75 : Operation 165 [1/1] (0.00ns)   --->   "%specinterface_ln0 = specinterface void @_ssdm_op_SpecInterface, i64 %v18, void @empty_30, i32 0, i32 0, void @empty_33, i32 0, i32 0, void @empty_29, void @empty_0, void @empty_33, i32 0, i32 0, i32 0, i32 0, void @empty_33, void @empty_11, i32 4294967295, i32 0"   --->   Operation 165 'specinterface' 'specinterface_ln0' <Predicate = true> <Delay = 0.00>
ST_75 : Operation 166 [1/1] (0.00ns)   --->   "%specinterface_ln0 = specinterface void @_ssdm_op_SpecInterface, i64 %v18, void @empty_22, i32 0, i32 0, void @empty_33, i32 0, i32 0, void @empty_33, void @empty_33, void @empty_33, i32 0, i32 0, i32 0, i32 0, void @empty_33, void @empty_11, i32 4294967295, i32 0"   --->   Operation 166 'specinterface' 'specinterface_ln0' <Predicate = true> <Delay = 0.00>
ST_75 : Operation 167 [1/1] (0.00ns)   --->   "%specinterface_ln0 = specinterface void @_ssdm_op_SpecInterface, i64 %v19, void @empty_30, i32 0, i32 0, void @empty_33, i32 0, i32 0, void @empty_29, void @empty_10, void @empty_33, i32 0, i32 0, i32 0, i32 0, void @empty_33, void @empty_11, i32 4294967295, i32 0"   --->   Operation 167 'specinterface' 'specinterface_ln0' <Predicate = true> <Delay = 0.00>
ST_75 : Operation 168 [1/1] (0.00ns)   --->   "%specinterface_ln0 = specinterface void @_ssdm_op_SpecInterface, i64 %v19, void @empty_22, i32 0, i32 0, void @empty_33, i32 0, i32 0, void @empty_33, void @empty_33, void @empty_33, i32 0, i32 0, i32 0, i32 0, void @empty_33, void @empty_11, i32 4294967295, i32 0"   --->   Operation 168 'specinterface' 'specinterface_ln0' <Predicate = true> <Delay = 0.00>
ST_75 : Operation 169 [1/1] (0.00ns)   --->   "%specinterface_ln0 = specinterface void @_ssdm_op_SpecInterface, i32 0, void @empty_30, i32 0, i32 0, void @empty_33, i32 0, i32 0, void @empty_29, void @empty_33, void @empty_33, i32 0, i32 0, i32 0, i32 0, void @empty_33, void @empty_33, i32 4294967295, i32 0"   --->   Operation 169 'specinterface' 'specinterface_ln0' <Predicate = true> <Delay = 0.00>
ST_75 : Operation 170 [1/1] (0.00ns)   --->   "%specmemcore_ln164 = specmemcore void @_ssdm_op_SpecMemCore, i32 %v20, i64 666, i64 30, i64 18446744073709551615" [/mnt/shared/home/tz32/scalehls_vitis_test/src/cemit_replaced.cpp:164]   --->   Operation 170 'specmemcore' 'specmemcore_ln164' <Predicate = true> <Delay = 0.00>
ST_75 : Operation 171 [1/1] (0.00ns)   --->   "%specmemcore_ln167 = specmemcore void @_ssdm_op_SpecMemCore, i32 %v21, i64 666, i64 30, i64 18446744073709551615" [/mnt/shared/home/tz32/scalehls_vitis_test/src/cemit_replaced.cpp:167]   --->   Operation 171 'specmemcore' 'specmemcore_ln167' <Predicate = true> <Delay = 0.00>
ST_75 : Operation 172 [1/1] (0.00ns)   --->   "%specmemcore_ln171 = specmemcore void @_ssdm_op_SpecMemCore, i32 %v22, i64 666, i64 30, i64 18446744073709551615" [/mnt/shared/home/tz32/scalehls_vitis_test/src/cemit_replaced.cpp:171]   --->   Operation 172 'specmemcore' 'specmemcore_ln171' <Predicate = true> <Delay = 0.00>
ST_75 : Operation 173 [1/68] (2.43ns)   --->   "%empty_74 = writeresp i1 @_ssdm_op_WriteResp.m_axi.p1i64, i64 %gmem_addr" [/mnt/shared/home/tz32/scalehls_vitis_test/src/cemit_replaced.cpp:177]   --->   Operation 173 'writeresp' 'empty_74' <Predicate = true> <Delay = 2.43> <CoreInst = "m_axi">   --->   Core 121 'm_axi' <Latency = 0> <II = 1> <Delay = 1.00> <Adapter> <Opcode : 'read' 'write' 'readreq' 'writereq' 'writeresp'>
ST_75 : Operation 174 [1/1] (0.00ns)   --->   "%ret_ln177 = ret" [/mnt/shared/home/tz32/scalehls_vitis_test/src/cemit_replaced.cpp:177]   --->   Operation 174 'ret' 'ret_ln177' <Predicate = true> <Delay = 0.00>


============================================================
+ Verbose Summary: Binding
============================================================
STG Binding: 
---------------- STG Properties BEGIN ----------------
- Is combinational: 0
- Is one-state seq: 0
- Is datapath-only: 0
- Is pipelined: 0
- Is top level: 1
Port [ Return ] is wired: 1; IO mode=ap_ctrl_chain:ce=0
Port [ gmem]:  wired=1; compound=1; hidden=0; nouse=0; global=0; static=0; extern=0; dir=2; type=4; pingpong=0; private_global=0; IO mode=m_axi:ce=0
Port [ v17]:  wired=1; compound=0; hidden=0; nouse=0; global=0; static=0; extern=0; dir=0; type=0; pingpong=0; private_global=0; IO mode=ap_none:ce=0
Port [ v18]:  wired=1; compound=0; hidden=0; nouse=0; global=0; static=0; extern=0; dir=0; type=0; pingpong=0; private_global=0; IO mode=ap_none:ce=0
Port [ v19]:  wired=1; compound=0; hidden=0; nouse=0; global=0; static=0; extern=0; dir=0; type=0; pingpong=0; private_global=0; IO mode=ap_none:ce=0
Port [ v20]:  wired=0; compound=1; hidden=1; nouse=1; global=1; static=1; extern=0; dir=0; type=1; pingpong=0; private_global=0; MemPort=[13]; IO mode=ap_memory:ce=0
---------------- STG Properties END ------------------

---------------- Datapath Model BEGIN ----------------

<LifeTime>
<method=bitvector/>
v19_read            (read         ) [ 0011100000000000000000000000000000000000000000000000000000000000000000000000]
v18_read            (read         ) [ 0000000000000000000000000000000000000000000000000000000000000000000000000000]
v17_read            (read         ) [ 0010000000000000000000000000000000000000000000000000000000000000000000000000]
v21                 (alloca       ) [ 0011111111111111111111111111111111111111111111111111111111111111111111111111]
v22                 (alloca       ) [ 0011111111111111111111111111111111111111111111111111111111111111111111111111]
trunc_ln145         (trunc        ) [ 0010000000000000000000000000000000000000000000000000000000000000000000000000]
trunc_ln2           (partselect   ) [ 0011111100000000000000000000000000000000000000000000000000000000000000000000]
call_ln145          (call         ) [ 0000000000000000000000000000000000000000000000000000000000000000000000000000]
call_ln174          (call         ) [ 0000000000000000000000000000000000000000000000000000000000000000000000000000]
sext_ln33           (sext         ) [ 0000000000000000000000000000000000000000000000000000000000000000000000000000]
gmem_addr           (getelementptr) [ 0000001111111111111111111111111111111111111111111111111111111111111111111111]
empty               (writereq     ) [ 0000000000000000000000000000000000000000000000000000000000000000000000000000]
call_ln33           (call         ) [ 0000000000000000000000000000000000000000000000000000000000000000000000000000]
spectopmodule_ln151 (spectopmodule) [ 0000000000000000000000000000000000000000000000000000000000000000000000000000]
specinterface_ln151 (specinterface) [ 0000000000000000000000000000000000000000000000000000000000000000000000000000]
specinterface_ln0   (specinterface) [ 0000000000000000000000000000000000000000000000000000000000000000000000000000]
specbitsmap_ln0     (specbitsmap  ) [ 0000000000000000000000000000000000000000000000000000000000000000000000000000]
specinterface_ln0   (specinterface) [ 0000000000000000000000000000000000000000000000000000000000000000000000000000]
specinterface_ln0   (specinterface) [ 0000000000000000000000000000000000000000000000000000000000000000000000000000]
specinterface_ln0   (specinterface) [ 0000000000000000000000000000000000000000000000000000000000000000000000000000]
specinterface_ln0   (specinterface) [ 0000000000000000000000000000000000000000000000000000000000000000000000000000]
specinterface_ln0   (specinterface) [ 0000000000000000000000000000000000000000000000000000000000000000000000000000]
specinterface_ln0   (specinterface) [ 0000000000000000000000000000000000000000000000000000000000000000000000000000]
specinterface_ln0   (specinterface) [ 0000000000000000000000000000000000000000000000000000000000000000000000000000]
specmemcore_ln164   (specmemcore  ) [ 0000000000000000000000000000000000000000000000000000000000000000000000000000]
specmemcore_ln167   (specmemcore  ) [ 0000000000000000000000000000000000000000000000000000000000000000000000000000]
specmemcore_ln171   (specmemcore  ) [ 0000000000000000000000000000000000000000000000000000000000000000000000000000]
empty_74            (writeresp    ) [ 0000000000000000000000000000000000000000000000000000000000000000000000000000]
ret_ln177           (ret          ) [ 0000000000000000000000000000000000000000000000000000000000000000000000000000]
</LifeTime>

<model>

<comp_list>
<comp id="0" class="1000" name="gmem">
<pin_list>
<pin id="1" dir="1" index="0" bw="1" slack="0"/>
</pin_list>
<bind>
<StgValue><ssdm name="gmem"/></StgValue>
</bind>
</comp>

<comp id="2" class="1000" name="v17">
<pin_list>
<pin id="3" dir="1" index="0" bw="1" slack="0"/>
</pin_list>
<bind>
<StgValue><ssdm name="v17"/></StgValue>
</bind>
</comp>

<comp id="4" class="1000" name="v18">
<pin_list>
<pin id="5" dir="1" index="0" bw="1" slack="0"/>
</pin_list>
<bind>
<StgValue><ssdm name="v18"/></StgValue>
</bind>
</comp>

<comp id="6" class="1000" name="v19">
<pin_list>
<pin id="7" dir="1" index="0" bw="1" slack="0"/>
</pin_list>
<bind>
<StgValue><ssdm name="v19"/></StgValue>
</bind>
</comp>

<comp id="8" class="1000" name="v20">
<pin_list>
<pin id="9" dir="1" index="0" bw="1" slack="0"/>
</pin_list>
<bind>
<StgValue><ssdm name="v20"/><MemPortTyVec>1 3 </MemPortTyVec>
</StgValue>
</bind>
</comp>

<comp id="10" class="1001" name="const_10">
<pin_list>
<pin id="11" dir="1" index="0" bw="1" slack="0"/>
</pin_list>
<bind>
<StgValue><ssdm name="_ssdm_op_Read.s_axilite.i64"/></StgValue>
</bind>
</comp>

<comp id="12" class="1001" name="const_12">
<pin_list>
<pin id="13" dir="1" index="0" bw="1" slack="0"/>
</pin_list>
<bind>
<StgValue><ssdm name=""/></StgValue>
</bind>
</comp>

<comp id="14" class="1001" name="const_14">
<pin_list>
<pin id="15" dir="1" index="0" bw="1" slack="0"/>
</pin_list>
<bind>
<StgValue><ssdm name="cemit_replaced_Pipeline_VITIS_LOOP_144_1"/></StgValue>
</bind>
</comp>

<comp id="16" class="1001" name="const_16">
<pin_list>
<pin id="17" dir="1" index="0" bw="1" slack="0"/>
</pin_list>
<bind>
<StgValue><ssdm name="_ssdm_op_PartSelect.i61.i64.i32.i32"/></StgValue>
</bind>
</comp>

<comp id="18" class="1001" name="const_18">
<pin_list>
<pin id="19" dir="1" index="0" bw="1" slack="0"/>
</pin_list>
<bind>
<StgValue><ssdm name=""/></StgValue>
</bind>
</comp>

<comp id="20" class="1001" name="const_20">
<pin_list>
<pin id="21" dir="1" index="0" bw="1" slack="0"/>
</pin_list>
<bind>
<StgValue><ssdm name=""/></StgValue>
</bind>
</comp>

<comp id="22" class="1001" name="const_22">
<pin_list>
<pin id="23" dir="1" index="0" bw="1" slack="0"/>
</pin_list>
<bind>
<StgValue><ssdm name="forward_node1"/></StgValue>
</bind>
</comp>

<comp id="24" class="1001" name="const_24">
<pin_list>
<pin id="25" dir="1" index="0" bw="1" slack="0"/>
</pin_list>
<bind>
<StgValue><ssdm name="_ssdm_op_WriteReq.m_axi.p1i64"/></StgValue>
</bind>
</comp>

<comp id="26" class="1001" name="const_26">
<pin_list>
<pin id="27" dir="1" index="0" bw="1" slack="0"/>
</pin_list>
<bind>
<StgValue><ssdm name=""/></StgValue>
</bind>
</comp>

<comp id="28" class="1001" name="const_28">
<pin_list>
<pin id="29" dir="1" index="0" bw="1" slack="0"/>
</pin_list>
<bind>
<StgValue><ssdm name="cemit_replaced_Pipeline_VITIS_LOOP_33_2"/></StgValue>
</bind>
</comp>

<comp id="30" class="1001" name="const_30">
<pin_list>
<pin id="31" dir="1" index="0" bw="1" slack="0"/>
</pin_list>
<bind>
<StgValue><ssdm name="_ssdm_op_WriteResp.m_axi.p1i64"/></StgValue>
</bind>
</comp>

<comp id="32" class="1001" name="const_32">
<pin_list>
<pin id="33" dir="1" index="0" bw="1" slack="2147483647"/>
</pin_list>
<bind>
<StgValue><ssdm name="_ssdm_op_SpecTopModule"/></StgValue>
</bind>
</comp>

<comp id="34" class="1001" name="const_34">
<pin_list>
<pin id="35" dir="1" index="0" bw="1" slack="2147483647"/>
</pin_list>
<bind>
<StgValue><ssdm name="empty_4"/></StgValue>
</bind>
</comp>

<comp id="36" class="1001" name="const_36">
<pin_list>
<pin id="37" dir="1" index="0" bw="1" slack="2147483647"/>
</pin_list>
<bind>
<StgValue><ssdm name="_ssdm_op_SpecInterface"/></StgValue>
</bind>
</comp>

<comp id="38" class="1001" name="const_38">
<pin_list>
<pin id="39" dir="1" index="0" bw="1" slack="2147483647"/>
</pin_list>
<bind>
<StgValue><ssdm name=""/></StgValue>
</bind>
</comp>

<comp id="40" class="1001" name="const_40">
<pin_list>
<pin id="41" dir="1" index="0" bw="1" slack="2147483647"/>
</pin_list>
<bind>
<StgValue><ssdm name="empty_9"/></StgValue>
</bind>
</comp>

<comp id="42" class="1001" name="const_42">
<pin_list>
<pin id="43" dir="1" index="0" bw="1" slack="2147483647"/>
</pin_list>
<bind>
<StgValue><ssdm name="empty_33"/></StgValue>
</bind>
</comp>

<comp id="44" class="1001" name="const_44">
<pin_list>
<pin id="45" dir="1" index="0" bw="1" slack="2147483647"/>
</pin_list>
<bind>
<StgValue><ssdm name=""/></StgValue>
</bind>
</comp>

<comp id="46" class="1001" name="const_46">
<pin_list>
<pin id="47" dir="1" index="0" bw="1" slack="2147483647"/>
</pin_list>
<bind>
<StgValue><ssdm name="empty_34"/></StgValue>
</bind>
</comp>

<comp id="48" class="1001" name="const_48">
<pin_list>
<pin id="49" dir="1" index="0" bw="1" slack="2147483647"/>
</pin_list>
<bind>
<StgValue><ssdm name=""/></StgValue>
</bind>
</comp>

<comp id="50" class="1001" name="const_50">
<pin_list>
<pin id="51" dir="1" index="0" bw="1" slack="2147483647"/>
</pin_list>
<bind>
<StgValue><ssdm name="empty_32"/></StgValue>
</bind>
</comp>

<comp id="52" class="1001" name="const_52">
<pin_list>
<pin id="53" dir="1" index="0" bw="1" slack="2147483647"/>
</pin_list>
<bind>
<StgValue><ssdm name="empty_31"/></StgValue>
</bind>
</comp>

<comp id="54" class="1001" name="const_54">
<pin_list>
<pin id="55" dir="1" index="0" bw="1" slack="2147483647"/>
</pin_list>
<bind>
<StgValue><ssdm name=""/></StgValue>
</bind>
</comp>

<comp id="56" class="1001" name="const_56">
<pin_list>
<pin id="57" dir="1" index="0" bw="1" slack="2147483647"/>
</pin_list>
<bind>
<StgValue><ssdm name="_ssdm_op_SpecBitsMap"/></StgValue>
</bind>
</comp>

<comp id="58" class="1001" name="const_58">
<pin_list>
<pin id="59" dir="1" index="0" bw="1" slack="2147483647"/>
</pin_list>
<bind>
<StgValue><ssdm name="empty_30"/></StgValue>
</bind>
</comp>

<comp id="60" class="1001" name="const_60">
<pin_list>
<pin id="61" dir="1" index="0" bw="1" slack="2147483647"/>
</pin_list>
<bind>
<StgValue><ssdm name="empty_29"/></StgValue>
</bind>
</comp>

<comp id="62" class="1001" name="const_62">
<pin_list>
<pin id="63" dir="1" index="0" bw="1" slack="2147483647"/>
</pin_list>
<bind>
<StgValue><ssdm name="empty_28"/></StgValue>
</bind>
</comp>

<comp id="64" class="1001" name="const_64">
<pin_list>
<pin id="65" dir="1" index="0" bw="1" slack="2147483647"/>
</pin_list>
<bind>
<StgValue><ssdm name="empty_11"/></StgValue>
</bind>
</comp>

<comp id="66" class="1001" name="const_66">
<pin_list>
<pin id="67" dir="1" index="0" bw="1" slack="2147483647"/>
</pin_list>
<bind>
<StgValue><ssdm name="empty_22"/></StgValue>
</bind>
</comp>

<comp id="68" class="1001" name="const_68">
<pin_list>
<pin id="69" dir="1" index="0" bw="1" slack="2147483647"/>
</pin_list>
<bind>
<StgValue><ssdm name="empty_0"/></StgValue>
</bind>
</comp>

<comp id="70" class="1001" name="const_70">
<pin_list>
<pin id="71" dir="1" index="0" bw="1" slack="2147483647"/>
</pin_list>
<bind>
<StgValue><ssdm name="empty_10"/></StgValue>
</bind>
</comp>

<comp id="72" class="1001" name="const_72">
<pin_list>
<pin id="73" dir="1" index="0" bw="1" slack="2147483647"/>
</pin_list>
<bind>
<StgValue><ssdm name="_ssdm_op_SpecMemCore"/></StgValue>
</bind>
</comp>

<comp id="74" class="1001" name="const_74">
<pin_list>
<pin id="75" dir="1" index="0" bw="1" slack="2147483647"/>
</pin_list>
<bind>
<StgValue><ssdm name=""/></StgValue>
</bind>
</comp>

<comp id="76" class="1001" name="const_76">
<pin_list>
<pin id="77" dir="1" index="0" bw="1" slack="2147483647"/>
</pin_list>
<bind>
<StgValue><ssdm name=""/></StgValue>
</bind>
</comp>

<comp id="78" class="1001" name="const_78">
<pin_list>
<pin id="79" dir="1" index="0" bw="1" slack="2147483647"/>
</pin_list>
<bind>
<StgValue><ssdm name=""/></StgValue>
</bind>
</comp>

<comp id="80" class="1004" name="v21_alloca_fu_80">
<pin_list>
<pin id="81" dir="0" index="0" bw="1" slack="0"/>
<pin id="82" dir="1" index="1" bw="32" slack="0"/>
</pin_list>
<bind>
<opcode="alloca(26) " fcode="alloca"/>
<opset="v21/1 "/>
</bind>
</comp>

<comp id="84" class="1004" name="v22_alloca_fu_84">
<pin_list>
<pin id="85" dir="0" index="0" bw="1" slack="0"/>
<pin id="86" dir="1" index="1" bw="32" slack="2147483647"/>
</pin_list>
<bind>
<opcode="alloca(26) " fcode="alloca"/>
<opset="v22/1 "/>
</bind>
</comp>

<comp id="88" class="1004" name="v19_read_read_fu_88">
<pin_list>
<pin id="89" dir="0" index="0" bw="64" slack="0"/>
<pin id="90" dir="0" index="1" bw="64" slack="0"/>
<pin id="91" dir="1" index="2" bw="64" slack="2"/>
</pin_list>
<bind>
<opcode="read(1150) " fcode="read"/>
<opset="v19_read/1 "/>
</bind>
</comp>

<comp id="94" class="1004" name="v18_read_read_fu_94">
<pin_list>
<pin id="95" dir="0" index="0" bw="64" slack="0"/>
<pin id="96" dir="0" index="1" bw="64" slack="0"/>
<pin id="97" dir="1" index="2" bw="64" slack="0"/>
</pin_list>
<bind>
<opcode="read(1150) " fcode="read"/>
<opset="v18_read/1 "/>
</bind>
</comp>

<comp id="100" class="1004" name="v17_read_read_fu_100">
<pin_list>
<pin id="101" dir="0" index="0" bw="64" slack="0"/>
<pin id="102" dir="0" index="1" bw="64" slack="0"/>
<pin id="103" dir="1" index="2" bw="64" slack="0"/>
</pin_list>
<bind>
<opcode="read(1150) " fcode="read"/>
<opset="v17_read/1 "/>
</bind>
</comp>

<comp id="106" class="1004" name="grp_writeresp_fu_106">
<pin_list>
<pin id="107" dir="0" index="0" bw="1" slack="0"/>
<pin id="108" dir="0" index="1" bw="64" slack="0"/>
<pin id="109" dir="0" index="2" bw="4" slack="0"/>
<pin id="110" dir="1" index="3" bw="1" slack="2147483647"/>
</pin_list>
<bind>
<opcode="writereq(1155) writeresp(1158) " fcode="writeresp"/>
<opset="empty/5 empty_74/8 "/>
</bind>
</comp>

<comp id="114" class="1004" name="grp_cemit_replaced_Pipeline_VITIS_LOOP_144_1_fu_114">
<pin_list>
<pin id="115" dir="0" index="0" bw="0" slack="0"/>
<pin id="116" dir="0" index="1" bw="64" slack="0"/>
<pin id="117" dir="0" index="2" bw="32" slack="0"/>
<pin id="118" dir="0" index="3" bw="64" slack="0"/>
<pin id="119" dir="0" index="4" bw="3" slack="0"/>
<pin id="120" dir="1" index="5" bw="0" slack="2147483647"/>
</pin_list>
<bind>
<opcode="call(48) " fcode="call"/>
<opset="call_ln145/1 "/>
</bind>
</comp>

<comp id="125" class="1004" name="grp_forward_node1_fu_125">
<pin_list>
<pin id="126" dir="0" index="0" bw="0" slack="0"/>
<pin id="127" dir="0" index="1" bw="64" slack="0"/>
<pin id="128" dir="0" index="2" bw="64" slack="2"/>
<pin id="129" dir="0" index="3" bw="32" slack="2147483647"/>
<pin id="130" dir="0" index="4" bw="32" slack="2147483647"/>
<pin id="131" dir="1" index="5" bw="0" slack="2147483647"/>
</pin_list>
<bind>
<opcode="call(48) " fcode="call"/>
<opset="call_ln174/3 "/>
</bind>
</comp>

<comp id="134" class="1004" name="grp_cemit_replaced_Pipeline_VITIS_LOOP_33_2_fu_134">
<pin_list>
<pin id="135" dir="0" index="0" bw="0" slack="0"/>
<pin id="136" dir="0" index="1" bw="64" slack="0"/>
<pin id="137" dir="0" index="2" bw="61" slack="5"/>
<pin id="138" dir="0" index="3" bw="32" slack="2147483647"/>
<pin id="139" dir="0" index="4" bw="32" slack="0"/>
<pin id="140" dir="1" index="5" bw="0" slack="2147483647"/>
</pin_list>
<bind>
<opcode="call(48) " fcode="call"/>
<opset="call_ln33/6 "/>
</bind>
</comp>

<comp id="144" class="1004" name="trunc_ln145_fu_144">
<pin_list>
<pin id="145" dir="0" index="0" bw="64" slack="0"/>
<pin id="146" dir="1" index="1" bw="3" slack="0"/>
</pin_list>
<bind>
<opcode="trunc(33) " fcode="trunc"/>
<opset="trunc_ln145/1 "/>
</bind>
</comp>

<comp id="149" class="1004" name="trunc_ln2_fu_149">
<pin_list>
<pin id="150" dir="0" index="0" bw="61" slack="0"/>
<pin id="151" dir="0" index="1" bw="64" slack="0"/>
<pin id="152" dir="0" index="2" bw="3" slack="0"/>
<pin id="153" dir="0" index="3" bw="7" slack="0"/>
<pin id="154" dir="1" index="4" bw="61" slack="4"/>
</pin_list>
<bind>
<opcode="partselect(1002) " fcode="partselect"/>
<opset="trunc_ln2/1 "/>
</bind>
</comp>

<comp id="159" class="1004" name="sext_ln33_fu_159">
<pin_list>
<pin id="160" dir="0" index="0" bw="61" slack="4"/>
<pin id="161" dir="1" index="1" bw="64" slack="0"/>
</pin_list>
<bind>
<opcode="sext(35) " fcode="sext"/>
<opset="sext_ln33/5 "/>
</bind>
</comp>

<comp id="162" class="1004" name="gmem_addr_fu_162">
<pin_list>
<pin id="163" dir="0" index="0" bw="64" slack="0"/>
<pin id="164" dir="0" index="1" bw="61" slack="0"/>
<pin id="165" dir="1" index="2" bw="64" slack="0"/>
</pin_list>
<bind>
<opcode="getelementptr(29) " fcode="getelementptr"/>
<opset="gmem_addr/5 "/>
</bind>
</comp>

<comp id="169" class="1005" name="v19_read_reg_169">
<pin_list>
<pin id="170" dir="0" index="0" bw="64" slack="2"/>
<pin id="171" dir="1" index="1" bw="64" slack="2"/>
</pin_list>
<bind>
<opset="v19_read "/>
</bind>
</comp>

<comp id="174" class="1005" name="v17_read_reg_174">
<pin_list>
<pin id="175" dir="0" index="0" bw="64" slack="1"/>
<pin id="176" dir="1" index="1" bw="64" slack="1"/>
</pin_list>
<bind>
<opset="v17_read "/>
</bind>
</comp>

<comp id="179" class="1005" name="trunc_ln145_reg_179">
<pin_list>
<pin id="180" dir="0" index="0" bw="3" slack="1"/>
<pin id="181" dir="1" index="1" bw="3" slack="1"/>
</pin_list>
<bind>
<opset="trunc_ln145 "/>
</bind>
</comp>

<comp id="184" class="1005" name="trunc_ln2_reg_184">
<pin_list>
<pin id="185" dir="0" index="0" bw="61" slack="4"/>
<pin id="186" dir="1" index="1" bw="61" slack="4"/>
</pin_list>
<bind>
<opset="trunc_ln2 "/>
</bind>
</comp>

<comp id="190" class="1005" name="gmem_addr_reg_190">
<pin_list>
<pin id="191" dir="0" index="0" bw="64" slack="3"/>
<pin id="192" dir="1" index="1" bw="64" slack="3"/>
</pin_list>
<bind>
<opset="gmem_addr "/>
</bind>
</comp>

</comp_list>

<net_list>
<net id="83"><net_src comp="12" pin="0"/><net_sink comp="80" pin=0"/></net>

<net id="87"><net_src comp="12" pin="0"/><net_sink comp="84" pin=0"/></net>

<net id="92"><net_src comp="10" pin="0"/><net_sink comp="88" pin=0"/></net>

<net id="93"><net_src comp="6" pin="0"/><net_sink comp="88" pin=1"/></net>

<net id="98"><net_src comp="10" pin="0"/><net_sink comp="94" pin=0"/></net>

<net id="99"><net_src comp="4" pin="0"/><net_sink comp="94" pin=1"/></net>

<net id="104"><net_src comp="10" pin="0"/><net_sink comp="100" pin=0"/></net>

<net id="105"><net_src comp="2" pin="0"/><net_sink comp="100" pin=1"/></net>

<net id="111"><net_src comp="24" pin="0"/><net_sink comp="106" pin=0"/></net>

<net id="112"><net_src comp="26" pin="0"/><net_sink comp="106" pin=2"/></net>

<net id="113"><net_src comp="30" pin="0"/><net_sink comp="106" pin=0"/></net>

<net id="121"><net_src comp="14" pin="0"/><net_sink comp="114" pin=0"/></net>

<net id="122"><net_src comp="0" pin="0"/><net_sink comp="114" pin=1"/></net>

<net id="123"><net_src comp="80" pin="1"/><net_sink comp="114" pin=2"/></net>

<net id="124"><net_src comp="100" pin="2"/><net_sink comp="114" pin=3"/></net>

<net id="132"><net_src comp="22" pin="0"/><net_sink comp="125" pin=0"/></net>

<net id="133"><net_src comp="0" pin="0"/><net_sink comp="125" pin=1"/></net>

<net id="141"><net_src comp="28" pin="0"/><net_sink comp="134" pin=0"/></net>

<net id="142"><net_src comp="0" pin="0"/><net_sink comp="134" pin=1"/></net>

<net id="143"><net_src comp="8" pin="0"/><net_sink comp="134" pin=4"/></net>

<net id="147"><net_src comp="100" pin="2"/><net_sink comp="144" pin=0"/></net>

<net id="148"><net_src comp="144" pin="1"/><net_sink comp="114" pin=4"/></net>

<net id="155"><net_src comp="16" pin="0"/><net_sink comp="149" pin=0"/></net>

<net id="156"><net_src comp="94" pin="2"/><net_sink comp="149" pin=1"/></net>

<net id="157"><net_src comp="18" pin="0"/><net_sink comp="149" pin=2"/></net>

<net id="158"><net_src comp="20" pin="0"/><net_sink comp="149" pin=3"/></net>

<net id="166"><net_src comp="0" pin="0"/><net_sink comp="162" pin=0"/></net>

<net id="167"><net_src comp="159" pin="1"/><net_sink comp="162" pin=1"/></net>

<net id="168"><net_src comp="162" pin="2"/><net_sink comp="106" pin=1"/></net>

<net id="172"><net_src comp="88" pin="2"/><net_sink comp="169" pin=0"/></net>

<net id="173"><net_src comp="169" pin="1"/><net_sink comp="125" pin=2"/></net>

<net id="177"><net_src comp="100" pin="2"/><net_sink comp="174" pin=0"/></net>

<net id="178"><net_src comp="174" pin="1"/><net_sink comp="114" pin=3"/></net>

<net id="182"><net_src comp="144" pin="1"/><net_sink comp="179" pin=0"/></net>

<net id="183"><net_src comp="179" pin="1"/><net_sink comp="114" pin=4"/></net>

<net id="187"><net_src comp="149" pin="4"/><net_sink comp="184" pin=0"/></net>

<net id="188"><net_src comp="184" pin="1"/><net_sink comp="159" pin=0"/></net>

<net id="189"><net_src comp="184" pin="1"/><net_sink comp="134" pin=2"/></net>

<net id="193"><net_src comp="162" pin="2"/><net_sink comp="190" pin=0"/></net>

<net id="194"><net_src comp="190" pin="1"/><net_sink comp="106" pin=1"/></net>

</net_list>

</model> 
---------------- Datapath Model END ------------------

* FSMD analyzer results:
  - Output states:
	Port: gmem | {5 6 7 8 9 10 11 12 13 14 15 16 17 18 19 20 21 22 23 24 25 26 27 28 29 30 31 32 33 34 35 36 37 38 39 40 41 42 43 44 45 46 47 48 49 50 51 52 53 54 55 56 57 58 59 60 61 62 63 64 65 66 67 68 69 70 71 72 73 74 75 }
 - Input state : 
	Port: cemit_replaced : gmem | {1 2 3 4 }
	Port: cemit_replaced : v17 | {1 }
	Port: cemit_replaced : v18 | {1 }
	Port: cemit_replaced : v19 | {1 }
	Port: cemit_replaced : v20 | {6 7 }
  - Chain level:
	State 1
		call_ln145 : 1
	State 2
	State 3
	State 4
	State 5
		gmem_addr : 1
		empty : 2
	State 6
	State 7
	State 8
	State 9
	State 10
	State 11
	State 12
	State 13
	State 14
	State 15
	State 16
	State 17
	State 18
	State 19
	State 20
	State 21
	State 22
	State 23
	State 24
	State 25
	State 26
	State 27
	State 28
	State 29
	State 30
	State 31
	State 32
	State 33
	State 34
	State 35
	State 36
	State 37
	State 38
	State 39
	State 40
	State 41
	State 42
	State 43
	State 44
	State 45
	State 46
	State 47
	State 48
	State 49
	State 50
	State 51
	State 52
	State 53
	State 54
	State 55
	State 56
	State 57
	State 58
	State 59
	State 60
	State 61
	State 62
	State 63
	State 64
	State 65
	State 66
	State 67
	State 68
	State 69
	State 70
	State 71
	State 72
	State 73
	State 74
	State 75


============================================================
+ Verbose Summary: Datapath Resource usage 
============================================================

* Functional unit list:
|----------|-----------------------------------------------------|---------|---------|---------|---------|---------|---------|
| Operation|                   Functional Unit                   |   BRAM  |   DSP   |  Delay  |    FF   |   LUT   |   URAM  |
|----------|-----------------------------------------------------|---------|---------|---------|---------|---------|---------|
|          | grp_cemit_replaced_Pipeline_VITIS_LOOP_144_1_fu_114 |    0    |    0    |  0.387  |   218   |   301   |    0    |
|   call   |               grp_forward_node1_fu_125              |    40   |    30   |  15.239 |   9197  |   4598  |    0    |
|          |  grp_cemit_replaced_Pipeline_VITIS_LOOP_33_2_fu_134 |    0    |    2    |  0.774  |   620   |   332   |    0    |
|----------|-----------------------------------------------------|---------|---------|---------|---------|---------|---------|
|          |                 v19_read_read_fu_88                 |    0    |    0    |    0    |    0    |    0    |    0    |
|   read   |                 v18_read_read_fu_94                 |    0    |    0    |    0    |    0    |    0    |    0    |
|          |                 v17_read_read_fu_100                |    0    |    0    |    0    |    0    |    0    |    0    |
|----------|-----------------------------------------------------|---------|---------|---------|---------|---------|---------|
| writeresp|                 grp_writeresp_fu_106                |    0    |    0    |    0    |    0    |    0    |    0    |
|----------|-----------------------------------------------------|---------|---------|---------|---------|---------|---------|
|   trunc  |                  trunc_ln145_fu_144                 |    0    |    0    |    0    |    0    |    0    |    0    |
|----------|-----------------------------------------------------|---------|---------|---------|---------|---------|---------|
|partselect|                   trunc_ln2_fu_149                  |    0    |    0    |    0    |    0    |    0    |    0    |
|----------|-----------------------------------------------------|---------|---------|---------|---------|---------|---------|
|   sext   |                   sext_ln33_fu_159                  |    0    |    0    |    0    |    0    |    0    |    0    |
|----------|-----------------------------------------------------|---------|---------|---------|---------|---------|---------|
|   Total  |                                                     |    40   |    32   |   16.4  |  10035  |   5231  |    0    |
|----------|-----------------------------------------------------|---------|---------|---------|---------|---------|---------|

Memories:
+----+--------+--------+--------+
|    |  BRAM  |   FF   |   LUT  |
+----+--------+--------+--------+
| v20|    1   |    0   |    0   |
| v21|    2   |    0   |    0   |
| v22|    1   |    0   |    0   |
+----+--------+--------+--------+
|Total|    4   |    0   |    0   |
+----+--------+--------+--------+

* Register list:
+-------------------+--------+
|                   |   FF   |
+-------------------+--------+
| gmem_addr_reg_190 |   64   |
|trunc_ln145_reg_179|    3   |
| trunc_ln2_reg_184 |   61   |
|  v17_read_reg_174 |   64   |
|  v19_read_reg_169 |   64   |
+-------------------+--------+
|       Total       |   256  |
+-------------------+--------+

* Multiplexer (MUX) list: 
|-----------------------------------------------------|------|------|------|--------||---------||---------|
|                         Comp                        |  Pin | Size |  BW  | S x BW ||  Delay  ||   LUT   |
|-----------------------------------------------------|------|------|------|--------||---------||---------|
|                 grp_writeresp_fu_106                |  p0  |   2  |   1  |    2   |
|                 grp_writeresp_fu_106                |  p1  |   2  |  64  |   128  ||    9    |
| grp_cemit_replaced_Pipeline_VITIS_LOOP_144_1_fu_114 |  p3  |   2  |  64  |   128  ||    9    |
| grp_cemit_replaced_Pipeline_VITIS_LOOP_144_1_fu_114 |  p4  |   2  |   3  |    6   ||    9    |
|-----------------------------------------------------|------|------|------|--------||---------||---------|
|                        Total                        |      |      |      |   264  ||  1.548  ||    27   |
|-----------------------------------------------------|------|------|------|--------||---------||---------|



* Summary:
+-----------+--------+--------+--------+--------+--------+--------+
|           |  BRAM  |   DSP  |  Delay |   FF   |   LUT  |  URAM  |
+-----------+--------+--------+--------+--------+--------+--------+
|  Function |   40   |   32   |   16   |  10035 |  5231  |    0   |
|   Memory  |    4   |    -   |    -   |    0   |    0   |    -   |
|Multiplexer|    -   |    -   |    1   |    -   |   27   |    -   |
|  Register |    -   |    -   |    -   |   256  |    -   |    -   |
+-----------+--------+--------+--------+--------+--------+--------+
|   Total   |   44   |   32   |   17   |  10291 |  5258  |    0   |
+-----------+--------+--------+--------+--------+--------+--------+
