

================================================================
== Vitis HLS Report for 'forward_node1_Pipeline_VITIS_LOOP_154_1'
================================================================
* Date:           Mon Jun 12 16:50:41 2023

* Version:        2022.2 (Build 3670227 on Oct 13 2022)
* Project:        cemit_replaced
* Solution:       solution (Vitis Kernel Flow Target)
* Product family: virtexuplus
* Target device:  xcu280-fsvh2892-2L-e


================================================================
== Performance Estimates
================================================================
+ Timing: 
    * Summary: 
    +--------+---------+----------+------------+
    |  Clock |  Target | Estimated| Uncertainty|
    +--------+---------+----------+------------+
    |ap_clk  |  3.33 ns|  1.916 ns|     0.90 ns|
    +--------+---------+----------+------------+

+ Latency: 
    * Summary: 
    +---------+---------+-----------+-----------+-----+-----+---------+
    |  Latency (cycles) |   Latency (absolute)  |  Interval | Pipeline|
    |   min   |   max   |    min    |    max    | min | max |   Type  |
    +---------+---------+-----------+-----------+-----+-----+---------+
    |        7|        7|  23.331 ns|  23.331 ns|    7|    7|       no|
    +---------+---------+-----------+-----------+-----+-----+---------+

    + Detail: 
        * Instance: 
        N/A

        * Loop: 
        +--------------------+---------+---------+----------+-----------+-----------+------+----------+
        |                    |  Latency (cycles) | Iteration|  Initiation Interval  | Trip |          |
        |      Loop Name     |   min   |   max   |  Latency |  achieved |   target  | Count| Pipelined|
        +--------------------+---------+---------+----------+-----------+-----------+------+----------+
        |- VITIS_LOOP_154_1  |        5|        5|         2|          1|          1|     5|       yes|
        +--------------------+---------+---------+----------+-----------+-----------+------+----------+

============================================================
+ Verbose Summary: Synthesis Manager
============================================================
InlineROM: 1
ExposeGlobal: 0
============================================================
+ Verbose Summary: CDFG Model
============================================================
IsTopModel: 0
ResetActiveHigh: 1
IsCombinational: 0
IsDatapathOnly: 0
HasWiredReturn: 1
HasMFsm: 2
HasVarLatency: 1
IsPipeline: 0
IsRtlPipelined: 0
IsInstanceOverlapped: 0
IsDontTouch: 0
HasImplIP: 0
IsGatedGlobalClock: 0

+ Individual pipeline summary: 
  * Pipeline-0: initiation interval (II) = 1, depth = 2


============================================================
+ Verbose Summary: Schedule
============================================================
* Number of FSM states : 2
* Pipeline : 1
  Pipeline-0 : II = 1, D = 2, States = { 1 2 }
* Dataflow Pipeline: 0

* FSM state transitions: 
1 --> 2 
2 --> 

* FSM state operations: 

State 1 <SV = 0> <Delay = 0.95>
ST_1 : Operation 5 [1/1] (0.00ns)   --->   "%i_6 = alloca i32 1"   --->   Operation 5 'alloca' 'i_6' <Predicate = true> <Delay = 0.00>
ST_1 : Operation 6 [1/1] (0.00ns)   --->   "%specinterface_ln0 = specinterface void @_ssdm_op_SpecInterface, i64 %l_strSum, void @empty_11, i32 0, i32 0, void @empty_26, i32 0, i32 0, void @empty_26, void @empty_26, void @empty_26, i32 0, i32 0, i32 0, i32 0, void @empty_26, void @empty_26, i32 4294967295, i32 0"   --->   Operation 6 'specinterface' 'specinterface_ln0' <Predicate = true> <Delay = 0.00>
ST_1 : Operation 7 [1/1] (0.38ns)   --->   "%store_ln0 = store i3 0, i3 %i_6"   --->   Operation 7 'store' 'store_ln0' <Predicate = true> <Delay = 0.38>
ST_1 : Operation 8 [1/1] (0.00ns)   --->   "%br_ln0 = br void %for.inc.i15.i"   --->   Operation 8 'br' 'br_ln0' <Predicate = true> <Delay = 0.00>
ST_1 : Operation 9 [1/1] (0.00ns)   --->   "%i = load i3 %i_6" [/mnt/shared/home/tz32/scalehls_vitis_test/src/Vitis_Libraries/blas/L1/include/hw/xf_blas/helpers/dataMover/vecMoverB1.hpp:154]   --->   Operation 9 'load' 'i' <Predicate = true> <Delay = 0.00>
ST_1 : Operation 10 [1/1] (0.49ns)   --->   "%icmp_ln154 = icmp_eq  i3 %i, i3 5" [/mnt/shared/home/tz32/scalehls_vitis_test/src/Vitis_Libraries/blas/L1/include/hw/xf_blas/helpers/dataMover/vecMoverB1.hpp:154]   --->   Operation 10 'icmp' 'icmp_ln154' <Predicate = true> <Delay = 0.49> <CoreInst = "Cmp">   --->   Core 9 'Cmp' <Latency = 0> <II = 1> <Delay = 0.49> <FuncUnit> <Opcode : 'icmp'> <InPorts = 2> <OutPorts = 1>
ST_1 : Operation 11 [1/1] (0.00ns)   --->   "%empty = speclooptripcount i32 @_ssdm_op_SpecLoopTripCount, i64 5, i64 5, i64 5"   --->   Operation 11 'speclooptripcount' 'empty' <Predicate = true> <Delay = 0.00>
ST_1 : Operation 12 [1/1] (0.57ns)   --->   "%add_ln154 = add i3 %i, i3 1" [/mnt/shared/home/tz32/scalehls_vitis_test/src/Vitis_Libraries/blas/L1/include/hw/xf_blas/helpers/dataMover/vecMoverB1.hpp:154]   --->   Operation 12 'add' 'add_ln154' <Predicate = true> <Delay = 0.57> <CoreInst = "Adder">   --->   Core 1 'Adder' <Latency = 0> <II = 1> <Delay = 0.57> <FuncUnit> <Opcode : 'add' 'sub'> <InPorts = 2> <OutPorts = 1>
ST_1 : Operation 13 [1/1] (0.00ns)   --->   "%br_ln154 = br i1 %icmp_ln154, void %for.inc.i15.i.split, void %for.inc48.preheader.exitStub" [/mnt/shared/home/tz32/scalehls_vitis_test/src/Vitis_Libraries/blas/L1/include/hw/xf_blas/helpers/dataMover/vecMoverB1.hpp:154]   --->   Operation 13 'br' 'br_ln154' <Predicate = true> <Delay = 0.00>
ST_1 : Operation 14 [1/1] (0.38ns)   --->   "%store_ln154 = store i3 %add_ln154, i3 %i_6" [/mnt/shared/home/tz32/scalehls_vitis_test/src/Vitis_Libraries/blas/L1/include/hw/xf_blas/helpers/dataMover/vecMoverB1.hpp:154]   --->   Operation 14 'store' 'store_ln154' <Predicate = (!icmp_ln154)> <Delay = 0.38>
ST_1 : Operation 31 [1/1] (0.00ns)   --->   "%ret_ln0 = ret"   --->   Operation 31 'ret' 'ret_ln0' <Predicate = (icmp_ln154)> <Delay = 0.00>

State 2 <SV = 1> <Delay = 1.91>
ST_2 : Operation 15 [1/1] (0.00ns)   --->   "%specpipeline_ln155 = specpipeline void @_ssdm_op_SpecPipeline, i32 4294967295, i32 0, i32 0, i32 0, void @empty_26" [/mnt/shared/home/tz32/scalehls_vitis_test/src/Vitis_Libraries/blas/L1/include/hw/xf_blas/helpers/dataMover/vecMoverB1.hpp:155]   --->   Operation 15 'specpipeline' 'specpipeline_ln155' <Predicate = true> <Delay = 0.00>
ST_2 : Operation 16 [1/1] (0.00ns)   --->   "%specloopname_ln154 = specloopname void @_ssdm_op_SpecLoopName, void @empty_9" [/mnt/shared/home/tz32/scalehls_vitis_test/src/Vitis_Libraries/blas/L1/include/hw/xf_blas/helpers/dataMover/vecMoverB1.hpp:154]   --->   Operation 16 'specloopname' 'specloopname_ln154' <Predicate = true> <Delay = 0.00>
ST_2 : Operation 17 [1/1] (1.21ns)   --->   "%p_Val2_s = read i64 @_ssdm_op_Read.ap_fifo.volatile.i64P0A, i64 %l_strSum" [/mnt/shared/home/tz32/scalehls_vitis_test/src/Vitis_Libraries/blas/L1/include/hw/xf_blas/helpers/dataMover/vecMoverB1.hpp:158]   --->   Operation 17 'read' 'p_Val2_s' <Predicate = true> <Delay = 1.21> <CoreInst = "FIFO_SRL">   --->   Core 81 'FIFO_SRL' <Latency = 0> <II = 1> <Delay = 1.40> <Storage> <Opcode : 'read' 'write' 'nbread' 'nbwrite'> <Ports = 0> <Width = 64> <Depth = 2> <FIFO>
ST_2 : Operation 18 [1/1] (0.00ns)   --->   "%l_val = trunc i64 %p_Val2_s"   --->   Operation 18 'trunc' 'l_val' <Predicate = true> <Delay = 0.00>
ST_2 : Operation 19 [1/1] (0.00ns)   --->   "%bitcast_ln110 = bitcast i32 %l_val" [/mnt/shared/home/tz32/scalehls_vitis_test/src/Vitis_Libraries/blas/L1/include/hw/xf_blas/helpers/utils/types.hpp:110]   --->   Operation 19 'bitcast' 'bitcast_ln110' <Predicate = true> <Delay = 0.00>
ST_2 : Operation 20 [1/1] (0.00ns)   --->   "%l_val_10 = partselect i32 @_ssdm_op_PartSelect.i32.i64.i32.i32, i64 %p_Val2_s, i32 32, i32 63"   --->   Operation 20 'partselect' 'l_val_10' <Predicate = true> <Delay = 0.00>
ST_2 : Operation 21 [1/1] (0.00ns)   --->   "%bitcast_ln110_3 = bitcast i32 %l_val_10" [/mnt/shared/home/tz32/scalehls_vitis_test/src/Vitis_Libraries/blas/L1/include/hw/xf_blas/helpers/utils/types.hpp:110]   --->   Operation 21 'bitcast' 'bitcast_ln110_3' <Predicate = true> <Delay = 0.00>
ST_2 : Operation 22 [1/1] (0.00ns)   --->   "%tmp = bitconcatenate i4 @_ssdm_op_BitConcatenate.i4.i3.i1, i3 %i, i1 0" [/mnt/shared/home/tz32/scalehls_vitis_test/src/Vitis_Libraries/blas/L1/include/hw/xf_blas/helpers/dataMover/vecMoverB1.hpp:154]   --->   Operation 22 'bitconcatenate' 'tmp' <Predicate = true> <Delay = 0.00>
ST_2 : Operation 23 [1/1] (0.00ns)   --->   "%zext_ln160 = zext i4 %tmp" [/mnt/shared/home/tz32/scalehls_vitis_test/src/Vitis_Libraries/blas/L1/include/hw/xf_blas/helpers/dataMover/vecMoverB1.hpp:160]   --->   Operation 23 'zext' 'zext_ln160' <Predicate = true> <Delay = 0.00>
ST_2 : Operation 24 [1/1] (0.00ns)   --->   "%p_R_addr = getelementptr i32 %p_R, i64 0, i64 %zext_ln160" [/mnt/shared/home/tz32/scalehls_vitis_test/src/Vitis_Libraries/blas/L1/include/hw/xf_blas/helpers/dataMover/vecMoverB1.hpp:160]   --->   Operation 24 'getelementptr' 'p_R_addr' <Predicate = true> <Delay = 0.00>
ST_2 : Operation 25 [1/1] (0.69ns)   --->   "%store_ln160 = store i32 %bitcast_ln110, i4 %p_R_addr" [/mnt/shared/home/tz32/scalehls_vitis_test/src/Vitis_Libraries/blas/L1/include/hw/xf_blas/helpers/dataMover/vecMoverB1.hpp:160]   --->   Operation 25 'store' 'store_ln160' <Predicate = true> <Delay = 0.69> <CoreInst = "RAM">   --->   Core 83 'RAM' <Latency = 1> <II = 1> <Delay = 0.69> <Storage> <Opcode : 'load' 'store'> <Ports = 2> <Width = 32> <Depth = 10> <RAM>
ST_2 : Operation 26 [1/1] (0.00ns)   --->   "%or_ln160 = or i4 %tmp, i4 1" [/mnt/shared/home/tz32/scalehls_vitis_test/src/Vitis_Libraries/blas/L1/include/hw/xf_blas/helpers/dataMover/vecMoverB1.hpp:160]   --->   Operation 26 'or' 'or_ln160' <Predicate = true> <Delay = 0.00>
ST_2 : Operation 27 [1/1] (0.00ns)   --->   "%zext_ln160_1 = zext i4 %or_ln160" [/mnt/shared/home/tz32/scalehls_vitis_test/src/Vitis_Libraries/blas/L1/include/hw/xf_blas/helpers/dataMover/vecMoverB1.hpp:160]   --->   Operation 27 'zext' 'zext_ln160_1' <Predicate = true> <Delay = 0.00>
ST_2 : Operation 28 [1/1] (0.00ns)   --->   "%p_R_addr_1 = getelementptr i32 %p_R, i64 0, i64 %zext_ln160_1" [/mnt/shared/home/tz32/scalehls_vitis_test/src/Vitis_Libraries/blas/L1/include/hw/xf_blas/helpers/dataMover/vecMoverB1.hpp:160]   --->   Operation 28 'getelementptr' 'p_R_addr_1' <Predicate = true> <Delay = 0.00>
ST_2 : Operation 29 [1/1] (0.69ns)   --->   "%store_ln160 = store i32 %bitcast_ln110_3, i4 %p_R_addr_1" [/mnt/shared/home/tz32/scalehls_vitis_test/src/Vitis_Libraries/blas/L1/include/hw/xf_blas/helpers/dataMover/vecMoverB1.hpp:160]   --->   Operation 29 'store' 'store_ln160' <Predicate = true> <Delay = 0.69> <CoreInst = "RAM">   --->   Core 83 'RAM' <Latency = 1> <II = 1> <Delay = 0.69> <Storage> <Opcode : 'load' 'store'> <Ports = 2> <Width = 32> <Depth = 10> <RAM>
ST_2 : Operation 30 [1/1] (0.00ns)   --->   "%br_ln154 = br void %for.inc.i15.i" [/mnt/shared/home/tz32/scalehls_vitis_test/src/Vitis_Libraries/blas/L1/include/hw/xf_blas/helpers/dataMover/vecMoverB1.hpp:154]   --->   Operation 30 'br' 'br_ln154' <Predicate = true> <Delay = 0.00>


============================================================
+ Verbose Summary: Binding
============================================================
STG Binding: 
---------------- STG Properties BEGIN ----------------
- Is combinational: 0
- Is one-state seq: 0
- Is datapath-only: 0
- Is pipelined: 0
- Is top level: 0
Port [ Return ] is wired: 1; IO mode=ap_ctrl_hs:ce=0
Port [ l_strSum]:  wired=1; compound=1; hidden=0; nouse=0; global=0; static=0; extern=0; dir=0; type=3; pingpong=0; private_global=0; IO mode=ap_fifo:ce=0
Port [ p_R]:  wired=1; compound=1; hidden=0; nouse=0; global=0; static=0; extern=0; dir=1; type=1; pingpong=0; private_global=0; MemPort=[00]; IO mode=ap_memory:ce=0
---------------- STG Properties END ------------------

---------------- Datapath Model BEGIN ----------------

<LifeTime>
<method=bitvector/>
i_6                (alloca           ) [ 010]
specinterface_ln0  (specinterface    ) [ 000]
store_ln0          (store            ) [ 000]
br_ln0             (br               ) [ 000]
i                  (load             ) [ 011]
icmp_ln154         (icmp             ) [ 010]
empty              (speclooptripcount) [ 000]
add_ln154          (add              ) [ 000]
br_ln154           (br               ) [ 000]
store_ln154        (store            ) [ 000]
specpipeline_ln155 (specpipeline     ) [ 000]
specloopname_ln154 (specloopname     ) [ 000]
p_Val2_s           (read             ) [ 000]
l_val              (trunc            ) [ 000]
bitcast_ln110      (bitcast          ) [ 000]
l_val_10           (partselect       ) [ 000]
bitcast_ln110_3    (bitcast          ) [ 000]
tmp                (bitconcatenate   ) [ 000]
zext_ln160         (zext             ) [ 000]
p_R_addr           (getelementptr    ) [ 000]
store_ln160        (store            ) [ 000]
or_ln160           (or               ) [ 000]
zext_ln160_1       (zext             ) [ 000]
p_R_addr_1         (getelementptr    ) [ 000]
store_ln160        (store            ) [ 000]
br_ln154           (br               ) [ 000]
ret_ln0            (ret              ) [ 000]
</LifeTime>

<model>

<comp_list>
<comp id="0" class="1000" name="l_strSum">
<pin_list>
<pin id="1" dir="1" index="0" bw="1" slack="0"/>
</pin_list>
<bind>
<StgValue><ssdm name="l_strSum"/></StgValue>
</bind>
</comp>

<comp id="2" class="1000" name="p_R">
<pin_list>
<pin id="3" dir="1" index="0" bw="1" slack="0"/>
</pin_list>
<bind>
<StgValue><ssdm name="p_R"/><MemPortTyVec>0 0 </MemPortTyVec>
</StgValue>
</bind>
</comp>

<comp id="4" class="1001" name="const_4">
<pin_list>
<pin id="5" dir="1" index="0" bw="1" slack="0"/>
</pin_list>
<bind>
<StgValue><ssdm name=""/></StgValue>
</bind>
</comp>

<comp id="6" class="1001" name="const_6">
<pin_list>
<pin id="7" dir="1" index="0" bw="1" slack="2147483647"/>
</pin_list>
<bind>
<StgValue><ssdm name="_ssdm_op_SpecInterface"/></StgValue>
</bind>
</comp>

<comp id="8" class="1001" name="const_8">
<pin_list>
<pin id="9" dir="1" index="0" bw="1" slack="2147483647"/>
</pin_list>
<bind>
<StgValue><ssdm name="empty_11"/></StgValue>
</bind>
</comp>

<comp id="10" class="1001" name="const_10">
<pin_list>
<pin id="11" dir="1" index="0" bw="1" slack="2147483647"/>
</pin_list>
<bind>
<StgValue><ssdm name=""/></StgValue>
</bind>
</comp>

<comp id="12" class="1001" name="const_12">
<pin_list>
<pin id="13" dir="1" index="0" bw="1" slack="2147483647"/>
</pin_list>
<bind>
<StgValue><ssdm name="empty_26"/></StgValue>
</bind>
</comp>

<comp id="14" class="1001" name="const_14">
<pin_list>
<pin id="15" dir="1" index="0" bw="1" slack="2147483647"/>
</pin_list>
<bind>
<StgValue><ssdm name=""/></StgValue>
</bind>
</comp>

<comp id="16" class="1001" name="const_16">
<pin_list>
<pin id="17" dir="1" index="0" bw="1" slack="0"/>
</pin_list>
<bind>
<StgValue><ssdm name=""/></StgValue>
</bind>
</comp>

<comp id="18" class="1001" name="const_18">
<pin_list>
<pin id="19" dir="1" index="0" bw="1" slack="0"/>
</pin_list>
<bind>
<StgValue><ssdm name=""/></StgValue>
</bind>
</comp>

<comp id="20" class="1001" name="const_20">
<pin_list>
<pin id="21" dir="1" index="0" bw="1" slack="2147483647"/>
</pin_list>
<bind>
<StgValue><ssdm name="_ssdm_op_SpecLoopTripCount"/></StgValue>
</bind>
</comp>

<comp id="22" class="1001" name="const_22">
<pin_list>
<pin id="23" dir="1" index="0" bw="1" slack="2147483647"/>
</pin_list>
<bind>
<StgValue><ssdm name=""/></StgValue>
</bind>
</comp>

<comp id="24" class="1001" name="const_24">
<pin_list>
<pin id="25" dir="1" index="0" bw="1" slack="0"/>
</pin_list>
<bind>
<StgValue><ssdm name=""/></StgValue>
</bind>
</comp>

<comp id="26" class="1001" name="const_26">
<pin_list>
<pin id="27" dir="1" index="0" bw="1" slack="2147483647"/>
</pin_list>
<bind>
<StgValue><ssdm name="_ssdm_op_SpecPipeline"/></StgValue>
</bind>
</comp>

<comp id="28" class="1001" name="const_28">
<pin_list>
<pin id="29" dir="1" index="0" bw="1" slack="2147483647"/>
</pin_list>
<bind>
<StgValue><ssdm name="_ssdm_op_SpecLoopName"/></StgValue>
</bind>
</comp>

<comp id="30" class="1001" name="const_30">
<pin_list>
<pin id="31" dir="1" index="0" bw="1" slack="2147483647"/>
</pin_list>
<bind>
<StgValue><ssdm name="empty_9"/></StgValue>
</bind>
</comp>

<comp id="32" class="1001" name="const_32">
<pin_list>
<pin id="33" dir="1" index="0" bw="1" slack="0"/>
</pin_list>
<bind>
<StgValue><ssdm name="_ssdm_op_Read.ap_fifo.volatile.i64P0A"/></StgValue>
</bind>
</comp>

<comp id="34" class="1001" name="const_34">
<pin_list>
<pin id="35" dir="1" index="0" bw="1" slack="0"/>
</pin_list>
<bind>
<StgValue><ssdm name="_ssdm_op_PartSelect.i32.i64.i32.i32"/></StgValue>
</bind>
</comp>

<comp id="36" class="1001" name="const_36">
<pin_list>
<pin id="37" dir="1" index="0" bw="1" slack="0"/>
</pin_list>
<bind>
<StgValue><ssdm name=""/></StgValue>
</bind>
</comp>

<comp id="38" class="1001" name="const_38">
<pin_list>
<pin id="39" dir="1" index="0" bw="1" slack="0"/>
</pin_list>
<bind>
<StgValue><ssdm name=""/></StgValue>
</bind>
</comp>

<comp id="40" class="1001" name="const_40">
<pin_list>
<pin id="41" dir="1" index="0" bw="1" slack="0"/>
</pin_list>
<bind>
<StgValue><ssdm name="_ssdm_op_BitConcatenate.i4.i3.i1"/></StgValue>
</bind>
</comp>

<comp id="42" class="1001" name="const_42">
<pin_list>
<pin id="43" dir="1" index="0" bw="1" slack="0"/>
</pin_list>
<bind>
<StgValue><ssdm name=""/></StgValue>
</bind>
</comp>

<comp id="44" class="1001" name="const_44">
<pin_list>
<pin id="45" dir="1" index="0" bw="1" slack="0"/>
</pin_list>
<bind>
<StgValue><ssdm name=""/></StgValue>
</bind>
</comp>

<comp id="46" class="1001" name="const_46">
<pin_list>
<pin id="47" dir="1" index="0" bw="1" slack="0"/>
</pin_list>
<bind>
<StgValue><ssdm name=""/></StgValue>
</bind>
</comp>

<comp id="48" class="1004" name="i_6_fu_48">
<pin_list>
<pin id="49" dir="0" index="0" bw="1" slack="0"/>
<pin id="50" dir="1" index="1" bw="3" slack="0"/>
</pin_list>
<bind>
<opcode="alloca(26) " fcode="alloca"/>
<opset="i_6/1 "/>
</bind>
</comp>

<comp id="52" class="1004" name="p_Val2_s_read_fu_52">
<pin_list>
<pin id="53" dir="0" index="0" bw="64" slack="0"/>
<pin id="54" dir="0" index="1" bw="64" slack="0"/>
<pin id="55" dir="1" index="2" bw="64" slack="0"/>
</pin_list>
<bind>
<opcode="read(1150) " fcode="read"/>
<opset="p_Val2_s/2 "/>
</bind>
</comp>

<comp id="58" class="1004" name="p_R_addr_gep_fu_58">
<pin_list>
<pin id="59" dir="0" index="0" bw="32" slack="0"/>
<pin id="60" dir="0" index="1" bw="1" slack="0"/>
<pin id="61" dir="0" index="2" bw="4" slack="0"/>
<pin id="62" dir="1" index="3" bw="4" slack="0"/>
</pin_list>
<bind>
<opcode="getelementptr(29) " fcode="getelementptr"/>
<opset="p_R_addr/2 "/>
</bind>
</comp>

<comp id="65" class="1004" name="grp_access_fu_65">
<pin_list>
<pin id="66" dir="0" index="0" bw="4" slack="0"/>
<pin id="67" dir="0" index="1" bw="32" slack="0"/>
<pin id="68" dir="0" index="2" bw="0" slack="0"/>
<pin id="70" dir="0" index="4" bw="4" slack="0"/>
<pin id="71" dir="0" index="5" bw="32" slack="2147483647"/>
<pin id="72" dir="0" index="6" bw="0" slack="2147483647"/>
<pin id="69" dir="1" index="3" bw="32" slack="2147483647"/>
<pin id="73" dir="1" index="7" bw="32" slack="2147483647"/>
</pin_list>
<bind>
<opcode="store(28) " fcode="store"/>
<opset="store_ln160/2 store_ln160/2 "/>
</bind>
</comp>

<comp id="75" class="1004" name="p_R_addr_1_gep_fu_75">
<pin_list>
<pin id="76" dir="0" index="0" bw="32" slack="0"/>
<pin id="77" dir="0" index="1" bw="1" slack="0"/>
<pin id="78" dir="0" index="2" bw="4" slack="0"/>
<pin id="79" dir="1" index="3" bw="4" slack="0"/>
</pin_list>
<bind>
<opcode="getelementptr(29) " fcode="getelementptr"/>
<opset="p_R_addr_1/2 "/>
</bind>
</comp>

<comp id="83" class="1004" name="store_ln0_store_fu_83">
<pin_list>
<pin id="84" dir="0" index="0" bw="1" slack="0"/>
<pin id="85" dir="0" index="1" bw="3" slack="0"/>
<pin id="86" dir="1" index="2" bw="0" slack="2147483647"/>
</pin_list>
<bind>
<opcode="store(28) " fcode="store"/>
<opset="store_ln0/1 "/>
</bind>
</comp>

<comp id="88" class="1004" name="i_load_fu_88">
<pin_list>
<pin id="89" dir="0" index="0" bw="3" slack="0"/>
<pin id="90" dir="1" index="1" bw="3" slack="0"/>
</pin_list>
<bind>
<opcode="load(27) " fcode="load"/>
<opset="i/1 "/>
</bind>
</comp>

<comp id="91" class="1004" name="icmp_ln154_fu_91">
<pin_list>
<pin id="92" dir="0" index="0" bw="3" slack="0"/>
<pin id="93" dir="0" index="1" bw="3" slack="0"/>
<pin id="94" dir="1" index="2" bw="1" slack="2147483647"/>
</pin_list>
<bind>
<opcode="icmp(45) " fcode="icmp"/>
<opset="icmp_ln154/1 "/>
</bind>
</comp>

<comp id="97" class="1004" name="add_ln154_fu_97">
<pin_list>
<pin id="98" dir="0" index="0" bw="3" slack="0"/>
<pin id="99" dir="0" index="1" bw="1" slack="0"/>
<pin id="100" dir="1" index="2" bw="3" slack="0"/>
</pin_list>
<bind>
<opcode="add(8) " fcode="add"/>
<opset="add_ln154/1 "/>
</bind>
</comp>

<comp id="103" class="1004" name="store_ln154_store_fu_103">
<pin_list>
<pin id="104" dir="0" index="0" bw="3" slack="0"/>
<pin id="105" dir="0" index="1" bw="3" slack="0"/>
<pin id="106" dir="1" index="2" bw="0" slack="2147483647"/>
</pin_list>
<bind>
<opcode="store(28) " fcode="store"/>
<opset="store_ln154/1 "/>
</bind>
</comp>

<comp id="108" class="1004" name="l_val_fu_108">
<pin_list>
<pin id="109" dir="0" index="0" bw="64" slack="0"/>
<pin id="110" dir="1" index="1" bw="32" slack="0"/>
</pin_list>
<bind>
<opcode="trunc(33) " fcode="trunc"/>
<opset="l_val/2 "/>
</bind>
</comp>

<comp id="112" class="1004" name="bitcast_ln110_fu_112">
<pin_list>
<pin id="113" dir="0" index="0" bw="32" slack="0"/>
<pin id="114" dir="1" index="1" bw="32" slack="0"/>
</pin_list>
<bind>
<opcode="bitcast(44) " fcode="bitcast"/>
<opset="bitcast_ln110/2 "/>
</bind>
</comp>

<comp id="117" class="1004" name="l_val_10_fu_117">
<pin_list>
<pin id="118" dir="0" index="0" bw="32" slack="0"/>
<pin id="119" dir="0" index="1" bw="64" slack="0"/>
<pin id="120" dir="0" index="2" bw="7" slack="0"/>
<pin id="121" dir="0" index="3" bw="7" slack="0"/>
<pin id="122" dir="1" index="4" bw="32" slack="0"/>
</pin_list>
<bind>
<opcode="partselect(1002) " fcode="partselect"/>
<opset="l_val_10/2 "/>
</bind>
</comp>

<comp id="127" class="1004" name="bitcast_ln110_3_fu_127">
<pin_list>
<pin id="128" dir="0" index="0" bw="32" slack="0"/>
<pin id="129" dir="1" index="1" bw="32" slack="0"/>
</pin_list>
<bind>
<opcode="bitcast(44) " fcode="bitcast"/>
<opset="bitcast_ln110_3/2 "/>
</bind>
</comp>

<comp id="132" class="1004" name="tmp_fu_132">
<pin_list>
<pin id="133" dir="0" index="0" bw="4" slack="0"/>
<pin id="134" dir="0" index="1" bw="3" slack="1"/>
<pin id="135" dir="0" index="2" bw="1" slack="0"/>
<pin id="136" dir="1" index="3" bw="4" slack="0"/>
</pin_list>
<bind>
<opcode="bitconcatenate(1004) " fcode="bitconcatenate"/>
<opset="tmp/2 "/>
</bind>
</comp>

<comp id="139" class="1004" name="zext_ln160_fu_139">
<pin_list>
<pin id="140" dir="0" index="0" bw="4" slack="0"/>
<pin id="141" dir="1" index="1" bw="64" slack="0"/>
</pin_list>
<bind>
<opcode="zext(34) " fcode="zext"/>
<opset="zext_ln160/2 "/>
</bind>
</comp>

<comp id="144" class="1004" name="or_ln160_fu_144">
<pin_list>
<pin id="145" dir="0" index="0" bw="4" slack="0"/>
<pin id="146" dir="0" index="1" bw="1" slack="0"/>
<pin id="147" dir="1" index="2" bw="4" slack="0"/>
</pin_list>
<bind>
<opcode="or(24) " fcode="or"/>
<opset="or_ln160/2 "/>
</bind>
</comp>

<comp id="150" class="1004" name="zext_ln160_1_fu_150">
<pin_list>
<pin id="151" dir="0" index="0" bw="4" slack="0"/>
<pin id="152" dir="1" index="1" bw="64" slack="0"/>
</pin_list>
<bind>
<opcode="zext(34) " fcode="zext"/>
<opset="zext_ln160_1/2 "/>
</bind>
</comp>

<comp id="155" class="1005" name="i_6_reg_155">
<pin_list>
<pin id="156" dir="0" index="0" bw="3" slack="0"/>
<pin id="157" dir="1" index="1" bw="3" slack="0"/>
</pin_list>
<bind>
<opset="i_6 "/>
</bind>
</comp>

<comp id="162" class="1005" name="i_reg_162">
<pin_list>
<pin id="163" dir="0" index="0" bw="3" slack="1"/>
<pin id="164" dir="1" index="1" bw="3" slack="1"/>
</pin_list>
<bind>
<opset="i "/>
</bind>
</comp>

</comp_list>

<net_list>
<net id="51"><net_src comp="4" pin="0"/><net_sink comp="48" pin=0"/></net>

<net id="56"><net_src comp="32" pin="0"/><net_sink comp="52" pin=0"/></net>

<net id="57"><net_src comp="0" pin="0"/><net_sink comp="52" pin=1"/></net>

<net id="63"><net_src comp="2" pin="0"/><net_sink comp="58" pin=0"/></net>

<net id="64"><net_src comp="44" pin="0"/><net_sink comp="58" pin=1"/></net>

<net id="74"><net_src comp="58" pin="3"/><net_sink comp="65" pin=2"/></net>

<net id="80"><net_src comp="2" pin="0"/><net_sink comp="75" pin=0"/></net>

<net id="81"><net_src comp="44" pin="0"/><net_sink comp="75" pin=1"/></net>

<net id="82"><net_src comp="75" pin="3"/><net_sink comp="65" pin=0"/></net>

<net id="87"><net_src comp="16" pin="0"/><net_sink comp="83" pin=0"/></net>

<net id="95"><net_src comp="88" pin="1"/><net_sink comp="91" pin=0"/></net>

<net id="96"><net_src comp="18" pin="0"/><net_sink comp="91" pin=1"/></net>

<net id="101"><net_src comp="88" pin="1"/><net_sink comp="97" pin=0"/></net>

<net id="102"><net_src comp="24" pin="0"/><net_sink comp="97" pin=1"/></net>

<net id="107"><net_src comp="97" pin="2"/><net_sink comp="103" pin=0"/></net>

<net id="111"><net_src comp="52" pin="2"/><net_sink comp="108" pin=0"/></net>

<net id="115"><net_src comp="108" pin="1"/><net_sink comp="112" pin=0"/></net>

<net id="116"><net_src comp="112" pin="1"/><net_sink comp="65" pin=4"/></net>

<net id="123"><net_src comp="34" pin="0"/><net_sink comp="117" pin=0"/></net>

<net id="124"><net_src comp="52" pin="2"/><net_sink comp="117" pin=1"/></net>

<net id="125"><net_src comp="36" pin="0"/><net_sink comp="117" pin=2"/></net>

<net id="126"><net_src comp="38" pin="0"/><net_sink comp="117" pin=3"/></net>

<net id="130"><net_src comp="117" pin="4"/><net_sink comp="127" pin=0"/></net>

<net id="131"><net_src comp="127" pin="1"/><net_sink comp="65" pin=1"/></net>

<net id="137"><net_src comp="40" pin="0"/><net_sink comp="132" pin=0"/></net>

<net id="138"><net_src comp="42" pin="0"/><net_sink comp="132" pin=2"/></net>

<net id="142"><net_src comp="132" pin="3"/><net_sink comp="139" pin=0"/></net>

<net id="143"><net_src comp="139" pin="1"/><net_sink comp="58" pin=2"/></net>

<net id="148"><net_src comp="132" pin="3"/><net_sink comp="144" pin=0"/></net>

<net id="149"><net_src comp="46" pin="0"/><net_sink comp="144" pin=1"/></net>

<net id="153"><net_src comp="144" pin="2"/><net_sink comp="150" pin=0"/></net>

<net id="154"><net_src comp="150" pin="1"/><net_sink comp="75" pin=2"/></net>

<net id="158"><net_src comp="48" pin="1"/><net_sink comp="155" pin=0"/></net>

<net id="159"><net_src comp="155" pin="1"/><net_sink comp="83" pin=1"/></net>

<net id="160"><net_src comp="155" pin="1"/><net_sink comp="88" pin=0"/></net>

<net id="161"><net_src comp="155" pin="1"/><net_sink comp="103" pin=1"/></net>

<net id="165"><net_src comp="88" pin="1"/><net_sink comp="162" pin=0"/></net>

<net id="166"><net_src comp="162" pin="1"/><net_sink comp="132" pin=1"/></net>

</net_list>

</model> 
---------------- Datapath Model END ------------------

* FSMD analyzer results:
  - Output states:
	Port: p_R | {2 }
 - Input state : 
	Port: forward_node1_Pipeline_VITIS_LOOP_154_1 : l_strSum | {2 }
  - Chain level:
	State 1
		store_ln0 : 1
		i : 1
		icmp_ln154 : 2
		add_ln154 : 2
		br_ln154 : 3
		store_ln154 : 3
	State 2
		bitcast_ln110 : 1
		bitcast_ln110_3 : 1
		zext_ln160 : 1
		p_R_addr : 2
		store_ln160 : 3
		or_ln160 : 1
		zext_ln160_1 : 1
		p_R_addr_1 : 2
		store_ln160 : 3


============================================================
+ Verbose Summary: Datapath Resource usage 
============================================================

* Functional unit list:
|----------|---------------------|---------|---------|
| Operation|   Functional Unit   |    FF   |   LUT   |
|----------|---------------------|---------|---------|
|    add   |   add_ln154_fu_97   |    0    |    10   |
|----------|---------------------|---------|---------|
|   icmp   |   icmp_ln154_fu_91  |    0    |    8    |
|----------|---------------------|---------|---------|
|   read   | p_Val2_s_read_fu_52 |    0    |    0    |
|----------|---------------------|---------|---------|
|   trunc  |     l_val_fu_108    |    0    |    0    |
|----------|---------------------|---------|---------|
|partselect|   l_val_10_fu_117   |    0    |    0    |
|----------|---------------------|---------|---------|
|bitconcatenate|      tmp_fu_132     |    0    |    0    |
|----------|---------------------|---------|---------|
|   zext   |  zext_ln160_fu_139  |    0    |    0    |
|          | zext_ln160_1_fu_150 |    0    |    0    |
|----------|---------------------|---------|---------|
|    or    |   or_ln160_fu_144   |    0    |    0    |
|----------|---------------------|---------|---------|
|   Total  |                     |    0    |    18   |
|----------|---------------------|---------|---------|

Memories:
N/A

* Register list:
+-----------+--------+
|           |   FF   |
+-----------+--------+
|i_6_reg_155|    3   |
| i_reg_162 |    3   |
+-----------+--------+
|   Total   |    6   |
+-----------+--------+

* Multiplexer (MUX) list: 
|--------|------|------|------|--------|
|  Comp  |  Pin | Size |  BW  | S x BW |
|--------|------|------|------|--------|
|  Total |      |      |      |    0   |
|--------|------|------|------|--------|



* Summary:
+-----------+--------+--------+
|           |   FF   |   LUT  |
+-----------+--------+--------+
|  Function |    0   |   18   |
|   Memory  |    -   |    -   |
|Multiplexer|    -   |    -   |
|  Register |    6   |    -   |
+-----------+--------+--------+
|   Total   |    6   |   18   |
+-----------+--------+--------+
