

================================================================
== Vitis HLS Report for 'gemm_float_1024u_2u_10u_unsigned_int_s'
================================================================
* Date:           Wed Jun 14 16:04:38 2023

* Version:        2022.2 (Build 3670227 on Oct 13 2022)
* Project:        cemit_replaced
* Solution:       solution (Vitis Kernel Flow Target)
* Product family: virtexuplus
* Target device:  xcu280-fsvh2892-2L-e


================================================================
== Performance Estimates
================================================================
+ Timing: 
    * Summary: 
    +--------+---------+----------+------------+
    |  Clock |  Target | Estimated| Uncertainty|
    +--------+---------+----------+------------+
    |ap_clk  |  3.33 ns|  2.433 ns|     0.90 ns|
    +--------+---------+----------+------------+

+ Latency: 
    * Summary: 
    +---------+---------+----------+----------+-----+-----+----------+
    |  Latency (cycles) |  Latency (absolute) |  Interval | Pipeline |
    |   min   |   max   |    min   |    max   | min | max |   Type   |
    +---------+---------+----------+----------+-----+-----+----------+
    |        ?|        ?|         ?|         ?|    ?|    ?|  dataflow|
    +---------+---------+----------+----------+-----+-----+----------+

    + Detail: 
        * Instance: 
        N/A

        * Loop: 
        N/A

============================================================
+ Verbose Summary: Synthesis Manager
============================================================
InlineROM: 1
ExposeGlobal: 0
============================================================
+ Verbose Summary: CDFG Model
============================================================
IsTopModel: 0
ResetActiveHigh: 1
IsCombinational: 2
IsDatapathOnly: 0
HasWiredReturn: 1
HasMFsm: 0
HasVarLatency: 1
IsPipeline: 0
IsRtlPipelined: 0
IsInstanceOverlapped: 0
IsDontTouch: 0
HasImplIP: 0
IsGatedGlobalClock: 0


============================================================
+ Verbose Summary: Schedule
============================================================
* Number of FSM states : 6
* Pipeline : 0
* Dataflow Pipeline: 1
  DF-Pipeline-0: Size = 6, States = { 1 2 3 4 5 6 }

* FSM state transitions: 
1 --> 2 
2 --> 3 
3 --> 4 
4 --> 5 
5 --> 6 
6 --> 

* FSM state operations: 

State 1 <SV = 0> <Delay = 0.00>
ST_1 : Operation 7 [1/1] (0.00ns)   --->   "%l_sum = alloca i64 1" [/mnt/shared/home/tz32/scalehls_vitis_test/src/Vitis_Libraries/blas/L1/include/hw/xf_blas/gemm.hpp:214]   --->   Operation 7 'alloca' 'l_sum' <Predicate = true> <Delay = 0.00> <CoreInst = "FIFO_SRL">   --->   Core 81 'FIFO_SRL' <Latency = 0> <II = 1> <Delay = 1.40> <Storage> <Opcode : 'read' 'write' 'nbread' 'nbwrite'> <Ports = 0> <Width = 64> <Depth = 2> <FIFO>
ST_1 : Operation 8 [1/1] (0.00ns)   --->   "%l_mat = alloca i64 1" [/mnt/shared/home/tz32/scalehls_vitis_test/src/Vitis_Libraries/blas/L1/include/hw/xf_blas/gemm.hpp:214]   --->   Operation 8 'alloca' 'l_mat' <Predicate = true> <Delay = 0.00> <CoreInst = "FIFO_SRL">   --->   Core 81 'FIFO_SRL' <Latency = 0> <II = 1> <Delay = 1.40> <Storage> <Opcode : 'read' 'write' 'nbread' 'nbwrite'> <Ports = 0> <Width = 64> <Depth = 2> <FIFO>
ST_1 : Operation 9 [1/1] (0.00ns)   --->   "%l_betaC = alloca i64 1" [/mnt/shared/home/tz32/scalehls_vitis_test/src/Vitis_Libraries/blas/L1/include/hw/xf_blas/gemm.hpp:214]   --->   Operation 9 'alloca' 'l_betaC' <Predicate = true> <Delay = 0.00> <CoreInst = "FIFO_SRL">   --->   Core 81 'FIFO_SRL' <Latency = 0> <II = 1> <Delay = 1.40> <Storage> <Opcode : 'read' 'write' 'nbread' 'nbwrite'> <Ports = 0> <Width = 64> <Depth = 2> <FIFO>
ST_1 : Operation 10 [2/2] (0.00ns)   --->   "%call_ln218 = call void @gemm, i64 %l_strA7, i64 %l_strB8, i64 %l_sum" [/mnt/shared/home/tz32/scalehls_vitis_test/src/Vitis_Libraries/blas/L1/include/hw/xf_blas/gemm.hpp:218]   --->   Operation 10 'call' 'call_ln218' <Predicate = true> <Delay = 0.00> <CoreType = "Generic">   --->   Core 0 '' <Latency = 0> <II = 1> <Delay = 1.00> <Generic> <Opcode : >
ST_1 : Operation 11 [2/2] (0.00ns)   --->   "%call_ln220 = call void @scal<float, 2u, unsigned int>, i64 %l_strC9, i64 %l_betaC" [/mnt/shared/home/tz32/scalehls_vitis_test/src/Vitis_Libraries/blas/L1/include/hw/xf_blas/gemm.hpp:220]   --->   Operation 11 'call' 'call_ln220' <Predicate = true> <Delay = 0.00> <CoreType = "Generic">   --->   Core 0 '' <Latency = 0> <II = 1> <Delay = 1.00> <Generic> <Opcode : >

State 2 <SV = 1> <Delay = 0.00>
ST_2 : Operation 12 [1/2] (0.00ns)   --->   "%call_ln218 = call void @gemm, i64 %l_strA7, i64 %l_strB8, i64 %l_sum" [/mnt/shared/home/tz32/scalehls_vitis_test/src/Vitis_Libraries/blas/L1/include/hw/xf_blas/gemm.hpp:218]   --->   Operation 12 'call' 'call_ln218' <Predicate = true> <Delay = 0.00> <CoreType = "Generic">   --->   Core 0 '' <Latency = 0> <II = 1> <Delay = 1.00> <Generic> <Opcode : >
ST_2 : Operation 13 [1/2] (0.00ns)   --->   "%call_ln220 = call void @scal<float, 2u, unsigned int>, i64 %l_strC9, i64 %l_betaC" [/mnt/shared/home/tz32/scalehls_vitis_test/src/Vitis_Libraries/blas/L1/include/hw/xf_blas/gemm.hpp:220]   --->   Operation 13 'call' 'call_ln220' <Predicate = true> <Delay = 0.00> <CoreType = "Generic">   --->   Core 0 '' <Latency = 0> <II = 1> <Delay = 1.00> <Generic> <Opcode : >

State 3 <SV = 2> <Delay = 0.00>
ST_3 : Operation 14 [2/2] (0.00ns)   --->   "%call_ln219 = call void @gemmBufferC<float, 2u, 2u, 10u>, i64 %l_sum, i64 %l_mat" [/mnt/shared/home/tz32/scalehls_vitis_test/src/Vitis_Libraries/blas/L1/include/hw/xf_blas/gemm.hpp:219]   --->   Operation 14 'call' 'call_ln219' <Predicate = true> <Delay = 0.00> <CoreType = "Generic">   --->   Core 0 '' <Latency = 0> <II = 1> <Delay = 1.00> <Generic> <Opcode : >

State 4 <SV = 3> <Delay = 0.00>
ST_4 : Operation 15 [1/2] (0.00ns)   --->   "%call_ln219 = call void @gemmBufferC<float, 2u, 2u, 10u>, i64 %l_sum, i64 %l_mat" [/mnt/shared/home/tz32/scalehls_vitis_test/src/Vitis_Libraries/blas/L1/include/hw/xf_blas/gemm.hpp:219]   --->   Operation 15 'call' 'call_ln219' <Predicate = true> <Delay = 0.00> <CoreType = "Generic">   --->   Core 0 '' <Latency = 0> <II = 1> <Delay = 1.00> <Generic> <Opcode : >

State 5 <SV = 4> <Delay = 0.00>
ST_5 : Operation 16 [2/2] (0.00ns)   --->   "%call_ln221 = call void @axpy<float, 2u, unsigned int>, i64 %l_mat, i64 %l_betaC, i64 %l_strSum10" [/mnt/shared/home/tz32/scalehls_vitis_test/src/Vitis_Libraries/blas/L1/include/hw/xf_blas/gemm.hpp:221]   --->   Operation 16 'call' 'call_ln221' <Predicate = true> <Delay = 0.00> <CoreType = "Generic">   --->   Core 0 '' <Latency = 0> <II = 1> <Delay = 1.00> <Generic> <Opcode : >

State 6 <SV = 5> <Delay = 0.00>
ST_6 : Operation 17 [1/1] (0.00ns)   --->   "%specdataflowpipeline_ln0 = specdataflowpipeline void @_ssdm_op_SpecDataflowPipeline, i32 4294967295, i32 0, void @empty_33"   --->   Operation 17 'specdataflowpipeline' 'specdataflowpipeline_ln0' <Predicate = true> <Delay = 0.00>
ST_6 : Operation 18 [1/1] (0.00ns)   --->   "%specinterface_ln0 = specinterface void @_ssdm_op_SpecInterface, i64 %l_strSum10, void @empty_23, i32 0, i32 0, void @empty_33, i32 0, i32 0, void @empty_33, void @empty_33, void @empty_33, i32 0, i32 0, i32 0, i32 0, void @empty_33, void @empty_33, i32 4294967295, i32 0"   --->   Operation 18 'specinterface' 'specinterface_ln0' <Predicate = true> <Delay = 0.00>
ST_6 : Operation 19 [1/1] (0.00ns)   --->   "%specinterface_ln0 = specinterface void @_ssdm_op_SpecInterface, i64 %l_strC9, void @empty_23, i32 0, i32 0, void @empty_33, i32 0, i32 0, void @empty_33, void @empty_33, void @empty_33, i32 0, i32 0, i32 0, i32 0, void @empty_33, void @empty_33, i32 4294967295, i32 0"   --->   Operation 19 'specinterface' 'specinterface_ln0' <Predicate = true> <Delay = 0.00>
ST_6 : Operation 20 [1/1] (0.00ns)   --->   "%specinterface_ln0 = specinterface void @_ssdm_op_SpecInterface, i64 %l_strB8, void @empty_23, i32 0, i32 0, void @empty_33, i32 0, i32 0, void @empty_33, void @empty_33, void @empty_33, i32 0, i32 0, i32 0, i32 0, void @empty_33, void @empty_33, i32 4294967295, i32 0"   --->   Operation 20 'specinterface' 'specinterface_ln0' <Predicate = true> <Delay = 0.00>
ST_6 : Operation 21 [1/1] (0.00ns)   --->   "%specinterface_ln0 = specinterface void @_ssdm_op_SpecInterface, i64 %l_strA7, void @empty_23, i32 0, i32 0, void @empty_33, i32 0, i32 0, void @empty_33, void @empty_33, void @empty_33, i32 0, i32 0, i32 0, i32 0, void @empty_33, void @empty_33, i32 4294967295, i32 0"   --->   Operation 21 'specinterface' 'specinterface_ln0' <Predicate = true> <Delay = 0.00>
ST_6 : Operation 22 [1/1] (0.00ns)   --->   "%empty = specchannel i32 @_ssdm_op_SpecChannel, void @l_sum_str, i32 1, void @p_str, void @p_str, i32 2, i32 2, i64 %l_sum, i64 %l_sum"   --->   Operation 22 'specchannel' 'empty' <Predicate = true> <Delay = 0.00>
ST_6 : Operation 23 [1/1] (0.00ns)   --->   "%specinterface_ln0 = specinterface void @_ssdm_op_SpecInterface, i64 %l_sum, void @empty_23, i32 0, i32 0, void @empty_33, i32 0, i32 0, void @empty_33, void @empty_33, void @empty_33, i32 0, i32 0, i32 0, i32 0, void @empty_33, void @empty_33, i32 4294967295, i32 0"   --->   Operation 23 'specinterface' 'specinterface_ln0' <Predicate = true> <Delay = 0.00>
ST_6 : Operation 24 [1/1] (0.00ns)   --->   "%empty_67 = specchannel i32 @_ssdm_op_SpecChannel, void @l_mat_str, i32 1, void @p_str, void @p_str, i32 2, i32 2, i64 %l_mat, i64 %l_mat"   --->   Operation 24 'specchannel' 'empty_67' <Predicate = true> <Delay = 0.00>
ST_6 : Operation 25 [1/1] (0.00ns)   --->   "%specinterface_ln0 = specinterface void @_ssdm_op_SpecInterface, i64 %l_mat, void @empty_23, i32 0, i32 0, void @empty_33, i32 0, i32 0, void @empty_33, void @empty_33, void @empty_33, i32 0, i32 0, i32 0, i32 0, void @empty_33, void @empty_33, i32 4294967295, i32 0"   --->   Operation 25 'specinterface' 'specinterface_ln0' <Predicate = true> <Delay = 0.00>
ST_6 : Operation 26 [1/1] (0.00ns)   --->   "%empty_68 = specchannel i32 @_ssdm_op_SpecChannel, void @l_betaC_str, i32 1, void @p_str, void @p_str, i32 2, i32 2, i64 %l_betaC, i64 %l_betaC"   --->   Operation 26 'specchannel' 'empty_68' <Predicate = true> <Delay = 0.00>
ST_6 : Operation 27 [1/1] (0.00ns)   --->   "%specinterface_ln0 = specinterface void @_ssdm_op_SpecInterface, i64 %l_betaC, void @empty_23, i32 0, i32 0, void @empty_33, i32 0, i32 0, void @empty_33, void @empty_33, void @empty_33, i32 0, i32 0, i32 0, i32 0, void @empty_33, void @empty_33, i32 4294967295, i32 0"   --->   Operation 27 'specinterface' 'specinterface_ln0' <Predicate = true> <Delay = 0.00>
ST_6 : Operation 28 [1/2] (0.00ns)   --->   "%call_ln221 = call void @axpy<float, 2u, unsigned int>, i64 %l_mat, i64 %l_betaC, i64 %l_strSum10" [/mnt/shared/home/tz32/scalehls_vitis_test/src/Vitis_Libraries/blas/L1/include/hw/xf_blas/gemm.hpp:221]   --->   Operation 28 'call' 'call_ln221' <Predicate = true> <Delay = 0.00> <CoreType = "Generic">   --->   Core 0 '' <Latency = 0> <II = 1> <Delay = 1.00> <Generic> <Opcode : >
ST_6 : Operation 29 [1/1] (0.00ns)   --->   "%ret_ln222 = ret" [/mnt/shared/home/tz32/scalehls_vitis_test/src/Vitis_Libraries/blas/L1/include/hw/xf_blas/gemm.hpp:222]   --->   Operation 29 'ret' 'ret_ln222' <Predicate = true> <Delay = 0.00>


============================================================
+ Verbose Summary: Timing violations
============================================================
Target clock period: 3.33ns, clock uncertainty: 0.9ns.

 <State 1>: 0ns
The critical path consists of the following:

 <State 2>: 0ns
The critical path consists of the following:

 <State 3>: 0ns
The critical path consists of the following:

 <State 4>: 0ns
The critical path consists of the following:

 <State 5>: 0ns
The critical path consists of the following:

 <State 6>: 0ns
The critical path consists of the following:


============================================================
+ Verbose Summary: Binding
============================================================
N/A
* FSMD analyzer results:
  - Output states:
 - Input state : 
  - Chain level:
	State 1
	State 2
	State 3
	State 4
	State 5
	State 6


============================================================
+ Verbose Summary: Datapath Resource usage 
============================================================
N/A
