

================================================================
== Vitis HLS Report for 'gemmBufferC_float_2u_2u_10u_s'
================================================================
* Date:           Wed Jun 14 16:04:46 2023

* Version:        2022.2 (Build 3670227 on Oct 13 2022)
* Project:        cemit_replaced
* Solution:       solution (Vitis Kernel Flow Target)
* Product family: virtexuplus
* Target device:  xcu280-fsvh2892-2L-e


================================================================
== Performance Estimates
================================================================
+ Timing: 
    * Summary: 
    +--------+---------+----------+------------+
    |  Clock |  Target | Estimated| Uncertainty|
    +--------+---------+----------+------------+
    |ap_clk  |  3.33 ns|  2.121 ns|     0.90 ns|
    +--------+---------+----------+------------+

+ Latency: 
    * Summary: 
    +---------+---------+-----------+-----------+-----+-----+---------+
    |  Latency (cycles) |   Latency (absolute)  |  Interval | Pipeline|
    |   min   |   max   |    min    |    max    | min | max |   Type  |
    +---------+---------+-----------+-----------+-----+-----+---------+
    |       28|       28|  93.324 ns|  93.324 ns|   28|   28|       no|
    +---------+---------+-----------+-----------+-----+-----+---------+

    + Detail: 
        * Instance: 
        +----------------------------------------------------------------------------------+------------------------------------------------------------------------+---------+---------+-----------+-----------+-----+-----+---------+
        |                                                                                  |                                                                        |  Latency (cycles) |   Latency (absolute)  |  Interval | Pipeline|
        |                                     Instance                                     |                                 Module                                 |   min   |   max   |    min    |    max    | min | max |   Type  |
        +----------------------------------------------------------------------------------+------------------------------------------------------------------------+---------+---------+-----------+-----------+-----+-----+---------+
        |grp_gemmBufferC_float_2u_2u_10u_Pipeline_VITIS_LOOP_105_1_VITIS_LOOP_106_2_fu_30  |gemmBufferC_float_2u_2u_10u_Pipeline_VITIS_LOOP_105_1_VITIS_LOOP_106_2  |       12|       12|  39.996 ns|  39.996 ns|   12|   12|       no|
        |grp_gemmBufferC_float_2u_2u_10u_Pipeline_VITIS_LOOP_131_8_fu_40                   |gemmBufferC_float_2u_2u_10u_Pipeline_VITIS_LOOP_131_8                   |       12|       12|  39.996 ns|  39.996 ns|   12|   12|       no|
        +----------------------------------------------------------------------------------+------------------------------------------------------------------------+---------+---------+-----------+-----------+-----+-----+---------+

        * Loop: 
        N/A



================================================================
== Utilization Estimates
================================================================
* Summary: 
+---------------------+---------+------+---------+---------+-----+
|         Name        | BRAM_18K|  DSP |    FF   |   LUT   | URAM|
+---------------------+---------+------+---------+---------+-----+
|DSP                  |        -|     -|        -|        -|    -|
|Expression           |        -|     -|        0|        2|    -|
|FIFO                 |        -|     -|        -|        -|    -|
|Instance             |        -|     -|       19|      200|    -|
|Memory               |        0|     -|       64|       66|    0|
|Multiplexer          |        -|     -|        -|      132|    -|
|Register             |        -|     -|        8|        -|    -|
+---------------------+---------+------+---------+---------+-----+
|Total                |        0|     0|       91|      400|    0|
+---------------------+---------+------+---------+---------+-----+
|Available SLR        |     1344|  3008|   869120|   434560|  320|
+---------------------+---------+------+---------+---------+-----+
|Utilization SLR (%)  |        0|     0|       ~0|       ~0|    0|
+---------------------+---------+------+---------+---------+-----+
|Available            |     4032|  9024|  2607360|  1303680|  960|
+---------------------+---------+------+---------+---------+-----+
|Utilization (%)      |        0|     0|       ~0|       ~0|    0|
+---------------------+---------+------+---------+---------+-----+

+ Detail: 
    * Instance: 
    +----------------------------------------------------------------------------------+------------------------------------------------------------------------+---------+----+----+-----+-----+
    |                                     Instance                                     |                                 Module                                 | BRAM_18K| DSP| FF | LUT | URAM|
    +----------------------------------------------------------------------------------+------------------------------------------------------------------------+---------+----+----+-----+-----+
    |grp_gemmBufferC_float_2u_2u_10u_Pipeline_VITIS_LOOP_105_1_VITIS_LOOP_106_2_fu_30  |gemmBufferC_float_2u_2u_10u_Pipeline_VITIS_LOOP_105_1_VITIS_LOOP_106_2  |        0|   0|  12|  130|    0|
    |grp_gemmBufferC_float_2u_2u_10u_Pipeline_VITIS_LOOP_131_8_fu_40                   |gemmBufferC_float_2u_2u_10u_Pipeline_VITIS_LOOP_131_8                   |        0|   0|   7|   70|    0|
    +----------------------------------------------------------------------------------+------------------------------------------------------------------------+---------+----+----+-----+-----+
    |Total                                                                             |                                                                        |        0|   0|  19|  200|    0|
    +----------------------------------------------------------------------------------+------------------------------------------------------------------------+---------+----+----+-----+-----+

    * DSP: 
    N/A

    * Memory: 
    +---------------+-------------------------------------------------------+---------+----+----+-----+------+-----+------+-------------+
    |     Memory    |                         Module                        | BRAM_18K| FF | LUT| URAM| Words| Bits| Banks| W*Bits*Banks|
    +---------------+-------------------------------------------------------+---------+----+----+-----+------+-----+------+-------------+
    |l_bufferC_U    |gemmBufferC_float_2u_2u_10u_s_l_bufferC_RAM_AUTO_1R1W  |        0|  32|  33|    0|     5|   32|     1|          160|
    |l_bufferC_1_U  |gemmBufferC_float_2u_2u_10u_s_l_bufferC_RAM_AUTO_1R1W  |        0|  32|  33|    0|     5|   32|     1|          160|
    +---------------+-------------------------------------------------------+---------+----+----+-----+------+-----+------+-------------+
    |Total          |                                                       |        0|  64|  66|    0|    10|   64|     2|          320|
    +---------------+-------------------------------------------------------+---------+----+----+-----+------+-----+------+-------------+

    * FIFO: 
    N/A

    * Expression: 
    +-----------------+----------+----+---+----+------------+------------+
    |  Variable Name  | Operation| DSP| FF| LUT| Bitwidth P0| Bitwidth P1|
    +-----------------+----------+----+---+----+------------+------------+
    |ap_block_state1  |        or|   0|  0|   2|           1|           1|
    +-----------------+----------+----+---+----+------------+------------+
    |Total            |          |   0|  0|   2|           1|           1|
    +-----------------+----------+----+---+----+------------+------------+

    * Multiplexer: 
    +----------------------+----+-----------+-----+-----------+
    |         Name         | LUT| Input Size| Bits| Total Bits|
    +----------------------+----+-----------+-----+-----------+
    |ap_NS_fsm             |  31|          6|    1|          6|
    |ap_done               |   9|          2|    1|          2|
    |l_bufferC_1_address0  |  14|          3|    3|          9|
    |l_bufferC_1_ce0       |  14|          3|    1|          3|
    |l_bufferC_1_we0       |   9|          2|    1|          2|
    |l_bufferC_address0    |  14|          3|    3|          9|
    |l_bufferC_ce0         |  14|          3|    1|          3|
    |l_bufferC_we0         |   9|          2|    1|          2|
    |l_mat4_write          |   9|          2|    1|          2|
    |l_sum3_read           |   9|          2|    1|          2|
    +----------------------+----+-----------+-----+-----------+
    |Total                 | 132|         28|   14|         40|
    +----------------------+----+-----------+-----+-----------+

    * Register: 
    +-----------------------------------------------------------------------------------------------+---+----+-----+-----------+
    |                                              Name                                             | FF| LUT| Bits| Const Bits|
    +-----------------------------------------------------------------------------------------------+---+----+-----+-----------+
    |ap_CS_fsm                                                                                      |  5|   0|    5|          0|
    |ap_done_reg                                                                                    |  1|   0|    1|          0|
    |grp_gemmBufferC_float_2u_2u_10u_Pipeline_VITIS_LOOP_105_1_VITIS_LOOP_106_2_fu_30_ap_start_reg  |  1|   0|    1|          0|
    |grp_gemmBufferC_float_2u_2u_10u_Pipeline_VITIS_LOOP_131_8_fu_40_ap_start_reg                   |  1|   0|    1|          0|
    +-----------------------------------------------------------------------------------------------+---+----+-----+-----------+
    |Total                                                                                          |  8|   0|    8|          0|
    +-----------------------------------------------------------------------------------------------+---+----+-----+-----------+



================================================================
== Interface
================================================================
* Summary: 
+-----------------------+-----+-----+------------+---------------------------------+--------------+
|       RTL Ports       | Dir | Bits|  Protocol  |          Source Object          |    C Type    |
+-----------------------+-----+-----+------------+---------------------------------+--------------+
|ap_clk                 |   in|    1|  ap_ctrl_hs|  gemmBufferC<float, 2u, 2u, 10u>|  return value|
|ap_rst                 |   in|    1|  ap_ctrl_hs|  gemmBufferC<float, 2u, 2u, 10u>|  return value|
|ap_start               |   in|    1|  ap_ctrl_hs|  gemmBufferC<float, 2u, 2u, 10u>|  return value|
|ap_done                |  out|    1|  ap_ctrl_hs|  gemmBufferC<float, 2u, 2u, 10u>|  return value|
|ap_continue            |   in|    1|  ap_ctrl_hs|  gemmBufferC<float, 2u, 2u, 10u>|  return value|
|ap_idle                |  out|    1|  ap_ctrl_hs|  gemmBufferC<float, 2u, 2u, 10u>|  return value|
|ap_ready               |  out|    1|  ap_ctrl_hs|  gemmBufferC<float, 2u, 2u, 10u>|  return value|
|l_sum3_dout            |   in|   64|     ap_fifo|                           l_sum3|       pointer|
|l_sum3_num_data_valid  |   in|    2|     ap_fifo|                           l_sum3|       pointer|
|l_sum3_fifo_cap        |   in|    2|     ap_fifo|                           l_sum3|       pointer|
|l_sum3_empty_n         |   in|    1|     ap_fifo|                           l_sum3|       pointer|
|l_sum3_read            |  out|    1|     ap_fifo|                           l_sum3|       pointer|
|l_mat4_din             |  out|   64|     ap_fifo|                           l_mat4|       pointer|
|l_mat4_num_data_valid  |   in|    2|     ap_fifo|                           l_mat4|       pointer|
|l_mat4_fifo_cap        |   in|    2|     ap_fifo|                           l_mat4|       pointer|
|l_mat4_full_n          |   in|    1|     ap_fifo|                           l_mat4|       pointer|
|l_mat4_write           |  out|    1|     ap_fifo|                           l_mat4|       pointer|
+-----------------------+-----+-----+------------+---------------------------------+--------------+

============================================================
+ Verbose Summary: Synthesis Manager
============================================================
InlineROM: 1
ExposeGlobal: 0
============================================================
+ Verbose Summary: CDFG Model
============================================================
IsTopModel: 0
ResetActiveHigh: 1
IsCombinational: 2
IsDatapathOnly: 0
HasWiredReturn: 1
HasMFsm: 0
HasVarLatency: 1
IsPipeline: 0
IsRtlPipelined: 0
IsInstanceOverlapped: 0
IsDontTouch: 0
HasImplIP: 0
IsGatedGlobalClock: 0


============================================================
+ Verbose Summary: Schedule
============================================================
* Number of FSM states : 5
* Pipeline : 0
* Dataflow Pipeline: 0

* FSM state transitions: 
1 --> 2 
2 --> 3 
3 --> 4 
4 --> 5 
5 --> 

* FSM state operations: 

State 1 <SV = 0> <Delay = 0.69>
ST_1 : Operation 6 [1/1] (0.69ns)   --->   "%l_bufferC = alloca i64 1" [/mnt/shared/home/tz32/scalehls_vitis_test/src/Vitis_Libraries/blas/L1/include/hw/xf_blas/helpers/dataMover/gemmMatMover.hpp:100]   --->   Operation 6 'alloca' 'l_bufferC' <Predicate = true> <Delay = 0.69>
ST_1 : Operation 7 [1/1] (0.69ns)   --->   "%l_bufferC_1 = alloca i64 1" [/mnt/shared/home/tz32/scalehls_vitis_test/src/Vitis_Libraries/blas/L1/include/hw/xf_blas/helpers/dataMover/gemmMatMover.hpp:100]   --->   Operation 7 'alloca' 'l_bufferC_1' <Predicate = true> <Delay = 0.69>
ST_1 : Operation 8 [1/1] (0.00ns)   --->   "%empty = wait i32 @_ssdm_op_Wait"   --->   Operation 8 'wait' 'empty' <Predicate = true> <Delay = 0.00>
ST_1 : Operation 9 [2/2] (0.00ns)   --->   "%call_ln0 = call void @gemmBufferC<float, 2u, 2u, 10u>_Pipeline_VITIS_LOOP_105_1_VITIS_LOOP_106_2, i32 %l_bufferC_1, i32 %l_bufferC, i64 %l_sum3"   --->   Operation 9 'call' 'call_ln0' <Predicate = true> <Delay = 0.00> <CoreType = "Generic">   --->   Core 0 '' <Latency = 0> <II = 1> <Delay = 1.00> <Generic> <Opcode : >

State 2 <SV = 1> <Delay = 0.00>
ST_2 : Operation 10 [1/2] (0.00ns)   --->   "%call_ln0 = call void @gemmBufferC<float, 2u, 2u, 10u>_Pipeline_VITIS_LOOP_105_1_VITIS_LOOP_106_2, i32 %l_bufferC_1, i32 %l_bufferC, i64 %l_sum3"   --->   Operation 10 'call' 'call_ln0' <Predicate = true> <Delay = 0.00> <CoreType = "Generic">   --->   Core 0 '' <Latency = 0> <II = 1> <Delay = 1.00> <Generic> <Opcode : >

State 3 <SV = 2> <Delay = 0.00>
ST_3 : Operation 11 [1/1] (0.00ns)   --->   "%empty_65 = wait i32 @_ssdm_op_Wait"   --->   Operation 11 'wait' 'empty_65' <Predicate = true> <Delay = 0.00>

State 4 <SV = 3> <Delay = 0.00>
ST_4 : Operation 12 [1/1] (0.00ns)   --->   "%empty_66 = wait i32 @_ssdm_op_Wait"   --->   Operation 12 'wait' 'empty_66' <Predicate = true> <Delay = 0.00>
ST_4 : Operation 13 [2/2] (0.00ns)   --->   "%call_ln0 = call void @gemmBufferC<float, 2u, 2u, 10u>_Pipeline_VITIS_LOOP_131_8, i32 %l_bufferC, i32 %l_bufferC_1, i64 %l_mat4"   --->   Operation 13 'call' 'call_ln0' <Predicate = true> <Delay = 0.00> <CoreType = "Generic">   --->   Core 0 '' <Latency = 0> <II = 1> <Delay = 1.00> <Generic> <Opcode : >

State 5 <SV = 4> <Delay = 0.00>
ST_5 : Operation 14 [1/1] (0.00ns)   --->   "%specinterface_ln0 = specinterface void @_ssdm_op_SpecInterface, i64 %l_mat4, void @empty_23, i32 0, i32 0, void @empty_33, i32 0, i32 0, void @empty_33, void @empty_33, void @empty_33, i32 0, i32 0, i32 0, i32 0, void @empty_33, void @empty_33, i32 4294967295, i32 0"   --->   Operation 14 'specinterface' 'specinterface_ln0' <Predicate = true> <Delay = 0.00>
ST_5 : Operation 15 [1/1] (0.00ns)   --->   "%specinterface_ln0 = specinterface void @_ssdm_op_SpecInterface, i64 %l_sum3, void @empty_23, i32 0, i32 0, void @empty_33, i32 0, i32 0, void @empty_33, void @empty_33, void @empty_33, i32 0, i32 0, i32 0, i32 0, void @empty_33, void @empty_33, i32 4294967295, i32 0"   --->   Operation 15 'specinterface' 'specinterface_ln0' <Predicate = true> <Delay = 0.00>
ST_5 : Operation 16 [1/2] (0.00ns)   --->   "%call_ln0 = call void @gemmBufferC<float, 2u, 2u, 10u>_Pipeline_VITIS_LOOP_131_8, i32 %l_bufferC, i32 %l_bufferC_1, i64 %l_mat4"   --->   Operation 16 'call' 'call_ln0' <Predicate = true> <Delay = 0.00> <CoreType = "Generic">   --->   Core 0 '' <Latency = 0> <II = 1> <Delay = 1.00> <Generic> <Opcode : >
ST_5 : Operation 17 [1/1] (0.00ns)   --->   "%ret_ln140 = ret" [/mnt/shared/home/tz32/scalehls_vitis_test/src/Vitis_Libraries/blas/L1/include/hw/xf_blas/helpers/dataMover/gemmMatMover.hpp:140]   --->   Operation 17 'ret' 'ret_ln140' <Predicate = true> <Delay = 0.00>


============================================================
+ Verbose Summary: Binding
============================================================
STG Binding: 
---------------- STG Properties BEGIN ----------------
- Is combinational: 0
- Is one-state seq: 0
- Is datapath-only: 0
- Is pipelined: 0
- Is top level: 0
Port [ Return ] is wired: 1; IO mode=ap_ctrl_hs:ce=0
Port [ l_sum3]:  wired=1; compound=1; hidden=0; nouse=0; global=0; static=0; extern=0; dir=0; type=3; pingpong=0; private_global=0; IO mode=ap_fifo:ce=0
Port [ l_mat4]:  wired=1; compound=1; hidden=0; nouse=0; global=0; static=0; extern=0; dir=1; type=3; pingpong=0; private_global=0; IO mode=ap_fifo:ce=0
---------------- STG Properties END ------------------

---------------- Datapath Model BEGIN ----------------

<LifeTime>
<method=bitvector/>
l_bufferC         (alloca       ) [ 001111]
l_bufferC_1       (alloca       ) [ 001111]
empty             (wait         ) [ 000000]
call_ln0          (call         ) [ 000000]
empty_65          (wait         ) [ 000000]
empty_66          (wait         ) [ 000000]
specinterface_ln0 (specinterface) [ 000000]
specinterface_ln0 (specinterface) [ 000000]
call_ln0          (call         ) [ 000000]
ret_ln140         (ret          ) [ 000000]
</LifeTime>

<model>

<comp_list>
<comp id="0" class="1000" name="l_sum3">
<pin_list>
<pin id="1" dir="1" index="0" bw="1" slack="0"/>
</pin_list>
<bind>
<StgValue><ssdm name="l_sum3"/></StgValue>
</bind>
</comp>

<comp id="2" class="1000" name="l_mat4">
<pin_list>
<pin id="3" dir="1" index="0" bw="1" slack="0"/>
</pin_list>
<bind>
<StgValue><ssdm name="l_mat4"/></StgValue>
</bind>
</comp>

<comp id="4" class="1001" name="const_4">
<pin_list>
<pin id="5" dir="1" index="0" bw="1" slack="0"/>
</pin_list>
<bind>
<StgValue><ssdm name=""/></StgValue>
</bind>
</comp>

<comp id="6" class="1001" name="const_6">
<pin_list>
<pin id="7" dir="1" index="0" bw="1" slack="2147483647"/>
</pin_list>
<bind>
<StgValue><ssdm name="_ssdm_op_Wait"/></StgValue>
</bind>
</comp>

<comp id="8" class="1001" name="const_8">
<pin_list>
<pin id="9" dir="1" index="0" bw="1" slack="0"/>
</pin_list>
<bind>
<StgValue><ssdm name="gemmBufferC<float, 2u, 2u, 10u>_Pipeline_VITIS_LOOP_105_1_VITIS_LOOP_106_2"/></StgValue>
</bind>
</comp>

<comp id="10" class="1001" name="const_10">
<pin_list>
<pin id="11" dir="1" index="0" bw="1" slack="0"/>
</pin_list>
<bind>
<StgValue><ssdm name="gemmBufferC<float, 2u, 2u, 10u>_Pipeline_VITIS_LOOP_131_8"/></StgValue>
</bind>
</comp>

<comp id="12" class="1001" name="const_12">
<pin_list>
<pin id="13" dir="1" index="0" bw="1" slack="2147483647"/>
</pin_list>
<bind>
<StgValue><ssdm name="_ssdm_op_SpecInterface"/></StgValue>
</bind>
</comp>

<comp id="14" class="1001" name="const_14">
<pin_list>
<pin id="15" dir="1" index="0" bw="1" slack="2147483647"/>
</pin_list>
<bind>
<StgValue><ssdm name="empty_23"/></StgValue>
</bind>
</comp>

<comp id="16" class="1001" name="const_16">
<pin_list>
<pin id="17" dir="1" index="0" bw="1" slack="2147483647"/>
</pin_list>
<bind>
<StgValue><ssdm name=""/></StgValue>
</bind>
</comp>

<comp id="18" class="1001" name="const_18">
<pin_list>
<pin id="19" dir="1" index="0" bw="1" slack="2147483647"/>
</pin_list>
<bind>
<StgValue><ssdm name="empty_33"/></StgValue>
</bind>
</comp>

<comp id="20" class="1001" name="const_20">
<pin_list>
<pin id="21" dir="1" index="0" bw="1" slack="2147483647"/>
</pin_list>
<bind>
<StgValue><ssdm name=""/></StgValue>
</bind>
</comp>

<comp id="22" class="1004" name="l_bufferC_alloca_fu_22">
<pin_list>
<pin id="23" dir="0" index="0" bw="1" slack="0"/>
<pin id="24" dir="1" index="1" bw="32" slack="0"/>
</pin_list>
<bind>
<opcode="alloca(26) " fcode="alloca"/>
<opset="l_bufferC/1 "/>
</bind>
</comp>

<comp id="26" class="1004" name="l_bufferC_1_alloca_fu_26">
<pin_list>
<pin id="27" dir="0" index="0" bw="1" slack="0"/>
<pin id="28" dir="1" index="1" bw="32" slack="0"/>
</pin_list>
<bind>
<opcode="alloca(26) " fcode="alloca"/>
<opset="l_bufferC_1/1 "/>
</bind>
</comp>

<comp id="30" class="1004" name="grp_gemmBufferC_float_2u_2u_10u_Pipeline_VITIS_LOOP_105_1_VITIS_LOOP_106_2_fu_30">
<pin_list>
<pin id="31" dir="0" index="0" bw="0" slack="0"/>
<pin id="32" dir="0" index="1" bw="32" slack="0"/>
<pin id="33" dir="0" index="2" bw="32" slack="0"/>
<pin id="34" dir="0" index="3" bw="64" slack="0"/>
<pin id="35" dir="1" index="4" bw="0" slack="2147483647"/>
</pin_list>
<bind>
<opcode="call(48) " fcode="call"/>
<opset="call_ln0/1 "/>
</bind>
</comp>

<comp id="40" class="1004" name="grp_gemmBufferC_float_2u_2u_10u_Pipeline_VITIS_LOOP_131_8_fu_40">
<pin_list>
<pin id="41" dir="0" index="0" bw="0" slack="0"/>
<pin id="42" dir="0" index="1" bw="32" slack="2147483647"/>
<pin id="43" dir="0" index="2" bw="32" slack="2147483647"/>
<pin id="44" dir="0" index="3" bw="64" slack="0"/>
<pin id="45" dir="1" index="4" bw="0" slack="2147483647"/>
</pin_list>
<bind>
<opcode="call(48) " fcode="call"/>
<opset="call_ln0/4 "/>
</bind>
</comp>

</comp_list>

<net_list>
<net id="25"><net_src comp="4" pin="0"/><net_sink comp="22" pin=0"/></net>

<net id="29"><net_src comp="4" pin="0"/><net_sink comp="26" pin=0"/></net>

<net id="36"><net_src comp="8" pin="0"/><net_sink comp="30" pin=0"/></net>

<net id="37"><net_src comp="26" pin="1"/><net_sink comp="30" pin=1"/></net>

<net id="38"><net_src comp="22" pin="1"/><net_sink comp="30" pin=2"/></net>

<net id="39"><net_src comp="0" pin="0"/><net_sink comp="30" pin=3"/></net>

<net id="46"><net_src comp="10" pin="0"/><net_sink comp="40" pin=0"/></net>

<net id="47"><net_src comp="2" pin="0"/><net_sink comp="40" pin=3"/></net>

</net_list>

</model> 
---------------- Datapath Model END ------------------

* FSMD analyzer results:
  - Output states:
	Port: l_mat4 | {4 5 }
 - Input state : 
	Port: gemmBufferC<float, 2u, 2u, 10u> : l_sum3 | {1 2 }
  - Chain level:
	State 1
		call_ln0 : 1
	State 2
	State 3
	State 4
	State 5


============================================================
+ Verbose Summary: Datapath Resource usage 
============================================================

* Functional unit list:
|----------|----------------------------------------------------------------------------------|---------|---------|---------|
| Operation|                                  Functional Unit                                 |  Delay  |    FF   |   LUT   |
|----------|----------------------------------------------------------------------------------|---------|---------|---------|
|   call   | grp_gemmBufferC_float_2u_2u_10u_Pipeline_VITIS_LOOP_105_1_VITIS_LOOP_106_2_fu_30 |    0    |    9    |    63   |
|          |          grp_gemmBufferC_float_2u_2u_10u_Pipeline_VITIS_LOOP_131_8_fu_40         |  0.774  |    10   |    39   |
|----------|----------------------------------------------------------------------------------|---------|---------|---------|
|   Total  |                                                                                  |  0.774  |    19   |   102   |
|----------|----------------------------------------------------------------------------------|---------|---------|---------|

Memories:
+-----------+--------+--------+--------+--------+
|           |  BRAM  |   FF   |   LUT  |  URAM  |
+-----------+--------+--------+--------+--------+
| l_bufferC |    0   |   32   |   33   |    0   |
|l_bufferC_1|    0   |   32   |   33   |    0   |
+-----------+--------+--------+--------+--------+
|   Total   |    0   |   64   |   66   |    0   |
+-----------+--------+--------+--------+--------+

* Register list:
N/A

* Multiplexer (MUX) list: 
|--------|------|------|------|--------|
|  Comp  |  Pin | Size |  BW  | S x BW |
|--------|------|------|------|--------|
|  Total |      |      |      |    0   |
|--------|------|------|------|--------|



* Summary:
+-----------+--------+--------+--------+--------+--------+
|           |  BRAM  |  Delay |   FF   |   LUT  |  URAM  |
+-----------+--------+--------+--------+--------+--------+
|  Function |    -   |    0   |   19   |   102  |    -   |
|   Memory  |    0   |    -   |   64   |   66   |    0   |
|Multiplexer|    -   |    -   |    -   |    -   |    -   |
|  Register |    -   |    -   |    -   |    -   |    -   |
+-----------+--------+--------+--------+--------+--------+
|   Total   |    0   |    0   |   83   |   168  |    0   |
+-----------+--------+--------+--------+--------+--------+
