

================================================================
== Vitis HLS Report for 'macs'
================================================================
* Date:           Mon Jun 12 16:50:45 2023

* Version:        2022.2 (Build 3670227 on Oct 13 2022)
* Project:        cemit_replaced
* Solution:       solution (Vitis Kernel Flow Target)
* Product family: virtexuplus
* Target device:  xcu280-fsvh2892-2L-e


================================================================
== Performance Estimates
================================================================
+ Timing: 
    * Summary: 
    +--------+---------+----------+------------+
    |  Clock |  Target | Estimated| Uncertainty|
    +--------+---------+----------+------------+
    |ap_clk  |  3.33 ns|  2.433 ns|     0.90 ns|
    +--------+---------+----------+------------+

+ Latency: 
    * Summary: 
    +---------+---------+----------+----------+-----+-----+----------+
    |  Latency (cycles) |  Latency (absolute) |  Interval | Pipeline |
    |   min   |   max   |    min   |    max   | min | max |   Type   |
    +---------+---------+----------+----------+-----+-----+----------+
    |        ?|        ?|         ?|         ?|    ?|    ?|  dataflow|
    +---------+---------+----------+----------+-----+-----+----------+

    + Detail: 
        * Instance: 
        +---------+-------+---------+---------+----------+----------+------+------+---------+
        |         |       |  Latency (cycles) |  Latency (absolute) |   Interval  | Pipeline|
        | Instance| Module|   min   |   max   |    min   |    max   |  min |  max |   Type  |
        +---------+-------+---------+---------+----------+----------+------+------+---------+
        |muls_U0  |muls   |        ?|        ?|         ?|         ?|     ?|     ?|       no|
        |adds_U0  |adds   |     2076|     2076|  6.919 us|  6.919 us|  2076|  2076|       no|
        +---------+-------+---------+---------+----------+----------+------+------+---------+

        * Loop: 
        N/A



================================================================
== Utilization Estimates
================================================================
* Summary: 
+---------------------+---------+------+---------+---------+-----+
|         Name        | BRAM_18K|  DSP |    FF   |   LUT   | URAM|
+---------------------+---------+------+---------+---------+-----+
|DSP                  |        -|     -|        -|        -|    -|
|Expression           |        -|     -|        0|        6|    -|
|FIFO                 |        -|     -|      133|       73|    -|
|Instance             |        -|    10|     2593|     2211|    -|
|Memory               |        -|     -|        -|        -|    -|
|Multiplexer          |        -|     -|        -|        9|    -|
|Register             |        -|     -|        1|        -|    -|
+---------------------+---------+------+---------+---------+-----+
|Total                |        0|    10|     2727|     2299|    0|
+---------------------+---------+------+---------+---------+-----+
|Available SLR        |     1344|  3008|   869120|   434560|  320|
+---------------------+---------+------+---------+---------+-----+
|Utilization SLR (%)  |        0|    ~0|       ~0|       ~0|    0|
+---------------------+---------+------+---------+---------+-----+
|Available            |     4032|  9024|  2607360|  1303680|  960|
+---------------------+---------+------+---------+---------+-----+
|Utilization (%)      |        0|    ~0|       ~0|       ~0|    0|
+---------------------+---------+------+---------+---------+-----+

+ Detail: 
    * Instance: 
    +---------+-------+---------+----+------+------+-----+
    | Instance| Module| BRAM_18K| DSP|  FF  |  LUT | URAM|
    +---------+-------+---------+----+------+------+-----+
    |adds_U0  |adds   |        0|   4|  1758|  1339|    0|
    |muls_U0  |muls   |        0|   6|   835|   872|    0|
    +---------+-------+---------+----+------+------+-----+
    |Total    |       |        0|  10|  2593|  2211|    0|
    +---------+-------+---------+----+------+------+-----+

    * DSP: 
    N/A

    * Memory: 
    N/A

    * FIFO: 
    +---------+---------+-----+----+-----+------+-----+---------+
    |   Name  | BRAM_18K|  FF | LUT| URAM| Depth| Bits| Size:D*B|
    +---------+---------+-----+----+-----+------+-----+---------+
    |l_mul_U  |        0|  133|   0|    -|     2|   64|      128|
    +---------+---------+-----+----+-----+------+-----+---------+
    |Total    |        0|  133|   0|    0|     2|   64|      128|
    +---------+---------+-----+----+-----+------+-----+---------+

    * Expression: 
    +------------------+----------+----+---+----+------------+------------+
    |   Variable Name  | Operation| DSP| FF| LUT| Bitwidth P0| Bitwidth P1|
    +------------------+----------+----+---+----+------------+------------+
    |ap_idle           |       and|   0|  0|   2|           1|           1|
    |ap_sync_continue  |       and|   0|  0|   2|           1|           1|
    |ap_sync_done      |       and|   0|  0|   2|           1|           1|
    +------------------+----------+----+---+----+------------+------------+
    |Total             |          |   0|  0|   6|           3|           3|
    +------------------+----------+----+---+----+------------+------------+

    * Multiplexer: 
    +------------+----+-----------+-----+-----------+
    |    Name    | LUT| Input Size| Bits| Total Bits|
    +------------+----+-----------+-----+-----------+
    |real_start  |   9|          2|    1|          2|
    +------------+----+-----------+-----+-----------+
    |Total       |   9|          2|    1|          2|
    +------------+----+-----------+-----+-----------+

    * Register: 
    +----------------+---+----+-----+-----------+
    |      Name      | FF| LUT| Bits| Const Bits|
    +----------------+---+----+-----+-----------+
    |start_once_reg  |  1|   0|    1|          0|
    +----------------+---+----+-----+-----------+
    |Total           |  1|   0|    1|          0|
    +----------------+---+----+-----+-----------+



================================================================
== Interface
================================================================
* Summary: 
+-------------------+-----+-----+------------+--------------+--------------+
|     RTL Ports     | Dir | Bits|  Protocol  | Source Object|    C Type    |
+-------------------+-----+-----+------------+--------------+--------------+
|ap_start           |   in|    1|  ap_ctrl_hs|          macs|  return value|
|start_full_n       |   in|    1|  ap_ctrl_hs|          macs|  return value|
|start_out          |  out|    1|  ap_ctrl_hs|          macs|  return value|
|start_write        |  out|    1|  ap_ctrl_hs|          macs|  return value|
|ap_clk             |   in|    1|  ap_ctrl_hs|          macs|  return value|
|ap_rst             |   in|    1|  ap_ctrl_hs|          macs|  return value|
|ap_done            |  out|    1|  ap_ctrl_hs|          macs|  return value|
|ap_ready           |  out|    1|  ap_ctrl_hs|          macs|  return value|
|ap_idle            |  out|    1|  ap_ctrl_hs|          macs|  return value|
|ap_continue        |   in|    1|  ap_ctrl_hs|          macs|  return value|
|l_dataA_0_dout     |   in|   34|     ap_fifo|     l_dataA_0|       pointer|
|l_dataA_0_empty_n  |   in|    1|     ap_fifo|     l_dataA_0|       pointer|
|l_dataA_0_read     |  out|    1|     ap_fifo|     l_dataA_0|       pointer|
|l_dataB_0_dout     |   in|   64|     ap_fifo|     l_dataB_0|       pointer|
|l_dataB_0_empty_n  |   in|    1|     ap_fifo|     l_dataB_0|       pointer|
|l_dataB_0_read     |  out|    1|     ap_fifo|     l_dataB_0|       pointer|
|l_dataB_1_din      |  out|   64|     ap_fifo|     l_dataB_1|       pointer|
|l_dataB_1_full_n   |   in|    1|     ap_fifo|     l_dataB_1|       pointer|
|l_dataB_1_write    |  out|    1|     ap_fifo|     l_dataB_1|       pointer|
|l_sum_0_din        |  out|   64|     ap_fifo|       l_sum_0|       pointer|
|l_sum_0_full_n     |   in|    1|     ap_fifo|       l_sum_0|       pointer|
|l_sum_0_write      |  out|    1|     ap_fifo|       l_sum_0|       pointer|
+-------------------+-----+-----+------------+--------------+--------------+

============================================================
+ Verbose Summary: Synthesis Manager
============================================================
InlineROM: 1
ExposeGlobal: 0
============================================================
+ Verbose Summary: CDFG Model
============================================================
IsTopModel: 0
ResetActiveHigh: 1
IsCombinational: 2
IsDatapathOnly: 0
HasWiredReturn: 1
HasMFsm: 0
HasVarLatency: 1
IsPipeline: 0
IsRtlPipelined: 0
IsInstanceOverlapped: 0
IsDontTouch: 0
HasImplIP: 0
IsGatedGlobalClock: 0


============================================================
+ Verbose Summary: Schedule
============================================================
* Number of FSM states : 4
* Pipeline : 0
* Dataflow Pipeline: 1
  DF-Pipeline-0: Size = 4, States = { 1 2 3 4 }

* FSM state transitions: 
1 --> 2 
2 --> 3 
3 --> 4 
4 --> 

* FSM state operations: 

State 1 <SV = 0> <Delay = 0.00>
ST_1 : Operation 5 [1/1] (0.00ns)   --->   "%l_mul = alloca i64 1" [/mnt/shared/home/tz32/scalehls_vitis_test/src/Vitis_Libraries/blas/L1/include/hw/xf_blas/gemm/systolicArray.hpp:226]   --->   Operation 5 'alloca' 'l_mul' <Predicate = true> <Delay = 0.00> <CoreInst = "FIFO_SRL">   --->   Core 81 'FIFO_SRL' <Latency = 0> <II = 1> <Delay = 1.40> <Storage> <Opcode : 'read' 'write' 'nbread' 'nbwrite'> <Ports = 0> <Width = 64> <Depth = 2> <FIFO>
ST_1 : Operation 6 [2/2] (0.00ns)   --->   "%call_ln227 = call void @muls, i34 %l_dataA_0, i64 %l_dataB_0, i64 %l_dataB_1, i64 %l_mul" [/mnt/shared/home/tz32/scalehls_vitis_test/src/Vitis_Libraries/blas/L1/include/hw/xf_blas/gemm/systolicArray.hpp:227]   --->   Operation 6 'call' 'call_ln227' <Predicate = true> <Delay = 0.00> <CoreType = "Generic">   --->   Core 0 '' <Latency = 0> <II = 1> <Delay = 1.00> <Generic> <Opcode : >

State 2 <SV = 1> <Delay = 0.00>
ST_2 : Operation 7 [1/2] (0.00ns)   --->   "%call_ln227 = call void @muls, i34 %l_dataA_0, i64 %l_dataB_0, i64 %l_dataB_1, i64 %l_mul" [/mnt/shared/home/tz32/scalehls_vitis_test/src/Vitis_Libraries/blas/L1/include/hw/xf_blas/gemm/systolicArray.hpp:227]   --->   Operation 7 'call' 'call_ln227' <Predicate = true> <Delay = 0.00> <CoreType = "Generic">   --->   Core 0 '' <Latency = 0> <II = 1> <Delay = 1.00> <Generic> <Opcode : >

State 3 <SV = 2> <Delay = 0.00>
ST_3 : Operation 8 [2/2] (0.00ns)   --->   "%call_ln228 = call void @adds, i64 %l_mul, i64 %l_sum_0" [/mnt/shared/home/tz32/scalehls_vitis_test/src/Vitis_Libraries/blas/L1/include/hw/xf_blas/gemm/systolicArray.hpp:228]   --->   Operation 8 'call' 'call_ln228' <Predicate = true> <Delay = 0.00> <CoreType = "Generic">   --->   Core 0 '' <Latency = 0> <II = 1> <Delay = 1.00> <Generic> <Opcode : >

State 4 <SV = 3> <Delay = 0.00>
ST_4 : Operation 9 [1/1] (0.00ns)   --->   "%specdataflowpipeline_ln225 = specdataflowpipeline void @_ssdm_op_SpecDataflowPipeline, i32 4294967295, i32 0, void @empty_26" [/mnt/shared/home/tz32/scalehls_vitis_test/src/Vitis_Libraries/blas/L1/include/hw/xf_blas/gemm/systolicArray.hpp:225]   --->   Operation 9 'specdataflowpipeline' 'specdataflowpipeline_ln225' <Predicate = true> <Delay = 0.00>
ST_4 : Operation 10 [1/1] (0.00ns)   --->   "%specinterface_ln0 = specinterface void @_ssdm_op_SpecInterface, i64 %l_dataB_1, void @empty_11, i32 0, i32 0, void @empty_26, i32 0, i32 0, void @empty_26, void @empty_26, void @empty_26, i32 0, i32 0, i32 0, i32 0, void @empty_26, void @empty_26, i32 4294967295, i32 0"   --->   Operation 10 'specinterface' 'specinterface_ln0' <Predicate = true> <Delay = 0.00>
ST_4 : Operation 11 [1/1] (0.00ns)   --->   "%specinterface_ln0 = specinterface void @_ssdm_op_SpecInterface, i64 %l_dataB_0, void @empty_11, i32 0, i32 0, void @empty_26, i32 0, i32 0, void @empty_26, void @empty_26, void @empty_26, i32 0, i32 0, i32 0, i32 0, void @empty_26, void @empty_26, i32 4294967295, i32 0"   --->   Operation 11 'specinterface' 'specinterface_ln0' <Predicate = true> <Delay = 0.00>
ST_4 : Operation 12 [1/1] (0.00ns)   --->   "%specinterface_ln0 = specinterface void @_ssdm_op_SpecInterface, i34 %l_dataA_0, void @empty_11, i32 0, i32 0, void @empty_26, i32 0, i32 0, void @empty_26, void @empty_26, void @empty_26, i32 0, i32 0, i32 0, i32 0, void @empty_26, void @empty_26, i32 4294967295, i32 0"   --->   Operation 12 'specinterface' 'specinterface_ln0' <Predicate = true> <Delay = 0.00>
ST_4 : Operation 13 [1/1] (0.00ns)   --->   "%specinterface_ln0 = specinterface void @_ssdm_op_SpecInterface, i64 %l_sum_0, void @empty_11, i32 0, i32 0, void @empty_26, i32 0, i32 0, void @empty_26, void @empty_26, void @empty_26, i32 0, i32 0, i32 0, i32 0, void @empty_26, void @empty_26, i32 4294967295, i32 0"   --->   Operation 13 'specinterface' 'specinterface_ln0' <Predicate = true> <Delay = 0.00>
ST_4 : Operation 14 [1/1] (0.00ns)   --->   "%empty = specchannel i32 @_ssdm_op_SpecChannel, void @l_mul_str, i32 1, void @p_str, void @p_str, i32 2, i32 2, i64 %l_mul, i64 %l_mul"   --->   Operation 14 'specchannel' 'empty' <Predicate = true> <Delay = 0.00>
ST_4 : Operation 15 [1/1] (0.00ns)   --->   "%specinterface_ln0 = specinterface void @_ssdm_op_SpecInterface, i64 %l_mul, void @empty_11, i32 0, i32 0, void @empty_26, i32 0, i32 0, void @empty_26, void @empty_26, void @empty_26, i32 0, i32 0, i32 0, i32 0, void @empty_26, void @empty_26, i32 4294967295, i32 0"   --->   Operation 15 'specinterface' 'specinterface_ln0' <Predicate = true> <Delay = 0.00>
ST_4 : Operation 16 [1/2] (0.00ns)   --->   "%call_ln228 = call void @adds, i64 %l_mul, i64 %l_sum_0" [/mnt/shared/home/tz32/scalehls_vitis_test/src/Vitis_Libraries/blas/L1/include/hw/xf_blas/gemm/systolicArray.hpp:228]   --->   Operation 16 'call' 'call_ln228' <Predicate = true> <Delay = 0.00> <CoreType = "Generic">   --->   Core 0 '' <Latency = 0> <II = 1> <Delay = 1.00> <Generic> <Opcode : >
ST_4 : Operation 17 [1/1] (0.00ns)   --->   "%ret_ln229 = ret" [/mnt/shared/home/tz32/scalehls_vitis_test/src/Vitis_Libraries/blas/L1/include/hw/xf_blas/gemm/systolicArray.hpp:229]   --->   Operation 17 'ret' 'ret_ln229' <Predicate = true> <Delay = 0.00>


============================================================
+ Verbose Summary: Binding
============================================================
STG Binding: 
---------------- STG Properties BEGIN ----------------
- Is combinational: 0
- Is one-state seq: 0
- Is datapath-only: 0
- Is pipelined: 0
- Is top level: 0
Port [ Return ] is wired: 1; IO mode=ap_ctrl_hs:ce=0
Port [ l_dataA_0]:  wired=1; compound=1; hidden=0; nouse=0; global=0; static=0; extern=0; dir=0; type=3; pingpong=0; private_global=0; IO mode=ap_fifo:ce=0
Port [ l_dataB_0]:  wired=1; compound=1; hidden=0; nouse=0; global=0; static=0; extern=0; dir=0; type=3; pingpong=0; private_global=0; IO mode=ap_fifo:ce=0
Port [ l_dataB_1]:  wired=1; compound=1; hidden=0; nouse=0; global=0; static=0; extern=0; dir=1; type=3; pingpong=0; private_global=0; IO mode=ap_fifo:ce=0
Port [ l_sum_0]:  wired=1; compound=1; hidden=0; nouse=0; global=0; static=0; extern=0; dir=1; type=3; pingpong=0; private_global=0; IO mode=ap_fifo:ce=0
---------------- STG Properties END ------------------

---------------- Datapath Model BEGIN ----------------

<LifeTime>
<method=bitvector/>
l_mul                      (alloca              ) [ 01111]
call_ln227                 (call                ) [ 00000]
specdataflowpipeline_ln225 (specdataflowpipeline) [ 00000]
specinterface_ln0          (specinterface       ) [ 00000]
specinterface_ln0          (specinterface       ) [ 00000]
specinterface_ln0          (specinterface       ) [ 00000]
specinterface_ln0          (specinterface       ) [ 00000]
empty                      (specchannel         ) [ 00000]
specinterface_ln0          (specinterface       ) [ 00000]
call_ln228                 (call                ) [ 00000]
ret_ln229                  (ret                 ) [ 00000]
</LifeTime>

<model>

<comp_list>
<comp id="0" class="1000" name="l_dataA_0">
<pin_list>
<pin id="1" dir="1" index="0" bw="1" slack="0"/>
</pin_list>
<bind>
<StgValue><ssdm name="l_dataA_0"/></StgValue>
</bind>
</comp>

<comp id="2" class="1000" name="l_dataB_0">
<pin_list>
<pin id="3" dir="1" index="0" bw="1" slack="0"/>
</pin_list>
<bind>
<StgValue><ssdm name="l_dataB_0"/></StgValue>
</bind>
</comp>

<comp id="4" class="1000" name="l_dataB_1">
<pin_list>
<pin id="5" dir="1" index="0" bw="1" slack="0"/>
</pin_list>
<bind>
<StgValue><ssdm name="l_dataB_1"/></StgValue>
</bind>
</comp>

<comp id="6" class="1000" name="l_sum_0">
<pin_list>
<pin id="7" dir="1" index="0" bw="1" slack="0"/>
</pin_list>
<bind>
<StgValue><ssdm name="l_sum_0"/></StgValue>
</bind>
</comp>

<comp id="8" class="1001" name="const_8">
<pin_list>
<pin id="9" dir="1" index="0" bw="1" slack="0"/>
</pin_list>
<bind>
<StgValue><ssdm name=""/></StgValue>
</bind>
</comp>

<comp id="10" class="1001" name="const_10">
<pin_list>
<pin id="11" dir="1" index="0" bw="1" slack="0"/>
</pin_list>
<bind>
<StgValue><ssdm name="muls"/></StgValue>
</bind>
</comp>

<comp id="12" class="1001" name="const_12">
<pin_list>
<pin id="13" dir="1" index="0" bw="1" slack="0"/>
</pin_list>
<bind>
<StgValue><ssdm name="adds"/></StgValue>
</bind>
</comp>

<comp id="14" class="1001" name="const_14">
<pin_list>
<pin id="15" dir="1" index="0" bw="1" slack="2147483647"/>
</pin_list>
<bind>
<StgValue><ssdm name="_ssdm_op_SpecDataflowPipeline"/></StgValue>
</bind>
</comp>

<comp id="16" class="1001" name="const_16">
<pin_list>
<pin id="17" dir="1" index="0" bw="1" slack="2147483647"/>
</pin_list>
<bind>
<StgValue><ssdm name=""/></StgValue>
</bind>
</comp>

<comp id="18" class="1001" name="const_18">
<pin_list>
<pin id="19" dir="1" index="0" bw="1" slack="2147483647"/>
</pin_list>
<bind>
<StgValue><ssdm name=""/></StgValue>
</bind>
</comp>

<comp id="20" class="1001" name="const_20">
<pin_list>
<pin id="21" dir="1" index="0" bw="1" slack="2147483647"/>
</pin_list>
<bind>
<StgValue><ssdm name="empty_26"/></StgValue>
</bind>
</comp>

<comp id="22" class="1001" name="const_22">
<pin_list>
<pin id="23" dir="1" index="0" bw="1" slack="2147483647"/>
</pin_list>
<bind>
<StgValue><ssdm name="_ssdm_op_SpecInterface"/></StgValue>
</bind>
</comp>

<comp id="24" class="1001" name="const_24">
<pin_list>
<pin id="25" dir="1" index="0" bw="1" slack="2147483647"/>
</pin_list>
<bind>
<StgValue><ssdm name="empty_11"/></StgValue>
</bind>
</comp>

<comp id="26" class="1001" name="const_26">
<pin_list>
<pin id="27" dir="1" index="0" bw="1" slack="2147483647"/>
</pin_list>
<bind>
<StgValue><ssdm name="_ssdm_op_SpecChannel"/></StgValue>
</bind>
</comp>

<comp id="28" class="1001" name="const_28">
<pin_list>
<pin id="29" dir="1" index="0" bw="1" slack="2147483647"/>
</pin_list>
<bind>
<StgValue><ssdm name="l_mul_str"/></StgValue>
</bind>
</comp>

<comp id="30" class="1001" name="const_30">
<pin_list>
<pin id="31" dir="1" index="0" bw="1" slack="2147483647"/>
</pin_list>
<bind>
<StgValue><ssdm name=""/></StgValue>
</bind>
</comp>

<comp id="32" class="1001" name="const_32">
<pin_list>
<pin id="33" dir="1" index="0" bw="1" slack="2147483647"/>
</pin_list>
<bind>
<StgValue><ssdm name="p_str"/></StgValue>
</bind>
</comp>

<comp id="34" class="1001" name="const_34">
<pin_list>
<pin id="35" dir="1" index="0" bw="1" slack="2147483647"/>
</pin_list>
<bind>
<StgValue><ssdm name=""/></StgValue>
</bind>
</comp>

<comp id="36" class="1004" name="l_mul_fu_36">
<pin_list>
<pin id="37" dir="0" index="0" bw="1" slack="0"/>
<pin id="38" dir="1" index="1" bw="64" slack="0"/>
</pin_list>
<bind>
<opcode="alloca(26) " fcode="alloca"/>
<opset="l_mul/1 "/>
</bind>
</comp>

<comp id="40" class="1004" name="grp_muls_fu_40">
<pin_list>
<pin id="41" dir="0" index="0" bw="0" slack="0"/>
<pin id="42" dir="0" index="1" bw="34" slack="0"/>
<pin id="43" dir="0" index="2" bw="64" slack="0"/>
<pin id="44" dir="0" index="3" bw="64" slack="0"/>
<pin id="45" dir="0" index="4" bw="64" slack="0"/>
<pin id="46" dir="1" index="5" bw="0" slack="2147483647"/>
</pin_list>
<bind>
<opcode="call(48) " fcode="call"/>
<opset="call_ln227/1 "/>
</bind>
</comp>

<comp id="51" class="1004" name="grp_adds_fu_51">
<pin_list>
<pin id="52" dir="0" index="0" bw="0" slack="0"/>
<pin id="53" dir="0" index="1" bw="64" slack="2"/>
<pin id="54" dir="0" index="2" bw="64" slack="0"/>
<pin id="55" dir="1" index="3" bw="0" slack="2147483647"/>
</pin_list>
<bind>
<opcode="call(48) " fcode="call"/>
<opset="call_ln228/3 "/>
</bind>
</comp>

<comp id="58" class="1005" name="l_mul_reg_58">
<pin_list>
<pin id="59" dir="0" index="0" bw="64" slack="0"/>
<pin id="60" dir="1" index="1" bw="64" slack="0"/>
</pin_list>
<bind>
<opset="l_mul "/>
</bind>
</comp>

</comp_list>

<net_list>
<net id="39"><net_src comp="8" pin="0"/><net_sink comp="36" pin=0"/></net>

<net id="47"><net_src comp="10" pin="0"/><net_sink comp="40" pin=0"/></net>

<net id="48"><net_src comp="0" pin="0"/><net_sink comp="40" pin=1"/></net>

<net id="49"><net_src comp="2" pin="0"/><net_sink comp="40" pin=2"/></net>

<net id="50"><net_src comp="4" pin="0"/><net_sink comp="40" pin=3"/></net>

<net id="56"><net_src comp="12" pin="0"/><net_sink comp="51" pin=0"/></net>

<net id="57"><net_src comp="6" pin="0"/><net_sink comp="51" pin=2"/></net>

<net id="61"><net_src comp="36" pin="1"/><net_sink comp="58" pin=0"/></net>

<net id="62"><net_src comp="58" pin="1"/><net_sink comp="40" pin=4"/></net>

<net id="63"><net_src comp="58" pin="1"/><net_sink comp="51" pin=1"/></net>

</net_list>

</model> 
---------------- Datapath Model END ------------------

* FSMD analyzer results:
  - Output states:
	Port: l_dataB_1 | {1 2 }
	Port: l_sum_0 | {3 4 }
 - Input state : 
	Port: macs : l_dataA_0 | {1 2 }
	Port: macs : l_dataB_0 | {1 2 }
  - Chain level:
	State 1
		call_ln227 : 1
	State 2
	State 3
	State 4


============================================================
+ Verbose Summary: Datapath Resource usage 
============================================================

* Functional unit list:
|----------|----------------|---------|---------|---------|---------|
| Operation| Functional Unit|   DSP   |  Delay  |    FF   |   LUT   |
|----------|----------------|---------|---------|---------|---------|
|   call   | grp_muls_fu_40 |    6    |  1.548  |   874   |   439   |
|          | grp_adds_fu_51 |    4    |  2.782  |   1797  |   1015  |
|----------|----------------|---------|---------|---------|---------|
|   Total  |                |    10   |   4.33  |   2671  |   1454  |
|----------|----------------|---------|---------|---------|---------|

Memories:
N/A

* Register list:
+------------+--------+
|            |   FF   |
+------------+--------+
|l_mul_reg_58|   64   |
+------------+--------+
|    Total   |   64   |
+------------+--------+

* Multiplexer (MUX) list: 
|--------|------|------|------|--------|
|  Comp  |  Pin | Size |  BW  | S x BW |
|--------|------|------|------|--------|
|  Total |      |      |      |    0   |
|--------|------|------|------|--------|



* Summary:
+-----------+--------+--------+--------+--------+
|           |   DSP  |  Delay |   FF   |   LUT  |
+-----------+--------+--------+--------+--------+
|  Function |   10   |    4   |  2671  |  1454  |
|   Memory  |    -   |    -   |    -   |    -   |
|Multiplexer|    -   |    -   |    -   |    -   |
|  Register |    -   |    -   |   64   |    -   |
+-----------+--------+--------+--------+--------+
|   Total   |   10   |    4   |  2735  |  1454  |
+-----------+--------+--------+--------+--------+
