

================================================================
== Vitis HLS Report for 'merge'
================================================================
* Date:           Mon Jun 12 16:50:46 2023

* Version:        2022.2 (Build 3670227 on Oct 13 2022)
* Project:        cemit_replaced
* Solution:       solution (Vitis Kernel Flow Target)
* Product family: virtexuplus
* Target device:  xcu280-fsvh2892-2L-e


================================================================
== Performance Estimates
================================================================
+ Timing: 
    * Summary: 
    +--------+---------+----------+------------+
    |  Clock |  Target | Estimated| Uncertainty|
    +--------+---------+----------+------------+
    |ap_clk  |  3.33 ns|  2.433 ns|     0.90 ns|
    +--------+---------+----------+------------+

+ Latency: 
    * Summary: 
    +---------+---------+-----------+-----------+-----+-----+---------+
    |  Latency (cycles) |   Latency (absolute)  |  Interval | Pipeline|
    |   min   |   max   |    min    |    max    | min | max |   Type  |
    +---------+---------+-----------+-----------+-----+-----+---------+
    |        6|        6|  19.998 ns|  19.998 ns|    6|    6|       no|
    +---------+---------+-----------+-----------+-----+-----+---------+

    + Detail: 
        * Instance: 
        N/A

        * Loop: 
        +-------------------+---------+---------+----------+-----------+-----------+------+----------+
        |                   |  Latency (cycles) | Iteration|  Initiation Interval  | Trip |          |
        |     Loop Name     |   min   |   max   |  Latency |  achieved |   target  | Count| Pipelined|
        +-------------------+---------+---------+----------+-----------+-----------+------+----------+
        |- VITIS_LOOP_83_1  |        4|        4|         3|          2|          1|     2|       yes|
        +-------------------+---------+---------+----------+-----------+-----------+------+----------+



================================================================
== Utilization Estimates
================================================================
* Summary: 
+---------------------+---------+------+---------+---------+-----+
|         Name        | BRAM_18K|  DSP |    FF   |   LUT   | URAM|
+---------------------+---------+------+---------+---------+-----+
|DSP                  |        -|     -|        -|        -|    -|
|Expression           |        -|     -|        0|       27|    -|
|FIFO                 |        -|     -|        -|        -|    -|
|Instance             |        -|     -|        -|        -|    -|
|Memory               |        -|     -|        -|        -|    -|
|Multiplexer          |        -|     -|        -|      109|    -|
|Register             |        -|     -|       72|        -|    -|
+---------------------+---------+------+---------+---------+-----+
|Total                |        0|     0|       72|      136|    0|
+---------------------+---------+------+---------+---------+-----+
|Available SLR        |     1344|  3008|   869120|   434560|  320|
+---------------------+---------+------+---------+---------+-----+
|Utilization SLR (%)  |        0|     0|       ~0|       ~0|    0|
+---------------------+---------+------+---------+---------+-----+
|Available            |     4032|  9024|  2607360|  1303680|  960|
+---------------------+---------+------+---------+---------+-----+
|Utilization (%)      |        0|     0|       ~0|       ~0|    0|
+---------------------+---------+------+---------+---------+-----+

+ Detail: 
    * Instance: 
    N/A

    * DSP: 
    N/A

    * Memory: 
    N/A

    * FIFO: 
    N/A

    * Expression: 
    +----------------------------------+----------+----+---+----+------------+------------+
    |           Variable Name          | Operation| DSP| FF| LUT| Bitwidth P0| Bitwidth P1|
    +----------------------------------+----------+----+---+----+------------+------------+
    |i_9_fu_78_p2                      |         +|   0|  0|   9|           2|           1|
    |ap_condition_132                  |       and|   0|  0|   2|           1|           1|
    |icmp_ln83_fu_72_p2                |      icmp|   0|  0|   8|           2|           3|
    |ap_block_pp0_stage0_01001         |        or|   0|  0|   2|           1|           1|
    |ap_block_pp0_stage1_01001         |        or|   0|  0|   2|           1|           1|
    |ap_block_state2_pp0_stage1_iter0  |        or|   0|  0|   2|           1|           1|
    |ap_enable_pp0                     |       xor|   0|  0|   2|           1|           2|
    +----------------------------------+----------+----+---+----+------------+------------+
    |Total                             |          |   0|  0|  27|           9|          10|
    +----------------------------------+----------+----+---+----+------------+------------+

    * Multiplexer: 
    +-----------------------------+----+-----------+-----+-----------+
    |             Name            | LUT| Input Size| Bits| Total Bits|
    +-----------------------------+----+-----------+-----+-----------+
    |ap_NS_fsm                    |  14|          3|    1|          3|
    |ap_done_int                  |   9|          2|    1|          2|
    |ap_enable_reg_pp0_iter0      |   9|          2|    1|          2|
    |ap_enable_reg_pp0_iter0_reg  |   9|          2|    1|          2|
    |ap_enable_reg_pp0_iter1      |   9|          2|    1|          2|
    |ap_sig_allocacmp_i           |   9|          2|    2|          4|
    |i_5_fu_40                    |   9|          2|    2|          4|
    |l_sum3_blk_n                 |   9|          2|    1|          2|
    |l_sum3_din                   |  14|          3|   64|        192|
    |l_sum_0_blk_n                |   9|          2|    1|          2|
    |l_sum_1_blk_n                |   9|          2|    1|          2|
    +-----------------------------+----+-----------+-----+-----------+
    |Total                        | 109|         24|   76|        217|
    +-----------------------------+----+-----------+-----+-----------+

    * Register: 
    +-----------------------------+----+----+-----+-----------+
    |             Name            | FF | LUT| Bits| Const Bits|
    +-----------------------------+----+----+-----+-----------+
    |ap_CS_fsm                    |   2|   0|    2|          0|
    |ap_done_reg                  |   1|   0|    1|          0|
    |ap_enable_reg_pp0_iter0_reg  |   1|   0|    1|          0|
    |ap_enable_reg_pp0_iter1      |   1|   0|    1|          0|
    |i_5_fu_40                    |   2|   0|    2|          0|
    |icmp_ln83_reg_96             |   1|   0|    1|          0|
    |l_sum_1_read_reg_100         |  64|   0|   64|          0|
    +-----------------------------+----+----+-----+-----------+
    |Total                        |  72|   0|   72|          0|
    +-----------------------------+----+----+-----+-----------+



================================================================
== Interface
================================================================
* Summary: 
+------------------------+-----+-----+------------+--------------+--------------+
|        RTL Ports       | Dir | Bits|  Protocol  | Source Object|    C Type    |
+------------------------+-----+-----+------------+--------------+--------------+
|ap_clk                  |   in|    1|  ap_ctrl_hs|         merge|  return value|
|ap_rst                  |   in|    1|  ap_ctrl_hs|         merge|  return value|
|ap_start                |   in|    1|  ap_ctrl_hs|         merge|  return value|
|ap_done                 |  out|    1|  ap_ctrl_hs|         merge|  return value|
|ap_continue             |   in|    1|  ap_ctrl_hs|         merge|  return value|
|ap_idle                 |  out|    1|  ap_ctrl_hs|         merge|  return value|
|ap_ready                |  out|    1|  ap_ctrl_hs|         merge|  return value|
|l_sum3_din              |  out|   64|     ap_fifo|        l_sum3|       pointer|
|l_sum3_num_data_valid   |   in|    2|     ap_fifo|        l_sum3|       pointer|
|l_sum3_fifo_cap         |   in|    2|     ap_fifo|        l_sum3|       pointer|
|l_sum3_full_n           |   in|    1|     ap_fifo|        l_sum3|       pointer|
|l_sum3_write            |  out|    1|     ap_fifo|        l_sum3|       pointer|
|l_sum_0_dout            |   in|   64|     ap_fifo|       l_sum_0|       pointer|
|l_sum_0_num_data_valid  |   in|    2|     ap_fifo|       l_sum_0|       pointer|
|l_sum_0_fifo_cap        |   in|    2|     ap_fifo|       l_sum_0|       pointer|
|l_sum_0_empty_n         |   in|    1|     ap_fifo|       l_sum_0|       pointer|
|l_sum_0_read            |  out|    1|     ap_fifo|       l_sum_0|       pointer|
|l_sum_1_dout            |   in|   64|     ap_fifo|       l_sum_1|       pointer|
|l_sum_1_num_data_valid  |   in|    2|     ap_fifo|       l_sum_1|       pointer|
|l_sum_1_fifo_cap        |   in|    2|     ap_fifo|       l_sum_1|       pointer|
|l_sum_1_empty_n         |   in|    1|     ap_fifo|       l_sum_1|       pointer|
|l_sum_1_read            |  out|    1|     ap_fifo|       l_sum_1|       pointer|
+------------------------+-----+-----+------------+--------------+--------------+

============================================================
+ Verbose Summary: Synthesis Manager
============================================================
InlineROM: 1
ExposeGlobal: 0
============================================================
+ Verbose Summary: CDFG Model
============================================================
IsTopModel: 0
ResetActiveHigh: 1
IsCombinational: 2
IsDatapathOnly: 0
HasWiredReturn: 1
HasMFsm: 2
HasVarLatency: 1
IsPipeline: 0
IsRtlPipelined: 0
IsInstanceOverlapped: 0
IsDontTouch: 0
HasImplIP: 0
IsGatedGlobalClock: 0

+ Individual pipeline summary: 
  * Pipeline-0: initiation interval (II) = 2, depth = 3


============================================================
+ Verbose Summary: Schedule
============================================================
* Number of FSM states : 3
* Pipeline : 1
  Pipeline-0 : II = 2, D = 3, States = { 1 2 3 }
* Dataflow Pipeline: 0

* FSM state transitions: 
1 --> 2 
2 --> 3 
3 --> 

* FSM state operations: 

State 1 <SV = 0> <Delay = 0.82>
ST_1 : Operation 6 [1/1] (0.00ns)   --->   "%i_5 = alloca i32 1"   --->   Operation 6 'alloca' 'i_5' <Predicate = true> <Delay = 0.00>
ST_1 : Operation 7 [1/1] (0.00ns)   --->   "%specinterface_ln0 = specinterface void @_ssdm_op_SpecInterface, i64 %l_sum_1, void @empty_11, i32 0, i32 0, void @empty_26, i32 0, i32 0, void @empty_26, void @empty_26, void @empty_26, i32 0, i32 0, i32 0, i32 0, void @empty_26, void @empty_26, i32 4294967295, i32 0"   --->   Operation 7 'specinterface' 'specinterface_ln0' <Predicate = true> <Delay = 0.00>
ST_1 : Operation 8 [1/1] (0.00ns)   --->   "%specinterface_ln0 = specinterface void @_ssdm_op_SpecInterface, i64 %l_sum_0, void @empty_11, i32 0, i32 0, void @empty_26, i32 0, i32 0, void @empty_26, void @empty_26, void @empty_26, i32 0, i32 0, i32 0, i32 0, void @empty_26, void @empty_26, i32 4294967295, i32 0"   --->   Operation 8 'specinterface' 'specinterface_ln0' <Predicate = true> <Delay = 0.00>
ST_1 : Operation 9 [1/1] (0.00ns)   --->   "%specinterface_ln0 = specinterface void @_ssdm_op_SpecInterface, i64 %l_sum3, void @empty_11, i32 0, i32 0, void @empty_26, i32 0, i32 0, void @empty_26, void @empty_26, void @empty_26, i32 0, i32 0, i32 0, i32 0, void @empty_26, void @empty_26, i32 4294967295, i32 0"   --->   Operation 9 'specinterface' 'specinterface_ln0' <Predicate = true> <Delay = 0.00>
ST_1 : Operation 10 [1/1] (0.38ns)   --->   "%store_ln83 = store i2 0, i2 %i_5" [/mnt/shared/home/tz32/scalehls_vitis_test/src/Vitis_Libraries/blas/L1/include/hw/xf_blas/helpers/utils/utils.hpp:83]   --->   Operation 10 'store' 'store_ln83' <Predicate = true> <Delay = 0.38>
ST_1 : Operation 11 [1/1] (0.00ns)   --->   "%br_ln83 = br void %for.inc" [/mnt/shared/home/tz32/scalehls_vitis_test/src/Vitis_Libraries/blas/L1/include/hw/xf_blas/helpers/utils/utils.hpp:83]   --->   Operation 11 'br' 'br_ln83' <Predicate = true> <Delay = 0.00>
ST_1 : Operation 12 [1/1] (0.00ns)   --->   "%i = load i2 %i_5" [/mnt/shared/home/tz32/scalehls_vitis_test/src/Vitis_Libraries/blas/L1/include/hw/xf_blas/helpers/utils/utils.hpp:83]   --->   Operation 12 'load' 'i' <Predicate = true> <Delay = 0.00>
ST_1 : Operation 13 [1/1] (0.00ns)   --->   "%specpipeline_ln0 = specpipeline void @_ssdm_op_SpecPipeline, i32 4294967295, i32 0, i32 1, i32 0, void @p_str"   --->   Operation 13 'specpipeline' 'specpipeline_ln0' <Predicate = true> <Delay = 0.00>
ST_1 : Operation 14 [1/1] (0.34ns)   --->   "%icmp_ln83 = icmp_eq  i2 %i, i2 2" [/mnt/shared/home/tz32/scalehls_vitis_test/src/Vitis_Libraries/blas/L1/include/hw/xf_blas/helpers/utils/utils.hpp:83]   --->   Operation 14 'icmp' 'icmp_ln83' <Predicate = true> <Delay = 0.34> <CoreInst = "Cmp">   --->   Core 9 'Cmp' <Latency = 0> <II = 1> <Delay = 0.49> <FuncUnit> <Opcode : 'icmp'> <InPorts = 2> <OutPorts = 1>
ST_1 : Operation 15 [1/1] (0.00ns)   --->   "%empty = speclooptripcount i32 @_ssdm_op_SpecLoopTripCount, i64 2, i64 2, i64 2"   --->   Operation 15 'speclooptripcount' 'empty' <Predicate = true> <Delay = 0.00>
ST_1 : Operation 16 [1/1] (0.43ns)   --->   "%i_9 = add i2 %i, i2 1" [/mnt/shared/home/tz32/scalehls_vitis_test/src/Vitis_Libraries/blas/L1/include/hw/xf_blas/helpers/utils/utils.hpp:83]   --->   Operation 16 'add' 'i_9' <Predicate = true> <Delay = 0.43> <CoreInst = "Adder">   --->   Core 1 'Adder' <Latency = 0> <II = 1> <Delay = 0.43> <FuncUnit> <Opcode : 'add' 'sub'> <InPorts = 2> <OutPorts = 1>
ST_1 : Operation 17 [1/1] (0.00ns)   --->   "%br_ln83 = br i1 %icmp_ln83, void %for.inc.split, void %for.end.loopexit" [/mnt/shared/home/tz32/scalehls_vitis_test/src/Vitis_Libraries/blas/L1/include/hw/xf_blas/helpers/utils/utils.hpp:83]   --->   Operation 17 'br' 'br_ln83' <Predicate = true> <Delay = 0.00>
ST_1 : Operation 18 [1/1] (0.38ns)   --->   "%store_ln83 = store i2 %i_9, i2 %i_5" [/mnt/shared/home/tz32/scalehls_vitis_test/src/Vitis_Libraries/blas/L1/include/hw/xf_blas/helpers/utils/utils.hpp:83]   --->   Operation 18 'store' 'store_ln83' <Predicate = (!icmp_ln83)> <Delay = 0.38>
ST_1 : Operation 25 [1/1] (0.00ns)   --->   "%ret_ln87 = ret" [/mnt/shared/home/tz32/scalehls_vitis_test/src/Vitis_Libraries/blas/L1/include/hw/xf_blas/helpers/utils/utils.hpp:87]   --->   Operation 25 'ret' 'ret_ln87' <Predicate = (icmp_ln83)> <Delay = 0.00>

State 2 <SV = 1> <Delay = 2.43>
ST_2 : Operation 19 [1/1] (1.21ns)   --->   "%l_sum_0_read = read i64 @_ssdm_op_Read.ap_fifo.volatile.i64P0A, i64 %l_sum_0" [/mnt/shared/home/tz32/scalehls_vitis_test/src/Vitis_Libraries/blas/L1/include/hw/xf_blas/helpers/utils/utils.hpp:84]   --->   Operation 19 'read' 'l_sum_0_read' <Predicate = (!icmp_ln83)> <Delay = 1.21> <CoreInst = "FIFO_SRL">   --->   Core 81 'FIFO_SRL' <Latency = 0> <II = 1> <Delay = 1.40> <Storage> <Opcode : 'read' 'write' 'nbread' 'nbwrite'> <Ports = 0> <Width = 64> <Depth = 2> <FIFO>
ST_2 : Operation 20 [1/1] (1.21ns)   --->   "%write_ln84 = write void @_ssdm_op_Write.ap_fifo.volatile.i64P0A, i64 %l_sum3, i64 %l_sum_0_read" [/mnt/shared/home/tz32/scalehls_vitis_test/src/Vitis_Libraries/blas/L1/include/hw/xf_blas/helpers/utils/utils.hpp:84]   --->   Operation 20 'write' 'write_ln84' <Predicate = (!icmp_ln83)> <Delay = 1.21> <CoreInst = "FIFO_SRL">   --->   Core 81 'FIFO_SRL' <Latency = 0> <II = 1> <Delay = 1.40> <Storage> <Opcode : 'read' 'write' 'nbread' 'nbwrite'> <Ports = 0> <Width = 64> <Depth = 2> <FIFO>
ST_2 : Operation 21 [1/1] (1.21ns)   --->   "%l_sum_1_read = read i64 @_ssdm_op_Read.ap_fifo.volatile.i64P0A, i64 %l_sum_1" [/mnt/shared/home/tz32/scalehls_vitis_test/src/Vitis_Libraries/blas/L1/include/hw/xf_blas/helpers/utils/utils.hpp:85]   --->   Operation 21 'read' 'l_sum_1_read' <Predicate = (!icmp_ln83)> <Delay = 1.21> <CoreInst = "FIFO_SRL">   --->   Core 81 'FIFO_SRL' <Latency = 0> <II = 1> <Delay = 1.40> <Storage> <Opcode : 'read' 'write' 'nbread' 'nbwrite'> <Ports = 0> <Width = 64> <Depth = 2> <FIFO>

State 3 <SV = 2> <Delay = 1.21>
ST_3 : Operation 22 [1/1] (0.00ns)   --->   "%specloopname_ln83 = specloopname void @_ssdm_op_SpecLoopName, void @empty_23" [/mnt/shared/home/tz32/scalehls_vitis_test/src/Vitis_Libraries/blas/L1/include/hw/xf_blas/helpers/utils/utils.hpp:83]   --->   Operation 22 'specloopname' 'specloopname_ln83' <Predicate = true> <Delay = 0.00>
ST_3 : Operation 23 [1/1] (1.21ns)   --->   "%write_ln85 = write void @_ssdm_op_Write.ap_fifo.volatile.i64P0A, i64 %l_sum3, i64 %l_sum_1_read" [/mnt/shared/home/tz32/scalehls_vitis_test/src/Vitis_Libraries/blas/L1/include/hw/xf_blas/helpers/utils/utils.hpp:85]   --->   Operation 23 'write' 'write_ln85' <Predicate = true> <Delay = 1.21> <CoreInst = "FIFO_SRL">   --->   Core 81 'FIFO_SRL' <Latency = 0> <II = 1> <Delay = 1.40> <Storage> <Opcode : 'read' 'write' 'nbread' 'nbwrite'> <Ports = 0> <Width = 64> <Depth = 2> <FIFO>
ST_3 : Operation 24 [1/1] (0.00ns)   --->   "%br_ln83 = br void %for.inc" [/mnt/shared/home/tz32/scalehls_vitis_test/src/Vitis_Libraries/blas/L1/include/hw/xf_blas/helpers/utils/utils.hpp:83]   --->   Operation 24 'br' 'br_ln83' <Predicate = true> <Delay = 0.00>


============================================================
+ Verbose Summary: Binding
============================================================
STG Binding: 
---------------- STG Properties BEGIN ----------------
- Is combinational: 0
- Is one-state seq: 0
- Is datapath-only: 0
- Is pipelined: 0
- Is top level: 0
Port [ Return ] is wired: 1; IO mode=ap_ctrl_hs:ce=0
Port [ l_sum_0]:  wired=1; compound=1; hidden=0; nouse=0; global=0; static=0; extern=0; dir=0; type=3; pingpong=0; private_global=0; IO mode=ap_fifo:ce=0
Port [ l_sum_1]:  wired=1; compound=1; hidden=0; nouse=0; global=0; static=0; extern=0; dir=0; type=3; pingpong=0; private_global=0; IO mode=ap_fifo:ce=0
Port [ l_sum3]:  wired=1; compound=1; hidden=0; nouse=0; global=0; static=0; extern=0; dir=1; type=3; pingpong=0; private_global=0; IO mode=ap_fifo:ce=0
---------------- STG Properties END ------------------

---------------- Datapath Model BEGIN ----------------

<LifeTime>
<method=bitvector/>
i_5               (alloca           ) [ 0100]
specinterface_ln0 (specinterface    ) [ 0000]
specinterface_ln0 (specinterface    ) [ 0000]
specinterface_ln0 (specinterface    ) [ 0000]
store_ln83        (store            ) [ 0000]
br_ln83           (br               ) [ 0000]
i                 (load             ) [ 0000]
specpipeline_ln0  (specpipeline     ) [ 0000]
icmp_ln83         (icmp             ) [ 0110]
empty             (speclooptripcount) [ 0000]
i_9               (add              ) [ 0000]
br_ln83           (br               ) [ 0000]
store_ln83        (store            ) [ 0000]
l_sum_0_read      (read             ) [ 0000]
write_ln84        (write            ) [ 0000]
l_sum_1_read      (read             ) [ 0101]
specloopname_ln83 (specloopname     ) [ 0000]
write_ln85        (write            ) [ 0000]
br_ln83           (br               ) [ 0000]
ret_ln87          (ret              ) [ 0000]
</LifeTime>

<model>

<comp_list>
<comp id="0" class="1000" name="l_sum_0">
<pin_list>
<pin id="1" dir="1" index="0" bw="1" slack="0"/>
</pin_list>
<bind>
<StgValue><ssdm name="l_sum_0"/></StgValue>
</bind>
</comp>

<comp id="2" class="1000" name="l_sum_1">
<pin_list>
<pin id="3" dir="1" index="0" bw="1" slack="0"/>
</pin_list>
<bind>
<StgValue><ssdm name="l_sum_1"/></StgValue>
</bind>
</comp>

<comp id="4" class="1000" name="l_sum3">
<pin_list>
<pin id="5" dir="1" index="0" bw="1" slack="0"/>
</pin_list>
<bind>
<StgValue><ssdm name="l_sum3"/></StgValue>
</bind>
</comp>

<comp id="6" class="1001" name="const_6">
<pin_list>
<pin id="7" dir="1" index="0" bw="1" slack="0"/>
</pin_list>
<bind>
<StgValue><ssdm name=""/></StgValue>
</bind>
</comp>

<comp id="8" class="1001" name="const_8">
<pin_list>
<pin id="9" dir="1" index="0" bw="1" slack="2147483647"/>
</pin_list>
<bind>
<StgValue><ssdm name="_ssdm_op_SpecInterface"/></StgValue>
</bind>
</comp>

<comp id="10" class="1001" name="const_10">
<pin_list>
<pin id="11" dir="1" index="0" bw="1" slack="2147483647"/>
</pin_list>
<bind>
<StgValue><ssdm name="empty_11"/></StgValue>
</bind>
</comp>

<comp id="12" class="1001" name="const_12">
<pin_list>
<pin id="13" dir="1" index="0" bw="1" slack="2147483647"/>
</pin_list>
<bind>
<StgValue><ssdm name=""/></StgValue>
</bind>
</comp>

<comp id="14" class="1001" name="const_14">
<pin_list>
<pin id="15" dir="1" index="0" bw="1" slack="2147483647"/>
</pin_list>
<bind>
<StgValue><ssdm name="empty_26"/></StgValue>
</bind>
</comp>

<comp id="16" class="1001" name="const_16">
<pin_list>
<pin id="17" dir="1" index="0" bw="1" slack="2147483647"/>
</pin_list>
<bind>
<StgValue><ssdm name=""/></StgValue>
</bind>
</comp>

<comp id="18" class="1001" name="const_18">
<pin_list>
<pin id="19" dir="1" index="0" bw="1" slack="0"/>
</pin_list>
<bind>
<StgValue><ssdm name=""/></StgValue>
</bind>
</comp>

<comp id="20" class="1001" name="const_20">
<pin_list>
<pin id="21" dir="1" index="0" bw="1" slack="2147483647"/>
</pin_list>
<bind>
<StgValue><ssdm name="_ssdm_op_SpecPipeline"/></StgValue>
</bind>
</comp>

<comp id="22" class="1001" name="const_22">
<pin_list>
<pin id="23" dir="1" index="0" bw="1" slack="2147483647"/>
</pin_list>
<bind>
<StgValue><ssdm name="p_str"/></StgValue>
</bind>
</comp>

<comp id="24" class="1001" name="const_24">
<pin_list>
<pin id="25" dir="1" index="0" bw="1" slack="0"/>
</pin_list>
<bind>
<StgValue><ssdm name=""/></StgValue>
</bind>
</comp>

<comp id="26" class="1001" name="const_26">
<pin_list>
<pin id="27" dir="1" index="0" bw="1" slack="2147483647"/>
</pin_list>
<bind>
<StgValue><ssdm name="_ssdm_op_SpecLoopTripCount"/></StgValue>
</bind>
</comp>

<comp id="28" class="1001" name="const_28">
<pin_list>
<pin id="29" dir="1" index="0" bw="1" slack="2147483647"/>
</pin_list>
<bind>
<StgValue><ssdm name=""/></StgValue>
</bind>
</comp>

<comp id="30" class="1001" name="const_30">
<pin_list>
<pin id="31" dir="1" index="0" bw="1" slack="0"/>
</pin_list>
<bind>
<StgValue><ssdm name=""/></StgValue>
</bind>
</comp>

<comp id="32" class="1001" name="const_32">
<pin_list>
<pin id="33" dir="1" index="0" bw="1" slack="0"/>
</pin_list>
<bind>
<StgValue><ssdm name="_ssdm_op_Read.ap_fifo.volatile.i64P0A"/></StgValue>
</bind>
</comp>

<comp id="34" class="1001" name="const_34">
<pin_list>
<pin id="35" dir="1" index="0" bw="1" slack="0"/>
</pin_list>
<bind>
<StgValue><ssdm name="_ssdm_op_Write.ap_fifo.volatile.i64P0A"/></StgValue>
</bind>
</comp>

<comp id="36" class="1001" name="const_36">
<pin_list>
<pin id="37" dir="1" index="0" bw="1" slack="2147483647"/>
</pin_list>
<bind>
<StgValue><ssdm name="_ssdm_op_SpecLoopName"/></StgValue>
</bind>
</comp>

<comp id="38" class="1001" name="const_38">
<pin_list>
<pin id="39" dir="1" index="0" bw="1" slack="2147483647"/>
</pin_list>
<bind>
<StgValue><ssdm name="empty_23"/></StgValue>
</bind>
</comp>

<comp id="40" class="1004" name="i_5_fu_40">
<pin_list>
<pin id="41" dir="0" index="0" bw="1" slack="0"/>
<pin id="42" dir="1" index="1" bw="2" slack="0"/>
</pin_list>
<bind>
<opcode="alloca(26) " fcode="alloca"/>
<opset="i_5/1 "/>
</bind>
</comp>

<comp id="44" class="1004" name="l_sum_0_read_read_fu_44">
<pin_list>
<pin id="45" dir="0" index="0" bw="64" slack="0"/>
<pin id="46" dir="0" index="1" bw="64" slack="0"/>
<pin id="47" dir="1" index="2" bw="64" slack="0"/>
</pin_list>
<bind>
<opcode="read(1150) " fcode="read"/>
<opset="l_sum_0_read/2 "/>
</bind>
</comp>

<comp id="50" class="1004" name="grp_write_fu_50">
<pin_list>
<pin id="51" dir="0" index="0" bw="0" slack="0"/>
<pin id="52" dir="0" index="1" bw="64" slack="0"/>
<pin id="53" dir="0" index="2" bw="64" slack="0"/>
<pin id="54" dir="1" index="3" bw="0" slack="2147483647"/>
</pin_list>
<bind>
<opcode="write(1151) " fcode="write"/>
<opset="write_ln84/2 write_ln85/3 "/>
</bind>
</comp>

<comp id="58" class="1004" name="l_sum_1_read_read_fu_58">
<pin_list>
<pin id="59" dir="0" index="0" bw="64" slack="0"/>
<pin id="60" dir="0" index="1" bw="64" slack="0"/>
<pin id="61" dir="1" index="2" bw="64" slack="1"/>
</pin_list>
<bind>
<opcode="read(1150) " fcode="read"/>
<opset="l_sum_1_read/2 "/>
</bind>
</comp>

<comp id="64" class="1004" name="store_ln83_store_fu_64">
<pin_list>
<pin id="65" dir="0" index="0" bw="1" slack="0"/>
<pin id="66" dir="0" index="1" bw="2" slack="0"/>
<pin id="67" dir="1" index="2" bw="0" slack="2147483647"/>
</pin_list>
<bind>
<opcode="store(28) " fcode="store"/>
<opset="store_ln83/1 "/>
</bind>
</comp>

<comp id="69" class="1004" name="i_load_fu_69">
<pin_list>
<pin id="70" dir="0" index="0" bw="2" slack="0"/>
<pin id="71" dir="1" index="1" bw="2" slack="0"/>
</pin_list>
<bind>
<opcode="load(27) " fcode="load"/>
<opset="i/1 "/>
</bind>
</comp>

<comp id="72" class="1004" name="icmp_ln83_fu_72">
<pin_list>
<pin id="73" dir="0" index="0" bw="2" slack="0"/>
<pin id="74" dir="0" index="1" bw="2" slack="0"/>
<pin id="75" dir="1" index="2" bw="1" slack="1"/>
</pin_list>
<bind>
<opcode="icmp(45) " fcode="icmp"/>
<opset="icmp_ln83/1 "/>
</bind>
</comp>

<comp id="78" class="1004" name="i_9_fu_78">
<pin_list>
<pin id="79" dir="0" index="0" bw="2" slack="0"/>
<pin id="80" dir="0" index="1" bw="1" slack="0"/>
<pin id="81" dir="1" index="2" bw="2" slack="0"/>
</pin_list>
<bind>
<opcode="add(8) " fcode="add"/>
<opset="i_9/1 "/>
</bind>
</comp>

<comp id="84" class="1004" name="store_ln83_store_fu_84">
<pin_list>
<pin id="85" dir="0" index="0" bw="2" slack="0"/>
<pin id="86" dir="0" index="1" bw="2" slack="0"/>
<pin id="87" dir="1" index="2" bw="0" slack="2147483647"/>
</pin_list>
<bind>
<opcode="store(28) " fcode="store"/>
<opset="store_ln83/1 "/>
</bind>
</comp>

<comp id="89" class="1005" name="i_5_reg_89">
<pin_list>
<pin id="90" dir="0" index="0" bw="2" slack="0"/>
<pin id="91" dir="1" index="1" bw="2" slack="0"/>
</pin_list>
<bind>
<opset="i_5 "/>
</bind>
</comp>

<comp id="96" class="1005" name="icmp_ln83_reg_96">
<pin_list>
<pin id="97" dir="0" index="0" bw="1" slack="1"/>
<pin id="98" dir="1" index="1" bw="1" slack="2147483647"/>
</pin_list>
<bind>
<opset="icmp_ln83 "/>
</bind>
</comp>

<comp id="100" class="1005" name="l_sum_1_read_reg_100">
<pin_list>
<pin id="101" dir="0" index="0" bw="64" slack="1"/>
<pin id="102" dir="1" index="1" bw="64" slack="1"/>
</pin_list>
<bind>
<opset="l_sum_1_read "/>
</bind>
</comp>

</comp_list>

<net_list>
<net id="43"><net_src comp="6" pin="0"/><net_sink comp="40" pin=0"/></net>

<net id="48"><net_src comp="32" pin="0"/><net_sink comp="44" pin=0"/></net>

<net id="49"><net_src comp="0" pin="0"/><net_sink comp="44" pin=1"/></net>

<net id="55"><net_src comp="34" pin="0"/><net_sink comp="50" pin=0"/></net>

<net id="56"><net_src comp="4" pin="0"/><net_sink comp="50" pin=1"/></net>

<net id="57"><net_src comp="44" pin="2"/><net_sink comp="50" pin=2"/></net>

<net id="62"><net_src comp="32" pin="0"/><net_sink comp="58" pin=0"/></net>

<net id="63"><net_src comp="2" pin="0"/><net_sink comp="58" pin=1"/></net>

<net id="68"><net_src comp="18" pin="0"/><net_sink comp="64" pin=0"/></net>

<net id="76"><net_src comp="69" pin="1"/><net_sink comp="72" pin=0"/></net>

<net id="77"><net_src comp="24" pin="0"/><net_sink comp="72" pin=1"/></net>

<net id="82"><net_src comp="69" pin="1"/><net_sink comp="78" pin=0"/></net>

<net id="83"><net_src comp="30" pin="0"/><net_sink comp="78" pin=1"/></net>

<net id="88"><net_src comp="78" pin="2"/><net_sink comp="84" pin=0"/></net>

<net id="92"><net_src comp="40" pin="1"/><net_sink comp="89" pin=0"/></net>

<net id="93"><net_src comp="89" pin="1"/><net_sink comp="64" pin=1"/></net>

<net id="94"><net_src comp="89" pin="1"/><net_sink comp="69" pin=0"/></net>

<net id="95"><net_src comp="89" pin="1"/><net_sink comp="84" pin=1"/></net>

<net id="99"><net_src comp="72" pin="2"/><net_sink comp="96" pin=0"/></net>

<net id="103"><net_src comp="58" pin="2"/><net_sink comp="100" pin=0"/></net>

<net id="104"><net_src comp="100" pin="1"/><net_sink comp="50" pin=2"/></net>

</net_list>

</model> 
---------------- Datapath Model END ------------------

* FSMD analyzer results:
  - Output states:
	Port: l_sum3 | {2 3 }
 - Input state : 
	Port: merge : l_sum_0 | {2 }
	Port: merge : l_sum_1 | {2 }
	Port: merge : l_sum3 | {}
  - Chain level:
	State 1
		store_ln83 : 1
		i : 1
		icmp_ln83 : 2
		i_9 : 2
		br_ln83 : 3
		store_ln83 : 3
	State 2
	State 3


============================================================
+ Verbose Summary: Datapath Resource usage 
============================================================

* Functional unit list:
|----------|-------------------------|---------|---------|
| Operation|     Functional Unit     |    FF   |   LUT   |
|----------|-------------------------|---------|---------|
|    add   |        i_9_fu_78        |    0    |    9    |
|----------|-------------------------|---------|---------|
|   icmp   |     icmp_ln83_fu_72     |    0    |    8    |
|----------|-------------------------|---------|---------|
|   read   | l_sum_0_read_read_fu_44 |    0    |    0    |
|          | l_sum_1_read_read_fu_58 |    0    |    0    |
|----------|-------------------------|---------|---------|
|   write  |     grp_write_fu_50     |    0    |    0    |
|----------|-------------------------|---------|---------|
|   Total  |                         |    0    |    17   |
|----------|-------------------------|---------|---------|

Memories:
N/A

* Register list:
+--------------------+--------+
|                    |   FF   |
+--------------------+--------+
|     i_5_reg_89     |    2   |
|  icmp_ln83_reg_96  |    1   |
|l_sum_1_read_reg_100|   64   |
+--------------------+--------+
|        Total       |   67   |
+--------------------+--------+

* Multiplexer (MUX) list: 
|-----------------|------|------|------|--------||---------||---------|
|       Comp      |  Pin | Size |  BW  | S x BW ||  Delay  ||   LUT   |
|-----------------|------|------|------|--------||---------||---------|
| grp_write_fu_50 |  p2  |   2  |  64  |   128  ||    9    |
|-----------------|------|------|------|--------||---------||---------|
|      Total      |      |      |      |   128  ||  0.387  ||    9    |
|-----------------|------|------|------|--------||---------||---------|



* Summary:
+-----------+--------+--------+--------+
|           |  Delay |   FF   |   LUT  |
+-----------+--------+--------+--------+
|  Function |    -   |    0   |   17   |
|   Memory  |    -   |    -   |    -   |
|Multiplexer|    0   |    -   |    9   |
|  Register |    -   |   67   |    -   |
+-----------+--------+--------+--------+
|   Total   |    0   |   67   |   26   |
+-----------+--------+--------+--------+
