

================================================================
== Vitis HLS Report for 'muls_Pipeline_VITIS_LOOP_89_1'
================================================================
* Date:           Mon Jun 12 16:50:37 2023

* Version:        2022.2 (Build 3670227 on Oct 13 2022)
* Project:        cemit_replaced
* Solution:       solution (Vitis Kernel Flow Target)
* Product family: virtexuplus
* Target device:  xcu280-fsvh2892-2L-e


================================================================
== Performance Estimates
================================================================
+ Timing: 
    * Summary: 
    +--------+---------+----------+------------+
    |  Clock |  Target | Estimated| Uncertainty|
    +--------+---------+----------+------------+
    |ap_clk  |  3.33 ns|  0.954 ns|     0.90 ns|
    +--------+---------+----------+------------+

+ Latency: 
    * Summary: 
    +---------+---------+-----------+-----------+-----+-----+---------+
    |  Latency (cycles) |   Latency (absolute)  |  Interval | Pipeline|
    |   min   |   max   |    min    |    max    | min | max |   Type  |
    +---------+---------+-----------+-----------+-----+-----+---------+
    |        4|        4|  13.332 ns|  13.332 ns|    4|    4|       no|
    +---------+---------+-----------+-----------+-----+-----+---------+

    + Detail: 
        * Instance: 
        N/A

        * Loop: 
        +-------------------+---------+---------+----------+-----------+-----------+------+----------+
        |                   |  Latency (cycles) | Iteration|  Initiation Interval  | Trip |          |
        |     Loop Name     |   min   |   max   |  Latency |  achieved |   target  | Count| Pipelined|
        +-------------------+---------+---------+----------+-----------+-----------+------+----------+
        |- VITIS_LOOP_89_1  |        2|        2|         1|          1|          1|     2|       yes|
        +-------------------+---------+---------+----------+-----------+-----------+------+----------+

============================================================
+ Verbose Summary: Synthesis Manager
============================================================
InlineROM: 1
ExposeGlobal: 0
============================================================
+ Verbose Summary: CDFG Model
============================================================
IsTopModel: 0
ResetActiveHigh: 1
IsCombinational: 0
IsDatapathOnly: 0
HasWiredReturn: 1
HasMFsm: 2
HasVarLatency: 1
IsPipeline: 0
IsRtlPipelined: 0
IsInstanceOverlapped: 0
IsDontTouch: 0
HasImplIP: 0
IsGatedGlobalClock: 0

+ Individual pipeline summary: 
  * Pipeline-0: initiation interval (II) = 1, depth = 1


============================================================
+ Verbose Summary: Schedule
============================================================
* Number of FSM states : 1
* Pipeline : 1
  Pipeline-0 : II = 1, D = 1, States = { 1 }
* Dataflow Pipeline: 0

* FSM state transitions: 
1 --> 

* FSM state operations: 

State 1 <SV = 0> <Delay = 0.95>
ST_1 : Operation 4 [1/1] (0.00ns)   --->   "%i = alloca i32 1"   --->   Operation 4 'alloca' 'i' <Predicate = true> <Delay = 0.00>
ST_1 : Operation 5 [1/1] (0.38ns)   --->   "%store_ln0 = store i2 0, i2 %i"   --->   Operation 5 'store' 'store_ln0' <Predicate = true> <Delay = 0.38>
ST_1 : Operation 6 [1/1] (0.00ns)   --->   "%br_ln0 = br void %for.inc"   --->   Operation 6 'br' 'br_ln0' <Predicate = true> <Delay = 0.00>
ST_1 : Operation 7 [1/1] (0.00ns)   --->   "%i_5 = load i2 %i" [/mnt/shared/home/tz32/scalehls_vitis_test/src/Vitis_Libraries/blas/L1/include/hw/xf_blas/gemm/systolicArray.hpp:89]   --->   Operation 7 'load' 'i_5' <Predicate = true> <Delay = 0.00>
ST_1 : Operation 8 [1/1] (0.00ns)   --->   "%l_flush_Array_addr = getelementptr i1 %l_flush_Array, i64 0, i64 1"   --->   Operation 8 'getelementptr' 'l_flush_Array_addr' <Predicate = true> <Delay = 0.00>
ST_1 : Operation 9 [1/1] (0.34ns)   --->   "%icmp_ln89 = icmp_eq  i2 %i_5, i2 2" [/mnt/shared/home/tz32/scalehls_vitis_test/src/Vitis_Libraries/blas/L1/include/hw/xf_blas/gemm/systolicArray.hpp:89]   --->   Operation 9 'icmp' 'icmp_ln89' <Predicate = true> <Delay = 0.34> <CoreInst = "Cmp">   --->   Core 9 'Cmp' <Latency = 0> <II = 1> <Delay = 0.34> <FuncUnit> <Opcode : 'icmp'> <InPorts = 2> <OutPorts = 1>
ST_1 : Operation 10 [1/1] (0.00ns)   --->   "%empty = speclooptripcount i32 @_ssdm_op_SpecLoopTripCount, i64 2, i64 2, i64 2"   --->   Operation 10 'speclooptripcount' 'empty' <Predicate = true> <Delay = 0.00>
ST_1 : Operation 11 [1/1] (0.43ns)   --->   "%i_6 = add i2 %i_5, i2 1" [/mnt/shared/home/tz32/scalehls_vitis_test/src/Vitis_Libraries/blas/L1/include/hw/xf_blas/gemm/systolicArray.hpp:89]   --->   Operation 11 'add' 'i_6' <Predicate = true> <Delay = 0.43> <CoreInst = "Adder">   --->   Core 1 'Adder' <Latency = 0> <II = 1> <Delay = 0.43> <FuncUnit> <Opcode : 'add' 'sub'> <InPorts = 2> <OutPorts = 1>
ST_1 : Operation 12 [1/1] (0.00ns)   --->   "%br_ln89 = br i1 %icmp_ln89, void %for.inc.split, void %for.end.exitStub" [/mnt/shared/home/tz32/scalehls_vitis_test/src/Vitis_Libraries/blas/L1/include/hw/xf_blas/gemm/systolicArray.hpp:89]   --->   Operation 12 'br' 'br_ln89' <Predicate = true> <Delay = 0.00>
ST_1 : Operation 13 [1/1] (0.00ns)   --->   "%specpipeline_ln90 = specpipeline void @_ssdm_op_SpecPipeline, i32 4294967295, i32 0, i32 0, i32 0, void @empty_26" [/mnt/shared/home/tz32/scalehls_vitis_test/src/Vitis_Libraries/blas/L1/include/hw/xf_blas/gemm/systolicArray.hpp:90]   --->   Operation 13 'specpipeline' 'specpipeline_ln90' <Predicate = (!icmp_ln89)> <Delay = 0.00>
ST_1 : Operation 14 [1/1] (0.00ns)   --->   "%specloopname_ln76 = specloopname void @_ssdm_op_SpecLoopName, void @empty_4"   --->   Operation 14 'specloopname' 'specloopname_ln76' <Predicate = (!icmp_ln89)> <Delay = 0.00>
ST_1 : Operation 15 [1/1] (0.61ns)   --->   "%p_010 = memshiftread i1 @_ssdm_op_MemShiftRead.[2 x i1]P0A, i1 %l_flush_Array_addr, i1 0, i1 1"   --->   Operation 15 'memshiftread' 'p_010' <Predicate = (!icmp_ln89)> <Delay = 0.61> <CoreInst = "ShiftReg">   --->   Core 77 'ShiftReg' <Latency = 0> <II = 1> <Delay = 0.61> <Storage> <Opcode : 'memshiftread' 'load'> <Ports = 1> <Width = 1> <Depth = 2> <ShiftMem>
ST_1 : Operation 16 [1/1] (0.38ns)   --->   "%store_ln89 = store i2 %i_6, i2 %i" [/mnt/shared/home/tz32/scalehls_vitis_test/src/Vitis_Libraries/blas/L1/include/hw/xf_blas/gemm/systolicArray.hpp:89]   --->   Operation 16 'store' 'store_ln89' <Predicate = (!icmp_ln89)> <Delay = 0.38>
ST_1 : Operation 17 [1/1] (0.00ns)   --->   "%br_ln89 = br void %for.inc" [/mnt/shared/home/tz32/scalehls_vitis_test/src/Vitis_Libraries/blas/L1/include/hw/xf_blas/gemm/systolicArray.hpp:89]   --->   Operation 17 'br' 'br_ln89' <Predicate = (!icmp_ln89)> <Delay = 0.00>
ST_1 : Operation 18 [1/1] (0.00ns)   --->   "%ret_ln0 = ret"   --->   Operation 18 'ret' 'ret_ln0' <Predicate = (icmp_ln89)> <Delay = 0.00>


============================================================
+ Verbose Summary: Timing violations
============================================================
Target clock period: 3.33ns, clock uncertainty: 0.9ns.

 <State 1>: 0.954ns
The critical path consists of the following:
	'alloca' operation ('i') [2]  (0 ns)
	'load' operation ('i', /mnt/shared/home/tz32/scalehls_vitis_test/src/Vitis_Libraries/blas/L1/include/hw/xf_blas/gemm/systolicArray.hpp:89) on local variable 'i' [6]  (0 ns)
	'add' operation ('i', /mnt/shared/home/tz32/scalehls_vitis_test/src/Vitis_Libraries/blas/L1/include/hw/xf_blas/gemm/systolicArray.hpp:89) [10]  (0.436 ns)
	'store' operation ('store_ln89', /mnt/shared/home/tz32/scalehls_vitis_test/src/Vitis_Libraries/blas/L1/include/hw/xf_blas/gemm/systolicArray.hpp:89) of variable 'i', /mnt/shared/home/tz32/scalehls_vitis_test/src/Vitis_Libraries/blas/L1/include/hw/xf_blas/gemm/systolicArray.hpp:89 on local variable 'i' [16]  (0.387 ns)
	blocking operation 0.131 ns on control path)


============================================================
+ Verbose Summary: Binding
============================================================
N/A
* FSMD analyzer results:
  - Output states:
 - Input state : 
  - Chain level:
	State 1


============================================================
+ Verbose Summary: Datapath Resource usage 
============================================================
N/A
