

================================================================
== Vitis HLS Report for 'process_r'
================================================================
* Date:           Mon Jun 12 16:50:39 2023

* Version:        2022.2 (Build 3670227 on Oct 13 2022)
* Project:        cemit_replaced
* Solution:       solution (Vitis Kernel Flow Target)
* Product family: virtexuplus
* Target device:  xcu280-fsvh2892-2L-e


================================================================
== Performance Estimates
================================================================
+ Timing: 
    * Summary: 
    +--------+---------+----------+------------+
    |  Clock |  Target | Estimated| Uncertainty|
    +--------+---------+----------+------------+
    |ap_clk  |  3.33 ns|  2.433 ns|     0.90 ns|
    +--------+---------+----------+------------+

+ Latency: 
    * Summary: 
    +---------+---------+----------+----------+-----+-----+----------+
    |  Latency (cycles) |  Latency (absolute) |  Interval | Pipeline |
    |   min   |   max   |    min   |    max   | min | max |   Type   |
    +---------+---------+----------+----------+-----+-----+----------+
    |        ?|        ?|         ?|         ?|    ?|    ?|  dataflow|
    +---------+---------+----------+----------+-----+-----+----------+

    + Detail: 
        * Instance: 
        N/A

        * Loop: 
        N/A

============================================================
+ Verbose Summary: Synthesis Manager
============================================================
InlineROM: 1
ExposeGlobal: 0
============================================================
+ Verbose Summary: CDFG Model
============================================================
IsTopModel: 0
ResetActiveHigh: 1
IsCombinational: 2
IsDatapathOnly: 0
HasWiredReturn: 1
HasMFsm: 0
HasVarLatency: 1
IsPipeline: 0
IsRtlPipelined: 0
IsInstanceOverlapped: 0
IsDontTouch: 0
HasImplIP: 0
IsGatedGlobalClock: 0


============================================================
+ Verbose Summary: Schedule
============================================================
* Number of FSM states : 10
* Pipeline : 0
* Dataflow Pipeline: 1
  DF-Pipeline-0: Size = 10, States = { 1 2 3 4 5 6 7 8 9 10 }

* FSM state transitions: 
1 --> 2 
2 --> 3 
3 --> 4 
4 --> 5 
5 --> 6 
6 --> 7 
7 --> 8 
8 --> 9 
9 --> 10 
10 --> 

* FSM state operations: 

State 1 <SV = 0> <Delay = 0.00>
ST_1 : Operation 11 [1/1] (0.00ns)   --->   "%l_aStr = alloca i64 1" [/mnt/shared/home/tz32/scalehls_vitis_test/src/Vitis_Libraries/blas/L1/include/hw/xf_blas/gemm/systolicArray.hpp:53]   --->   Operation 11 'alloca' 'l_aStr' <Predicate = true> <Delay = 0.00> <CoreInst = "FIFO_SRL">   --->   Core 81 'FIFO_SRL' <Latency = 0> <II = 1> <Delay = 1.40> <Storage> <Opcode : 'read' 'write' 'nbread' 'nbwrite'> <Ports = 0> <Width = 66> <Depth = 2> <FIFO>
ST_1 : Operation 12 [1/1] (0.00ns)   --->   "%l_sum_0 = alloca i64 1"   --->   Operation 12 'alloca' 'l_sum_0' <Predicate = true> <Delay = 0.00> <CoreInst = "FIFO_SRL">   --->   Core 81 'FIFO_SRL' <Latency = 0> <II = 1> <Delay = 1.40> <Storage> <Opcode : 'read' 'write' 'nbread' 'nbwrite'> <Ports = 0> <Width = 64> <Depth = 2> <FIFO>
ST_1 : Operation 13 [1/1] (0.00ns)   --->   "%l_sum_1 = alloca i64 1"   --->   Operation 13 'alloca' 'l_sum_1' <Predicate = true> <Delay = 0.00> <CoreInst = "FIFO_SRL">   --->   Core 81 'FIFO_SRL' <Latency = 0> <II = 1> <Delay = 1.40> <Storage> <Opcode : 'read' 'write' 'nbread' 'nbwrite'> <Ports = 0> <Width = 64> <Depth = 2> <FIFO>
ST_1 : Operation 14 [1/1] (0.00ns)   --->   "%l_dataA_0 = alloca i64 1"   --->   Operation 14 'alloca' 'l_dataA_0' <Predicate = true> <Delay = 0.00> <CoreInst = "FIFO_SRL">   --->   Core 81 'FIFO_SRL' <Latency = 0> <II = 1> <Delay = 1.41> <Storage> <Opcode : 'read' 'write' 'nbread' 'nbwrite'> <Ports = 0> <Width = 34> <Depth = 4> <FIFO>
ST_1 : Operation 15 [1/1] (0.00ns)   --->   "%l_dataA_1 = alloca i64 1"   --->   Operation 15 'alloca' 'l_dataA_1' <Predicate = true> <Delay = 0.00> <CoreInst = "FIFO_SRL">   --->   Core 81 'FIFO_SRL' <Latency = 0> <II = 1> <Delay = 1.41> <Storage> <Opcode : 'read' 'write' 'nbread' 'nbwrite'> <Ports = 0> <Width = 34> <Depth = 4> <FIFO>
ST_1 : Operation 16 [1/1] (0.00ns)   --->   "%l_bStr = alloca i64 1" [/mnt/shared/home/tz32/scalehls_vitis_test/src/Vitis_Libraries/blas/L1/include/hw/xf_blas/gemm/systolicArray.hpp:61]   --->   Operation 16 'alloca' 'l_bStr' <Predicate = true> <Delay = 0.00> <CoreInst = "FIFO_SRL">   --->   Core 81 'FIFO_SRL' <Latency = 0> <II = 1> <Delay = 1.40> <Storage> <Opcode : 'read' 'write' 'nbread' 'nbwrite'> <Ports = 0> <Width = 64> <Depth = 2> <FIFO>
ST_1 : Operation 17 [1/1] (0.00ns)   --->   "%l_dataB_0 = alloca i64 1"   --->   Operation 17 'alloca' 'l_dataB_0' <Predicate = true> <Delay = 0.00> <CoreInst = "FIFO_SRL">   --->   Core 81 'FIFO_SRL' <Latency = 0> <II = 1> <Delay = 1.41> <Storage> <Opcode : 'read' 'write' 'nbread' 'nbwrite'> <Ports = 0> <Width = 64> <Depth = 4> <FIFO>
ST_1 : Operation 18 [1/1] (0.00ns)   --->   "%l_dataB_1 = alloca i64 1"   --->   Operation 18 'alloca' 'l_dataB_1' <Predicate = true> <Delay = 0.00> <CoreInst = "FIFO_SRL">   --->   Core 81 'FIFO_SRL' <Latency = 0> <II = 1> <Delay = 1.40> <Storage> <Opcode : 'read' 'write' 'nbread' 'nbwrite'> <Ports = 0> <Width = 64> <Depth = 2> <FIFO>
ST_1 : Operation 19 [2/2] (0.00ns)   --->   "%call_ln66 = call void @tagAB, i64 %l_strA4_i, i64 %l_strB5_i, i66 %l_aStr, i64 %l_bStr" [/mnt/shared/home/tz32/scalehls_vitis_test/src/Vitis_Libraries/blas/L1/include/hw/xf_blas/gemm/systolicArray.hpp:66]   --->   Operation 19 'call' 'call_ln66' <Predicate = true> <Delay = 0.00> <CoreType = "Generic">   --->   Core 0 '' <Latency = 0> <II = 1> <Delay = 1.00> <Generic> <Opcode : >

State 2 <SV = 1> <Delay = 0.00>
ST_2 : Operation 20 [1/2] (0.00ns)   --->   "%call_ln66 = call void @tagAB, i64 %l_strA4_i, i64 %l_strB5_i, i66 %l_aStr, i64 %l_bStr" [/mnt/shared/home/tz32/scalehls_vitis_test/src/Vitis_Libraries/blas/L1/include/hw/xf_blas/gemm/systolicArray.hpp:66]   --->   Operation 20 'call' 'call_ln66' <Predicate = true> <Delay = 0.00> <CoreType = "Generic">   --->   Core 0 '' <Latency = 0> <II = 1> <Delay = 1.00> <Generic> <Opcode : >

State 3 <SV = 2> <Delay = 0.00>
ST_3 : Operation 21 [2/2] (0.00ns)   --->   "%call_ln67 = call void @systolicArray, i66 %l_aStr, i64 %l_bStr, i34 %l_dataA_0, i34 %l_dataA_1, i64 %l_dataB_0" [/mnt/shared/home/tz32/scalehls_vitis_test/src/Vitis_Libraries/blas/L1/include/hw/xf_blas/gemm/systolicArray.hpp:67]   --->   Operation 21 'call' 'call_ln67' <Predicate = true> <Delay = 0.00> <CoreType = "Generic">   --->   Core 0 '' <Latency = 0> <II = 1> <Delay = 1.00> <Generic> <Opcode : >

State 4 <SV = 3> <Delay = 0.00>
ST_4 : Operation 22 [1/2] (0.00ns)   --->   "%call_ln67 = call void @systolicArray, i66 %l_aStr, i64 %l_bStr, i34 %l_dataA_0, i34 %l_dataA_1, i64 %l_dataB_0" [/mnt/shared/home/tz32/scalehls_vitis_test/src/Vitis_Libraries/blas/L1/include/hw/xf_blas/gemm/systolicArray.hpp:67]   --->   Operation 22 'call' 'call_ln67' <Predicate = true> <Delay = 0.00> <CoreType = "Generic">   --->   Core 0 '' <Latency = 0> <II = 1> <Delay = 1.00> <Generic> <Opcode : >

State 5 <SV = 4> <Delay = 0.00>
ST_5 : Operation 23 [2/2] (0.00ns)   --->   "%call_ln71 = call void @macs, i34 %l_dataA_0, i64 %l_dataB_0, i64 %l_dataB_1, i64 %l_sum_0" [/mnt/shared/home/tz32/scalehls_vitis_test/src/Vitis_Libraries/blas/L1/include/hw/xf_blas/gemm/systolicArray.hpp:71]   --->   Operation 23 'call' 'call_ln71' <Predicate = true> <Delay = 0.00> <CoreType = "Generic">   --->   Core 0 '' <Latency = 0> <II = 1> <Delay = 1.00> <Generic> <Opcode : >

State 6 <SV = 5> <Delay = 0.00>
ST_6 : Operation 24 [1/2] (0.00ns)   --->   "%call_ln71 = call void @macs, i34 %l_dataA_0, i64 %l_dataB_0, i64 %l_dataB_1, i64 %l_sum_0" [/mnt/shared/home/tz32/scalehls_vitis_test/src/Vitis_Libraries/blas/L1/include/hw/xf_blas/gemm/systolicArray.hpp:71]   --->   Operation 24 'call' 'call_ln71' <Predicate = true> <Delay = 0.00> <CoreType = "Generic">   --->   Core 0 '' <Latency = 0> <II = 1> <Delay = 1.00> <Generic> <Opcode : >

State 7 <SV = 6> <Delay = 0.00>
ST_7 : Operation 25 [2/2] (0.00ns)   --->   "%call_ln73 = call void @macs.1, i34 %l_dataA_1, i64 %l_dataB_1, i64 %l_sum_1" [/mnt/shared/home/tz32/scalehls_vitis_test/src/Vitis_Libraries/blas/L1/include/hw/xf_blas/gemm/systolicArray.hpp:73]   --->   Operation 25 'call' 'call_ln73' <Predicate = true> <Delay = 0.00> <CoreType = "Generic">   --->   Core 0 '' <Latency = 0> <II = 1> <Delay = 1.00> <Generic> <Opcode : >

State 8 <SV = 7> <Delay = 0.00>
ST_8 : Operation 26 [1/2] (0.00ns)   --->   "%call_ln73 = call void @macs.1, i34 %l_dataA_1, i64 %l_dataB_1, i64 %l_sum_1" [/mnt/shared/home/tz32/scalehls_vitis_test/src/Vitis_Libraries/blas/L1/include/hw/xf_blas/gemm/systolicArray.hpp:73]   --->   Operation 26 'call' 'call_ln73' <Predicate = true> <Delay = 0.00> <CoreType = "Generic">   --->   Core 0 '' <Latency = 0> <II = 1> <Delay = 1.00> <Generic> <Opcode : >

State 9 <SV = 8> <Delay = 0.00>
ST_9 : Operation 27 [2/2] (0.00ns)   --->   "%call_ln74 = call void @merge, i64 %l_sum_0, i64 %l_sum_1, i64 %l_sum3" [/mnt/shared/home/tz32/scalehls_vitis_test/src/Vitis_Libraries/blas/L1/include/hw/xf_blas/gemm/systolicArray.hpp:74]   --->   Operation 27 'call' 'call_ln74' <Predicate = true> <Delay = 0.00> <CoreType = "Generic">   --->   Core 0 '' <Latency = 0> <II = 1> <Delay = 1.00> <Generic> <Opcode : >

State 10 <SV = 9> <Delay = 0.00>
ST_10 : Operation 28 [1/1] (0.00ns)   --->   "%specdataflowpipeline_ln65 = specdataflowpipeline void @_ssdm_op_SpecDataflowPipeline, i32 4294967295, i32 0, void @empty_26" [/mnt/shared/home/tz32/scalehls_vitis_test/src/Vitis_Libraries/blas/L1/include/hw/xf_blas/gemm/systolicArray.hpp:65]   --->   Operation 28 'specdataflowpipeline' 'specdataflowpipeline_ln65' <Predicate = true> <Delay = 0.00>
ST_10 : Operation 29 [1/1] (0.00ns)   --->   "%specinterface_ln0 = specinterface void @_ssdm_op_SpecInterface, i64 %l_strB5_i, void @empty_11, i32 0, i32 0, void @empty_26, i32 0, i32 0, void @empty_26, void @empty_26, void @empty_26, i32 0, i32 0, i32 0, i32 0, void @empty_26, void @empty_26, i32 4294967295, i32 0"   --->   Operation 29 'specinterface' 'specinterface_ln0' <Predicate = true> <Delay = 0.00>
ST_10 : Operation 30 [1/1] (0.00ns)   --->   "%specinterface_ln0 = specinterface void @_ssdm_op_SpecInterface, i64 %l_strA4_i, void @empty_11, i32 0, i32 0, void @empty_26, i32 0, i32 0, void @empty_26, void @empty_26, void @empty_26, i32 0, i32 0, i32 0, i32 0, void @empty_26, void @empty_26, i32 4294967295, i32 0"   --->   Operation 30 'specinterface' 'specinterface_ln0' <Predicate = true> <Delay = 0.00>
ST_10 : Operation 31 [1/1] (0.00ns)   --->   "%specinterface_ln0 = specinterface void @_ssdm_op_SpecInterface, i64 %l_sum3, void @empty_11, i32 0, i32 0, void @empty_26, i32 0, i32 0, void @empty_26, void @empty_26, void @empty_26, i32 0, i32 0, i32 0, i32 0, void @empty_26, void @empty_26, i32 4294967295, i32 0"   --->   Operation 31 'specinterface' 'specinterface_ln0' <Predicate = true> <Delay = 0.00>
ST_10 : Operation 32 [1/1] (0.00ns)   --->   "%empty = specchannel i32 @_ssdm_op_SpecChannel, void @l_aStr_str, i32 1, void @p_str, void @p_str, i32 2, i32 2, i66 %l_aStr, i66 %l_aStr"   --->   Operation 32 'specchannel' 'empty' <Predicate = true> <Delay = 0.00>
ST_10 : Operation 33 [1/1] (0.00ns)   --->   "%specinterface_ln0 = specinterface void @_ssdm_op_SpecInterface, i66 %l_aStr, void @empty_11, i32 0, i32 0, void @empty_26, i32 0, i32 0, void @empty_26, void @empty_26, void @empty_26, i32 0, i32 0, i32 0, i32 0, void @empty_26, void @empty_26, i32 4294967295, i32 0"   --->   Operation 33 'specinterface' 'specinterface_ln0' <Predicate = true> <Delay = 0.00>
ST_10 : Operation 34 [1/1] (0.00ns)   --->   "%empty_47 = specchannel i32 @_ssdm_op_SpecChannel, void @l_sum_0_str, i32 1, void @p_str, void @p_str, i32 2, i32 2, i64 %l_sum_0, i64 %l_sum_0"   --->   Operation 34 'specchannel' 'empty_47' <Predicate = true> <Delay = 0.00>
ST_10 : Operation 35 [1/1] (0.00ns)   --->   "%specinterface_ln0 = specinterface void @_ssdm_op_SpecInterface, i64 %l_sum_0, void @empty_11, i32 0, i32 0, void @empty_26, i32 0, i32 0, void @empty_26, void @empty_26, void @empty_26, i32 0, i32 0, i32 0, i32 0, void @empty_26, void @empty_26, i32 4294967295, i32 0"   --->   Operation 35 'specinterface' 'specinterface_ln0' <Predicate = true> <Delay = 0.00>
ST_10 : Operation 36 [1/1] (0.00ns)   --->   "%empty_48 = specchannel i32 @_ssdm_op_SpecChannel, void @l_sum_1_str, i32 1, void @p_str, void @p_str, i32 2, i32 2, i64 %l_sum_1, i64 %l_sum_1"   --->   Operation 36 'specchannel' 'empty_48' <Predicate = true> <Delay = 0.00>
ST_10 : Operation 37 [1/1] (0.00ns)   --->   "%specinterface_ln0 = specinterface void @_ssdm_op_SpecInterface, i64 %l_sum_1, void @empty_11, i32 0, i32 0, void @empty_26, i32 0, i32 0, void @empty_26, void @empty_26, void @empty_26, i32 0, i32 0, i32 0, i32 0, void @empty_26, void @empty_26, i32 4294967295, i32 0"   --->   Operation 37 'specinterface' 'specinterface_ln0' <Predicate = true> <Delay = 0.00>
ST_10 : Operation 38 [1/1] (0.00ns)   --->   "%empty_49 = specchannel i32 @_ssdm_op_SpecChannel, void @l_dataA_0_str, i32 1, void @p_str, void @p_str, i32 4, i32 4, i34 %l_dataA_0, i34 %l_dataA_0"   --->   Operation 38 'specchannel' 'empty_49' <Predicate = true> <Delay = 0.00>
ST_10 : Operation 39 [1/1] (0.00ns)   --->   "%specinterface_ln0 = specinterface void @_ssdm_op_SpecInterface, i34 %l_dataA_0, void @empty_11, i32 0, i32 0, void @empty_26, i32 0, i32 0, void @empty_26, void @empty_26, void @empty_26, i32 0, i32 0, i32 0, i32 0, void @empty_26, void @empty_26, i32 4294967295, i32 0"   --->   Operation 39 'specinterface' 'specinterface_ln0' <Predicate = true> <Delay = 0.00>
ST_10 : Operation 40 [1/1] (0.00ns)   --->   "%empty_50 = specchannel i32 @_ssdm_op_SpecChannel, void @l_dataA_1_str, i32 1, void @p_str, void @p_str, i32 4, i32 4, i34 %l_dataA_1, i34 %l_dataA_1"   --->   Operation 40 'specchannel' 'empty_50' <Predicate = true> <Delay = 0.00>
ST_10 : Operation 41 [1/1] (0.00ns)   --->   "%specinterface_ln0 = specinterface void @_ssdm_op_SpecInterface, i34 %l_dataA_1, void @empty_11, i32 0, i32 0, void @empty_26, i32 0, i32 0, void @empty_26, void @empty_26, void @empty_26, i32 0, i32 0, i32 0, i32 0, void @empty_26, void @empty_26, i32 4294967295, i32 0"   --->   Operation 41 'specinterface' 'specinterface_ln0' <Predicate = true> <Delay = 0.00>
ST_10 : Operation 42 [1/1] (0.00ns)   --->   "%empty_51 = specchannel i32 @_ssdm_op_SpecChannel, void @l_bStr_str, i32 1, void @p_str, void @p_str, i32 2, i32 2, i64 %l_bStr, i64 %l_bStr"   --->   Operation 42 'specchannel' 'empty_51' <Predicate = true> <Delay = 0.00>
ST_10 : Operation 43 [1/1] (0.00ns)   --->   "%specinterface_ln0 = specinterface void @_ssdm_op_SpecInterface, i64 %l_bStr, void @empty_11, i32 0, i32 0, void @empty_26, i32 0, i32 0, void @empty_26, void @empty_26, void @empty_26, i32 0, i32 0, i32 0, i32 0, void @empty_26, void @empty_26, i32 4294967295, i32 0"   --->   Operation 43 'specinterface' 'specinterface_ln0' <Predicate = true> <Delay = 0.00>
ST_10 : Operation 44 [1/1] (0.00ns)   --->   "%empty_52 = specchannel i32 @_ssdm_op_SpecChannel, void @l_dataB_0_str, i32 1, void @p_str, void @p_str, i32 4, i32 4, i64 %l_dataB_0, i64 %l_dataB_0"   --->   Operation 44 'specchannel' 'empty_52' <Predicate = true> <Delay = 0.00>
ST_10 : Operation 45 [1/1] (0.00ns)   --->   "%specinterface_ln0 = specinterface void @_ssdm_op_SpecInterface, i64 %l_dataB_0, void @empty_11, i32 0, i32 0, void @empty_26, i32 0, i32 0, void @empty_26, void @empty_26, void @empty_26, i32 0, i32 0, i32 0, i32 0, void @empty_26, void @empty_26, i32 4294967295, i32 0"   --->   Operation 45 'specinterface' 'specinterface_ln0' <Predicate = true> <Delay = 0.00>
ST_10 : Operation 46 [1/1] (0.00ns)   --->   "%empty_53 = specchannel i32 @_ssdm_op_SpecChannel, void @l_dataB_1_str, i32 1, void @p_str, void @p_str, i32 2, i32 2, i64 %l_dataB_1, i64 %l_dataB_1"   --->   Operation 46 'specchannel' 'empty_53' <Predicate = true> <Delay = 0.00>
ST_10 : Operation 47 [1/1] (0.00ns)   --->   "%specinterface_ln0 = specinterface void @_ssdm_op_SpecInterface, i64 %l_dataB_1, void @empty_11, i32 0, i32 0, void @empty_26, i32 0, i32 0, void @empty_26, void @empty_26, void @empty_26, i32 0, i32 0, i32 0, i32 0, void @empty_26, void @empty_26, i32 4294967295, i32 0"   --->   Operation 47 'specinterface' 'specinterface_ln0' <Predicate = true> <Delay = 0.00>
ST_10 : Operation 48 [1/2] (0.00ns)   --->   "%call_ln74 = call void @merge, i64 %l_sum_0, i64 %l_sum_1, i64 %l_sum3" [/mnt/shared/home/tz32/scalehls_vitis_test/src/Vitis_Libraries/blas/L1/include/hw/xf_blas/gemm/systolicArray.hpp:74]   --->   Operation 48 'call' 'call_ln74' <Predicate = true> <Delay = 0.00> <CoreType = "Generic">   --->   Core 0 '' <Latency = 0> <II = 1> <Delay = 1.00> <Generic> <Opcode : >
ST_10 : Operation 49 [1/1] (0.00ns)   --->   "%ret_ln76 = ret" [/mnt/shared/home/tz32/scalehls_vitis_test/src/Vitis_Libraries/blas/L1/include/hw/xf_blas/gemm/systolicArray.hpp:76]   --->   Operation 49 'ret' 'ret_ln76' <Predicate = true> <Delay = 0.00>


============================================================
+ Verbose Summary: Timing violations
============================================================
Target clock period: 3.33ns, clock uncertainty: 0.9ns.

 <State 1>: 0ns
The critical path consists of the following:

 <State 2>: 0ns
The critical path consists of the following:

 <State 3>: 0ns
The critical path consists of the following:

 <State 4>: 0ns
The critical path consists of the following:

 <State 5>: 0ns
The critical path consists of the following:

 <State 6>: 0ns
The critical path consists of the following:

 <State 7>: 0ns
The critical path consists of the following:

 <State 8>: 0ns
The critical path consists of the following:

 <State 9>: 0ns
The critical path consists of the following:

 <State 10>: 0ns
The critical path consists of the following:


============================================================
+ Verbose Summary: Binding
============================================================
N/A
* FSMD analyzer results:
  - Output states:
 - Input state : 
  - Chain level:
	State 1
	State 2
	State 3
	State 4
	State 5
	State 6
	State 7
	State 8
	State 9
	State 10


============================================================
+ Verbose Summary: Datapath Resource usage 
============================================================
N/A
