#-----------------------------------------------------------
# Vivado v2022.2 (64-bit)
# SW Build 3671981 on Fri Oct 14 04:59:54 MDT 2022
# IP Build 3669848 on Fri Oct 14 08:30:02 MDT 2022
# Start of session at: Sat Jun 10 16:44:23 2023
# Process ID: 33094
# Current directory: /mnt/shared/home/tz32/scalehls_vitis_test/_x.hw.xilinx_u280_gen3x16_xdma_1_202211_1/forward/forward/forward/solution/impl/ip
# Command line: vivado -notrace -mode batch -source run_ippack.tcl
# Log file: /mnt/shared/home/tz32/scalehls_vitis_test/_x.hw.xilinx_u280_gen3x16_xdma_1_202211_1/forward/forward/forward/solution/impl/ip/vivado.log
# Journal file: /mnt/shared/home/tz32/scalehls_vitis_test/_x.hw.xilinx_u280_gen3x16_xdma_1_202211_1/forward/forward/forward/solution/impl/ip/vivado.jou
# Running On: xacc-head-000-5.csl.illinois.edu, OS: Linux, CPU Frequency: 2100.000 MHz, CPU Physical cores: 16, Host memory: 361158 MB
#-----------------------------------------------------------
source run_ippack.tcl -notrace
create_project: Time (s): cpu = 00:00:05 ; elapsed = 00:00:06 . Memory (MB): peak = 2057.422 ; gain = 96.984 ; free physical = 100096 ; free virtual = 324790
INFO: [IP_Flow 19-234] Refreshing IP repositories
INFO: [IP_Flow 19-1704] No user IP repositories specified
INFO: [IP_Flow 19-2313] Loaded Vivado IP repository '/opt/xilinx/vitis/v2022p2/Vivado/2022.2/data/ip'.
WARNING: [IP_Flow 19-4832] The IP name 'forward_fadd_32ns_32ns_32_7_full_dsp_1_ip' you have specified is long. The Windows operating system has path length limitations. It is recommended you use shorter names to reduce the likelihood of issues.
INFO: [IP_Flow 19-1686] Generating 'Synthesis' target for IP 'forward_fadd_32ns_32ns_32_7_full_dsp_1_ip'...
INFO: [IP_Flow 19-1686] Generating 'Simulation' target for IP 'forward_fadd_32ns_32ns_32_7_full_dsp_1_ip'...
WARNING: [IP_Flow 19-4832] The IP name 'forward_fcmp_32ns_32ns_1_2_no_dsp_1_ip' you have specified is long. The Windows operating system has path length limitations. It is recommended you use shorter names to reduce the likelihood of issues.
INFO: [IP_Flow 19-1686] Generating 'Synthesis' target for IP 'forward_fcmp_32ns_32ns_1_2_no_dsp_1_ip'...
INFO: [IP_Flow 19-1686] Generating 'Simulation' target for IP 'forward_fcmp_32ns_32ns_1_2_no_dsp_1_ip'...
WARNING: [IP_Flow 19-4832] The IP name 'forward_fmul_32ns_32ns_32_4_max_dsp_1_ip' you have specified is long. The Windows operating system has path length limitations. It is recommended you use shorter names to reduce the likelihood of issues.
INFO: [IP_Flow 19-1686] Generating 'Synthesis' target for IP 'forward_fmul_32ns_32ns_32_4_max_dsp_1_ip'...
INFO: [IP_Flow 19-1686] Generating 'Simulation' target for IP 'forward_fmul_32ns_32ns_32_4_max_dsp_1_ip'...
INFO: [IP_Flow 19-234] Refreshing IP repositories
INFO: [IP_Flow 19-1704] No user IP repositories specified
INFO: [IP_Flow 19-2313] Loaded Vivado IP repository '/opt/xilinx/vitis/v2022p2/Vivado/2022.2/data/ip'.
Running package_xo -xo_path /mnt/shared/home/tz32/scalehls_vitis_test/_x.hw.xilinx_u280_gen3x16_xdma_1_202211_1/forward/forward/forward/solution/impl/export.xo -kernel_name forward -kernel_xml /mnt/shared/home/tz32/scalehls_vitis_test/_x.hw.xilinx_u280_gen3x16_xdma_1_202211_1/forward/forward/forward/solution/impl/ip/../kernel/kernel.xml -kernel_files /mnt/shared/home/tz32/scalehls_vitis_test/src/forward.cpp -ip_directory /mnt/shared/home/tz32/scalehls_vitis_test/_x.hw.xilinx_u280_gen3x16_xdma_1_202211_1/forward/forward/forward/solution/impl/ip/ip_unzip_dir -design_xml /mnt/shared/home/tz32/scalehls_vitis_test/_x.hw.xilinx_u280_gen3x16_xdma_1_202211_1/forward/forward/forward/solution/.autopilot/db/forward.design.xml -debug_directory /mnt/shared/home/tz32/scalehls_vitis_test/_x.hw.xilinx_u280_gen3x16_xdma_1_202211_1/forward/forward/forward/solution/.debug -hls_directory /mnt/shared/home/tz32/scalehls_vitis_test/_x.hw.xilinx_u280_gen3x16_xdma_1_202211_1/forward/forward/forward/solution/impl/ip/hls_files
INFO: [Common 17-206] Exiting Vivado at Sat Jun 10 16:44:40 2023...
