

================================================================
== Vitis HLS Report for 'forward_node1_Pipeline_VITIS_LOOP_67_5'
================================================================
* Date:           Mon Jun 12 16:50:48 2023

* Version:        2022.2 (Build 3670227 on Oct 13 2022)
* Project:        cemit_replaced
* Solution:       solution (Vitis Kernel Flow Target)
* Product family: virtexuplus
* Target device:  xcu280-fsvh2892-2L-e


================================================================
== Performance Estimates
================================================================
+ Timing: 
    * Summary: 
    +--------+---------+----------+------------+
    |  Clock |  Target | Estimated| Uncertainty|
    +--------+---------+----------+------------+
    |ap_clk  |  3.33 ns|  1.895 ns|     0.90 ns|
    +--------+---------+----------+------------+

+ Latency: 
    * Summary: 
    +---------+---------+-----------+-----------+-----+-----+---------+
    |  Latency (cycles) |   Latency (absolute)  |  Interval | Pipeline|
    |   min   |   max   |    min    |    max    | min | max |   Type  |
    +---------+---------+-----------+-----------+-----+-----+---------+
    |       12|       12|  39.996 ns|  39.996 ns|   12|   12|       no|
    +---------+---------+-----------+-----------+-----+-----+---------+

    + Detail: 
        * Instance: 
        N/A

        * Loop: 
        +-------------------+---------+---------+----------+-----------+-----------+------+----------+
        |                   |  Latency (cycles) | Iteration|  Initiation Interval  | Trip |          |
        |     Loop Name     |   min   |   max   |  Latency |  achieved |   target  | Count| Pipelined|
        +-------------------+---------+---------+----------+-----------+-----------+------+----------+
        |- VITIS_LOOP_67_5  |       10|       10|         2|          1|          1|    10|       yes|
        +-------------------+---------+---------+----------+-----------+-----------+------+----------+



================================================================
== Utilization Estimates
================================================================
* Summary: 
+---------------------+---------+------+---------+---------+-----+
|         Name        | BRAM_18K|  DSP |    FF   |   LUT   | URAM|
+---------------------+---------+------+---------+---------+-----+
|DSP                  |        -|     -|        -|        -|    -|
|Expression           |        -|     -|        0|       23|    -|
|FIFO                 |        -|     -|        -|        -|    -|
|Instance             |        -|     -|        -|        -|    -|
|Memory               |        -|     -|        -|        -|    -|
|Multiplexer          |        -|     -|        -|       36|    -|
|Register             |        -|     -|       11|        -|    -|
+---------------------+---------+------+---------+---------+-----+
|Total                |        0|     0|       11|       59|    0|
+---------------------+---------+------+---------+---------+-----+
|Available SLR        |     1344|  3008|   869120|   434560|  320|
+---------------------+---------+------+---------+---------+-----+
|Utilization SLR (%)  |        0|     0|       ~0|       ~0|    0|
+---------------------+---------+------+---------+---------+-----+
|Available            |     4032|  9024|  2607360|  1303680|  960|
+---------------------+---------+------+---------+---------+-----+
|Utilization (%)      |        0|     0|       ~0|       ~0|    0|
+---------------------+---------+------+---------+---------+-----+

+ Detail: 
    * Instance: 
    N/A

    * DSP: 
    N/A

    * Memory: 
    N/A

    * FIFO: 
    N/A

    * Expression: 
    +--------------------+----------+----+---+----+------------+------------+
    |    Variable Name   | Operation| DSP| FF| LUT| Bitwidth P0| Bitwidth P1|
    +--------------------+----------+----+---+----+------------+------------+
    |add_ln67_fu_83_p2   |         +|   0|  0|  12|           4|           1|
    |icmp_ln67_fu_77_p2  |      icmp|   0|  0|   9|           4|           4|
    |ap_enable_pp0       |       xor|   0|  0|   2|           1|           2|
    +--------------------+----------+----+---+----+------------+------------+
    |Total               |          |   0|  0|  23|           9|           7|
    +--------------------+----------+----+---+----+------------+------------+

    * Multiplexer: 
    +-------------------------+----+-----------+-----+-----------+
    |           Name          | LUT| Input Size| Bits| Total Bits|
    +-------------------------+----+-----------+-----+-----------+
    |ap_done_int              |   9|          2|    1|          2|
    |ap_enable_reg_pp0_iter1  |   9|          2|    1|          2|
    |ap_sig_allocacmp_i       |   9|          2|    4|          8|
    |i_7_fu_38                |   9|          2|    4|          8|
    +-------------------------+----+-----------+-----+-----------+
    |Total                    |  36|          8|   10|         20|
    +-------------------------+----+-----------+-----+-----------+

    * Register: 
    +-------------------------+---+----+-----+-----------+
    |           Name          | FF| LUT| Bits| Const Bits|
    +-------------------------+---+----+-----+-----------+
    |ap_CS_fsm                |  1|   0|    1|          0|
    |ap_done_reg              |  1|   0|    1|          0|
    |ap_enable_reg_pp0_iter1  |  1|   0|    1|          0|
    |i_7_fu_38                |  4|   0|    4|          0|
    |i_9_cast_reg_109         |  4|   0|   64|         60|
    +-------------------------+---+----+-----+-----------+
    |Total                    | 11|   0|   71|         60|
    +-------------------------+---+----+-----+-----------+



================================================================
== Interface
================================================================
* Summary: 
+--------------+-----+-----+------------+----------------------------------------+--------------+
|   RTL Ports  | Dir | Bits|  Protocol  |              Source Object             |    C Type    |
+--------------+-----+-----+------------+----------------------------------------+--------------+
|ap_clk        |   in|    1|  ap_ctrl_hs|  forward_node1_Pipeline_VITIS_LOOP_67_5|  return value|
|ap_rst        |   in|    1|  ap_ctrl_hs|  forward_node1_Pipeline_VITIS_LOOP_67_5|  return value|
|ap_start      |   in|    1|  ap_ctrl_hs|  forward_node1_Pipeline_VITIS_LOOP_67_5|  return value|
|ap_done       |  out|    1|  ap_ctrl_hs|  forward_node1_Pipeline_VITIS_LOOP_67_5|  return value|
|ap_idle       |  out|    1|  ap_ctrl_hs|  forward_node1_Pipeline_VITIS_LOOP_67_5|  return value|
|ap_ready      |  out|    1|  ap_ctrl_hs|  forward_node1_Pipeline_VITIS_LOOP_67_5|  return value|
|v12_address0  |  out|    4|   ap_memory|                                     v12|         array|
|v12_ce0       |  out|    1|   ap_memory|                                     v12|         array|
|v12_we0       |  out|    1|   ap_memory|                                     v12|         array|
|v12_d0        |  out|   32|   ap_memory|                                     v12|         array|
|p_R_address0  |  out|    4|   ap_memory|                                     p_R|         array|
|p_R_ce0       |  out|    1|   ap_memory|                                     p_R|         array|
|p_R_q0        |   in|   32|   ap_memory|                                     p_R|         array|
+--------------+-----+-----+------------+----------------------------------------+--------------+

