

================================================================
== Vitis HLS Report for 'gemmBufferC_float_2u_2u_10u_Pipeline_VITIS_LOOP_119_8'
================================================================
* Date:           Mon Jun 12 16:50:47 2023

* Version:        2022.2 (Build 3670227 on Oct 13 2022)
* Project:        cemit_replaced
* Solution:       solution (Vitis Kernel Flow Target)
* Product family: virtexuplus
* Target device:  xcu280-fsvh2892-2L-e


================================================================
== Performance Estimates
================================================================
+ Timing: 
    * Summary: 
    +--------+---------+----------+------------+
    |  Clock |  Target | Estimated| Uncertainty|
    +--------+---------+----------+------------+
    |ap_clk  |  3.33 ns|  1.916 ns|     0.90 ns|
    +--------+---------+----------+------------+

+ Latency: 
    * Summary: 
    +---------+---------+-----------+-----------+-----+-----+---------+
    |  Latency (cycles) |   Latency (absolute)  |  Interval | Pipeline|
    |   min   |   max   |    min    |    max    | min | max |   Type  |
    +---------+---------+-----------+-----------+-----+-----+---------+
    |       12|       12|  39.996 ns|  39.996 ns|   12|   12|       no|
    +---------+---------+-----------+-----------+-----+-----+---------+

    + Detail: 
        * Instance: 
        N/A

        * Loop: 
        +--------------------+---------+---------+----------+-----------+-----------+------+----------+
        |                    |  Latency (cycles) | Iteration|  Initiation Interval  | Trip |          |
        |      Loop Name     |   min   |   max   |  Latency |  achieved |   target  | Count| Pipelined|
        +--------------------+---------+---------+----------+-----------+-----------+------+----------+
        |- VITIS_LOOP_119_8  |       10|       10|         2|          1|          1|    10|       yes|
        +--------------------+---------+---------+----------+-----------+-----------+------+----------+



================================================================
== Utilization Estimates
================================================================
* Summary: 
+---------------------+---------+------+---------+---------+-----+
|         Name        | BRAM_18K|  DSP |    FF   |   LUT   | URAM|
+---------------------+---------+------+---------+---------+-----+
|DSP                  |        -|     -|        -|        -|    -|
|Expression           |        -|     -|        0|       25|    -|
|FIFO                 |        -|     -|        -|        -|    -|
|Instance             |        -|     -|        -|        -|    -|
|Memory               |        -|     -|        -|        -|    -|
|Multiplexer          |        -|     -|        -|       45|    -|
|Register             |        -|     -|        7|        -|    -|
+---------------------+---------+------+---------+---------+-----+
|Total                |        0|     0|        7|       70|    0|
+---------------------+---------+------+---------+---------+-----+
|Available SLR        |     1344|  3008|   869120|   434560|  320|
+---------------------+---------+------+---------+---------+-----+
|Utilization SLR (%)  |        0|     0|       ~0|       ~0|    0|
+---------------------+---------+------+---------+---------+-----+
|Available            |     4032|  9024|  2607360|  1303680|  960|
+---------------------+---------+------+---------+---------+-----+
|Utilization (%)      |        0|     0|       ~0|       ~0|    0|
+---------------------+---------+------+---------+---------+-----+

+ Detail: 
    * Instance: 
    N/A

    * DSP: 
    N/A

    * Memory: 
    N/A

    * FIFO: 
    N/A

    * Expression: 
    +---------------------------+----------+----+---+----+------------+------------+
    |       Variable Name       | Operation| DSP| FF| LUT| Bitwidth P0| Bitwidth P1|
    +---------------------------+----------+----+---+----+------------+------------+
    |add_ln119_fu_91_p2         |         +|   0|  0|  12|           4|           1|
    |ap_block_pp0_stage0_01001  |       and|   0|  0|   2|           1|           1|
    |icmp_ln119_fu_85_p2        |      icmp|   0|  0|   9|           4|           4|
    |ap_enable_pp0              |       xor|   0|  0|   2|           1|           2|
    +---------------------------+----------+----+---+----+------------+------------+
    |Total                      |          |   0|  0|  25|          10|           8|
    +---------------------------+----------+----+---+----+------------+------------+

    * Multiplexer: 
    +-------------------------+----+-----------+-----+-----------+
    |           Name          | LUT| Input Size| Bits| Total Bits|
    +-------------------------+----+-----------+-----+-----------+
    |ap_done_int              |   9|          2|    1|          2|
    |ap_enable_reg_pp0_iter1  |   9|          2|    1|          2|
    |ap_sig_allocacmp_n_1     |   9|          2|    4|          8|
    |l_mat4_blk_n             |   9|          2|    1|          2|
    |n_fu_40                  |   9|          2|    4|          8|
    +-------------------------+----+-----------+-----+-----------+
    |Total                    |  45|         10|   11|         22|
    +-------------------------+----+-----------+-----+-----------+

    * Register: 
    +-------------------------+---+----+-----+-----------+
    |           Name          | FF| LUT| Bits| Const Bits|
    +-------------------------+---+----+-----+-----------+
    |ap_CS_fsm                |  1|   0|    1|          0|
    |ap_done_reg              |  1|   0|    1|          0|
    |ap_enable_reg_pp0_iter1  |  1|   0|    1|          0|
    |n_fu_40                  |  4|   0|    4|          0|
    +-------------------------+---+----+-----+-----------+
    |Total                    |  7|   0|    7|          0|
    +-------------------------+---+----+-----+-----------+



================================================================
== Interface
================================================================
* Summary: 
+-----------------------+-----+-----+------------+-----------------------------------------------------------+--------------+
|       RTL Ports       | Dir | Bits|  Protocol  |                       Source Object                       |    C Type    |
+-----------------------+-----+-----+------------+-----------------------------------------------------------+--------------+
|ap_clk                 |   in|    1|  ap_ctrl_hs|  gemmBufferC<float, 2u, 2u, 10u>_Pipeline_VITIS_LOOP_119_8|  return value|
|ap_rst                 |   in|    1|  ap_ctrl_hs|  gemmBufferC<float, 2u, 2u, 10u>_Pipeline_VITIS_LOOP_119_8|  return value|
|ap_start               |   in|    1|  ap_ctrl_hs|  gemmBufferC<float, 2u, 2u, 10u>_Pipeline_VITIS_LOOP_119_8|  return value|
|ap_done                |  out|    1|  ap_ctrl_hs|  gemmBufferC<float, 2u, 2u, 10u>_Pipeline_VITIS_LOOP_119_8|  return value|
|ap_idle                |  out|    1|  ap_ctrl_hs|  gemmBufferC<float, 2u, 2u, 10u>_Pipeline_VITIS_LOOP_119_8|  return value|
|ap_ready               |  out|    1|  ap_ctrl_hs|  gemmBufferC<float, 2u, 2u, 10u>_Pipeline_VITIS_LOOP_119_8|  return value|
|l_mat4_din             |  out|   64|     ap_fifo|                                                     l_mat4|       pointer|
|l_mat4_num_data_valid  |   in|    2|     ap_fifo|                                                     l_mat4|       pointer|
|l_mat4_fifo_cap        |   in|    2|     ap_fifo|                                                     l_mat4|       pointer|
|l_mat4_full_n          |   in|    1|     ap_fifo|                                                     l_mat4|       pointer|
|l_mat4_write           |  out|    1|     ap_fifo|                                                     l_mat4|       pointer|
|l_bufferC_address0     |  out|    3|   ap_memory|                                                  l_bufferC|         array|
|l_bufferC_ce0          |  out|    1|   ap_memory|                                                  l_bufferC|         array|
|l_bufferC_q0           |   in|   32|   ap_memory|                                                  l_bufferC|         array|
|l_bufferC_1_address0   |  out|    3|   ap_memory|                                                l_bufferC_1|         array|
|l_bufferC_1_ce0        |  out|    1|   ap_memory|                                                l_bufferC_1|         array|
|l_bufferC_1_q0         |   in|   32|   ap_memory|                                                l_bufferC_1|         array|
+-----------------------+-----+-----+------------+-----------------------------------------------------------+--------------+

