

================================================================
== Vitis HLS Report for 'gemm_float_1024u_2u_10u_unsigned_int_s'
================================================================
* Date:           Mon Jun 12 16:50:47 2023

* Version:        2022.2 (Build 3670227 on Oct 13 2022)
* Project:        cemit_replaced
* Solution:       solution (Vitis Kernel Flow Target)
* Product family: virtexuplus
* Target device:  xcu280-fsvh2892-2L-e


================================================================
== Performance Estimates
================================================================
+ Timing: 
    * Summary: 
    +--------+---------+----------+------------+
    |  Clock |  Target | Estimated| Uncertainty|
    +--------+---------+----------+------------+
    |ap_clk  |  3.33 ns|  2.433 ns|     0.90 ns|
    +--------+---------+----------+------------+

+ Latency: 
    * Summary: 
    +---------+---------+----------+----------+-----+-----+----------+
    |  Latency (cycles) |  Latency (absolute) |  Interval | Pipeline |
    |   min   |   max   |    min   |    max   | min | max |   Type   |
    +---------+---------+----------+----------+-----+-----+----------+
    |        ?|        ?|         ?|         ?|    ?|    ?|  dataflow|
    +---------+---------+----------+----------+-----+-----+----------+

    + Detail: 
        * Instance: 
        +--------------------------------+-------------------------------+---------+---------+-----------+-----------+-----+-----+----------+
        |                                |                               |  Latency (cycles) |   Latency (absolute)  |  Interval | Pipeline |
        |            Instance            |             Module            |   min   |   max   |    min    |    max    | min | max |   Type   |
        +--------------------------------+-------------------------------+---------+---------+-----------+-----------+-----+-----+----------+
        |gemm_U0                         |gemm                           |        ?|        ?|          ?|          ?|    ?|    ?|  dataflow|
        |scal_float_2u_unsigned_int_U0   |scal_float_2u_unsigned_int_s   |       11|       11|  36.663 ns|  36.663 ns|   11|   11|        no|
        |gemmBufferC_float_2u_2u_10u_U0  |gemmBufferC_float_2u_2u_10u_s  |       28|       28|  93.324 ns|  93.324 ns|   28|   28|        no|
        |axpy_float_2u_unsigned_int_U0   |axpy_float_2u_unsigned_int_s   |       15|       15|  49.995 ns|  49.995 ns|   15|   15|        no|
        +--------------------------------+-------------------------------+---------+---------+-----------+-----------+-----+-----+----------+

        * Loop: 
        N/A



================================================================
== Utilization Estimates
================================================================
* Summary: 
+---------------------+---------+------+---------+---------+-----+
|         Name        | BRAM_18K|  DSP |    FF   |   LUT   | URAM|
+---------------------+---------+------+---------+---------+-----+
|DSP                  |        -|     -|        -|        -|    -|
|Expression           |        -|     -|        0|       12|    -|
|FIFO                 |        -|     -|      399|      219|    -|
|Instance             |        0|    30|     8036|     7241|    0|
|Memory               |        -|     -|        -|        -|    -|
|Multiplexer          |        -|     -|        -|       18|    -|
|Register             |        -|     -|        2|        -|    -|
+---------------------+---------+------+---------+---------+-----+
|Total                |        0|    30|     8437|     7490|    0|
+---------------------+---------+------+---------+---------+-----+
|Available SLR        |     1344|  3008|   869120|   434560|  320|
+---------------------+---------+------+---------+---------+-----+
|Utilization SLR (%)  |        0|    ~0|       ~0|        1|    0|
+---------------------+---------+------+---------+---------+-----+
|Available            |     4032|  9024|  2607360|  1303680|  960|
+---------------------+---------+------+---------+---------+-----+
|Utilization (%)      |        0|    ~0|       ~0|       ~0|    0|
+---------------------+---------+------+---------+---------+-----+

+ Detail: 
    * Instance: 
    +--------------------------------+-------------------------------+---------+----+------+------+-----+
    |            Instance            |             Module            | BRAM_18K| DSP|  FF  |  LUT | URAM|
    +--------------------------------+-------------------------------+---------+----+------+------+-----+
    |axpy_float_2u_unsigned_int_U0   |axpy_float_2u_unsigned_int_s   |        0|   4|   850|   485|    0|
    |gemm_U0                         |gemm                           |        0|  20|  6666|  6111|    0|
    |gemmBufferC_float_2u_2u_10u_U0  |gemmBufferC_float_2u_2u_10u_s  |        0|   0|    91|   400|    0|
    |scal_float_2u_unsigned_int_U0   |scal_float_2u_unsigned_int_s   |        0|   6|   429|   245|    0|
    +--------------------------------+-------------------------------+---------+----+------+------+-----+
    |Total                           |                               |        0|  30|  8036|  7241|    0|
    +--------------------------------+-------------------------------+---------+----+------+------+-----+

    * DSP: 
    N/A

    * Memory: 
    N/A

    * FIFO: 
    +-----------+---------+-----+----+-----+------+-----+---------+
    |    Name   | BRAM_18K|  FF | LUT| URAM| Depth| Bits| Size:D*B|
    +-----------+---------+-----+----+-----+------+-----+---------+
    |l_betaC_U  |        0|  133|   0|    -|     2|   64|      128|
    |l_mat_U    |        0|  133|   0|    -|     2|   64|      128|
    |l_sum_U    |        0|  133|   0|    -|     2|   64|      128|
    +-----------+---------+-----+----+-----+------+-----+---------+
    |Total      |        0|  399|   0|    0|     6|  192|      384|
    +-----------+---------+-----+----+-----+------+-----+---------+

    * Expression: 
    +------------------------------------------------+----------+----+---+----+------------+------------+
    |                  Variable Name                 | Operation| DSP| FF| LUT| Bitwidth P0| Bitwidth P1|
    +------------------------------------------------+----------+----+---+----+------------+------------+
    |ap_idle                                         |       and|   0|  0|   2|           1|           1|
    |ap_sync_ready                                   |       and|   0|  0|   2|           1|           1|
    |gemm_U0_ap_start                                |       and|   0|  0|   2|           1|           1|
    |scal_float_2u_unsigned_int_U0_ap_start          |       and|   0|  0|   2|           1|           1|
    |ap_sync_gemm_U0_ap_ready                        |        or|   0|  0|   2|           1|           1|
    |ap_sync_scal_float_2u_unsigned_int_U0_ap_ready  |        or|   0|  0|   2|           1|           1|
    +------------------------------------------------+----------+----+---+----+------------+------------+
    |Total                                           |          |   0|  0|  12|           6|           6|
    +------------------------------------------------+----------+----+---+----+------------+------------+

    * Multiplexer: 
    +----------------------------------------------------+----+-----------+-----+-----------+
    |                        Name                        | LUT| Input Size| Bits| Total Bits|
    +----------------------------------------------------+----+-----------+-----+-----------+
    |ap_sync_reg_gemm_U0_ap_ready                        |   9|          2|    1|          2|
    |ap_sync_reg_scal_float_2u_unsigned_int_U0_ap_ready  |   9|          2|    1|          2|
    +----------------------------------------------------+----+-----------+-----+-----------+
    |Total                                               |  18|          4|    2|          4|
    +----------------------------------------------------+----+-----------+-----+-----------+

    * Register: 
    +----------------------------------------------------+---+----+-----+-----------+
    |                        Name                        | FF| LUT| Bits| Const Bits|
    +----------------------------------------------------+---+----+-----+-----------+
    |ap_sync_reg_gemm_U0_ap_ready                        |  1|   0|    1|          0|
    |ap_sync_reg_scal_float_2u_unsigned_int_U0_ap_ready  |  1|   0|    1|          0|
    +----------------------------------------------------+---+----+-----+-----------+
    |Total                                               |  2|   0|    2|          0|
    +----------------------------------------------------+---+----+-----+-----------+



================================================================
== Interface
================================================================
* Summary: 
+--------------------+-----+-----+------------+-------------------------------------------+--------------+
|      RTL Ports     | Dir | Bits|  Protocol  |               Source Object               |    C Type    |
+--------------------+-----+-----+------------+-------------------------------------------+--------------+
|l_strA4_i_dout      |   in|   64|     ap_fifo|                                  l_strA4_i|       pointer|
|l_strA4_i_empty_n   |   in|    1|     ap_fifo|                                  l_strA4_i|       pointer|
|l_strA4_i_read      |  out|    1|     ap_fifo|                                  l_strA4_i|       pointer|
|l_strB5_i_dout      |   in|   64|     ap_fifo|                                  l_strB5_i|       pointer|
|l_strB5_i_empty_n   |   in|    1|     ap_fifo|                                  l_strB5_i|       pointer|
|l_strB5_i_read      |  out|    1|     ap_fifo|                                  l_strB5_i|       pointer|
|l_strC6_i_dout      |   in|   64|     ap_fifo|                                  l_strC6_i|       pointer|
|l_strC6_i_empty_n   |   in|    1|     ap_fifo|                                  l_strC6_i|       pointer|
|l_strC6_i_read      |  out|    1|     ap_fifo|                                  l_strC6_i|       pointer|
|l_strSum7_i_din     |  out|   64|     ap_fifo|                                l_strSum7_i|       pointer|
|l_strSum7_i_full_n  |   in|    1|     ap_fifo|                                l_strSum7_i|       pointer|
|l_strSum7_i_write   |  out|    1|     ap_fifo|                                l_strSum7_i|       pointer|
|ap_clk              |   in|    1|  ap_ctrl_hs|  gemm<float, 1024u, 2u, 10u, unsigned int>|  return value|
|ap_rst              |   in|    1|  ap_ctrl_hs|  gemm<float, 1024u, 2u, 10u, unsigned int>|  return value|
|ap_start            |   in|    1|  ap_ctrl_hs|  gemm<float, 1024u, 2u, 10u, unsigned int>|  return value|
|ap_done             |  out|    1|  ap_ctrl_hs|  gemm<float, 1024u, 2u, 10u, unsigned int>|  return value|
|ap_ready            |  out|    1|  ap_ctrl_hs|  gemm<float, 1024u, 2u, 10u, unsigned int>|  return value|
|ap_idle             |  out|    1|  ap_ctrl_hs|  gemm<float, 1024u, 2u, 10u, unsigned int>|  return value|
|ap_continue         |   in|    1|  ap_ctrl_hs|  gemm<float, 1024u, 2u, 10u, unsigned int>|  return value|
+--------------------+-----+-----+------------+-------------------------------------------+--------------+

