

================================================================
== Vitis HLS Report for 'gemmBufferC_float_2u_2u_10u_Pipeline_VITIS_LOOP_93_1_VITIS_LOOP_94_2'
================================================================
* Date:           Mon Jun 12 16:50:47 2023

* Version:        2022.2 (Build 3670227 on Oct 13 2022)
* Project:        cemit_replaced
* Solution:       solution (Vitis Kernel Flow Target)
* Product family: virtexuplus
* Target device:  xcu280-fsvh2892-2L-e


================================================================
== Performance Estimates
================================================================
+ Timing: 
    * Summary: 
    +--------+---------+----------+------------+
    |  Clock |  Target | Estimated| Uncertainty|
    +--------+---------+----------+------------+
    |ap_clk  |  3.33 ns|  2.121 ns|     0.90 ns|
    +--------+---------+----------+------------+

+ Latency: 
    * Summary: 
    +---------+---------+-----------+-----------+-----+-----+---------+
    |  Latency (cycles) |   Latency (absolute)  |  Interval | Pipeline|
    |   min   |   max   |    min    |    max    | min | max |   Type  |
    +---------+---------+-----------+-----------+-----+-----+---------+
    |       12|       12|  39.996 ns|  39.996 ns|   12|   12|       no|
    +---------+---------+-----------+-----------+-----+-----+---------+

    + Detail: 
        * Instance: 
        N/A

        * Loop: 
        +-----------------------------------+---------+---------+----------+-----------+-----------+------+----------+
        |                                   |  Latency (cycles) | Iteration|  Initiation Interval  | Trip |          |
        |             Loop Name             |   min   |   max   |  Latency |  achieved |   target  | Count| Pipelined|
        +-----------------------------------+---------+---------+----------+-----------+-----------+------+----------+
        |- VITIS_LOOP_93_1_VITIS_LOOP_94_2  |       10|       10|         2|          1|          1|    10|       yes|
        +-----------------------------------+---------+---------+----------+-----------+-----------+------+----------+



================================================================
== Utilization Estimates
================================================================
* Summary: 
+---------------------+---------+------+---------+---------+-----+
|         Name        | BRAM_18K|  DSP |    FF   |   LUT   | URAM|
+---------------------+---------+------+---------+---------+-----+
|DSP                  |        -|     -|        -|        -|    -|
|Expression           |        -|     -|        0|       67|    -|
|FIFO                 |        -|     -|        -|        -|    -|
|Instance             |        -|     -|        -|        -|    -|
|Memory               |        -|     -|        -|        -|    -|
|Multiplexer          |        -|     -|        -|       63|    -|
|Register             |        -|     -|       12|        -|    -|
+---------------------+---------+------+---------+---------+-----+
|Total                |        0|     0|       12|      130|    0|
+---------------------+---------+------+---------+---------+-----+
|Available SLR        |     1344|  3008|   869120|   434560|  320|
+---------------------+---------+------+---------+---------+-----+
|Utilization SLR (%)  |        0|     0|       ~0|       ~0|    0|
+---------------------+---------+------+---------+---------+-----+
|Available            |     4032|  9024|  2607360|  1303680|  960|
+---------------------+---------+------+---------+---------+-----+
|Utilization (%)      |        0|     0|       ~0|       ~0|    0|
+---------------------+---------+------+---------+---------+-----+

+ Detail: 
    * Instance: 
    N/A

    * DSP: 
    N/A

    * Memory: 
    N/A

    * FIFO: 
    N/A

    * Expression: 
    +---------------------------+----------+----+---+----+------------+------------+
    |       Variable Name       | Operation| DSP| FF| LUT| Bitwidth P0| Bitwidth P1|
    +---------------------------+----------+----+---+----+------------+------------+
    |add_ln93_1_fu_126_p2       |         +|   0|  0|  12|           4|           1|
    |add_ln93_fu_143_p2         |         +|   0|  0|  10|           3|           1|
    |add_ln94_fu_219_p2         |         +|   0|  0|   9|           2|           1|
    |add_ln99_fu_207_p2         |         +|   0|  0|  10|           3|           3|
    |ap_block_pp0_stage0_11001  |       and|   0|  0|   2|           1|           1|
    |icmp_ln93_fu_120_p2        |      icmp|   0|  0|   9|           4|           4|
    |icmp_ln94_fu_149_p2        |      icmp|   0|  0|   8|           2|           3|
    |select_ln93_1_fu_163_p3    |    select|   0|  0|   3|           1|           3|
    |select_ln93_fu_155_p3      |    select|   0|  0|   2|           1|           1|
    |ap_enable_pp0              |       xor|   0|  0|   2|           1|           2|
    +---------------------------+----------+----+---+----+------------+------------+
    |Total                      |          |   0|  0|  67|          22|          20|
    +---------------------------+----------+----+---+----+------------+------------+

    * Multiplexer: 
    +--------------------------------------+----+-----------+-----+-----------+
    |                 Name                 | LUT| Input Size| Bits| Total Bits|
    +--------------------------------------+----+-----------+-----+-----------+
    |ap_done_int                           |   9|          2|    1|          2|
    |ap_enable_reg_pp0_iter1               |   9|          2|    1|          2|
    |ap_sig_allocacmp_indvar_flatten_load  |   9|          2|    4|          8|
    |indvar_flatten_fu_66                  |   9|          2|    4|          8|
    |j_fu_58                               |   9|          2|    2|          4|
    |l_sum3_blk_n                          |   9|          2|    1|          2|
    |n_fu_62                               |   9|          2|    3|          6|
    +--------------------------------------+----+-----------+-----+-----------+
    |Total                                 |  63|         14|   16|         32|
    +--------------------------------------+----+-----------+-----+-----------+

    * Register: 
    +-------------------------+---+----+-----+-----------+
    |           Name          | FF| LUT| Bits| Const Bits|
    +-------------------------+---+----+-----+-----------+
    |ap_CS_fsm                |  1|   0|    1|          0|
    |ap_done_reg              |  1|   0|    1|          0|
    |ap_enable_reg_pp0_iter1  |  1|   0|    1|          0|
    |indvar_flatten_fu_66     |  4|   0|    4|          0|
    |j_fu_58                  |  2|   0|    2|          0|
    |n_fu_62                  |  3|   0|    3|          0|
    +-------------------------+---+----+-----+-----------+
    |Total                    | 12|   0|   12|          0|
    +-------------------------+---+----+-----+-----------+



================================================================
== Interface
================================================================
* Summary: 
+-----------------------+-----+-----+------------+--------------------------------------------------------------------------+--------------+
|       RTL Ports       | Dir | Bits|  Protocol  |                               Source Object                              |    C Type    |
+-----------------------+-----+-----+------------+--------------------------------------------------------------------------+--------------+
|ap_clk                 |   in|    1|  ap_ctrl_hs|  gemmBufferC<float, 2u, 2u, 10u>_Pipeline_VITIS_LOOP_93_1_VITIS_LOOP_94_2|  return value|
|ap_rst                 |   in|    1|  ap_ctrl_hs|  gemmBufferC<float, 2u, 2u, 10u>_Pipeline_VITIS_LOOP_93_1_VITIS_LOOP_94_2|  return value|
|ap_start               |   in|    1|  ap_ctrl_hs|  gemmBufferC<float, 2u, 2u, 10u>_Pipeline_VITIS_LOOP_93_1_VITIS_LOOP_94_2|  return value|
|ap_done                |  out|    1|  ap_ctrl_hs|  gemmBufferC<float, 2u, 2u, 10u>_Pipeline_VITIS_LOOP_93_1_VITIS_LOOP_94_2|  return value|
|ap_idle                |  out|    1|  ap_ctrl_hs|  gemmBufferC<float, 2u, 2u, 10u>_Pipeline_VITIS_LOOP_93_1_VITIS_LOOP_94_2|  return value|
|ap_ready               |  out|    1|  ap_ctrl_hs|  gemmBufferC<float, 2u, 2u, 10u>_Pipeline_VITIS_LOOP_93_1_VITIS_LOOP_94_2|  return value|
|l_sum3_dout            |   in|   64|     ap_fifo|                                                                    l_sum3|       pointer|
|l_sum3_num_data_valid  |   in|    2|     ap_fifo|                                                                    l_sum3|       pointer|
|l_sum3_fifo_cap        |   in|    2|     ap_fifo|                                                                    l_sum3|       pointer|
|l_sum3_empty_n         |   in|    1|     ap_fifo|                                                                    l_sum3|       pointer|
|l_sum3_read            |  out|    1|     ap_fifo|                                                                    l_sum3|       pointer|
|l_bufferC_1_address0   |  out|    3|   ap_memory|                                                               l_bufferC_1|         array|
|l_bufferC_1_ce0        |  out|    1|   ap_memory|                                                               l_bufferC_1|         array|
|l_bufferC_1_we0        |  out|    1|   ap_memory|                                                               l_bufferC_1|         array|
|l_bufferC_1_d0         |  out|   32|   ap_memory|                                                               l_bufferC_1|         array|
|l_bufferC_address0     |  out|    3|   ap_memory|                                                                 l_bufferC|         array|
|l_bufferC_ce0          |  out|    1|   ap_memory|                                                                 l_bufferC|         array|
|l_bufferC_we0          |  out|    1|   ap_memory|                                                                 l_bufferC|         array|
|l_bufferC_d0           |  out|   32|   ap_memory|                                                                 l_bufferC|         array|
+-----------------------+-----+-----+------------+--------------------------------------------------------------------------+--------------+

