

================================================================
== Vitis HLS Report for 'muls_2_Pipeline_VITIS_LOOP_141_1'
================================================================
* Date:           Wed Jun 14 16:04:44 2023

* Version:        2022.2 (Build 3670227 on Oct 13 2022)
* Project:        cemit_replaced
* Solution:       solution (Vitis Kernel Flow Target)
* Product family: virtexuplus
* Target device:  xcu280-fsvh2892-2L-e


================================================================
== Performance Estimates
================================================================
+ Timing: 
    * Summary: 
    +--------+---------+----------+------------+
    |  Clock |  Target | Estimated| Uncertainty|
    +--------+---------+----------+------------+
    |ap_clk  |  3.33 ns|  0.954 ns|     0.90 ns|
    +--------+---------+----------+------------+

+ Latency: 
    * Summary: 
    +---------+---------+-----------+-----------+-----+-----+---------+
    |  Latency (cycles) |   Latency (absolute)  |  Interval | Pipeline|
    |   min   |   max   |    min    |    max    | min | max |   Type  |
    +---------+---------+-----------+-----------+-----+-----+---------+
    |        4|        4|  13.332 ns|  13.332 ns|    4|    4|       no|
    +---------+---------+-----------+-----------+-----+-----+---------+

    + Detail: 
        * Instance: 
        N/A

        * Loop: 
        +--------------------+---------+---------+----------+-----------+-----------+------+----------+
        |                    |  Latency (cycles) | Iteration|  Initiation Interval  | Trip |          |
        |      Loop Name     |   min   |   max   |  Latency |  achieved |   target  | Count| Pipelined|
        +--------------------+---------+---------+----------+-----------+-----------+------+----------+
        |- VITIS_LOOP_141_1  |        2|        2|         1|          1|          1|     2|       yes|
        +--------------------+---------+---------+----------+-----------+-----------+------+----------+



================================================================
== Utilization Estimates
================================================================
* Summary: 
+---------------------+---------+------+---------+---------+-----+
|         Name        | BRAM_18K|  DSP |    FF   |   LUT   | URAM|
+---------------------+---------+------+---------+---------+-----+
|DSP                  |        -|     -|        -|        -|    -|
|Expression           |        -|     -|        0|       17|    -|
|FIFO                 |        -|     -|        -|        -|    -|
|Instance             |        -|     -|        -|        -|    -|
|Memory               |        -|     -|        -|        -|    -|
|Multiplexer          |        -|     -|        -|       27|    -|
|Register             |        -|     -|        4|        -|    -|
+---------------------+---------+------+---------+---------+-----+
|Total                |        0|     0|        4|       44|    0|
+---------------------+---------+------+---------+---------+-----+
|Available SLR        |     1344|  3008|   869120|   434560|  320|
+---------------------+---------+------+---------+---------+-----+
|Utilization SLR (%)  |        0|     0|       ~0|       ~0|    0|
+---------------------+---------+------+---------+---------+-----+
|Available            |     4032|  9024|  2607360|  1303680|  960|
+---------------------+---------+------+---------+---------+-----+
|Utilization (%)      |        0|     0|       ~0|       ~0|    0|
+---------------------+---------+------+---------+---------+-----+

+ Detail: 
    * Instance: 
    N/A

    * DSP: 
    N/A

    * Memory: 
    N/A

    * FIFO: 
    N/A

    * Expression: 
    +---------------------+----------+----+---+----+------------+------------+
    |    Variable Name    | Operation| DSP| FF| LUT| Bitwidth P0| Bitwidth P1|
    +---------------------+----------+----+---+----+------------+------------+
    |i_10_fu_62_p2        |         +|   0|  0|   9|           2|           1|
    |icmp_ln141_fu_56_p2  |      icmp|   0|  0|   8|           2|           3|
    +---------------------+----------+----+---+----+------------+------------+
    |Total                |          |   0|  0|  17|           4|           4|
    +---------------------+----------+----+---+----+------------+------------+

    * Multiplexer: 
    +----------------------+----+-----------+-----+-----------+
    |         Name         | LUT| Input Size| Bits| Total Bits|
    +----------------------+----+-----------+-----+-----------+
    |ap_done_int           |   9|          2|    1|          2|
    |ap_sig_allocacmp_i_9  |   9|          2|    2|          4|
    |i_fu_36               |   9|          2|    2|          4|
    +----------------------+----+-----------+-----+-----------+
    |Total                 |  27|          6|    5|         10|
    +----------------------+----+-----------+-----+-----------+

    * Register: 
    +-------------+---+----+-----+-----------+
    |     Name    | FF| LUT| Bits| Const Bits|
    +-------------+---+----+-----+-----------+
    |ap_CS_fsm    |  1|   0|    1|          0|
    |ap_done_reg  |  1|   0|    1|          0|
    |i_fu_36      |  2|   0|    2|          0|
    +-------------+---+----+-----+-----------+
    |Total        |  4|   0|    4|          0|
    +-------------+---+----+-----+-----------+



================================================================
== Interface
================================================================
* Summary: 
+------------------------+-----+-----+------------+----------------------------------+--------------+
|        RTL Ports       | Dir | Bits|  Protocol  |           Source Object          |    C Type    |
+------------------------+-----+-----+------------+----------------------------------+--------------+
|ap_clk                  |   in|    1|  ap_ctrl_hs|  muls.2_Pipeline_VITIS_LOOP_141_1|  return value|
|ap_rst                  |   in|    1|  ap_ctrl_hs|  muls.2_Pipeline_VITIS_LOOP_141_1|  return value|
|ap_start                |   in|    1|  ap_ctrl_hs|  muls.2_Pipeline_VITIS_LOOP_141_1|  return value|
|ap_done                 |  out|    1|  ap_ctrl_hs|  muls.2_Pipeline_VITIS_LOOP_141_1|  return value|
|ap_idle                 |  out|    1|  ap_ctrl_hs|  muls.2_Pipeline_VITIS_LOOP_141_1|  return value|
|ap_ready                |  out|    1|  ap_ctrl_hs|  muls.2_Pipeline_VITIS_LOOP_141_1|  return value|
|l_flush_Array_address0  |  out|    1|   ap_memory|                     l_flush_Array|         array|
|l_flush_Array_ce0       |  out|    1|   ap_memory|                     l_flush_Array|         array|
|l_flush_Array_we0       |  out|    1|   ap_memory|                     l_flush_Array|         array|
|l_flush_Array_d0        |  out|    1|   ap_memory|                     l_flush_Array|         array|
|l_flush_Array_q0        |   in|    1|   ap_memory|                     l_flush_Array|         array|
+------------------------+-----+-----+------------+----------------------------------+--------------+

